#
# There is insufficient memory for the Java Runtime Environment to continue.
# Native memory allocation (malloc) failed to allocate 3514208 bytes. Error detail: Chunk::new
# Possible reasons:
#   The system is out of physical RAM or swap space
#   This process is running with CompressedOops enabled, and the Java Heap may be blocking the growth of the native heap
# Possible solutions:
#   Reduce memory load on the system
#   Increase physical memory or swap space
#   Check if swap backing store is full
#   Decrease Java heap size (-Xmx/-Xms)
#   Decrease number of Java threads
#   Decrease Java thread stack sizes (-Xss)
#   Set larger code cache with -XX:ReservedCodeCacheSize=
#   JVM is running with Unscaled Compressed Oops mode in which the Java heap is
#     placed in the first 4GB address space. The Java Heap base address is the
#     maximum limit for the native heap growth. Please use -XX:HeapBaseMinAddress
#     to set the Java Heap base and to place the Java Heap above 4GB virtual address.
# This output file may be truncated or incomplete.
#
#  Out of Memory Error (arena.cpp:168), pid=31764, tid=23740
#
# JRE version: OpenJDK Runtime Environment Temurin-21.0.6+7 (21.0.6+7) (build 21.0.6+7-LTS)
# Java VM: OpenJDK 64-Bit Server VM Temurin-21.0.6+7 (21.0.6+7-LTS, mixed mode, sharing, tiered, compressed oops, compressed class ptrs, parallel gc, windows-amd64)
# No core dump will be written. Minidumps are not enabled by default on client versions of Windows
#

---------------  S U M M A R Y ------------

Command Line: --add-modules=ALL-SYSTEM --add-opens=java.base/java.util=ALL-UNNAMED --add-opens=java.base/java.lang=ALL-UNNAMED --add-opens=java.base/sun.nio.fs=ALL-UNNAMED -Declipse.application=org.eclipse.jdt.ls.core.id1 -Dosgi.bundles.defaultStartLevel=4 -Declipse.product=org.eclipse.jdt.ls.core.product -Djava.import.generatesMetadataFilesAtProjectRoot=false -DDetectVMInstallationsJob.disabled=true -Dfile.encoding=utf8 -XX:+UseParallelGC -XX:GCTimeRatio=4 -XX:AdaptiveSizePolicyWeight=90 -Dsun.zip.disableMemoryMapping=true -Xmx1G -Xms100m -Xlog:disable -javaagent:c:\Users\lucia\.vscode\extensions\redhat.java-1.41.1-win32-x64\lombok\lombok-1.18.36.jar -XX:+HeapDumpOnOutOfMemoryError -XX:HeapDumpPath=c:\Users\lucia\AppData\Roaming\Code\User\workspaceStorage\de767ea62446350697c0ef6b0c319e3b\redhat.java -Daether.dependencyCollector.impl=bf c:\Users\lucia\.vscode\extensions\redhat.java-1.41.1-win32-x64\server\plugins\org.eclipse.equinox.launcher_1.7.0.v20250331-1702.jar -configuration c:\Users\lucia\AppData\Roaming\Code\User\globalStorage\redhat.java\1.41.1\config_win -data c:\Users\lucia\AppData\Roaming\Code\User\workspaceStorage\de767ea62446350697c0ef6b0c319e3b\redhat.java\jdt_ws --pipe=\\.\pipe\lsp-273286b6ab383975fdb23d7cbc4ff83d-sock

Host: 13th Gen Intel(R) Core(TM) i5-1335U, 12 cores, 7G,  Windows 11 , 64 bit Build 26100 (10.0.26100.3912)
Time: Thu May  1 22:26:46 2025 Hora est. Sudamérica Pacífico elapsed time: 18.198713 seconds (0d 0h 0m 18s)

---------------  T H R E A D  ---------------

Current thread (0x000002118d1aba00):  JavaThread "C2 CompilerThread1" daemon [_thread_in_native, id=23740, stack(0x00000017a4a00000,0x00000017a4b00000) (1024K)]


Current CompileTask:
C2:18198 13947       4       org.eclipse.jdt.internal.compiler.lookup.LookupEnvironment::getTypeFromTypeSignature (770 bytes)

Stack: [0x00000017a4a00000,0x00000017a4b00000]
Native frames: (J=compiled Java code, j=interpreted, Vv=VM code, C=native code)
V  [jvm.dll+0x6cdee9]
V  [jvm.dll+0x8a83d1]
V  [jvm.dll+0x8aa8fe]
V  [jvm.dll+0x8aafe3]
V  [jvm.dll+0x27f706]
V  [jvm.dll+0xc500d]
V  [jvm.dll+0xc5543]
V  [jvm.dll+0x3b678c]
V  [jvm.dll+0x1e0009]
V  [jvm.dll+0x247b42]
V  [jvm.dll+0x246fcf]
V  [jvm.dll+0x1c75ee]
V  [jvm.dll+0x25685a]
V  [jvm.dll+0x254dfa]
V  [jvm.dll+0x3f0256]
V  [jvm.dll+0x851f8b]
V  [jvm.dll+0x6cc5ed]
C  [ucrtbase.dll+0x37b0]
C  [KERNEL32.DLL+0x2e8d7]
C  [ntdll.dll+0x9c5dc]


---------------  P R O C E S S  ---------------

Threads class SMR info:
_java_thread_list=0x000002119572d5b0, length=77, elements={
0x00000211340eb300, 0x00000211366f3400, 0x000002114aa3e120, 0x00000211366f6720,
0x00000211366f8390, 0x00000211366fb090, 0x0000021136701120, 0x0000021136708eb0,
0x000002118cf19fe0, 0x00000211366c1350, 0x000002118d1aba00, 0x000002118d25b200,
0x00000211927c6640, 0x00000211928c0750, 0x0000021192a75b90, 0x0000021192aa8090,
0x0000021192edbf50, 0x0000021192f41160, 0x0000021192ec7f40, 0x0000021192ec85d0,
0x0000021192ec57e0, 0x0000021192ec6500, 0x0000021192ec8c60, 0x0000021192ec5e70,
0x0000021192ec6b90, 0x0000021192ec7220, 0x0000021193ba3680, 0x0000021193ba4a30,
0x0000021193ba6470, 0x0000021193ba2ff0, 0x0000021193ba3d10, 0x0000021193ba50c0,
0x0000021193ba5750, 0x0000021193ba5de0, 0x0000021193ba6b00, 0x0000021193ba7190,
0x0000021193ba7820, 0x0000021193ba43a0, 0x0000021193ba9f80, 0x0000021193baa610,
0x0000021193ba9260, 0x0000021193ba7eb0, 0x0000021193ba8540, 0x0000021195415450,
0x0000021195411fd0, 0x0000021195416170, 0x0000021195418240, 0x0000021195415ae0,
0x0000021195416e90, 0x0000021195416800, 0x0000021195417520, 0x0000021195417bb0,
0x00000211954188d0, 0x00000211964652f0, 0x0000021196465980, 0x0000021196466d30,
0x0000021196466010, 0x00000211964666a0, 0x00000211964645d0, 0x00000211964673c0,
0x0000021196463f40, 0x0000021196467a50, 0x00000211964680e0, 0x0000021196464c60,
0x000002119646b560, 0x000002119646a1b0, 0x0000021196468e00, 0x0000021196469b20,
0x000002119646aed0, 0x000002119646a840, 0x00000211a0699d70, 0x00000211a069a400,
0x00000211a069b7b0, 0x00000211a069be40, 0x00000211a069aa90, 0x00000211a06989c0,
0x00000211a069b120
}

Java Threads: ( => current thread )
  0x00000211340eb300 JavaThread "main"                              [_thread_blocked, id=34604, stack(0x00000017a3d00000,0x00000017a3e00000) (1024K)]
  0x00000211366f3400 JavaThread "Reference Handler"          daemon [_thread_blocked, id=34656, stack(0x00000017a4100000,0x00000017a4200000) (1024K)]
  0x000002114aa3e120 JavaThread "Finalizer"                  daemon [_thread_blocked, id=33500, stack(0x00000017a4200000,0x00000017a4300000) (1024K)]
  0x00000211366f6720 JavaThread "Signal Dispatcher"          daemon [_thread_blocked, id=32900, stack(0x00000017a4300000,0x00000017a4400000) (1024K)]
  0x00000211366f8390 JavaThread "Attach Listener"            daemon [_thread_blocked, id=27180, stack(0x00000017a4400000,0x00000017a4500000) (1024K)]
  0x00000211366fb090 JavaThread "Service Thread"             daemon [_thread_blocked, id=21148, stack(0x00000017a4500000,0x00000017a4600000) (1024K)]
  0x0000021136701120 JavaThread "Monitor Deflation Thread"   daemon [_thread_blocked, id=30024, stack(0x00000017a4600000,0x00000017a4700000) (1024K)]
  0x0000021136708eb0 JavaThread "C2 CompilerThread0"         daemon [_thread_blocked, id=13192, stack(0x00000017a4700000,0x00000017a4800000) (1024K)]
  0x000002118cf19fe0 JavaThread "C1 CompilerThread0"         daemon [_thread_blocked, id=33892, stack(0x00000017a4800000,0x00000017a4900000) (1024K)]
  0x00000211366c1350 JavaThread "Common-Cleaner"             daemon [_thread_blocked, id=23752, stack(0x00000017a4900000,0x00000017a4a00000) (1024K)]
=>0x000002118d1aba00 JavaThread "C2 CompilerThread1"         daemon [_thread_in_native, id=23740, stack(0x00000017a4a00000,0x00000017a4b00000) (1024K)]
  0x000002118d25b200 JavaThread "Notification Thread"        daemon [_thread_blocked, id=26516, stack(0x00000017a4b00000,0x00000017a4c00000) (1024K)]
  0x00000211927c6640 JavaThread "Active Thread: Equinox Container: 939366b8-a7cf-45b3-b54b-9f3f8d2a7832"        [_thread_blocked, id=22640, stack(0x00000017a5300000,0x00000017a5400000) (1024K)]
  0x00000211928c0750 JavaThread "Refresh Thread: Equinox Container: 939366b8-a7cf-45b3-b54b-9f3f8d2a7832" daemon [_thread_blocked, id=26880, stack(0x00000017a5400000,0x00000017a5500000) (1024K)]
  0x0000021192a75b90 JavaThread "Framework Event Dispatcher: Equinox Container: 939366b8-a7cf-45b3-b54b-9f3f8d2a7832" daemon [_thread_blocked, id=31412, stack(0x00000017a5600000,0x00000017a5700000) (1024K)]
  0x0000021192aa8090 JavaThread "Start Level: Equinox Container: 939366b8-a7cf-45b3-b54b-9f3f8d2a7832" daemon [_thread_blocked, id=19604, stack(0x00000017a5700000,0x00000017a5800000) (1024K)]
  0x0000021192edbf50 JavaThread "Bundle File Closer"         daemon [_thread_blocked, id=35604, stack(0x00000017a5800000,0x00000017a5900000) (1024K)]
  0x0000021192f41160 JavaThread "SCR Component Actor"        daemon [_thread_blocked, id=23660, stack(0x00000017a5b00000,0x00000017a5c00000) (1024K)]
  0x0000021192ec7f40 JavaThread "Worker-JM"                         [_thread_blocked, id=27748, stack(0x00000017a5c00000,0x00000017a5d00000) (1024K)]
  0x0000021192ec85d0 JavaThread "Worker-0"                          [_thread_blocked, id=33912, stack(0x00000017a5d00000,0x00000017a5e00000) (1024K)]
  0x0000021192ec57e0 JavaThread "Worker-1"                          [_thread_blocked, id=33052, stack(0x00000017a5e00000,0x00000017a5f00000) (1024K)]
  0x0000021192ec6500 JavaThread "Java indexing"              daemon [_thread_blocked, id=24684, stack(0x00000017a6000000,0x00000017a6100000) (1024K)]
  0x0000021192ec8c60 JavaThread "JNA Cleaner"                daemon [_thread_blocked, id=21992, stack(0x00000017a6100000,0x00000017a6200000) (1024K)]
  0x0000021192ec5e70 JavaThread "Worker-2: Java indexing... "        [_thread_blocked, id=25068, stack(0x00000017a6400000,0x00000017a6500000) (1024K)]
  0x0000021192ec6b90 JavaThread "Worker-3: Initialize Workspace"        [_thread_blocked, id=34108, stack(0x00000017a6500000,0x00000017a6600000) (1024K)]
  0x0000021192ec7220 JavaThread "Thread-2"                   daemon [_thread_in_native, id=3120, stack(0x00000017a6600000,0x00000017a6700000) (1024K)]
  0x0000021193ba3680 JavaThread "Thread-3"                   daemon [_thread_in_native, id=34812, stack(0x00000017a6700000,0x00000017a6800000) (1024K)]
  0x0000021193ba4a30 JavaThread "Thread-4"                   daemon [_thread_in_native, id=28780, stack(0x00000017a6800000,0x00000017a6900000) (1024K)]
  0x0000021193ba6470 JavaThread "Thread-5"                   daemon [_thread_in_native, id=7988, stack(0x00000017a6900000,0x00000017a6a00000) (1024K)]
  0x0000021193ba2ff0 JavaThread "Thread-6"                   daemon [_thread_in_native, id=30340, stack(0x00000017a6a00000,0x00000017a6b00000) (1024K)]
  0x0000021193ba3d10 JavaThread "Thread-7"                   daemon [_thread_in_native, id=11000, stack(0x00000017a6b00000,0x00000017a6c00000) (1024K)]
  0x0000021193ba50c0 JavaThread "Thread-8"                   daemon [_thread_in_native, id=27956, stack(0x00000017a6c00000,0x00000017a6d00000) (1024K)]
  0x0000021193ba5750 JavaThread "Thread-9"                   daemon [_thread_in_native, id=34764, stack(0x00000017a6d00000,0x00000017a6e00000) (1024K)]
  0x0000021193ba5de0 JavaThread "Thread-10"                  daemon [_thread_in_native, id=32804, stack(0x00000017a6e00000,0x00000017a6f00000) (1024K)]
  0x0000021193ba6b00 JavaThread "Thread-11"                  daemon [_thread_in_native, id=30328, stack(0x00000017a6f00000,0x00000017a7000000) (1024K)]
  0x0000021193ba7190 JavaThread "Thread-12"                  daemon [_thread_in_native, id=21620, stack(0x00000017a7000000,0x00000017a7100000) (1024K)]
  0x0000021193ba7820 JavaThread "Thread-13"                  daemon [_thread_in_native, id=28964, stack(0x00000017a7100000,0x00000017a7200000) (1024K)]
  0x0000021193ba43a0 JavaThread "Thread-14"                  daemon [_thread_in_native, id=26712, stack(0x00000017a7200000,0x00000017a7300000) (1024K)]
  0x0000021193ba9f80 JavaThread "pool-2-thread-1"                   [_thread_blocked, id=20452, stack(0x00000017a7300000,0x00000017a7400000) (1024K)]
  0x0000021193baa610 JavaThread "Worker-4"                          [_thread_blocked, id=29032, stack(0x00000017a7400000,0x00000017a7500000) (1024K)]
  0x0000021193ba9260 JavaThread "WorkspaceEventsHandler"            [_thread_blocked, id=33768, stack(0x00000017a7600000,0x00000017a7700000) (1024K)]
  0x0000021193ba7eb0 JavaThread "pool-1-thread-1"                   [_thread_blocked, id=32436, stack(0x00000017a7700000,0x00000017a7800000) (1024K)]
  0x0000021193ba8540 JavaThread "Worker-5"                          [_thread_blocked, id=13936, stack(0x00000017a7800000,0x00000017a7900000) (1024K)]
  0x0000021195415450 JavaThread "LocalFile Deleter"          daemon [_thread_blocked, id=32928, stack(0x00000017a4c00000,0x00000017a4d00000) (1024K)]
  0x0000021195411fd0 JavaThread "LocalFile Deleter"          daemon [_thread_blocked, id=28432, stack(0x00000017a7a00000,0x00000017a7b00000) (1024K)]
  0x0000021195416170 JavaThread "LocalFile Deleter"          daemon [_thread_blocked, id=28012, stack(0x00000017a7b00000,0x00000017a7c00000) (1024K)]
  0x0000021195418240 JavaThread "LocalFile Deleter"          daemon [_thread_blocked, id=32120, stack(0x00000017a7c00000,0x00000017a7d00000) (1024K)]
  0x0000021195415ae0 JavaThread "LocalFile Deleter"          daemon [_thread_blocked, id=33604, stack(0x00000017a7d00000,0x00000017a7e00000) (1024K)]
  0x0000021195416e90 JavaThread "LocalFile Deleter"          daemon [_thread_blocked, id=6600, stack(0x00000017a7e00000,0x00000017a7f00000) (1024K)]
  0x0000021195416800 JavaThread "LocalFile Deleter"          daemon [_thread_blocked, id=24068, stack(0x00000017a7f00000,0x00000017a8000000) (1024K)]
  0x0000021195417520 JavaThread "LocalFile Deleter"          daemon [_thread_blocked, id=7716, stack(0x00000017a8000000,0x00000017a8100000) (1024K)]
  0x0000021195417bb0 JavaThread "LocalFile Deleter"          daemon [_thread_blocked, id=26924, stack(0x00000017a8100000,0x00000017a8200000) (1024K)]
  0x00000211954188d0 JavaThread "LocalFile Deleter"          daemon [_thread_blocked, id=11636, stack(0x00000017a8200000,0x00000017a8300000) (1024K)]
  0x00000211964652f0 JavaThread "LocalFile Deleter"          daemon [_thread_blocked, id=19324, stack(0x00000017a8300000,0x00000017a8400000) (1024K)]
  0x0000021196465980 JavaThread "LocalFile Deleter"          daemon [_thread_blocked, id=3288, stack(0x00000017a8400000,0x00000017a8500000) (1024K)]
  0x0000021196466d30 JavaThread "Compiler Source File Reader" daemon [_thread_blocked, id=24376, stack(0x00000017a8500000,0x00000017a8600000) (1024K)]
  0x0000021196466010 JavaThread "Compiler Source File Reader" daemon [_thread_blocked, id=18520, stack(0x00000017a8600000,0x00000017a8700000) (1024K)]
  0x00000211964666a0 JavaThread "Compiler Source File Reader" daemon [_thread_blocked, id=26444, stack(0x00000017a8700000,0x00000017a8800000) (1024K)]
  0x00000211964645d0 JavaThread "Compiler Source File Reader" daemon [_thread_blocked, id=32196, stack(0x00000017a8800000,0x00000017a8900000) (1024K)]
  0x00000211964673c0 JavaThread "Compiler Source File Reader" daemon [_thread_blocked, id=32368, stack(0x00000017a8900000,0x00000017a8a00000) (1024K)]
  0x0000021196463f40 JavaThread "Compiler Source File Reader" daemon [_thread_blocked, id=33096, stack(0x00000017a8a00000,0x00000017a8b00000) (1024K)]
  0x0000021196467a50 JavaThread "Compiler Source File Reader" daemon [_thread_blocked, id=27100, stack(0x00000017a8b00000,0x00000017a8c00000) (1024K)]
  0x00000211964680e0 JavaThread "Compiler Source File Reader" daemon [_thread_blocked, id=17740, stack(0x00000017a8c00000,0x00000017a8d00000) (1024K)]
  0x0000021196464c60 JavaThread "Compiler Source File Reader" daemon [_thread_blocked, id=33716, stack(0x00000017a8d00000,0x00000017a8e00000) (1024K)]
  0x000002119646b560 JavaThread "Compiler Source File Reader" daemon [_thread_blocked, id=29224, stack(0x00000017a8e00000,0x00000017a8f00000) (1024K)]
  0x000002119646a1b0 JavaThread "Worker-6: Check JDK Index"         [_thread_blocked, id=35004, stack(0x00000017a8f00000,0x00000017a9000000) (1024K)]
  0x0000021196468e00 JavaThread "Compiler Processing Task"   daemon [_thread_blocked, id=23264, stack(0x00000017a9000000,0x00000017a9100000) (1024K)]
  0x0000021196469b20 JavaThread "Compiler Class File Writer" daemon [_thread_blocked, id=26760, stack(0x00000017a9100000,0x00000017a9200000) (1024K)]
  0x000002119646aed0 JavaThread "Compiler Class File Writer" daemon [_thread_blocked, id=33180, stack(0x00000017a9200000,0x00000017a9300000) (1024K)]
  0x000002119646a840 JavaThread "Compiler Class File Writer" daemon [_thread_blocked, id=20780, stack(0x00000017a9300000,0x00000017a9400000) (1024K)]
  0x00000211a0699d70 JavaThread "Compiler Class File Writer" daemon [_thread_blocked, id=6156, stack(0x00000017a9400000,0x00000017a9500000) (1024K)]
  0x00000211a069a400 JavaThread "Compiler Class File Writer" daemon [_thread_blocked, id=30348, stack(0x00000017a9500000,0x00000017a9600000) (1024K)]
  0x00000211a069b7b0 JavaThread "Compiler Class File Writer" daemon [_thread_blocked, id=27780, stack(0x00000017a9600000,0x00000017a9700000) (1024K)]
  0x00000211a069be40 JavaThread "Compiler Class File Writer" daemon [_thread_blocked, id=35264, stack(0x00000017a9700000,0x00000017a9800000) (1024K)]
  0x00000211a069aa90 JavaThread "Compiler Class File Writer" daemon [_thread_blocked, id=28152, stack(0x00000017a9800000,0x00000017a9900000) (1024K)]
  0x00000211a06989c0 JavaThread "Compiler Class File Writer" daemon [_thread_blocked, id=18984, stack(0x00000017a9900000,0x00000017a9a00000) (1024K)]
  0x00000211a069b120 JavaThread "Compiler Class File Writer" daemon [_thread_blocked, id=15728, stack(0x00000017a9a00000,0x00000017a9b00000) (1024K)]
Total: 77

Other Threads:
  0x000002114aa24960 VMThread "VM Thread"                           [id=24404, stack(0x00000017a4000000,0x00000017a4100000) (1024K)] _threads_hazard_ptr=0x000002119572d5b0
  0x000002114a91ca00 WatcherThread "VM Periodic Task Thread"        [id=28184, stack(0x00000017a3f00000,0x00000017a4000000) (1024K)]
  0x0000021136671b70 WorkerThread "GC Thread#0"                     [id=32812, stack(0x00000017a3e00000,0x00000017a3f00000) (1024K)]
  0x0000021192026070 WorkerThread "GC Thread#1"                     [id=31324, stack(0x00000017a4d00000,0x00000017a4e00000) (1024K)]
  0x0000021192026410 WorkerThread "GC Thread#2"                     [id=35404, stack(0x00000017a4e00000,0x00000017a4f00000) (1024K)]
  0x000002119299c5b0 WorkerThread "GC Thread#3"                     [id=27772, stack(0x00000017a4f00000,0x00000017a5000000) (1024K)]
  0x000002119299c950 WorkerThread "GC Thread#4"                     [id=31156, stack(0x00000017a5000000,0x00000017a5100000) (1024K)]
  0x0000021192818050 WorkerThread "GC Thread#5"                     [id=19540, stack(0x00000017a5100000,0x00000017a5200000) (1024K)]
  0x00000211928183f0 WorkerThread "GC Thread#6"                     [id=3420, stack(0x00000017a5200000,0x00000017a5300000) (1024K)]
  0x0000021192c15420 WorkerThread "GC Thread#7"                     [id=35200, stack(0x00000017a5500000,0x00000017a5600000) (1024K)]
  0x0000021192c15f00 WorkerThread "GC Thread#8"                     [id=20912, stack(0x00000017a5900000,0x00000017a5a00000) (1024K)]
  0x0000021192c157c0 WorkerThread "GC Thread#9"                     [id=34224, stack(0x00000017a5a00000,0x00000017a5b00000) (1024K)]
Total: 12

Threads with active compile tasks:
C1 CompilerThread0  18212 14373       3       org.eclipse.core.internal.jobs.JobManager::startJob (89 bytes)
C2 CompilerThread1  18212 13947       4       org.eclipse.jdt.internal.compiler.lookup.LookupEnvironment::getTypeFromTypeSignature (770 bytes)
Total: 2

VM state: not at safepoint (normal execution)

VM Mutex/Monitor currently owned by a thread: None

Heap address: 0x00000000c0000000, size: 1024 MB, Compressed Oops mode: 32-bit

CDS archive(s) mapped at: [0x000002114b000000-0x000002114bba0000-0x000002114bba0000), size 12189696, SharedBaseAddress: 0x000002114b000000, ArchiveRelocationMode: 1.
Compressed class space mapped at: 0x000002114c000000-0x000002118c000000, reserved size: 1073741824
Narrow klass base: 0x000002114b000000, Narrow klass shift: 0, Narrow klass range: 0x100000000

GC Precious Log:
 CardTable entry size: 512
 CPUs: 12 total, 12 available
 Memory: 7875M
 Large Page Support: Disabled
 NUMA Support: Disabled
 Compressed Oops: Enabled (32-bit)
 Alignments: Space 512K, Generation 512K, Heap 2M
 Heap Min Capacity: 100M
 Heap Initial Capacity: 100M
 Heap Max Capacity: 1G
 Pre-touch: Disabled
 Parallel Workers: 10

Heap:
 PSYoungGen      total 2560K, used 1910K [0x00000000eab00000, 0x00000000eb200000, 0x0000000100000000)
  eden space 1536K, 57% used [0x00000000eab00000,0x00000000eabdd8d8,0x00000000eac80000)
  from space 1024K, 100% used [0x00000000eac80000,0x00000000ead80000,0x00000000ead80000)
  to   space 2560K, 0% used [0x00000000eaf80000,0x00000000eaf80000,0x00000000eb200000)
 ParOldGen       total 461312K, used 461262K [0x00000000c0000000, 0x00000000dc280000, 0x00000000eab00000)
  object space 461312K, 99% used [0x00000000c0000000,0x00000000dc273a00,0x00000000dc280000)
 Metaspace       used 71387K, committed 72896K, reserved 1114112K
  class space    used 7330K, committed 8000K, reserved 1048576K

Card table byte_map: [0x0000021135ff0000,0x0000021136200000] _byte_map_base: 0x00000211359f0000

Marking Bits: (ParMarkBitMap*) 0x00007fffd1a03260
 Begin Bits: [0x0000021148840000, 0x0000021149840000)
 End Bits:   [0x0000021149840000, 0x000002114a840000)

Polling page: 0x0000021134430000

Metaspace:

Usage:
  Non-class:     62.56 MB used.
      Class:      7.16 MB used.
       Both:     69.71 MB used.

Virtual space:
  Non-class space:       64.00 MB reserved,      63.38 MB (>99%) committed,  1 nodes.
      Class space:        1.00 GB reserved,       7.81 MB ( <1%) committed,  1 nodes.
             Both:        1.06 GB reserved,      71.19 MB (  7%) committed. 

Chunk freelists:
   Non-Class:  592.00 KB
       Class:  8.06 MB
        Both:  8.64 MB

MaxMetaspaceSize: unlimited
CompressedClassSpaceSize: 1.00 GB
Initial GC threshold: 21.00 MB
Current GC threshold: 97.31 MB
CDS: on
 - commit_granule_bytes: 65536.
 - commit_granule_words: 8192.
 - virtual_space_node_default_size: 8388608.
 - enlarge_chunks_in_place: 1.
 - use_allocation_guard: 0.


Internal statistics:

num_allocs_failed_limit: 9.
num_arena_births: 1240.
num_arena_deaths: 22.
num_vsnodes_births: 2.
num_vsnodes_deaths: 0.
num_space_committed: 1139.
num_space_uncommitted: 0.
num_chunks_returned_to_freelist: 35.
num_chunks_taken_from_freelist: 4392.
num_chunk_merges: 17.
num_chunk_splits: 2699.
num_chunks_enlarged: 1610.
num_inconsistent_stats: 0.

CodeHeap 'non-profiled nmethods': size=120000Kb used=10418Kb max_used=10418Kb free=109581Kb
 bounds [0x0000021141310000, 0x0000021141d40000, 0x0000021148840000]
CodeHeap 'profiled nmethods': size=120000Kb used=30728Kb max_used=30728Kb free=89271Kb
 bounds [0x0000021139840000, 0x000002113b650000, 0x0000021140d70000]
CodeHeap 'non-nmethods': size=5760Kb used=1478Kb max_used=1553Kb free=4281Kb
 bounds [0x0000021140d70000, 0x0000021140fe0000, 0x0000021141310000]
 total_blobs=14393 nmethods=13602 adapters=695
 compilation: enabled
              stopped_count=0, restarted_count=0
 full_count=0

Compilation events (20 events):
Event: 16.907 Thread 0x0000021136708eb0 nmethod 14361 0x0000021141d30390 code [0x0000021141d305a0, 0x0000021141d30ef0]
Event: 16.907 Thread 0x0000021136708eb0 14363 %     4       org.eclipse.jdt.internal.core.index.DiskIndex::writeCategoryTable @ 154 (252 bytes)
Event: 16.926 Thread 0x0000021136708eb0 nmethod 14363% 0x0000021141d31410 code [0x0000021141d316a0, 0x0000021141d329f8]
Event: 16.941 Thread 0x000002118cf19fe0 14364       3       org.eclipse.jdt.internal.core.index.DiskIndex::writeCategoryTable (252 bytes)
Event: 16.942 Thread 0x000002118cf19fe0 nmethod 14364 0x000002113b63cd10 code [0x000002113b63d000, 0x000002113b63e2e0]
Event: 17.006 Thread 0x0000021136708eb0 14365   !   4       java.io.FileOutputStream::write (47 bytes)
Event: 17.008 Thread 0x0000021136708eb0 nmethod 14365 0x0000021141d33490 code [0x0000021141d33640, 0x0000021141d337d0]
Event: 17.058 Thread 0x0000021136708eb0 14366 %     4       org.eclipse.jdt.internal.core.index.DiskIndex::writeCategoryTable @ 22 (252 bytes)
Event: 17.114 Thread 0x0000021136708eb0 nmethod 14366% 0x0000021141d33a10 code [0x0000021141d33da0, 0x0000021141d36498]
Event: 17.115 Thread 0x0000021136708eb0 14367       4       org.eclipse.jdt.internal.core.index.DiskIndex::writeCategoryTable (252 bytes)
Event: 17.169 Thread 0x0000021136708eb0 nmethod 14367 0x0000021141d37910 code [0x0000021141d37ca0, 0x0000021141d3a030]
Event: 17.169 Thread 0x0000021136708eb0 14368       4       org.eclipse.jdt.internal.core.search.processing.JobManager$$Lambda/0x000002114c6b5cc0::test (12 bytes)
Event: 17.172 Thread 0x0000021136708eb0 nmethod 14368 0x0000021141d3b410 code [0x0000021141d3b600, 0x0000021141d3bb10]
Event: 17.182 Thread 0x0000021136708eb0 14369       4       sun.nio.fs.WindowsPath::getPathForWin32Calls (6 bytes)
Event: 17.182 Thread 0x000002118cf19fe0 14371       3       org.eclipse.core.runtime.jobs.Job::setThread (6 bytes)
Event: 17.183 Thread 0x000002118cf19fe0 nmethod 14371 0x000002113b63e910 code [0x000002113b63eaa0, 0x000002113b63ebe0]
Event: 17.184 Thread 0x000002118cf19fe0 14374   !   3       org.eclipse.core.internal.jobs.JobManager::nextJob (291 bytes)
Event: 17.184 Thread 0x0000021136708eb0 nmethod 14369 0x0000021141d3c290 code [0x0000021141d3c420, 0x0000021141d3c540]
Event: 17.184 Thread 0x0000021136708eb0 14370   !   4       sun.nio.fs.WindowsPath::getPathForWin32Calls (147 bytes)
Event: 17.185 Thread 0x0000021136708eb0 nmethod 14370 0x0000021141d3c690 code [0x0000021141d3c820, 0x0000021141d3c970]

GC Heap History (20 events):
Event: 15.546 GC heap before
{Heap before GC invocations=463 (full 3):
 PSYoungGen      total 2560K, used 2191K [0x00000000eab00000, 0x00000000eaf00000, 0x0000000100000000)
  eden space 1024K, 100% used [0x00000000eab00000,0x00000000eac00000,0x00000000eac00000)
  from space 1536K, 75% used [0x00000000eac00000,0x00000000ead23d20,0x00000000ead80000)
  to   space 1536K, 0% used [0x00000000ead80000,0x00000000ead80000,0x00000000eaf00000)
 ParOldGen       total 452096K, used 451976K [0x00000000c0000000, 0x00000000db980000, 0x00000000eab00000)
  object space 452096K, 99% used [0x00000000c0000000,0x00000000db962360,0x00000000db980000)
 Metaspace       used 71362K, committed 72896K, reserved 1114112K
  class space    used 7328K, committed 8000K, reserved 1048576K
}
Event: 15.550 GC heap after
{Heap after GC invocations=463 (full 3):
 PSYoungGen      total 2560K, used 1179K [0x00000000eab00000, 0x00000000eaf00000, 0x0000000100000000)
  eden space 1024K, 0% used [0x00000000eab00000,0x00000000eab00000,0x00000000eac00000)
  from space 1536K, 76% used [0x00000000ead80000,0x00000000eaea6f70,0x00000000eaf00000)
  to   space 1536K, 0% used [0x00000000eac00000,0x00000000eac00000,0x00000000ead80000)
 ParOldGen       total 453120K, used 453025K [0x00000000c0000000, 0x00000000dba80000, 0x00000000eab00000)
  object space 453120K, 99% used [0x00000000c0000000,0x00000000dba685b8,0x00000000dba80000)
 Metaspace       used 71362K, committed 72896K, reserved 1114112K
  class space    used 7328K, committed 8000K, reserved 1048576K
}
Event: 15.568 GC heap before
{Heap before GC invocations=464 (full 3):
 PSYoungGen      total 2560K, used 2203K [0x00000000eab00000, 0x00000000eaf00000, 0x0000000100000000)
  eden space 1024K, 100% used [0x00000000eab00000,0x00000000eac00000,0x00000000eac00000)
  from space 1536K, 76% used [0x00000000ead80000,0x00000000eaea6f70,0x00000000eaf00000)
  to   space 1536K, 0% used [0x00000000eac00000,0x00000000eac00000,0x00000000ead80000)
 ParOldGen       total 454144K, used 453781K [0x00000000c0000000, 0x00000000dbb80000, 0x00000000eab00000)
  object space 454144K, 99% used [0x00000000c0000000,0x00000000dbb255b8,0x00000000dbb80000)
 Metaspace       used 71362K, committed 72896K, reserved 1114112K
  class space    used 7328K, committed 8000K, reserved 1048576K
}
Event: 15.571 GC heap after
{Heap after GC invocations=464 (full 3):
 PSYoungGen      total 2560K, used 1172K [0x00000000eab00000, 0x00000000eaf00000, 0x0000000100000000)
  eden space 1024K, 0% used [0x00000000eab00000,0x00000000eab00000,0x00000000eac00000)
  from space 1536K, 76% used [0x00000000eac00000,0x00000000ead25000,0x00000000ead80000)
  to   space 1536K, 0% used [0x00000000ead80000,0x00000000ead80000,0x00000000eaf00000)
 ParOldGen       total 455168K, used 454829K [0x00000000c0000000, 0x00000000dbc80000, 0x00000000eab00000)
  object space 455168K, 99% used [0x00000000c0000000,0x00000000dbc2b4b0,0x00000000dbc80000)
 Metaspace       used 71362K, committed 72896K, reserved 1114112K
  class space    used 7328K, committed 8000K, reserved 1048576K
}
Event: 15.622 GC heap before
{Heap before GC invocations=465 (full 3):
 PSYoungGen      total 2560K, used 2196K [0x00000000eab00000, 0x00000000eaf00000, 0x0000000100000000)
  eden space 1024K, 100% used [0x00000000eab00000,0x00000000eac00000,0x00000000eac00000)
  from space 1536K, 76% used [0x00000000eac00000,0x00000000ead25000,0x00000000ead80000)
  to   space 1536K, 0% used [0x00000000ead80000,0x00000000ead80000,0x00000000eaf00000)
 ParOldGen       total 455168K, used 454829K [0x00000000c0000000, 0x00000000dbc80000, 0x00000000eab00000)
  object space 455168K, 99% used [0x00000000c0000000,0x00000000dbc2b4b0,0x00000000dbc80000)
 Metaspace       used 71367K, committed 72896K, reserved 1114112K
  class space    used 7328K, committed 8000K, reserved 1048576K
}
Event: 15.627 GC heap after
{Heap after GC invocations=465 (full 3):
 PSYoungGen      total 2560K, used 960K [0x00000000eab00000, 0x00000000eaf00000, 0x0000000100000000)
  eden space 1024K, 0% used [0x00000000eab00000,0x00000000eab00000,0x00000000eac00000)
  from space 1536K, 62% used [0x00000000ead80000,0x00000000eae70000,0x00000000eaf00000)
  to   space 1536K, 0% used [0x00000000eac00000,0x00000000eac00000,0x00000000ead80000)
 ParOldGen       total 456192K, used 455887K [0x00000000c0000000, 0x00000000dbd80000, 0x00000000eab00000)
  object space 456192K, 99% used [0x00000000c0000000,0x00000000dbd33f58,0x00000000dbd80000)
 Metaspace       used 71367K, committed 72896K, reserved 1114112K
  class space    used 7328K, committed 8000K, reserved 1048576K
}
Event: 15.639 GC heap before
{Heap before GC invocations=466 (full 3):
 PSYoungGen      total 2560K, used 1971K [0x00000000eab00000, 0x00000000eaf00000, 0x0000000100000000)
  eden space 1024K, 98% used [0x00000000eab00000,0x00000000eabfcf80,0x00000000eac00000)
  from space 1536K, 62% used [0x00000000ead80000,0x00000000eae70000,0x00000000eaf00000)
  to   space 1536K, 0% used [0x00000000eac00000,0x00000000eac00000,0x00000000ead80000)
 ParOldGen       total 456192K, used 455887K [0x00000000c0000000, 0x00000000dbd80000, 0x00000000eab00000)
  object space 456192K, 99% used [0x00000000c0000000,0x00000000dbd33f58,0x00000000dbd80000)
 Metaspace       used 71367K, committed 72896K, reserved 1114112K
  class space    used 7328K, committed 8000K, reserved 1048576K
}
Event: 15.642 GC heap after
{Heap after GC invocations=466 (full 3):
 PSYoungGen      total 2048K, used 736K [0x00000000eab00000, 0x00000000eae00000, 0x0000000100000000)
  eden space 1024K, 0% used [0x00000000eab00000,0x00000000eab00000,0x00000000eac00000)
  from space 1024K, 71% used [0x00000000eac00000,0x00000000eacb8000,0x00000000ead00000)
  to   space 1024K, 0% used [0x00000000ead00000,0x00000000ead00000,0x00000000eae00000)
 ParOldGen       total 457216K, used 456742K [0x00000000c0000000, 0x00000000dbe80000, 0x00000000eab00000)
  object space 457216K, 99% used [0x00000000c0000000,0x00000000dbe09a00,0x00000000dbe80000)
 Metaspace       used 71367K, committed 72896K, reserved 1114112K
  class space    used 7328K, committed 8000K, reserved 1048576K
}
Event: 15.652 GC heap before
{Heap before GC invocations=467 (full 3):
 PSYoungGen      total 2048K, used 1760K [0x00000000eab00000, 0x00000000eae00000, 0x0000000100000000)
  eden space 1024K, 100% used [0x00000000eab00000,0x00000000eac00000,0x00000000eac00000)
  from space 1024K, 71% used [0x00000000eac00000,0x00000000eacb8000,0x00000000ead00000)
  to   space 1024K, 0% used [0x00000000ead00000,0x00000000ead00000,0x00000000eae00000)
 ParOldGen       total 457216K, used 456742K [0x00000000c0000000, 0x00000000dbe80000, 0x00000000eab00000)
  object space 457216K, 99% used [0x00000000c0000000,0x00000000dbe09a00,0x00000000dbe80000)
 Metaspace       used 71367K, committed 72896K, reserved 1114112K
  class space    used 7328K, committed 8000K, reserved 1048576K
}
Event: 15.655 GC heap after
{Heap after GC invocations=467 (full 3):
 PSYoungGen      total 2048K, used 800K [0x00000000eab00000, 0x00000000eae00000, 0x0000000100000000)
  eden space 1024K, 0% used [0x00000000eab00000,0x00000000eab00000,0x00000000eac00000)
  from space 1024K, 78% used [0x00000000ead00000,0x00000000eadc8000,0x00000000eae00000)
  to   space 1024K, 0% used [0x00000000eac00000,0x00000000eac00000,0x00000000ead00000)
 ParOldGen       total 457728K, used 457374K [0x00000000c0000000, 0x00000000dbf00000, 0x00000000eab00000)
  object space 457728K, 99% used [0x00000000c0000000,0x00000000dbea7a00,0x00000000dbf00000)
 Metaspace       used 71367K, committed 72896K, reserved 1114112K
  class space    used 7328K, committed 8000K, reserved 1048576K
}
Event: 15.669 GC heap before
{Heap before GC invocations=468 (full 3):
 PSYoungGen      total 2048K, used 1798K [0x00000000eab00000, 0x00000000eae00000, 0x0000000100000000)
  eden space 1024K, 97% used [0x00000000eab00000,0x00000000eabf9850,0x00000000eac00000)
  from space 1024K, 78% used [0x00000000ead00000,0x00000000eadc8000,0x00000000eae00000)
  to   space 1024K, 0% used [0x00000000eac00000,0x00000000eac00000,0x00000000ead00000)
 ParOldGen       total 457728K, used 457374K [0x00000000c0000000, 0x00000000dbf00000, 0x00000000eab00000)
  object space 457728K, 99% used [0x00000000c0000000,0x00000000dbea7a00,0x00000000dbf00000)
 Metaspace       used 71367K, committed 72896K, reserved 1114112K
  class space    used 7328K, committed 8000K, reserved 1048576K
}
Event: 15.671 GC heap after
{Heap after GC invocations=468 (full 3):
 PSYoungGen      total 2048K, used 704K [0x00000000eab00000, 0x00000000eae00000, 0x0000000100000000)
  eden space 1024K, 0% used [0x00000000eab00000,0x00000000eab00000,0x00000000eac00000)
  from space 1024K, 68% used [0x00000000eac00000,0x00000000eacb0000,0x00000000ead00000)
  to   space 1024K, 0% used [0x00000000ead00000,0x00000000ead00000,0x00000000eae00000)
 ParOldGen       total 458240K, used 458078K [0x00000000c0000000, 0x00000000dbf80000, 0x00000000eab00000)
  object space 458240K, 99% used [0x00000000c0000000,0x00000000dbf57a00,0x00000000dbf80000)
 Metaspace       used 71367K, committed 72896K, reserved 1114112K
  class space    used 7328K, committed 8000K, reserved 1048576K
}
Event: 15.776 GC heap before
{Heap before GC invocations=469 (full 3):
 PSYoungGen      total 2048K, used 1728K [0x00000000eab00000, 0x00000000eae00000, 0x0000000100000000)
  eden space 1024K, 100% used [0x00000000eab00000,0x00000000eac00000,0x00000000eac00000)
  from space 1024K, 68% used [0x00000000eac00000,0x00000000eacb0000,0x00000000ead00000)
  to   space 1024K, 0% used [0x00000000ead00000,0x00000000ead00000,0x00000000eae00000)
 ParOldGen       total 458240K, used 458078K [0x00000000c0000000, 0x00000000dbf80000, 0x00000000eab00000)
  object space 458240K, 99% used [0x00000000c0000000,0x00000000dbf57a00,0x00000000dbf80000)
 Metaspace       used 71367K, committed 72896K, reserved 1114112K
  class space    used 7328K, committed 8000K, reserved 1048576K
}
Event: 15.779 GC heap after
{Heap after GC invocations=469 (full 3):
 PSYoungGen      total 2048K, used 896K [0x00000000eab00000, 0x00000000eae00000, 0x0000000100000000)
  eden space 1024K, 0% used [0x00000000eab00000,0x00000000eab00000,0x00000000eac00000)
  from space 1024K, 87% used [0x00000000ead00000,0x00000000eade0000,0x00000000eae00000)
  to   space 1024K, 0% used [0x00000000eac00000,0x00000000eac00000,0x00000000ead00000)
 ParOldGen       total 458752K, used 458630K [0x00000000c0000000, 0x00000000dc000000, 0x00000000eab00000)
  object space 458752K, 99% used [0x00000000c0000000,0x00000000dbfe1a00,0x00000000dc000000)
 Metaspace       used 71367K, committed 72896K, reserved 1114112K
  class space    used 7328K, committed 8000K, reserved 1048576K
}
Event: 15.786 GC heap before
{Heap before GC invocations=470 (full 3):
 PSYoungGen      total 2048K, used 1920K [0x00000000eab00000, 0x00000000eae00000, 0x0000000100000000)
  eden space 1024K, 100% used [0x00000000eab00000,0x00000000eac00000,0x00000000eac00000)
  from space 1024K, 87% used [0x00000000ead00000,0x00000000eade0000,0x00000000eae00000)
  to   space 1024K, 0% used [0x00000000eac00000,0x00000000eac00000,0x00000000ead00000)
 ParOldGen       total 458752K, used 458630K [0x00000000c0000000, 0x00000000dc000000, 0x00000000eab00000)
  object space 458752K, 99% used [0x00000000c0000000,0x00000000dbfe1a00,0x00000000dc000000)
 Metaspace       used 71367K, committed 72896K, reserved 1114112K
  class space    used 7328K, committed 8000K, reserved 1048576K
}
Event: 16.801 GC heap after
{Heap after GC invocations=470 (full 3):
 PSYoungGen      total 2048K, used 960K [0x00000000eab00000, 0x00000000eae80000, 0x0000000100000000)
  eden space 1024K, 0% used [0x00000000eab00000,0x00000000eab00000,0x00000000eac00000)
  from space 1024K, 93% used [0x00000000eac00000,0x00000000eacf0000,0x00000000ead00000)
  to   space 1024K, 0% used [0x00000000ead80000,0x00000000ead80000,0x00000000eae80000)
 ParOldGen       total 459776K, used 459390K [0x00000000c0000000, 0x00000000dc100000, 0x00000000eab00000)
  object space 459776K, 99% used [0x00000000c0000000,0x00000000dc09fa00,0x00000000dc100000)
 Metaspace       used 71367K, committed 72896K, reserved 1114112K
  class space    used 7328K, committed 8000K, reserved 1048576K
}
Event: 17.061 GC heap before
{Heap before GC invocations=471 (full 3):
 PSYoungGen      total 2048K, used 1984K [0x00000000eab00000, 0x00000000eae80000, 0x0000000100000000)
  eden space 1024K, 100% used [0x00000000eab00000,0x00000000eac00000,0x00000000eac00000)
  from space 1024K, 93% used [0x00000000eac00000,0x00000000eacf0000,0x00000000ead00000)
  to   space 1024K, 0% used [0x00000000ead80000,0x00000000ead80000,0x00000000eae80000)
 ParOldGen       total 459776K, used 459390K [0x00000000c0000000, 0x00000000dc100000, 0x00000000eab00000)
  object space 459776K, 99% used [0x00000000c0000000,0x00000000dc09fa00,0x00000000dc100000)
 Metaspace       used 71368K, committed 72896K, reserved 1114112K
  class space    used 7328K, committed 8000K, reserved 1048576K
}
Event: 17.064 GC heap after
{Heap after GC invocations=471 (full 3):
 PSYoungGen      total 2560K, used 928K [0x00000000eab00000, 0x00000000eae80000, 0x0000000100000000)
  eden space 1536K, 0% used [0x00000000eab00000,0x00000000eab00000,0x00000000eac80000)
  from space 1024K, 90% used [0x00000000ead80000,0x00000000eae68000,0x00000000eae80000)
  to   space 1024K, 0% used [0x00000000eac80000,0x00000000eac80000,0x00000000ead80000)
 ParOldGen       total 460288K, used 460262K [0x00000000c0000000, 0x00000000dc180000, 0x00000000eab00000)
  object space 460288K, 99% used [0x00000000c0000000,0x00000000dc179a00,0x00000000dc180000)
 Metaspace       used 71368K, committed 72896K, reserved 1114112K
  class space    used 7328K, committed 8000K, reserved 1048576K
}
Event: 17.119 GC heap before
{Heap before GC invocations=472 (full 3):
 PSYoungGen      total 2560K, used 2404K [0x00000000eab00000, 0x00000000eae80000, 0x0000000100000000)
  eden space 1536K, 96% used [0x00000000eab00000,0x00000000eac71020,0x00000000eac80000)
  from space 1024K, 90% used [0x00000000ead80000,0x00000000eae68000,0x00000000eae80000)
  to   space 1024K, 0% used [0x00000000eac80000,0x00000000eac80000,0x00000000ead80000)
 ParOldGen       total 460288K, used 460262K [0x00000000c0000000, 0x00000000dc180000, 0x00000000eab00000)
  object space 460288K, 99% used [0x00000000c0000000,0x00000000dc179a00,0x00000000dc180000)
 Metaspace       used 71368K, committed 72896K, reserved 1114112K
  class space    used 7328K, committed 8000K, reserved 1048576K
}
Event: 17.123 GC heap after
{Heap after GC invocations=472 (full 3):
 PSYoungGen      total 2560K, used 1024K [0x00000000eab00000, 0x00000000eb200000, 0x0000000100000000)
  eden space 1536K, 0% used [0x00000000eab00000,0x00000000eab00000,0x00000000eac80000)
  from space 1024K, 100% used [0x00000000eac80000,0x00000000ead80000,0x00000000ead80000)
  to   space 2560K, 0% used [0x00000000eaf80000,0x00000000eaf80000,0x00000000eb200000)
 ParOldGen       total 461312K, used 461262K [0x00000000c0000000, 0x00000000dc280000, 0x00000000eab00000)
  object space 461312K, 99% used [0x00000000c0000000,0x00000000dc273a00,0x00000000dc280000)
 Metaspace       used 71368K, committed 72896K, reserved 1114112K
  class space    used 7328K, committed 8000K, reserved 1048576K
}

Dll operation events (14 events):
Event: 0.012 Loaded shared library c:\Users\lucia\.vscode\extensions\redhat.java-1.41.1-win32-x64\jre\21.0.6-win32-x86_64\bin\java.dll
Event: 0.073 Loaded shared library c:\Users\lucia\.vscode\extensions\redhat.java-1.41.1-win32-x64\jre\21.0.6-win32-x86_64\bin\zip.dll
Event: 0.093 Loaded shared library C:\Users\lucia\.vscode\extensions\redhat.java-1.41.1-win32-x64\jre\21.0.6-win32-x86_64\bin\instrument.dll
Event: 0.099 Loaded shared library C:\Users\lucia\.vscode\extensions\redhat.java-1.41.1-win32-x64\jre\21.0.6-win32-x86_64\bin\net.dll
Event: 0.102 Loaded shared library C:\Users\lucia\.vscode\extensions\redhat.java-1.41.1-win32-x64\jre\21.0.6-win32-x86_64\bin\nio.dll
Event: 0.106 Loaded shared library C:\Users\lucia\.vscode\extensions\redhat.java-1.41.1-win32-x64\jre\21.0.6-win32-x86_64\bin\zip.dll
Event: 0.138 Loaded shared library C:\Users\lucia\.vscode\extensions\redhat.java-1.41.1-win32-x64\jre\21.0.6-win32-x86_64\bin\jimage.dll
Event: 0.213 Loaded shared library c:\Users\lucia\.vscode\extensions\redhat.java-1.41.1-win32-x64\jre\21.0.6-win32-x86_64\bin\verify.dll
Event: 1.131 Loaded shared library C:\Users\lucia\AppData\Roaming\Code\User\globalStorage\redhat.java\1.41.1\config_win\org.eclipse.equinox.launcher\org.eclipse.equinox.launcher.win32.win32.x86_64_1.2.1300.v20250331-1702\eclipse_11911.dll
Event: 2.242 Loaded shared library C:\Users\lucia\.vscode\extensions\redhat.java-1.41.1-win32-x64\jre\21.0.6-win32-x86_64\bin\management.dll
Event: 2.246 Loaded shared library C:\Users\lucia\.vscode\extensions\redhat.java-1.41.1-win32-x64\jre\21.0.6-win32-x86_64\bin\management_ext.dll
Event: 3.325 Loaded shared library C:\Users\lucia\AppData\Local\Temp\jna-103324306\jna9138775523276647098.dll
Event: 3.610 Loaded shared library C:\Users\lucia\.vscode\extensions\redhat.java-1.41.1-win32-x64\jre\21.0.6-win32-x86_64\bin\sunmscapi.dll
Event: 3.675 Loaded shared library C:\Users\lucia\.vscode\extensions\redhat.java-1.41.1-win32-x64\jre\21.0.6-win32-x86_64\bin\extnet.dll

Deoptimization events (20 events):
Event: 17.166 Thread 0x0000021192ec6500 Uncommon trap: trap_request=0xffffffde fr.pc=0x0000021141943780 relative=0x0000000000000380
Event: 17.166 Thread 0x0000021192ec6500 Uncommon trap: reason=class_check action=maybe_recompile pc=0x0000021141943780 method=org.eclipse.jdt.internal.core.search.processing.JobManager$$Lambda/0x000002114c6b5cc0.test(Ljava/lang/Object;)Z @ 5 c2
Event: 17.166 Thread 0x0000021192ec6500 DEOPT PACKING pc=0x0000021141943780 sp=0x00000017a60feb70
Event: 17.166 Thread 0x0000021192ec6500 DEOPT UNPACKING pc=0x0000021140dc3aa2 sp=0x00000017a60feb08 mode 2
Event: 17.166 Thread 0x0000021192ec6500 Uncommon trap: trap_request=0xffffffde fr.pc=0x0000021141943694 relative=0x0000000000000294
Event: 17.166 Thread 0x0000021192ec6500 Uncommon trap: reason=class_check action=maybe_recompile pc=0x0000021141943694 method=org.eclipse.jdt.internal.core.search.processing.JobManager$$Lambda/0x000002114c6b5cc0.test(Ljava/lang/Object;)Z @ 8 c2
Event: 17.166 Thread 0x0000021192ec6500 DEOPT PACKING pc=0x0000021141943694 sp=0x00000017a60feb70
Event: 17.166 Thread 0x0000021192ec6500 DEOPT UNPACKING pc=0x0000021140dc3aa2 sp=0x00000017a60feb08 mode 2
Event: 17.166 Thread 0x0000021192ec6500 Uncommon trap: trap_request=0xffffffde fr.pc=0x0000021141943694 relative=0x0000000000000294
Event: 17.166 Thread 0x0000021192ec6500 Uncommon trap: reason=class_check action=maybe_recompile pc=0x0000021141943694 method=org.eclipse.jdt.internal.core.search.processing.JobManager$$Lambda/0x000002114c6b5cc0.test(Ljava/lang/Object;)Z @ 8 c2
Event: 17.166 Thread 0x0000021192ec6500 DEOPT PACKING pc=0x0000021141943694 sp=0x00000017a60feb70
Event: 17.166 Thread 0x0000021192ec6500 DEOPT UNPACKING pc=0x0000021140dc3aa2 sp=0x00000017a60feb08 mode 2
Event: 17.166 Thread 0x0000021192ec6500 Uncommon trap: trap_request=0xffffffde fr.pc=0x0000021141943694 relative=0x0000000000000294
Event: 17.166 Thread 0x0000021192ec6500 Uncommon trap: reason=class_check action=maybe_recompile pc=0x0000021141943694 method=org.eclipse.jdt.internal.core.search.processing.JobManager$$Lambda/0x000002114c6b5cc0.test(Ljava/lang/Object;)Z @ 8 c2
Event: 17.166 Thread 0x0000021192ec6500 DEOPT PACKING pc=0x0000021141943694 sp=0x00000017a60feb70
Event: 17.166 Thread 0x0000021192ec6500 DEOPT UNPACKING pc=0x0000021140dc3aa2 sp=0x00000017a60feb08 mode 2
Event: 17.172 Thread 0x0000021192ec6500 Uncommon trap: trap_request=0xffffff45 fr.pc=0x0000021141bc14ac relative=0x00000000000005ec
Event: 17.172 Thread 0x0000021192ec6500 Uncommon trap: reason=unstable_if action=reinterpret pc=0x0000021141bc14ac method=org.eclipse.jdt.internal.core.search.JavaSearchParticipant.indexDocument(Lorg/eclipse/jdt/core/search/SearchDocument;Lorg/eclipse/core/runtime/IPath;)V @ 51 c2
Event: 17.172 Thread 0x0000021192ec6500 DEOPT PACKING pc=0x0000021141bc14ac sp=0x00000017a60fedb0
Event: 17.172 Thread 0x0000021192ec6500 DEOPT UNPACKING pc=0x0000021140dc3aa2 sp=0x00000017a60fed88 mode 2

Classes loaded (20 events):
Event: 10.974 Loading class java/util/stream/ReferencePipeline$4
Event: 10.974 Loading class java/util/stream/IntPipeline$StatelessOp
Event: 10.974 Loading class java/util/stream/IntPipeline$StatelessOp done
Event: 10.974 Loading class java/util/stream/ReferencePipeline$4 done
Event: 10.982 Loading class java/util/stream/Nodes$IntFixedNodeBuilder
Event: 10.982 Loading class java/util/stream/Node$Builder$OfInt
Event: 10.982 Loading class java/util/stream/Sink$OfInt
Event: 10.982 Loading class java/util/stream/Sink$OfInt done
Event: 10.982 Loading class java/util/stream/Node$Builder$OfInt done
Event: 10.982 Loading class java/util/stream/Nodes$IntArrayNode
Event: 10.983 Loading class java/util/stream/Nodes$IntArrayNode done
Event: 10.983 Loading class java/util/stream/Nodes$IntFixedNodeBuilder done
Event: 10.983 Loading class java/util/stream/ReferencePipeline$4$1
Event: 10.984 Loading class java/util/stream/ReferencePipeline$4$1 done
Event: 12.469 Loading class java/io/CharArrayWriter
Event: 12.470 Loading class java/io/CharArrayWriter done
Event: 12.485 Loading class java/nio/file/attribute/PosixFileAttributes
Event: 12.486 Loading class java/nio/file/attribute/PosixFileAttributes done
Event: 13.827 Loading class java/util/HashMap$EntrySpliterator
Event: 13.827 Loading class java/util/HashMap$EntrySpliterator done

Classes unloaded (11 events):
Event: 2.754 Thread 0x000002114aa24960 Unloading class 0x000002114c19d400 'java/lang/invoke/LambdaForm$MH+0x000002114c19d400'
Event: 2.754 Thread 0x000002114aa24960 Unloading class 0x000002114c19d000 'java/lang/invoke/LambdaForm$MH+0x000002114c19d000'
Event: 2.754 Thread 0x000002114aa24960 Unloading class 0x000002114c19cc00 'java/lang/invoke/LambdaForm$MH+0x000002114c19cc00'
Event: 2.754 Thread 0x000002114aa24960 Unloading class 0x000002114c19c800 'java/lang/invoke/LambdaForm$MH+0x000002114c19c800'
Event: 2.754 Thread 0x000002114aa24960 Unloading class 0x000002114c19c400 'java/lang/invoke/LambdaForm$BMH+0x000002114c19c400'
Event: 2.754 Thread 0x000002114aa24960 Unloading class 0x000002114c19c000 'java/lang/invoke/LambdaForm$DMH+0x000002114c19c000'
Event: 2.754 Thread 0x000002114aa24960 Unloading class 0x000002114c19ac00 'java/lang/invoke/LambdaForm$DMH+0x000002114c19ac00'
Event: 8.655 Thread 0x000002114aa24960 Unloading class 0x000002114c63cc00 'java/lang/invoke/LambdaForm$DMH+0x000002114c63cc00'
Event: 8.655 Thread 0x000002114aa24960 Unloading class 0x000002114c63c800 'java/lang/invoke/LambdaForm$DMH+0x000002114c63c800'
Event: 8.655 Thread 0x000002114aa24960 Unloading class 0x000002114c63d400 'java/lang/invoke/LambdaForm$DMH+0x000002114c63d400'
Event: 8.655 Thread 0x000002114aa24960 Unloading class 0x000002114c63d000 'java/lang/invoke/LambdaForm$DMH+0x000002114c63d000'

Classes redefined (0 events):
No events

Internal exceptions (20 events):
Event: 13.891 Thread 0x0000021192ec85d0 Exception <a 'sun/nio/fs/WindowsException'{0x00000000eabc87a8}> (0x00000000eabc87a8) 
thrown [s\src\hotspot\share\prims\jni.cpp, line 520]
Event: 13.891 Thread 0x0000021195415450 Exception <a 'sun/nio/fs/WindowsException'{0x00000000eabe4270}> (0x00000000eabe4270) 
thrown [s\src\hotspot\share\prims\jni.cpp, line 520]
Event: 13.892 Thread 0x00000211954188d0 Exception <a 'sun/nio/fs/WindowsException'{0x00000000eac0e560}> (0x00000000eac0e560) 
thrown [s\src\hotspot\share\prims\jni.cpp, line 520]
Event: 13.893 Thread 0x0000021195411fd0 Exception <a 'sun/nio/fs/WindowsException'{0x00000000eac38e50}> (0x00000000eac38e50) 
thrown [s\src\hotspot\share\prims\jni.cpp, line 520]
Event: 13.893 Thread 0x0000021195416800 Exception <a 'sun/nio/fs/WindowsException'{0x00000000eac483e8}> (0x00000000eac483e8) 
thrown [s\src\hotspot\share\prims\jni.cpp, line 520]
Event: 13.893 Thread 0x00000211964652f0 Exception <a 'sun/nio/fs/WindowsException'{0x00000000eac72478}> (0x00000000eac72478) 
thrown [s\src\hotspot\share\prims\jni.cpp, line 520]
Event: 13.894 Thread 0x0000021195416e90 Exception <a 'sun/nio/fs/WindowsException'{0x00000000eacd8678}> (0x00000000eacd8678) 
thrown [s\src\hotspot\share\prims\jni.cpp, line 520]
Event: 13.895 Thread 0x0000021195417bb0 Exception <a 'sun/nio/fs/WindowsException'{0x00000000eacbd248}> (0x00000000eacbd248) 
thrown [s\src\hotspot\share\prims\jni.cpp, line 520]
Event: 13.895 Thread 0x00000211964652f0 Exception <a 'sun/nio/fs/WindowsException'{0x00000000eacd98f0}> (0x00000000eacd98f0) 
thrown [s\src\hotspot\share\prims\jni.cpp, line 520]
Event: 14.317 Thread 0x0000021192ec85d0 Exception <a 'sun/nio/fs/WindowsException'{0x00000000eac69dc8}> (0x00000000eac69dc8) 
thrown [s\src\hotspot\share\prims\jni.cpp, line 520]
Event: 14.317 Thread 0x0000021195415450 Exception <a 'sun/nio/fs/WindowsException'{0x00000000eac73ab0}> (0x00000000eac73ab0) 
thrown [s\src\hotspot\share\prims\jni.cpp, line 520]
Event: 14.318 Thread 0x0000021195415450 Exception <a 'sun/nio/fs/WindowsException'{0x00000000eac752f0}> (0x00000000eac752f0) 
thrown [s\src\hotspot\share\prims\jni.cpp, line 520]
Event: 14.318 Thread 0x0000021195415450 Exception <a 'sun/nio/fs/WindowsException'{0x00000000eac81ca0}> (0x00000000eac81ca0) 
thrown [s\src\hotspot\share\prims\jni.cpp, line 520]
Event: 14.318 Thread 0x0000021195416e90 Exception <a 'sun/nio/fs/WindowsException'{0x00000000eac83018}> (0x00000000eac83018) 
thrown [s\src\hotspot\share\prims\jni.cpp, line 520]
Event: 14.319 Thread 0x0000021195416800 Exception <a 'sun/nio/fs/WindowsException'{0x00000000eac892b0}> (0x00000000eac892b0) 
thrown [s\src\hotspot\share\prims\jni.cpp, line 520]
Event: 14.651 Thread 0x0000021192ec85d0 Exception <a 'sun/nio/fs/WindowsException'{0x00000000ead6e280}> (0x00000000ead6e280) 
thrown [s\src\hotspot\share\prims\jni.cpp, line 520]
Event: 14.651 Thread 0x0000021192ec85d0 Exception <a 'sun/nio/fs/WindowsException'{0x00000000ead6ebd8}> (0x00000000ead6ebd8) 
thrown [s\src\hotspot\share\prims\jni.cpp, line 520]
Event: 14.670 Thread 0x0000021192ec85d0 Exception <a 'java/lang/NoSuchMethodError'{0x00000000eabb46c8}: 'int java.lang.invoke.DirectMethodHandle$Holder.invokeStatic(java.lang.Object, java.lang.Object, java.lang.Object, java.lang.Object, java.lang.Object, java.lang.Object)'> (0x00000000eabb46c8) 
thrown [s\src\hotspot\share\interpreter\linkResolver.cpp, line 773]
Event: 17.164 Thread 0x0000021192ec6500 Exception <a 'sun/nio/fs/WindowsException'{0x00000000eab866c0}> (0x00000000eab866c0) 
thrown [s\src\hotspot\share\prims\jni.cpp, line 520]
Event: 17.182 Thread 0x0000021192ec6500 Exception <a 'sun/nio/fs/WindowsException'{0x00000000eabc29d8}> (0x00000000eabc29d8) 
thrown [s\src\hotspot\share\prims\jni.cpp, line 520]

ZGC Phase Switch (0 events):
No events

VM Operations (20 events):
Event: 15.627 Executing VM operation: ParallelGCFailedAllocation (Allocation Failure) done
Event: 15.639 Executing VM operation: ParallelGCFailedAllocation (Allocation Failure)
Event: 15.642 Executing VM operation: ParallelGCFailedAllocation (Allocation Failure) done
Event: 15.652 Executing VM operation: ParallelGCFailedAllocation (Allocation Failure)
Event: 15.655 Executing VM operation: ParallelGCFailedAllocation (Allocation Failure) done
Event: 15.668 Executing VM operation: ParallelGCFailedAllocation (Allocation Failure)
Event: 15.671 Executing VM operation: ParallelGCFailedAllocation (Allocation Failure) done
Event: 15.776 Executing VM operation: ParallelGCFailedAllocation (Allocation Failure)
Event: 15.779 Executing VM operation: ParallelGCFailedAllocation (Allocation Failure) done
Event: 15.786 Executing VM operation: ParallelGCFailedAllocation (Allocation Failure)
Event: 16.801 Executing VM operation: ParallelGCFailedAllocation (Allocation Failure) done
Event: 17.061 Executing VM operation: ParallelGCFailedAllocation (Allocation Failure)
Event: 17.064 Executing VM operation: ParallelGCFailedAllocation (Allocation Failure) done
Event: 17.119 Executing VM operation: ParallelGCFailedAllocation (Allocation Failure)
Event: 17.123 Executing VM operation: ParallelGCFailedAllocation (Allocation Failure) done
Event: 17.177 Executing VM operation: HandshakeAllThreads (Deoptimize)
Event: 17.178 Executing VM operation: HandshakeAllThreads (Deoptimize) done
Event: 17.180 Executing VM operation: HandshakeAllThreads (Deoptimize)
Event: 17.180 Executing VM operation: HandshakeAllThreads (Deoptimize) done
Event: 18.181 Executing VM operation: Cleanup

Memory protections (0 events):
No events

Nmethod flushes (20 events):
Event: 8.670 Thread 0x000002114aa24960 flushing  nmethod 0x000002113a062710
Event: 8.670 Thread 0x000002114aa24960 flushing  nmethod 0x000002113a066190
Event: 8.670 Thread 0x000002114aa24960 flushing  nmethod 0x000002113a066610
Event: 8.670 Thread 0x000002114aa24960 flushing  nmethod 0x000002113a071d10
Event: 8.670 Thread 0x000002114aa24960 flushing  nmethod 0x000002113a079b90
Event: 8.670 Thread 0x000002114aa24960 flushing  nmethod 0x000002113a09d810
Event: 8.670 Thread 0x000002114aa24960 flushing  nmethod 0x000002113a0a2510
Event: 8.670 Thread 0x000002114aa24960 flushing  nmethod 0x000002113a0a2c10
Event: 8.670 Thread 0x000002114aa24960 flushing  nmethod 0x000002113a0a4310
Event: 8.670 Thread 0x000002114aa24960 flushing  nmethod 0x000002113a0a4790
Event: 8.670 Thread 0x000002114aa24960 flushing  nmethod 0x000002113a0a5890
Event: 8.670 Thread 0x000002114aa24960 flushing  nmethod 0x000002113a0a9e10
Event: 8.670 Thread 0x000002114aa24960 flushing  nmethod 0x000002113a0b0990
Event: 8.670 Thread 0x000002114aa24960 flushing  nmethod 0x000002113a0b9410
Event: 8.670 Thread 0x000002114aa24960 flushing  nmethod 0x000002113a0c2c10
Event: 8.670 Thread 0x000002114aa24960 flushing  nmethod 0x000002113a0d6890
Event: 8.670 Thread 0x000002114aa24960 flushing  nmethod 0x000002113a129290
Event: 8.670 Thread 0x000002114aa24960 flushing  nmethod 0x000002113a134c10
Event: 8.670 Thread 0x000002114aa24960 flushing  nmethod 0x000002113a13c010
Event: 8.670 Thread 0x000002114aa24960 flushing  nmethod 0x000002113a167910

Events (20 events):
Event: 11.193 Thread 0x0000021192ec85d0 Thread added: 0x00000211a069be40
Event: 11.236 Thread 0x0000021192ec85d0 Thread added: 0x00000211a069aa90
Event: 11.242 Thread 0x0000021192ec85d0 Thread added: 0x00000211a06989c0
Event: 11.248 Thread 0x0000021192ec85d0 Thread added: 0x00000211a069b120
Event: 11.891 Thread 0x0000021193baa610 Thread added: 0x0000021193775900
Event: 12.293 Thread 0x0000021193ba8540 Thread added: 0x0000021193774be0
Event: 12.293 Thread 0x0000021193ba8540 Thread added: 0x0000021193772b10
Event: 12.293 Thread 0x0000021193ba8540 Thread added: 0x0000021193774550
Event: 12.293 Thread 0x0000021193ba8540 Thread added: 0x0000021193775270
Event: 12.294 Thread 0x0000021193ba8540 Thread added: 0x00000211937731a0
Event: 12.329 Thread 0x0000021193775270 Thread exited: 0x0000021193775270
Event: 12.329 Thread 0x0000021193774550 Thread exited: 0x0000021193774550
Event: 12.329 Thread 0x0000021193774be0 Thread exited: 0x0000021193774be0
Event: 12.329 Thread 0x0000021193772b10 Thread exited: 0x0000021193772b10
Event: 12.329 Thread 0x00000211937731a0 Thread exited: 0x00000211937731a0
Event: 12.955 Thread 0x000002119374b570 Thread exited: 0x000002119374b570
Event: 14.375 Thread 0x0000021193ba98f0 Thread exited: 0x0000021193ba98f0
Event: 14.833 Thread 0x000002118cf19fe0 Thread added: 0x0000021197ae6c70
Event: 15.542 Thread 0x0000021197ae6c70 Thread exited: 0x0000021197ae6c70
Event: 16.897 Thread 0x0000021193775900 Thread exited: 0x0000021193775900


Dynamic libraries:
0x00007ff627650000 - 0x00007ff62765e000 	c:\Users\lucia\.vscode\extensions\redhat.java-1.41.1-win32-x64\jre\21.0.6-win32-x86_64\bin\java.exe
0x00007ff83be80000 - 0x00007ff83c0e6000 	C:\WINDOWS\SYSTEM32\ntdll.dll
0x00007ff83a3a0000 - 0x00007ff83a469000 	C:\WINDOWS\System32\KERNEL32.DLL
0x00007ff8392e0000 - 0x00007ff8396ac000 	C:\WINDOWS\System32\KERNELBASE.dll
0x00007ff8396b0000 - 0x00007ff8397fb000 	C:\WINDOWS\System32\ucrtbase.dll
0x00007ff80ddc0000 - 0x00007ff80ddd8000 	c:\Users\lucia\.vscode\extensions\redhat.java-1.41.1-win32-x64\jre\21.0.6-win32-x86_64\bin\jli.dll
0x00007ff8055c0000 - 0x00007ff8055de000 	c:\Users\lucia\.vscode\extensions\redhat.java-1.41.1-win32-x64\jre\21.0.6-win32-x86_64\bin\VCRUNTIME140.dll
0x00007ff83a4c0000 - 0x00007ff83a68a000 	C:\WINDOWS\System32\USER32.dll
0x00007ff839be0000 - 0x00007ff839c07000 	C:\WINDOWS\System32\win32u.dll
0x00007ff81c9d0000 - 0x00007ff81cc6a000 	C:\WINDOWS\WinSxS\amd64_microsoft.windows.common-controls_6595b64144ccf1df_6.0.26100.3912_none_3e07963ce335137e\COMCTL32.dll
0x00007ff83a0c0000 - 0x00007ff83a0eb000 	C:\WINDOWS\System32\GDI32.dll
0x00007ff83a690000 - 0x00007ff83a739000 	C:\WINDOWS\System32\msvcrt.dll
0x00007ff839890000 - 0x00007ff8399c2000 	C:\WINDOWS\System32\gdi32full.dll
0x00007ff8399d0000 - 0x00007ff839a73000 	C:\WINDOWS\System32\msvcp_win.dll
0x00007ff83b810000 - 0x00007ff83b840000 	C:\WINDOWS\System32\IMM32.DLL
0x00007ff833be0000 - 0x00007ff833bec000 	c:\Users\lucia\.vscode\extensions\redhat.java-1.41.1-win32-x64\jre\21.0.6-win32-x86_64\bin\vcruntime140_1.dll
0x00007fffe61f0000 - 0x00007fffe627d000 	c:\Users\lucia\.vscode\extensions\redhat.java-1.41.1-win32-x64\jre\21.0.6-win32-x86_64\bin\msvcp140.dll
0x00007fffd0d50000 - 0x00007fffd1ae0000 	c:\Users\lucia\.vscode\extensions\redhat.java-1.41.1-win32-x64\jre\21.0.6-win32-x86_64\bin\server\jvm.dll
0x00007ff83b020000 - 0x00007ff83b0d2000 	C:\WINDOWS\System32\ADVAPI32.dll
0x00007ff83b760000 - 0x00007ff83b806000 	C:\WINDOWS\System32\sechost.dll
0x00007ff839fa0000 - 0x00007ff83a0b6000 	C:\WINDOWS\System32\RPCRT4.dll
0x00007ff83bcf0000 - 0x00007ff83bd64000 	C:\WINDOWS\System32\WS2_32.dll
0x00007ff838e30000 - 0x00007ff838e8e000 	C:\WINDOWS\SYSTEM32\POWRPROF.dll
0x00007ff82ea10000 - 0x00007ff82ea46000 	C:\WINDOWS\SYSTEM32\WINMM.dll
0x00007ff823190000 - 0x00007ff82319b000 	C:\WINDOWS\SYSTEM32\VERSION.dll
0x00007ff838e10000 - 0x00007ff838e24000 	C:\WINDOWS\SYSTEM32\UMPDC.dll
0x00007ff837da0000 - 0x00007ff837dba000 	C:\WINDOWS\SYSTEM32\kernel.appcore.dll
0x00007ff829080000 - 0x00007ff82908a000 	c:\Users\lucia\.vscode\extensions\redhat.java-1.41.1-win32-x64\jre\21.0.6-win32-x86_64\bin\jimage.dll
0x00007ff836600000 - 0x00007ff836841000 	C:\WINDOWS\SYSTEM32\DBGHELP.DLL
0x00007ff839c10000 - 0x00007ff839f94000 	C:\WINDOWS\System32\combase.dll
0x00007ff83b670000 - 0x00007ff83b750000 	C:\WINDOWS\System32\OLEAUT32.dll
0x00007ff8181b0000 - 0x00007ff8181e9000 	C:\WINDOWS\SYSTEM32\dbgcore.DLL
0x00007ff839b40000 - 0x00007ff839bd9000 	C:\WINDOWS\System32\bcryptPrimitives.dll
0x00007ff8289f0000 - 0x00007ff8289ff000 	c:\Users\lucia\.vscode\extensions\redhat.java-1.41.1-win32-x64\jre\21.0.6-win32-x86_64\bin\instrument.dll
0x00007ff8017d0000 - 0x00007ff8017ef000 	c:\Users\lucia\.vscode\extensions\redhat.java-1.41.1-win32-x64\jre\21.0.6-win32-x86_64\bin\java.dll
0x00007ff83a8f0000 - 0x00007ff83b01d000 	C:\WINDOWS\System32\SHELL32.dll
0x00007ff838fe0000 - 0x00007ff839154000 	C:\WINDOWS\System32\wintypes.dll
0x00007ff836c20000 - 0x00007ff837476000 	C:\WINDOWS\SYSTEM32\windows.storage.dll
0x00007ff83b220000 - 0x00007ff83b30f000 	C:\WINDOWS\System32\SHCORE.dll
0x00007ff83b320000 - 0x00007ff83b389000 	C:\WINDOWS\System32\shlwapi.dll
0x00007ff838ef0000 - 0x00007ff838f1f000 	C:\WINDOWS\SYSTEM32\profapi.dll
0x00007ff800280000 - 0x00007ff800298000 	c:\Users\lucia\.vscode\extensions\redhat.java-1.41.1-win32-x64\jre\21.0.6-win32-x86_64\bin\zip.dll
0x00007ff828660000 - 0x00007ff828670000 	C:\Users\lucia\.vscode\extensions\redhat.java-1.41.1-win32-x64\jre\21.0.6-win32-x86_64\bin\net.dll
0x00007ff8323e0000 - 0x00007ff8324fe000 	C:\WINDOWS\SYSTEM32\WINHTTP.dll
0x00007ff838310000 - 0x00007ff83837a000 	C:\WINDOWS\system32\mswsock.dll
0x00007ffffe5d0000 - 0x00007ffffe5e6000 	C:\Users\lucia\.vscode\extensions\redhat.java-1.41.1-win32-x64\jre\21.0.6-win32-x86_64\bin\nio.dll
0x00007ff8285c0000 - 0x00007ff8285d0000 	c:\Users\lucia\.vscode\extensions\redhat.java-1.41.1-win32-x64\jre\21.0.6-win32-x86_64\bin\verify.dll
0x00007ffff34e0000 - 0x00007ffff3525000 	C:\Users\lucia\AppData\Roaming\Code\User\globalStorage\redhat.java\1.41.1\config_win\org.eclipse.equinox.launcher\org.eclipse.equinox.launcher.win32.win32.x86_64_1.2.1300.v20250331-1702\eclipse_11911.dll
0x00007ff83a740000 - 0x00007ff83a8df000 	C:\WINDOWS\System32\ole32.dll
0x00007ff8205e0000 - 0x00007ff8205ea000 	C:\Users\lucia\.vscode\extensions\redhat.java-1.41.1-win32-x64\jre\21.0.6-win32-x86_64\bin\management.dll
0x00007ff8203c0000 - 0x00007ff8203cb000 	C:\Users\lucia\.vscode\extensions\redhat.java-1.41.1-win32-x64\jre\21.0.6-win32-x86_64\bin\management_ext.dll
0x00007ff83a330000 - 0x00007ff83a338000 	C:\WINDOWS\System32\PSAPI.DLL
0x00007ff8385b0000 - 0x00007ff8385cc000 	C:\WINDOWS\SYSTEM32\CRYPTSP.dll
0x00007ff837d00000 - 0x00007ff837d3a000 	C:\WINDOWS\system32\rsaenh.dll
0x00007ff8383b0000 - 0x00007ff8383db000 	C:\WINDOWS\SYSTEM32\USERENV.dll
0x00007ff838ec0000 - 0x00007ff838ee6000 	C:\WINDOWS\SYSTEM32\bcrypt.dll
0x00007ff8385d0000 - 0x00007ff8385dc000 	C:\WINDOWS\SYSTEM32\CRYPTBASE.dll
0x00007ff837790000 - 0x00007ff8377c3000 	C:\WINDOWS\SYSTEM32\IPHLPAPI.DLL
0x00007ff83b0e0000 - 0x00007ff83b0ea000 	C:\WINDOWS\System32\NSI.dll
0x00007fffe6ba0000 - 0x00007fffe6be9000 	C:\Users\lucia\AppData\Local\Temp\jna-103324306\jna9138775523276647098.dll
0x00007ff832590000 - 0x00007ff8325af000 	C:\WINDOWS\SYSTEM32\dhcpcsvc6.DLL
0x00007ff832560000 - 0x00007ff832585000 	C:\WINDOWS\SYSTEM32\dhcpcsvc.DLL
0x00007ff820210000 - 0x00007ff82021e000 	C:\Users\lucia\.vscode\extensions\redhat.java-1.41.1-win32-x64\jre\21.0.6-win32-x86_64\bin\sunmscapi.dll
0x00007ff839160000 - 0x00007ff8392d7000 	C:\WINDOWS\System32\CRYPT32.dll
0x00007ff8387c0000 - 0x00007ff8387f0000 	C:\WINDOWS\SYSTEM32\ncrypt.dll
0x00007ff838770000 - 0x00007ff8387af000 	C:\WINDOWS\SYSTEM32\NTASN1.dll
0x00007ff8377d0000 - 0x00007ff8378f7000 	C:\WINDOWS\SYSTEM32\DNSAPI.dll
0x0000000069a90000 - 0x0000000069ab6000 	C:\Program Files\Bonjour\mdnsNSP.dll
0x00007ff831b20000 - 0x00007ff831b2b000 	C:\Windows\System32\rasadhlp.dll
0x00007ff832840000 - 0x00007ff8328c6000 	C:\WINDOWS\System32\fwpuclnt.dll
0x00007ff820170000 - 0x00007ff820179000 	C:\Users\lucia\.vscode\extensions\redhat.java-1.41.1-win32-x64\jre\21.0.6-win32-x86_64\bin\extnet.dll

dbghelp: loaded successfully - version: 4.0.5 - missing functions: none
symbol engine: initialized successfully - sym options: 0x614 - pdb path: .;c:\Users\lucia\.vscode\extensions\redhat.java-1.41.1-win32-x64\jre\21.0.6-win32-x86_64\bin;C:\WINDOWS\SYSTEM32;C:\WINDOWS\WinSxS\amd64_microsoft.windows.common-controls_6595b64144ccf1df_6.0.26100.3912_none_3e07963ce335137e;c:\Users\lucia\.vscode\extensions\redhat.java-1.41.1-win32-x64\jre\21.0.6-win32-x86_64\bin\server;C:\Users\lucia\AppData\Roaming\Code\User\globalStorage\redhat.java\1.41.1\config_win\org.eclipse.equinox.launcher\org.eclipse.equinox.launcher.win32.win32.x86_64_1.2.1300.v20250331-1702;C:\Users\lucia\AppData\Local\Temp\jna-103324306;C:\Program Files\Bonjour

VM Arguments:
jvm_args: --add-modules=ALL-SYSTEM --add-opens=java.base/java.util=ALL-UNNAMED --add-opens=java.base/java.lang=ALL-UNNAMED --add-opens=java.base/sun.nio.fs=ALL-UNNAMED -Declipse.application=org.eclipse.jdt.ls.core.id1 -Dosgi.bundles.defaultStartLevel=4 -Declipse.product=org.eclipse.jdt.ls.core.product -Djava.import.generatesMetadataFilesAtProjectRoot=false -DDetectVMInstallationsJob.disabled=true -Dfile.encoding=utf8 -XX:+UseParallelGC -XX:GCTimeRatio=4 -XX:AdaptiveSizePolicyWeight=90 -Dsun.zip.disableMemoryMapping=true -Xmx1G -Xms100m -Xlog:disable -javaagent:c:\Users\lucia\.vscode\extensions\redhat.java-1.41.1-win32-x64\lombok\lombok-1.18.36.jar -XX:+HeapDumpOnOutOfMemoryError -XX:HeapDumpPath=c:\Users\lucia\AppData\Roaming\Code\User\workspaceStorage\de767ea62446350697c0ef6b0c319e3b\redhat.java -Daether.dependencyCollector.impl=bf 
java_command: c:\Users\lucia\.vscode\extensions\redhat.java-1.41.1-win32-x64\server\plugins\org.eclipse.equinox.launcher_1.7.0.v20250331-1702.jar -configuration c:\Users\lucia\AppData\Roaming\Code\User\globalStorage\redhat.java\1.41.1\config_win -data c:\Users\lucia\AppData\Roaming\Code\User\workspaceStorage\de767ea62446350697c0ef6b0c319e3b\redhat.java\jdt_ws --pipe=\\.\pipe\lsp-273286b6ab383975fdb23d7cbc4ff83d-sock
java_class_path (initial): c:\Users\lucia\.vscode\extensions\redhat.java-1.41.1-win32-x64\server\plugins\org.eclipse.equinox.launcher_1.7.0.v20250331-1702.jar
Launcher Type: SUN_STANDARD

[Global flags]
    uintx AdaptiveSizePolicyWeight                 = 90                                        {product} {command line}
     intx CICompilerCount                          = 4                                         {product} {ergonomic}
    uintx GCTimeRatio                              = 4                                         {product} {command line}
     bool HeapDumpOnOutOfMemoryError               = true                                   {manageable} {command line}
    ccstr HeapDumpPath                             = c:\Users\lucia\AppData\Roaming\Code\User\workspaceStorage\de767ea62446350697c0ef6b0c319e3b\redhat.java         {manageable} {command line}
   size_t InitialHeapSize                          = 104857600                                 {product} {command line}
   size_t MaxHeapSize                              = 1073741824                                {product} {command line}
   size_t MaxNewSize                               = 357564416                                 {product} {ergonomic}
   size_t MinHeapDeltaBytes                        = 524288                                    {product} {ergonomic}
   size_t MinHeapSize                              = 104857600                                 {product} {command line}
   size_t NewSize                                  = 34603008                                  {product} {ergonomic}
    uintx NonNMethodCodeHeapSize                   = 5839372                                {pd product} {ergonomic}
    uintx NonProfiledCodeHeapSize                  = 122909434                              {pd product} {ergonomic}
   size_t OldSize                                  = 70254592                                  {product} {ergonomic}
    uintx ProfiledCodeHeapSize                     = 122909434                              {pd product} {ergonomic}
    uintx ReservedCodeCacheSize                    = 251658240                              {pd product} {ergonomic}
     bool SegmentedCodeCache                       = true                                      {product} {ergonomic}
   size_t SoftMaxHeapSize                          = 1073741824                             {manageable} {ergonomic}
     bool UseCompressedOops                        = true                           {product lp64_product} {ergonomic}
     bool UseLargePagesIndividualAllocation        = false                                  {pd product} {ergonomic}
     bool UseParallelGC                            = true                                      {product} {command line}

Logging:
Log output configuration:
 #0: stdout all=off uptime,level,tags foldmultilines=false
 #1: stderr all=off uptime,level,tags foldmultilines=false

Environment Variables:
JAVA_HOME=C:\Program Files\Java\jdk-21
PATH=C:\Program Files\Common Files\Oracle\Java\javapath;C:\Program Files\Eclipse Adoptium\jdk-17.0.14.7-hotspot\bin;C:\WINDOWS\system32;C:\WINDOWS;C:\WINDOWS\System32\Wbem;C:\WINDOWS\System32\WindowsPowerShell\v1.0\;C:\WINDOWS\System32\OpenSSH\;C:\Program Files\dotnet\;C:\Program Files\Docker\Docker\resources\bin;C:\Users\lucia\OneDrive\Escritorio\SEGURIDAD Y CALIDAD EN EL DESARROLLO\apache-maven-3.9.9\BIN;C:\Program Files\Git\cmd;C:\Users\lucia\AppData\Local\Microsoft\WindowsApps;C:\Users\lucia\AppData\Local\Programs\Microsoft VS Code\bin;C:\Program Files\Java\jdk-21\bin;C:\Users\lucia\OneDrive\Escritorio\SEGURIDAD Y CALIDAD EN EL DESARROLLO\Proyectos\apache-maven-3.9.9\bin;
USERNAME=lucia
OS=Windows_NT
PROCESSOR_IDENTIFIER=Intel64 Family 6 Model 186 Stepping 3, GenuineIntel
TMP=C:\Users\lucia\AppData\Local\Temp
TEMP=C:\Users\lucia\AppData\Local\Temp




Periodic native trim disabled

---------------  S Y S T E M  ---------------

OS:
 Windows 11 , 64 bit Build 26100 (10.0.26100.3912)
OS uptime: 0 days 9:47 hours
Hyper-V role detected

CPU: total 12 (initial active 12) (6 cores per cpu, 2 threads per core) family 6 model 186 stepping 3 microcode 0x410e, cx8, cmov, fxsr, ht, mmx, 3dnowpref, sse, sse2, sse3, ssse3, sse4.1, sse4.2, popcnt, lzcnt, tsc, tscinvbit, avx, avx2, aes, erms, clmul, bmi1, bmi2, adx, sha, fma, vzeroupper, clflush, clflushopt, clwb, hv, serialize, rdtscp, rdpid, fsrm, f16c, cet_ibt, cet_ss
Processor Information for processor 0
  Max Mhz: 1300, Current Mhz: 1300, Mhz Limit: 1300
Processor Information for processor 1
  Max Mhz: 1300, Current Mhz: 1300, Mhz Limit: 1300
Processor Information for processor 2
  Max Mhz: 1300, Current Mhz: 1300, Mhz Limit: 1300
Processor Information for processor 3
  Max Mhz: 1300, Current Mhz: 1300, Mhz Limit: 1300
Processor Information for processor 4
  Max Mhz: 1300, Current Mhz: 900, Mhz Limit: 897
Processor Information for processor 5
  Max Mhz: 1300, Current Mhz: 900, Mhz Limit: 897
Processor Information for processor 6
  Max Mhz: 1300, Current Mhz: 900, Mhz Limit: 897
Processor Information for processor 7
  Max Mhz: 1300, Current Mhz: 900, Mhz Limit: 897
Processor Information for processor 8
  Max Mhz: 1300, Current Mhz: 900, Mhz Limit: 897
Processor Information for processor 9
  Max Mhz: 1300, Current Mhz: 900, Mhz Limit: 897
Processor Information for processor 10
  Max Mhz: 1300, Current Mhz: 900, Mhz Limit: 897
Processor Information for processor 11
  Max Mhz: 1300, Current Mhz: 900, Mhz Limit: 897

Memory: 4k page, system-wide physical 7875M (673M free)
TotalPageFile size 16067M (AvailPageFile size 11M)
current process WorkingSet (physical memory assigned to process): 571M, peak: 691M
current process commit charge ("private bytes"): 767M, peak: 770M

vm_info: OpenJDK 64-Bit Server VM (21.0.6+7-LTS) for windows-amd64 JRE (21.0.6+7-LTS), built on 2025-01-21T00:00:00Z by "admin" with MS VC++ 17.7 (VS2022)

END.
