#
# There is insufficient memory for the Java Runtime Environment to continue.
# Native memory allocation (malloc) failed to allocate 1873888 bytes for Chunk::new
# Possible reasons:
#   The system is out of physical RAM or swap space
#   The process is running with CompressedOops enabled, and the Java Heap may be blocking the growth of the native heap
# Possible solutions:
#   Reduce memory load on the system
#   Increase physical memory or swap space
#   Check if swap backing store is full
#   Decrease Java heap size (-Xmx/-Xms)
#   Decrease number of Java threads
#   Decrease Java thread stack sizes (-Xss)
#   Set larger code cache with -XX:ReservedCodeCacheSize=
#   JVM is running with Unscaled Compressed Oops mode in which the Java heap is
#     placed in the first 4GB address space. The Java Heap base address is the
#     maximum limit for the native heap growth. Please use -XX:HeapBaseMinAddress
#     to set the Java Heap base and to place the Java Heap above 4GB virtual address.
# This output file may be truncated or incomplete.
#
#  Out of Memory Error (arena.cpp:168), pid=34868, tid=6060
#
# JRE version: Java(TM) SE Runtime Environment (21.0.6+8) (build 21.0.6+8-LTS-188)
# Java VM: Java HotSpot(TM) 64-Bit Server VM (21.0.6+8-LTS-188, mixed mode, sharing, tiered, compressed oops, compressed class ptrs, g1 gc, windows-amd64)
# No core dump will be written. Minidumps are not enabled by default on client versions of Windows
#

---------------  S U M M A R Y ------------

Command Line: -Dclassworlds.conf=C:\Users\lucia\OneDrive\Escritorio\SEGURIDAD Y CALIDAD EN EL DESARROLLO\Proyectos\apache-maven-3.9.9\bin\m2.conf -Dmaven.home=C:\Users\lucia\OneDrive\Escritorio\SEGURIDAD Y CALIDAD EN EL DESARROLLO\Proyectos\apache-maven-3.9.9 -Dlibrary.jansi.path=C:\Users\lucia\OneDrive\Escritorio\SEGURIDAD Y CALIDAD EN EL DESARROLLO\Proyectos\apache-maven-3.9.9\lib\jansi-native -Dmaven.multiModuleProjectDirectory=C:\Users\lucia\OneDrive\Escritorio\CDY2203_Exp3_S8_Backend_actividad_sumativa\Proyecto final s8 org.codehaus.plexus.classworlds.launcher.Launcher clean install

Host: 13th Gen Intel(R) Core(TM) i5-1335U, 12 cores, 7G,  Windows 11 , 64 bit Build 26100 (10.0.26100.3912)
Time: Thu May  1 22:33:08 2025 Hora est. Sudamérica Pacífico elapsed time: 6.624738 seconds (0d 0h 0m 6s)

---------------  T H R E A D  ---------------

Current thread (0x000002266b303b60):  JavaThread "C2 CompilerThread1" daemon [_thread_in_native, id=6060, stack(0x000000abc9600000,0x000000abc9700000) (1024K)]


Current CompileTask:
C2:   6624 6355   !   4       com.sun.tools.javac.jvm.ClassReader::classSigToType (482 bytes)

Stack: [0x000000abc9600000,0x000000abc9700000]
Native frames: (J=compiled Java code, j=interpreted, Vv=VM code, C=native code)
V  [jvm.dll+0x6ca6d9]
V  [jvm.dll+0x854f51]
V  [jvm.dll+0x85747e]
V  [jvm.dll+0x857b53]
V  [jvm.dll+0x27dcc6]
V  [jvm.dll+0xc4c2d]
V  [jvm.dll+0xc5163]
V  [jvm.dll+0x3b515c]
V  [jvm.dll+0x381855]
V  [jvm.dll+0x380cca]
V  [jvm.dll+0x246920]
V  [jvm.dll+0x245eff]
V  [jvm.dll+0x1c6d2e]
V  [jvm.dll+0x2554f9]
V  [jvm.dll+0x253a8a]
V  [jvm.dll+0x3ee576]
V  [jvm.dll+0x7ff2fb]
V  [jvm.dll+0x6c8dbd]
C  [ucrtbase.dll+0x37b0]
C  [KERNEL32.DLL+0x2e8d7]
C  [ntdll.dll+0x9c5dc]


---------------  P R O C E S S  ---------------

Threads class SMR info:
_java_thread_list=0x00000226706ad6a0, length=14, elements={
0x000002264c1429a0, 0x000002266aff35d0, 0x000002266aff8030, 0x000002266affb080,
0x000002266affbf60, 0x000002266affcae0, 0x000002266b0003a0, 0x000002266b009130,
0x000002266b00bd00, 0x000002266b2c80c0, 0x000002266b2cdd40, 0x000002266b303b60,
0x000002266b302dc0, 0x00000226702fd790
}

Java Threads: ( => current thread )
  0x000002264c1429a0 JavaThread "main"                              [_thread_in_vm, id=30772, stack(0x000000abc8400000,0x000000abc8500000) (1024K)]
  0x000002266aff35d0 JavaThread "Reference Handler"          daemon [_thread_blocked, id=34216, stack(0x000000abc8c00000,0x000000abc8d00000) (1024K)]
  0x000002266aff8030 JavaThread "Finalizer"                  daemon [_thread_blocked, id=16840, stack(0x000000abc8d00000,0x000000abc8e00000) (1024K)]
  0x000002266affb080 JavaThread "Signal Dispatcher"          daemon [_thread_blocked, id=31336, stack(0x000000abc8e00000,0x000000abc8f00000) (1024K)]
  0x000002266affbf60 JavaThread "Attach Listener"            daemon [_thread_blocked, id=34976, stack(0x000000abc8f00000,0x000000abc9000000) (1024K)]
  0x000002266affcae0 JavaThread "Service Thread"             daemon [_thread_blocked, id=29648, stack(0x000000abc9000000,0x000000abc9100000) (1024K)]
  0x000002266b0003a0 JavaThread "Monitor Deflation Thread"   daemon [_thread_blocked, id=36096, stack(0x000000abc9100000,0x000000abc9200000) (1024K)]
  0x000002266b009130 JavaThread "C2 CompilerThread0"         daemon [_thread_in_native, id=23752, stack(0x000000abc9200000,0x000000abc9300000) (1024K)]
  0x000002266b00bd00 JavaThread "C1 CompilerThread0"         daemon [_thread_in_native, id=36740, stack(0x000000abc9300000,0x000000abc9400000) (1024K)]
  0x000002266b2c80c0 JavaThread "Notification Thread"        daemon [_thread_blocked, id=37448, stack(0x000000abc9400000,0x000000abc9500000) (1024K)]
  0x000002266b2cdd40 JavaThread "Common-Cleaner"             daemon [_thread_blocked, id=34752, stack(0x000000abc9500000,0x000000abc9600000) (1024K)]
=>0x000002266b303b60 JavaThread "C2 CompilerThread1"         daemon [_thread_in_native, id=6060, stack(0x000000abc9600000,0x000000abc9700000) (1024K)]
  0x000002266b302dc0 JavaThread "C2 CompilerThread2"         daemon [_thread_in_vm, id=32924, stack(0x000000abc9700000,0x000000abc9800000) (1024K)]
  0x00000226702fd790 JavaThread "Thread-1"                   daemon [_thread_blocked, id=27764, stack(0x000000abca100000,0x000000abca200000) (1024K)]
Total: 14

Other Threads:
  0x000002266afd8d60 VMThread "VM Thread"                           [id=24384, stack(0x000000abc8b00000,0x000000abc8c00000) (1024K)]
  0x000002266afc5830 WatcherThread "VM Periodic Task Thread"        [id=7808, stack(0x000000abc8a00000,0x000000abc8b00000) (1024K)]
  0x000002264db7db20 WorkerThread "GC Thread#0"                     [id=36484, stack(0x000000abc8500000,0x000000abc8600000) (1024K)]
  0x00000226704d5210 WorkerThread "GC Thread#1"                     [id=26140, stack(0x000000abc9800000,0x000000abc9900000) (1024K)]
  0x00000226701a1fc0 WorkerThread "GC Thread#2"                     [id=37500, stack(0x000000abc9900000,0x000000abc9a00000) (1024K)]
  0x00000226705c8f70 WorkerThread "GC Thread#3"                     [id=8036, stack(0x000000abc9a00000,0x000000abc9b00000) (1024K)]
  0x00000226705c7d50 WorkerThread "GC Thread#4"                     [id=7760, stack(0x000000abc9b00000,0x000000abc9c00000) (1024K)]
  0x00000226705c80f0 WorkerThread "GC Thread#5"                     [id=23996, stack(0x000000abc9c00000,0x000000abc9d00000) (1024K)]
  0x00000226705c8490 WorkerThread "GC Thread#6"                     [id=3744, stack(0x000000abc9d00000,0x000000abc9e00000) (1024K)]
  0x00000226705c8830 WorkerThread "GC Thread#7"                     [id=16004, stack(0x000000abc9e00000,0x000000abc9f00000) (1024K)]
  0x00000226703ff9b0 WorkerThread "GC Thread#8"                     [id=35048, stack(0x000000abc9f00000,0x000000abca000000) (1024K)]
  0x00000226703fe790 WorkerThread "GC Thread#9"                     [id=37536, stack(0x000000abca000000,0x000000abca100000) (1024K)]
  0x000002264db8f680 ConcurrentGCThread "G1 Main Marker"            [id=33484, stack(0x000000abc8600000,0x000000abc8700000) (1024K)]
  0x000002264db90090 WorkerThread "G1 Conc#0"                       [id=3760, stack(0x000000abc8700000,0x000000abc8800000) (1024K)]
  0x00000226703feed0 WorkerThread "G1 Conc#1"                       [id=25672, stack(0x000000abca200000,0x000000abca300000) (1024K)]
  0x00000226704000f0 WorkerThread "G1 Conc#2"                       [id=35964, stack(0x000000abca300000,0x000000abca400000) (1024K)]
  0x000002266ae86630 ConcurrentGCThread "G1 Refine#0"               [id=23564, stack(0x000000abc8800000,0x000000abc8900000) (1024K)]
  0x000002266ae89e70 ConcurrentGCThread "G1 Service"                [id=33912, stack(0x000000abc8900000,0x000000abc8a00000) (1024K)]
Total: 18

Threads with active compile tasks:
C2 CompilerThread0     6639 6647       4       sun.nio.fs.NativeBuffers::getNativeBufferFromCache (51 bytes)
C1 CompilerThread0     6639 6646       3       sun.nio.fs.WindowsPath::compareTo (118 bytes)
C2 CompilerThread1     6640 6355   !   4       com.sun.tools.javac.jvm.ClassReader::classSigToType (482 bytes)
C2 CompilerThread2     6640 6643       4       com.sun.tools.javac.code.Symbol$ClassSymbol::erasure (45 bytes)
Total: 4

VM state: not at safepoint (normal execution)

VM Mutex/Monitor currently owned by a thread:  ([mutex/lock_event])
[0x00007fffcab2df18] Compile_lock - owner thread: 0x0000000000000000

Heap address: 0x0000000084e00000, size: 1970 MB, Compressed Oops mode: 32-bit

CDS archive(s) mapped at: [0x0000022600000000-0x0000022600c90000-0x0000022600c90000), size 13172736, SharedBaseAddress: 0x0000022600000000, ArchiveRelocationMode: 1.
Compressed class space mapped at: 0x0000022601000000-0x0000022641000000, reserved size: 1073741824
Narrow klass base: 0x0000022600000000, Narrow klass shift: 0, Narrow klass range: 0x100000000

GC Precious Log:
 CardTable entry size: 512
 Card Set container configuration: InlinePtr #cards 5 size 8 Array Of Cards #cards 12 size 40 Howl #buckets 4 coarsen threshold 1843 Howl Bitmap #cards 512 size 80 coarsen threshold 460 Card regions per heap region 1 cards per card region 2048
 CPUs: 12 total, 12 available
 Memory: 7875M
 Large Page Support: Disabled
 NUMA Support: Disabled
 Compressed Oops: Enabled (32-bit)
 Heap Region Size: 1M
 Heap Min Capacity: 8M
 Heap Initial Capacity: 124M
 Heap Max Capacity: 1970M
 Pre-touch: Disabled
 Parallel Workers: 10
 Concurrent Workers: 3
 Concurrent Refinement Workers: 10
 Periodic GC: Disabled

Heap:
 garbage-first heap   total 153600K, used 56103K [0x0000000084e00000, 0x0000000100000000)
  region size 1024K, 19 young (19456K), 10 survivors (10240K)
 Metaspace       used 28594K, committed 28992K, reserved 1114112K
  class space    used 3228K, committed 3392K, reserved 1048576K

Heap Regions: E=young(eden), S=young(survivor), O=old, HS=humongous(starts), HC=humongous(continues), CS=collection set, F=free, TAMS=top-at-mark-start, PB=parsable bottom
|   0|0x0000000084e00000, 0x0000000084f00000, 0x0000000084f00000|100%| O|  |TAMS 0x0000000084e00000| PB 0x0000000084e00000| Untracked 
|   1|0x0000000084f00000, 0x0000000085000000, 0x0000000085000000|100%| O|  |TAMS 0x0000000084f00000| PB 0x0000000084f00000| Untracked 
|   2|0x0000000085000000, 0x0000000085100000, 0x0000000085100000|100%| O|  |TAMS 0x0000000085000000| PB 0x0000000085000000| Untracked 
|   3|0x0000000085100000, 0x0000000085200000, 0x0000000085200000|100%| O|  |TAMS 0x0000000085100000| PB 0x0000000085100000| Untracked 
|   4|0x0000000085200000, 0x0000000085300000, 0x0000000085300000|100%| O|  |TAMS 0x0000000085200000| PB 0x0000000085200000| Untracked 
|   5|0x0000000085300000, 0x0000000085400000, 0x0000000085400000|100%| O|  |TAMS 0x0000000085300000| PB 0x0000000085300000| Untracked 
|   6|0x0000000085400000, 0x0000000085500000, 0x0000000085500000|100%| O|  |TAMS 0x0000000085400000| PB 0x0000000085400000| Untracked 
|   7|0x0000000085500000, 0x0000000085600000, 0x0000000085600000|100%| O|  |TAMS 0x0000000085500000| PB 0x0000000085500000| Untracked 
|   8|0x0000000085600000, 0x0000000085700000, 0x0000000085700000|100%| O|  |TAMS 0x0000000085600000| PB 0x0000000085600000| Untracked 
|   9|0x0000000085700000, 0x0000000085800000, 0x0000000085800000|100%| O|  |TAMS 0x0000000085700000| PB 0x0000000085700000| Untracked 
|  10|0x0000000085800000, 0x0000000085900000, 0x0000000085900000|100%| O|  |TAMS 0x0000000085800000| PB 0x0000000085800000| Untracked 
|  11|0x0000000085900000, 0x0000000085a00000, 0x0000000085a00000|100%| O|  |TAMS 0x0000000085900000| PB 0x0000000085900000| Untracked 
|  12|0x0000000085a00000, 0x0000000085b00000, 0x0000000085b00000|100%| O|  |TAMS 0x0000000085a00000| PB 0x0000000085a00000| Untracked 
|  13|0x0000000085b00000, 0x0000000085bc9e40, 0x0000000085c00000| 78%| O|Cm|TAMS 0x0000000085b00000| PB 0x0000000085b00000| Complete 
|  14|0x0000000085c00000, 0x0000000085d00000, 0x0000000085d00000|100%|HS|  |TAMS 0x0000000085c00000| PB 0x0000000085c00000| Complete 
|  15|0x0000000085d00000, 0x0000000085e00000, 0x0000000085e00000|100%|HS|  |TAMS 0x0000000085d00000| PB 0x0000000085d00000| Complete 
|  16|0x0000000085e00000, 0x0000000085e00000, 0x0000000085f00000|  0%| F|  |TAMS 0x0000000085e00000| PB 0x0000000085e00000| Untracked 
|  17|0x0000000085f00000, 0x0000000085f00000, 0x0000000086000000|  0%| F|  |TAMS 0x0000000085f00000| PB 0x0000000085f00000| Untracked 
|  18|0x0000000086000000, 0x0000000086000000, 0x0000000086100000|  0%| F|  |TAMS 0x0000000086000000| PB 0x0000000086000000| Untracked 
|  19|0x0000000086100000, 0x0000000086100000, 0x0000000086200000|  0%| F|  |TAMS 0x0000000086100000| PB 0x0000000086100000| Untracked 
|  20|0x0000000086200000, 0x0000000086300000, 0x0000000086300000|100%|HS|  |TAMS 0x0000000086200000| PB 0x0000000086200000| Complete 
|  21|0x0000000086300000, 0x0000000086400000, 0x0000000086400000|100%|HC|  |TAMS 0x0000000086300000| PB 0x0000000086300000| Complete 
|  22|0x0000000086400000, 0x0000000086500000, 0x0000000086500000|100%|HC|  |TAMS 0x0000000086400000| PB 0x0000000086400000| Complete 
|  23|0x0000000086500000, 0x0000000086600000, 0x0000000086600000|100%|HS|  |TAMS 0x0000000086500000| PB 0x0000000086500000| Complete 
|  24|0x0000000086600000, 0x0000000086700000, 0x0000000086700000|100%|HS|  |TAMS 0x0000000086600000| PB 0x0000000086600000| Complete 
|  25|0x0000000086700000, 0x0000000086800000, 0x0000000086800000|100%| S|CS|TAMS 0x0000000086700000| PB 0x0000000086700000| Complete 
|  26|0x0000000086800000, 0x0000000086800000, 0x0000000086900000|  0%| F|  |TAMS 0x0000000086800000| PB 0x0000000086800000| Untracked 
|  27|0x0000000086900000, 0x0000000086900000, 0x0000000086a00000|  0%| F|  |TAMS 0x0000000086900000| PB 0x0000000086900000| Untracked 
|  28|0x0000000086a00000, 0x0000000086a00000, 0x0000000086b00000|  0%| F|  |TAMS 0x0000000086a00000| PB 0x0000000086a00000| Untracked 
|  29|0x0000000086b00000, 0x0000000086b00000, 0x0000000086c00000|  0%| F|  |TAMS 0x0000000086b00000| PB 0x0000000086b00000| Untracked 
|  30|0x0000000086c00000, 0x0000000086c00000, 0x0000000086d00000|  0%| F|  |TAMS 0x0000000086c00000| PB 0x0000000086c00000| Untracked 
|  31|0x0000000086d00000, 0x0000000086d00000, 0x0000000086e00000|  0%| F|  |TAMS 0x0000000086d00000| PB 0x0000000086d00000| Untracked 
|  32|0x0000000086e00000, 0x0000000086e00000, 0x0000000086f00000|  0%| F|  |TAMS 0x0000000086e00000| PB 0x0000000086e00000| Untracked 
|  33|0x0000000086f00000, 0x0000000086f00000, 0x0000000087000000|  0%| F|  |TAMS 0x0000000086f00000| PB 0x0000000086f00000| Untracked 
|  34|0x0000000087000000, 0x0000000087000000, 0x0000000087100000|  0%| F|  |TAMS 0x0000000087000000| PB 0x0000000087000000| Untracked 
|  35|0x0000000087100000, 0x0000000087100000, 0x0000000087200000|  0%| F|  |TAMS 0x0000000087100000| PB 0x0000000087100000| Untracked 
|  36|0x0000000087200000, 0x0000000087200000, 0x0000000087300000|  0%| F|  |TAMS 0x0000000087200000| PB 0x0000000087200000| Untracked 
|  37|0x0000000087300000, 0x0000000087300000, 0x0000000087400000|  0%| F|  |TAMS 0x0000000087300000| PB 0x0000000087300000| Untracked 
|  38|0x0000000087400000, 0x0000000087400000, 0x0000000087500000|  0%| F|  |TAMS 0x0000000087400000| PB 0x0000000087400000| Untracked 
|  39|0x0000000087500000, 0x0000000087500000, 0x0000000087600000|  0%| F|  |TAMS 0x0000000087500000| PB 0x0000000087500000| Untracked 
|  40|0x0000000087600000, 0x0000000087600000, 0x0000000087700000|  0%| F|  |TAMS 0x0000000087600000| PB 0x0000000087600000| Untracked 
|  41|0x0000000087700000, 0x0000000087700000, 0x0000000087800000|  0%| F|  |TAMS 0x0000000087700000| PB 0x0000000087700000| Untracked 
|  42|0x0000000087800000, 0x0000000087800000, 0x0000000087900000|  0%| F|  |TAMS 0x0000000087800000| PB 0x0000000087800000| Untracked 
|  43|0x0000000087900000, 0x0000000087900000, 0x0000000087a00000|  0%| F|  |TAMS 0x0000000087900000| PB 0x0000000087900000| Untracked 
|  44|0x0000000087a00000, 0x0000000087a00000, 0x0000000087b00000|  0%| F|  |TAMS 0x0000000087a00000| PB 0x0000000087a00000| Untracked 
|  45|0x0000000087b00000, 0x0000000087b00000, 0x0000000087c00000|  0%| F|  |TAMS 0x0000000087b00000| PB 0x0000000087b00000| Untracked 
|  46|0x0000000087c00000, 0x0000000087c00000, 0x0000000087d00000|  0%| F|  |TAMS 0x0000000087c00000| PB 0x0000000087c00000| Untracked 
|  47|0x0000000087d00000, 0x0000000087d00000, 0x0000000087e00000|  0%| F|  |TAMS 0x0000000087d00000| PB 0x0000000087d00000| Untracked 
|  48|0x0000000087e00000, 0x0000000087e00000, 0x0000000087f00000|  0%| F|  |TAMS 0x0000000087e00000| PB 0x0000000087e00000| Untracked 
|  49|0x0000000087f00000, 0x0000000087f00000, 0x0000000088000000|  0%| F|  |TAMS 0x0000000087f00000| PB 0x0000000087f00000| Untracked 
|  50|0x0000000088000000, 0x0000000088000000, 0x0000000088100000|  0%| F|  |TAMS 0x0000000088000000| PB 0x0000000088000000| Untracked 
|  51|0x0000000088100000, 0x0000000088100000, 0x0000000088200000|  0%| F|  |TAMS 0x0000000088100000| PB 0x0000000088100000| Untracked 
|  52|0x0000000088200000, 0x0000000088200000, 0x0000000088300000|  0%| F|  |TAMS 0x0000000088200000| PB 0x0000000088200000| Untracked 
|  53|0x0000000088300000, 0x0000000088300000, 0x0000000088400000|  0%| F|  |TAMS 0x0000000088300000| PB 0x0000000088300000| Untracked 
|  54|0x0000000088400000, 0x0000000088400000, 0x0000000088500000|  0%| F|  |TAMS 0x0000000088400000| PB 0x0000000088400000| Untracked 
|  55|0x0000000088500000, 0x0000000088500000, 0x0000000088600000|  0%| F|  |TAMS 0x0000000088500000| PB 0x0000000088500000| Untracked 
|  56|0x0000000088600000, 0x0000000088600000, 0x0000000088700000|  0%| F|  |TAMS 0x0000000088600000| PB 0x0000000088600000| Untracked 
|  57|0x0000000088700000, 0x0000000088700000, 0x0000000088800000|  0%| F|  |TAMS 0x0000000088700000| PB 0x0000000088700000| Untracked 
|  58|0x0000000088800000, 0x0000000088800000, 0x0000000088900000|  0%| F|  |TAMS 0x0000000088800000| PB 0x0000000088800000| Untracked 
|  59|0x0000000088900000, 0x0000000088900000, 0x0000000088a00000|  0%| F|  |TAMS 0x0000000088900000| PB 0x0000000088900000| Untracked 
|  60|0x0000000088a00000, 0x0000000088a00000, 0x0000000088b00000|  0%| F|  |TAMS 0x0000000088a00000| PB 0x0000000088a00000| Untracked 
|  61|0x0000000088b00000, 0x0000000088b00000, 0x0000000088c00000|  0%| F|  |TAMS 0x0000000088b00000| PB 0x0000000088b00000| Untracked 
|  62|0x0000000088c00000, 0x0000000088c00000, 0x0000000088d00000|  0%| F|  |TAMS 0x0000000088c00000| PB 0x0000000088c00000| Untracked 
|  63|0x0000000088d00000, 0x0000000088d00000, 0x0000000088e00000|  0%| F|  |TAMS 0x0000000088d00000| PB 0x0000000088d00000| Untracked 
|  64|0x0000000088e00000, 0x0000000088e00000, 0x0000000088f00000|  0%| F|  |TAMS 0x0000000088e00000| PB 0x0000000088e00000| Untracked 
|  65|0x0000000088f00000, 0x0000000088f00000, 0x0000000089000000|  0%| F|  |TAMS 0x0000000088f00000| PB 0x0000000088f00000| Untracked 
|  66|0x0000000089000000, 0x0000000089000000, 0x0000000089100000|  0%| F|  |TAMS 0x0000000089000000| PB 0x0000000089000000| Untracked 
|  67|0x0000000089100000, 0x0000000089100000, 0x0000000089200000|  0%| F|  |TAMS 0x0000000089100000| PB 0x0000000089100000| Untracked 
|  68|0x0000000089200000, 0x0000000089200000, 0x0000000089300000|  0%| F|  |TAMS 0x0000000089200000| PB 0x0000000089200000| Untracked 
|  69|0x0000000089300000, 0x0000000089300000, 0x0000000089400000|  0%| F|  |TAMS 0x0000000089300000| PB 0x0000000089300000| Untracked 
|  70|0x0000000089400000, 0x0000000089400000, 0x0000000089500000|  0%| F|  |TAMS 0x0000000089400000| PB 0x0000000089400000| Untracked 
|  71|0x0000000089500000, 0x0000000089500000, 0x0000000089600000|  0%| F|  |TAMS 0x0000000089500000| PB 0x0000000089500000| Untracked 
|  72|0x0000000089600000, 0x0000000089600000, 0x0000000089700000|  0%| F|  |TAMS 0x0000000089600000| PB 0x0000000089600000| Untracked 
|  73|0x0000000089700000, 0x0000000089700000, 0x0000000089800000|  0%| F|  |TAMS 0x0000000089700000| PB 0x0000000089700000| Untracked 
|  74|0x0000000089800000, 0x0000000089800000, 0x0000000089900000|  0%| F|  |TAMS 0x0000000089800000| PB 0x0000000089800000| Untracked 
|  75|0x0000000089900000, 0x0000000089900000, 0x0000000089a00000|  0%| F|  |TAMS 0x0000000089900000| PB 0x0000000089900000| Untracked 
|  76|0x0000000089a00000, 0x0000000089a00000, 0x0000000089b00000|  0%| F|  |TAMS 0x0000000089a00000| PB 0x0000000089a00000| Untracked 
|  77|0x0000000089b00000, 0x0000000089b00000, 0x0000000089c00000|  0%| F|  |TAMS 0x0000000089b00000| PB 0x0000000089b00000| Untracked 
|  78|0x0000000089c00000, 0x0000000089c00000, 0x0000000089d00000|  0%| F|  |TAMS 0x0000000089c00000| PB 0x0000000089c00000| Untracked 
|  79|0x0000000089d00000, 0x0000000089d00000, 0x0000000089e00000|  0%| F|  |TAMS 0x0000000089d00000| PB 0x0000000089d00000| Untracked 
|  80|0x0000000089e00000, 0x0000000089e00000, 0x0000000089f00000|  0%| F|  |TAMS 0x0000000089e00000| PB 0x0000000089e00000| Untracked 
|  81|0x0000000089f00000, 0x0000000089f00000, 0x000000008a000000|  0%| F|  |TAMS 0x0000000089f00000| PB 0x0000000089f00000| Untracked 
|  82|0x000000008a000000, 0x000000008a000000, 0x000000008a100000|  0%| F|  |TAMS 0x000000008a000000| PB 0x000000008a000000| Untracked 
|  83|0x000000008a100000, 0x000000008a100000, 0x000000008a200000|  0%| F|  |TAMS 0x000000008a100000| PB 0x000000008a100000| Untracked 
|  84|0x000000008a200000, 0x000000008a200000, 0x000000008a300000|  0%| F|  |TAMS 0x000000008a200000| PB 0x000000008a200000| Untracked 
|  85|0x000000008a300000, 0x000000008a300000, 0x000000008a400000|  0%| F|  |TAMS 0x000000008a300000| PB 0x000000008a300000| Untracked 
|  86|0x000000008a400000, 0x000000008a400000, 0x000000008a500000|  0%| F|  |TAMS 0x000000008a400000| PB 0x000000008a400000| Untracked 
|  87|0x000000008a500000, 0x000000008a500000, 0x000000008a600000|  0%| F|  |TAMS 0x000000008a500000| PB 0x000000008a500000| Untracked 
|  88|0x000000008a600000, 0x000000008a600000, 0x000000008a700000|  0%| F|  |TAMS 0x000000008a600000| PB 0x000000008a600000| Untracked 
|  89|0x000000008a700000, 0x000000008a700000, 0x000000008a800000|  0%| F|  |TAMS 0x000000008a700000| PB 0x000000008a700000| Untracked 
|  90|0x000000008a800000, 0x000000008a800000, 0x000000008a900000|  0%| F|  |TAMS 0x000000008a800000| PB 0x000000008a800000| Untracked 
|  91|0x000000008a900000, 0x000000008a900000, 0x000000008aa00000|  0%| F|  |TAMS 0x000000008a900000| PB 0x000000008a900000| Untracked 
|  92|0x000000008aa00000, 0x000000008aa00000, 0x000000008ab00000|  0%| F|  |TAMS 0x000000008aa00000| PB 0x000000008aa00000| Untracked 
|  93|0x000000008ab00000, 0x000000008ab00000, 0x000000008ac00000|  0%| F|  |TAMS 0x000000008ab00000| PB 0x000000008ab00000| Untracked 
|  94|0x000000008ac00000, 0x000000008ac00000, 0x000000008ad00000|  0%| F|  |TAMS 0x000000008ac00000| PB 0x000000008ac00000| Untracked 
|  95|0x000000008ad00000, 0x000000008ad00000, 0x000000008ae00000|  0%| F|  |TAMS 0x000000008ad00000| PB 0x000000008ad00000| Untracked 
|  96|0x000000008ae00000, 0x000000008ae00000, 0x000000008af00000|  0%| F|  |TAMS 0x000000008ae00000| PB 0x000000008ae00000| Untracked 
|  97|0x000000008af00000, 0x000000008af00000, 0x000000008b000000|  0%| F|  |TAMS 0x000000008af00000| PB 0x000000008af00000| Untracked 
|  98|0x000000008b000000, 0x000000008b000000, 0x000000008b100000|  0%| F|  |TAMS 0x000000008b000000| PB 0x000000008b000000| Untracked 
|  99|0x000000008b100000, 0x000000008b200000, 0x000000008b200000|100%| S|CS|TAMS 0x000000008b100000| PB 0x000000008b100000| Complete 
| 100|0x000000008b200000, 0x000000008b300000, 0x000000008b300000|100%| S|CS|TAMS 0x000000008b200000| PB 0x000000008b200000| Complete 
| 101|0x000000008b300000, 0x000000008b400000, 0x000000008b400000|100%| S|CS|TAMS 0x000000008b300000| PB 0x000000008b300000| Complete 
| 102|0x000000008b400000, 0x000000008b500000, 0x000000008b500000|100%| S|CS|TAMS 0x000000008b400000| PB 0x000000008b400000| Complete 
| 103|0x000000008b500000, 0x000000008b600000, 0x000000008b600000|100%| S|CS|TAMS 0x000000008b500000| PB 0x000000008b500000| Complete 
| 104|0x000000008b600000, 0x000000008b700000, 0x000000008b700000|100%| S|CS|TAMS 0x000000008b600000| PB 0x000000008b600000| Complete 
| 105|0x000000008b700000, 0x000000008b800000, 0x000000008b800000|100%| S|CS|TAMS 0x000000008b700000| PB 0x000000008b700000| Complete 
| 106|0x000000008b800000, 0x000000008b900000, 0x000000008b900000|100%| S|CS|TAMS 0x000000008b800000| PB 0x000000008b800000| Complete 
| 107|0x000000008b900000, 0x000000008ba00000, 0x000000008ba00000|100%| S|CS|TAMS 0x000000008b900000| PB 0x000000008b900000| Complete 
| 108|0x000000008ba00000, 0x000000008ba00000, 0x000000008bb00000|  0%| F|  |TAMS 0x000000008ba00000| PB 0x000000008ba00000| Untracked 
| 109|0x000000008bb00000, 0x000000008bb00000, 0x000000008bc00000|  0%| F|  |TAMS 0x000000008bb00000| PB 0x000000008bb00000| Untracked 
| 110|0x000000008bc00000, 0x000000008bc00000, 0x000000008bd00000|  0%| F|  |TAMS 0x000000008bc00000| PB 0x000000008bc00000| Untracked 
| 111|0x000000008bd00000, 0x000000008bd00000, 0x000000008be00000|  0%| F|  |TAMS 0x000000008bd00000| PB 0x000000008bd00000| Untracked 
| 112|0x000000008be00000, 0x000000008be00000, 0x000000008bf00000|  0%| F|  |TAMS 0x000000008be00000| PB 0x000000008be00000| Untracked 
| 113|0x000000008bf00000, 0x000000008bf00000, 0x000000008c000000|  0%| F|  |TAMS 0x000000008bf00000| PB 0x000000008bf00000| Untracked 
| 114|0x000000008c000000, 0x000000008c000000, 0x000000008c100000|  0%| F|  |TAMS 0x000000008c000000| PB 0x000000008c000000| Untracked 
| 115|0x000000008c100000, 0x000000008c100000, 0x000000008c200000|  0%| F|  |TAMS 0x000000008c100000| PB 0x000000008c100000| Untracked 
| 116|0x000000008c200000, 0x000000008c200000, 0x000000008c300000|  0%| F|  |TAMS 0x000000008c200000| PB 0x000000008c200000| Untracked 
| 117|0x000000008c300000, 0x000000008c300000, 0x000000008c400000|  0%| F|  |TAMS 0x000000008c300000| PB 0x000000008c300000| Untracked 
| 118|0x000000008c400000, 0x000000008c400000, 0x000000008c500000|  0%| F|  |TAMS 0x000000008c400000| PB 0x000000008c400000| Untracked 
| 119|0x000000008c500000, 0x000000008c500000, 0x000000008c600000|  0%| F|  |TAMS 0x000000008c500000| PB 0x000000008c500000| Untracked 
| 120|0x000000008c600000, 0x000000008c600000, 0x000000008c700000|  0%| F|  |TAMS 0x000000008c600000| PB 0x000000008c600000| Untracked 
| 121|0x000000008c700000, 0x000000008c700000, 0x000000008c800000|  0%| F|  |TAMS 0x000000008c700000| PB 0x000000008c700000| Untracked 
| 122|0x000000008c800000, 0x000000008c800000, 0x000000008c900000|  0%| F|  |TAMS 0x000000008c800000| PB 0x000000008c800000| Untracked 
| 123|0x000000008c900000, 0x000000008c900000, 0x000000008ca00000|  0%| F|  |TAMS 0x000000008c900000| PB 0x000000008c900000| Untracked 
| 124|0x000000008ca00000, 0x000000008ca00000, 0x000000008cb00000|  0%| F|  |TAMS 0x000000008ca00000| PB 0x000000008ca00000| Untracked 
| 125|0x000000008cb00000, 0x000000008cc00000, 0x000000008cc00000|100%| E|  |TAMS 0x000000008cb00000| PB 0x000000008cb00000| Complete 
| 126|0x000000008cc00000, 0x000000008cd00000, 0x000000008cd00000|100%| E|CS|TAMS 0x000000008cc00000| PB 0x000000008cc00000| Complete 
| 127|0x000000008cd00000, 0x000000008ce00000, 0x000000008ce00000|100%| E|CS|TAMS 0x000000008cd00000| PB 0x000000008cd00000| Complete 
| 128|0x000000008ce00000, 0x000000008cf00000, 0x000000008cf00000|100%| E|CS|TAMS 0x000000008ce00000| PB 0x000000008ce00000| Complete 
| 129|0x000000008cf00000, 0x000000008d000000, 0x000000008d000000|100%| E|CS|TAMS 0x000000008cf00000| PB 0x000000008cf00000| Complete 
| 130|0x000000008d000000, 0x000000008d100000, 0x000000008d100000|100%| E|CS|TAMS 0x000000008d000000| PB 0x000000008d000000| Complete 
| 131|0x000000008d100000, 0x000000008d200000, 0x000000008d200000|100%| E|CS|TAMS 0x000000008d100000| PB 0x000000008d100000| Complete 
| 132|0x000000008d200000, 0x000000008d300000, 0x000000008d300000|100%| E|CS|TAMS 0x000000008d200000| PB 0x000000008d200000| Complete 
| 133|0x000000008d300000, 0x000000008d400000, 0x000000008d400000|100%| E|CS|TAMS 0x000000008d300000| PB 0x000000008d300000| Complete 
|1954|0x00000000ff000000, 0x00000000ff100000, 0x00000000ff100000|100%| O|  |TAMS 0x00000000ff000000| PB 0x00000000ff000000| Untracked 
|1955|0x00000000ff100000, 0x00000000ff200000, 0x00000000ff200000|100%| O|  |TAMS 0x00000000ff100000| PB 0x00000000ff100000| Untracked 
|1956|0x00000000ff200000, 0x00000000ff300000, 0x00000000ff300000|100%| O|  |TAMS 0x00000000ff200000| PB 0x00000000ff200000| Untracked 
|1957|0x00000000ff300000, 0x00000000ff400000, 0x00000000ff400000|100%| O|  |TAMS 0x00000000ff300000| PB 0x00000000ff300000| Untracked 
|1958|0x00000000ff400000, 0x00000000ff500000, 0x00000000ff500000|100%| O|  |TAMS 0x00000000ff400000| PB 0x00000000ff400000| Untracked 
|1959|0x00000000ff500000, 0x00000000ff600000, 0x00000000ff600000|100%| O|  |TAMS 0x00000000ff500000| PB 0x00000000ff500000| Untracked 
|1960|0x00000000ff600000, 0x00000000ff700000, 0x00000000ff700000|100%| O|  |TAMS 0x00000000ff600000| PB 0x00000000ff600000| Untracked 
|1961|0x00000000ff700000, 0x00000000ff800000, 0x00000000ff800000|100%| O|  |TAMS 0x00000000ff700000| PB 0x00000000ff700000| Untracked 
|1962|0x00000000ff800000, 0x00000000ff900000, 0x00000000ff900000|100%| O|  |TAMS 0x00000000ff800000| PB 0x00000000ff800000| Untracked 
|1963|0x00000000ff900000, 0x00000000ffa00000, 0x00000000ffa00000|100%| O|  |TAMS 0x00000000ff900000| PB 0x00000000ff900000| Untracked 
|1964|0x00000000ffa00000, 0x00000000ffb00000, 0x00000000ffb00000|100%| O|  |TAMS 0x00000000ffa00000| PB 0x00000000ffa00000| Untracked 
|1965|0x00000000ffb00000, 0x00000000ffc00000, 0x00000000ffc00000|100%| O|  |TAMS 0x00000000ffb00000| PB 0x00000000ffb00000| Untracked 
|1966|0x00000000ffc00000, 0x00000000ffd00000, 0x00000000ffd00000|100%| O|  |TAMS 0x00000000ffc00000| PB 0x00000000ffc00000| Untracked 
|1967|0x00000000ffd00000, 0x00000000ffe00000, 0x00000000ffe00000|100%| O|  |TAMS 0x00000000ffd00000| PB 0x00000000ffd00000| Untracked 
|1968|0x00000000ffe00000, 0x00000000fff00000, 0x00000000fff00000|100%| O|  |TAMS 0x00000000ffe00000| PB 0x00000000ffe00000| Untracked 
|1969|0x00000000fff00000, 0x0000000100000000, 0x0000000100000000|100%| O|  |TAMS 0x00000000fff00000| PB 0x00000000fff00000| Untracked 

Card table byte_map: [0x0000022666050000,0x0000022666430000] _byte_map_base: 0x0000022665c29000

Marking Bits: (CMBitMap*) 0x000002264db7e140
 Bits: [0x0000022666430000, 0x00000226682f8000)

Polling page: 0x000002264c2d0000

Metaspace:

Usage:
  Non-class:     24.78 MB used.
      Class:      3.15 MB used.
       Both:     27.93 MB used.

Virtual space:
  Non-class space:       64.00 MB reserved,      25.00 MB ( 39%) committed,  1 nodes.
      Class space:        1.00 GB reserved,       3.31 MB ( <1%) committed,  1 nodes.
             Both:        1.06 GB reserved,      28.31 MB (  3%) committed. 

Chunk freelists:
   Non-Class:  6.89 MB
       Class:  12.65 MB
        Both:  19.54 MB

MaxMetaspaceSize: unlimited
CompressedClassSpaceSize: 1.00 GB
Initial GC threshold: 21.00 MB
Current GC threshold: 35.31 MB
CDS: on
 - commit_granule_bytes: 65536.
 - commit_granule_words: 8192.
 - virtual_space_node_default_size: 8388608.
 - enlarge_chunks_in_place: 1.
 - use_allocation_guard: 0.


Internal statistics:

num_allocs_failed_limit: 3.
num_arena_births: 332.
num_arena_deaths: 0.
num_vsnodes_births: 2.
num_vsnodes_deaths: 0.
num_space_committed: 453.
num_space_uncommitted: 0.
num_chunks_returned_to_freelist: 3.
num_chunks_taken_from_freelist: 1324.
num_chunk_merges: 3.
num_chunk_splits: 954.
num_chunks_enlarged: 766.
num_inconsistent_stats: 0.

CodeHeap 'non-profiled nmethods': size=120000Kb used=3983Kb max_used=3983Kb free=116016Kb
 bounds [0x000002265dac0000, 0x000002265deb0000, 0x0000022664ff0000]
CodeHeap 'profiled nmethods': size=120000Kb used=14272Kb max_used=14272Kb free=105727Kb
 bounds [0x0000022655ff0000, 0x0000022656df0000, 0x000002265d520000]
CodeHeap 'non-nmethods': size=5760Kb used=1454Kb max_used=1499Kb free=4305Kb
 bounds [0x000002265d520000, 0x000002265d790000, 0x000002265dac0000]
 total_blobs=7181 nmethods=6644 adapters=441
 compilation: enabled
              stopped_count=0, restarted_count=0
 full_count=0

Compilation events (20 events):
Event: 5.606 Thread 0x000002266b00bd00 nmethod 6619 0x0000022656dcdd90 code [0x0000022656dcdf40, 0x0000022656dce0f8]
Event: 5.606 Thread 0x000002266b00bd00 6629       3       com.sun.tools.javac.jvm.Code::emit1 (42 bytes)
Event: 5.606 Thread 0x000002266b00bd00 nmethod 6629 0x0000022656dce190 code [0x0000022656dce340, 0x0000022656dce588]
Event: 5.607 Thread 0x000002266b00bd00 6633       3       jdk.internal.org.objectweb.asm.Frame::putAbstractType (379 bytes)
Event: 5.608 Thread 0x000002266b00bd00 nmethod 6633 0x0000022656dce690 code [0x0000022656dceae0, 0x0000022656dd0270]
Event: 5.608 Thread 0x000002266b00bd00 6635       3       jdk.internal.org.objectweb.asm.ByteVector::putShort (52 bytes)
Event: 5.608 Thread 0x000002266b00bd00 nmethod 6635 0x0000022656dd0c90 code [0x0000022656dd0e40, 0x0000022656dd1048]
Event: 5.608 Thread 0x000002266b00bd00 6634       3       jdk.internal.org.objectweb.asm.SymbolTable::getType (7 bytes)
Event: 5.608 Thread 0x000002266b00bd00 nmethod 6634 0x0000022656dd1190 code [0x0000022656dd1340, 0x0000022656dd1478]
Event: 5.608 Thread 0x000002266b00bd00 6637       3       com.sun.tools.javac.tree.TreeInfo::symbol (132 bytes)
Event: 5.608 Thread 0x000002266b00bd00 nmethod 6637 0x0000022656dd1590 code [0x0000022656dd1860, 0x0000022656dd2a40]
Event: 5.609 Thread 0x000002266b00bd00 6638       3       com.sun.tools.javac.comp.Check::checkNonVoid (32 bytes)
Event: 5.609 Thread 0x000002266b00bd00 nmethod 6638 0x0000022656dd2e90 code [0x0000022656dd3080, 0x0000022656dd3618]
Event: 5.609 Thread 0x000002266b00bd00 6639       3       com.sun.tools.javac.code.Types::wildLowerBound (43 bytes)
Event: 5.609 Thread 0x000002266b009130 6642       4       com.sun.tools.javac.code.Types$UnaryVisitor::visit (7 bytes)
Event: 5.609 Thread 0x000002266b00bd00 nmethod 6639 0x0000022656dd3810 code [0x0000022656dd3a00, 0x0000022656dd40b0]
Event: 5.609 Thread 0x000002266b00bd00 6641       3       com.sun.tools.javac.code.Types$SignatureGenerator::assembleSig (529 bytes)
Event: 5.609 Thread 0x000002266b009130 nmethod 6642 0x000002265dea3110 code [0x000002265dea32a0, 0x000002265dea3358]
Event: 5.609 Thread 0x000002266b302dc0 6643       4       com.sun.tools.javac.code.Symbol$ClassSymbol::erasure (45 bytes)
Event: 5.610 Thread 0x000002266b009130 6647       4       sun.nio.fs.NativeBuffers::getNativeBufferFromCache (51 bytes)

GC Heap History (12 events):
Event: 0.568 GC heap before
{Heap before GC invocations=0 (full 0):
 garbage-first heap   total 126976K, used 23552K [0x0000000084e00000, 0x0000000100000000)
  region size 1024K, 23 young (23552K), 0 survivors (0K)
 Metaspace       used 5624K, committed 5824K, reserved 1114112K
  class space    used 652K, committed 768K, reserved 1048576K
}
Event: 0.574 GC heap after
{Heap after GC invocations=1 (full 0):
 garbage-first heap   total 126976K, used 3712K [0x0000000084e00000, 0x0000000100000000)
  region size 1024K, 3 young (3072K), 3 survivors (3072K)
 Metaspace       used 5624K, committed 5824K, reserved 1114112K
  class space    used 652K, committed 768K, reserved 1048576K
}
Event: 1.022 GC heap before
{Heap before GC invocations=1 (full 0):
 garbage-first heap   total 126976K, used 35456K [0x0000000084e00000, 0x0000000100000000)
  region size 1024K, 34 young (34816K), 3 survivors (3072K)
 Metaspace       used 9846K, committed 10112K, reserved 1114112K
  class space    used 1158K, committed 1280K, reserved 1048576K
}
Event: 1.027 GC heap after
{Heap after GC invocations=2 (full 0):
 garbage-first heap   total 126976K, used 5733K [0x0000000084e00000, 0x0000000100000000)
  region size 1024K, 2 young (2048K), 2 survivors (2048K)
 Metaspace       used 9846K, committed 10112K, reserved 1114112K
  class space    used 1158K, committed 1280K, reserved 1048576K
}
Event: 2.072 GC heap before
{Heap before GC invocations=2 (full 0):
 garbage-first heap   total 126976K, used 79461K [0x0000000084e00000, 0x0000000100000000)
  region size 1024K, 74 young (75776K), 2 survivors (2048K)
 Metaspace       used 15996K, committed 16256K, reserved 1114112K
  class space    used 1852K, committed 1984K, reserved 1048576K
}
Event: 2.085 GC heap after
{Heap after GC invocations=3 (full 0):
 garbage-first heap   total 126976K, used 14711K [0x0000000084e00000, 0x0000000100000000)
  region size 1024K, 10 young (10240K), 10 survivors (10240K)
 Metaspace       used 15996K, committed 16256K, reserved 1114112K
  class space    used 1852K, committed 1984K, reserved 1048576K
}
Event: 2.871 GC heap before
{Heap before GC invocations=3 (full 0):
 garbage-first heap   total 126976K, used 80247K [0x0000000084e00000, 0x0000000100000000)
  region size 1024K, 74 young (75776K), 10 survivors (10240K)
 Metaspace       used 17430K, committed 17728K, reserved 1114112K
  class space    used 1976K, committed 2112K, reserved 1048576K
}
Event: 2.883 GC heap after
{Heap after GC invocations=4 (full 0):
 garbage-first heap   total 126976K, used 17703K [0x0000000084e00000, 0x0000000100000000)
  region size 1024K, 4 young (4096K), 4 survivors (4096K)
 Metaspace       used 17430K, committed 17728K, reserved 1114112K
  class space    used 1976K, committed 2112K, reserved 1048576K
}
Event: 3.489 GC heap before
{Heap before GC invocations=4 (full 0):
 garbage-first heap   total 126976K, used 67879K [0x0000000084e00000, 0x0000000100000000)
  region size 1024K, 46 young (47104K), 4 survivors (4096K)
 Metaspace       used 21201K, committed 21504K, reserved 1114112K
  class space    used 2368K, committed 2496K, reserved 1048576K
}
Event: 3.495 GC heap after
{Heap after GC invocations=5 (full 0):
 garbage-first heap   total 126976K, used 28967K [0x0000000084e00000, 0x0000000100000000)
  region size 1024K, 9 young (9216K), 9 survivors (9216K)
 Metaspace       used 21201K, committed 21504K, reserved 1114112K
  class space    used 2368K, committed 2496K, reserved 1048576K
}
Event: 4.309 GC heap before
{Heap before GC invocations=6 (full 0):
 garbage-first heap   total 102400K, used 100647K [0x0000000084e00000, 0x0000000100000000)
  region size 1024K, 74 young (75776K), 9 survivors (9216K)
 Metaspace       used 27247K, committed 27584K, reserved 1114112K
  class space    used 3046K, committed 3200K, reserved 1048576K
}
Event: 4.330 GC heap after
{Heap after GC invocations=7 (full 0):
 garbage-first heap   total 153600K, used 47911K [0x0000000084e00000, 0x0000000100000000)
  region size 1024K, 10 young (10240K), 10 survivors (10240K)
 Metaspace       used 27247K, committed 27584K, reserved 1114112K
  class space    used 3046K, committed 3200K, reserved 1048576K
}

Dll operation events (8 events):
Event: 0.020 Loaded shared library C:\Program Files\Java\jdk-21\bin\java.dll
Event: 0.098 Loaded shared library C:\Program Files\Java\jdk-21\bin\jsvml.dll
Event: 0.111 Loaded shared library C:\Program Files\Java\jdk-21\bin\net.dll
Event: 0.113 Loaded shared library C:\Program Files\Java\jdk-21\bin\nio.dll
Event: 0.116 Loaded shared library C:\Program Files\Java\jdk-21\bin\zip.dll
Event: 0.235 Loaded shared library C:\Program Files\Java\jdk-21\bin\jimage.dll
Event: 0.237 Loaded shared library C:\Users\lucia\OneDrive\Escritorio\SEGURIDAD Y CALIDAD EN EL DESARROLLO\Proyectos\apache-maven-3.9.9\lib\jansi-native\Windows\x86_64\jansi.dll
Event: 0.249 Loaded shared library C:\Program Files\Java\jdk-21\bin\verify.dll

Deoptimization events (20 events):
Event: 5.558 Thread 0x000002264c1429a0 Uncommon trap: trap_request=0xffffffde fr.pc=0x000002265de8feb8 relative=0x0000000000000a18
Event: 5.558 Thread 0x000002264c1429a0 Uncommon trap: reason=class_check action=maybe_recompile pc=0x000002265de8feb8 method=java.util.HashMap.removeNode(ILjava/lang/Object;Ljava/lang/Object;ZZ)Ljava/util/HashMap$Node; @ 68 c2
Event: 5.559 Thread 0x000002264c1429a0 DEOPT PACKING pc=0x000002265de8feb8 sp=0x000000abc84fba00
Event: 5.559 Thread 0x000002264c1429a0 DEOPT UNPACKING pc=0x000002265d5746a2 sp=0x000000abc84fb998 mode 2
Event: 5.560 Thread 0x000002264c1429a0 Uncommon trap: trap_request=0xffffff45 fr.pc=0x000002265de8e890 relative=0x00000000000002b0
Event: 5.560 Thread 0x000002264c1429a0 Uncommon trap: reason=unstable_if action=reinterpret pc=0x000002265de8e890 method=com.sun.tools.javac.code.Scope$ScopeImpl.lookup(Lcom/sun/tools/javac/util/Name;Ljava/util/function/Predicate;)Lcom/sun/tools/javac/code/Scope$Entry; @ 19 c2
Event: 5.560 Thread 0x000002264c1429a0 DEOPT PACKING pc=0x000002265de8e890 sp=0x000000abc84fcc80
Event: 5.560 Thread 0x000002264c1429a0 DEOPT UNPACKING pc=0x000002265d5746a2 sp=0x000000abc84fcc28 mode 2
Event: 5.588 Thread 0x000002264c1429a0 Uncommon trap: trap_request=0xffffff45 fr.pc=0x000002265dd5f8d4 relative=0x0000000000004034
Event: 5.588 Thread 0x000002264c1429a0 Uncommon trap: reason=unstable_if action=reinterpret pc=0x000002265dd5f8d4 method=java.lang.invoke.MethodType.genericMethodType(IZ)Ljava/lang/invoke/MethodType; @ 38 c2
Event: 5.588 Thread 0x000002264c1429a0 DEOPT PACKING pc=0x000002265dd5f8d4 sp=0x000000abc84f7540
Event: 5.588 Thread 0x000002264c1429a0 DEOPT UNPACKING pc=0x000002265d5746a2 sp=0x000000abc84f7368 mode 2
Event: 5.600 Thread 0x000002264c1429a0 Uncommon trap: trap_request=0xffffff3d fr.pc=0x000002265de9d1e4 relative=0x0000000000000584
Event: 5.600 Thread 0x000002264c1429a0 Uncommon trap: reason=unstable_fused_if action=reinterpret pc=0x000002265de9d1e4 method=com.sun.tools.javac.util.Convert.chars2utf([CI[BII)I @ 28 c2
Event: 5.601 Thread 0x000002264c1429a0 DEOPT PACKING pc=0x000002265de9d1e4 sp=0x000000abc84fc2d0
Event: 5.601 Thread 0x000002264c1429a0 DEOPT UNPACKING pc=0x000002265d5746a2 sp=0x000000abc84fc178 mode 2
Event: 5.607 Thread 0x000002264c1429a0 Uncommon trap: trap_request=0xffffff45 fr.pc=0x000002265db90528 relative=0x0000000000000108
Event: 5.607 Thread 0x000002264c1429a0 Uncommon trap: reason=unstable_if action=reinterpret pc=0x000002265db90528 method=jdk.internal.org.objectweb.asm.ByteVector.putShort(I)Ljdk/internal/org/objectweb/asm/ByteVector; @ 13 c2
Event: 5.607 Thread 0x000002264c1429a0 DEOPT PACKING pc=0x000002265db90528 sp=0x000000abc84f9810
Event: 5.607 Thread 0x000002264c1429a0 DEOPT UNPACKING pc=0x000002265d5746a2 sp=0x000000abc84f97a8 mode 2

Classes loaded (20 events):
Event: 5.505 Loading class java/util/EnumMap$EnumMapIterator done
Event: 5.505 Loading class java/util/EnumMap$EntryIterator done
Event: 5.505 Loading class java/util/EnumMap$EntryIterator$Entry
Event: 5.506 Loading class java/util/EnumMap$EntryIterator$Entry done
Event: 5.586 Loading class java/lang/runtime/ObjectMethods
Event: 5.587 Loading class java/lang/runtime/ObjectMethods done
Event: 5.589 Loading class java/lang/invoke/MethodHandleImpl$Makers
Event: 5.590 Loading class java/lang/invoke/MethodHandleImpl$Makers done
Event: 5.590 Loading class java/lang/invoke/MethodHandleImpl$Makers$1
Event: 5.590 Loading class java/lang/invoke/MethodHandleImpl$Makers$1 done
Event: 5.590 Loading class java/lang/invoke/MethodHandleImpl$Makers$2
Event: 5.590 Loading class java/lang/invoke/MethodHandleImpl$Makers$2 done
Event: 5.590 Loading class java/lang/invoke/MethodHandleImpl$Makers$3
Event: 5.590 Loading class java/lang/invoke/MethodHandleImpl$Makers$3 done
Event: 5.594 Loading class java/lang/runtime/ObjectMethods$1
Event: 5.594 Loading class java/lang/runtime/ObjectMethods$1 done
Event: 5.597 Loading class java/lang/invoke/DirectMethodHandle$1
Event: 5.598 Loading class java/lang/invoke/DirectMethodHandle$1 done
Event: 5.605 Loading class java/lang/invoke/MethodHandleImpl$CountingWrapper
Event: 5.606 Loading class java/lang/invoke/MethodHandleImpl$CountingWrapper done

Classes unloaded (0 events):
No events

Classes redefined (0 events):
No events

Internal exceptions (20 events):
Event: 5.561 Thread 0x000002264c1429a0 Exception <a 'sun/nio/fs/WindowsException'{0x000000008cd8d628}> (0x000000008cd8d628) 
thrown [s\open\src\hotspot\share\prims\jni.cpp, line 520]
Event: 5.561 Thread 0x000002264c1429a0 Exception <a 'sun/nio/fs/WindowsException'{0x000000008cdb4c38}> (0x000000008cdb4c38) 
thrown [s\open\src\hotspot\share\prims\jni.cpp, line 520]
Event: 5.562 Thread 0x000002264c1429a0 Exception <a 'sun/nio/fs/WindowsException'{0x000000008cc185f8}> (0x000000008cc185f8) 
thrown [s\open\src\hotspot\share\prims\jni.cpp, line 520]
Event: 5.562 Thread 0x000002264c1429a0 Exception <a 'sun/nio/fs/WindowsException'{0x000000008cc19688}> (0x000000008cc19688) 
thrown [s\open\src\hotspot\share\prims\jni.cpp, line 520]
Event: 5.587 Thread 0x000002264c1429a0 Exception <a 'java/lang/NoSuchMethodError'{0x000000008cccd368}: 'java.lang.Object java.lang.invoke.DirectMethodHandle$Holder.invokeStaticInit(java.lang.Object, java.lang.Object, java.lang.Object, java.lang.Object, java.lang.Object, java.lang.Object, java.lang.Object)'> (0x000000008cccd368) 
thrown [s\open\src\hotspot\share\interpreter\linkResolver.cpp, line 773]
Event: 5.589 Thread 0x000002264c1429a0 Exception <a 'java/lang/NoSuchMethodError'{0x000000008ccd2d18}: 'java.lang.Object java.lang.invoke.Invokers$Holder.invoke_MT(java.lang.Object, java.lang.Object, java.lang.Object, java.lang.Object, java.lang.Object, java.lang.Object, java.lang.Object, java.lang.Object, java.lang.Object, java.lang.Object)'> (0x000000008ccd2d18) 
thrown [s\open\src\hotspot\share\interpreter\linkResolver.cpp, line 773]
Event: 5.590 Thread 0x000002264c1429a0 Exception <a 'java/lang/NoSuchMethodError'{0x000000008ccd8e10}: 'java.lang.Object java.lang.invoke.DirectMethodHandle$Holder.invokeStatic(java.lang.Object, java.lang.Object, int)'> (0x000000008ccd8e10) 
thrown [s\open\src\hotspot\share\interpreter\linkResolver.cpp, line 773]
Event: 5.591 Thread 0x000002264c1429a0 Exception <a 'java/lang/NoSuchMethodError'{0x000000008cce4580}: 'void java.lang.invoke.DirectMethodHandle$Holder.invokeStatic(java.lang.Object, java.lang.Object, int, java.lang.Object)'> (0x000000008cce4580) 
thrown [s\open\src\hotspot\share\interpreter\linkResolver.cpp, line 773]
Event: 5.591 Thread 0x000002264c1429a0 Exception <a 'java/lang/NoSuchMethodError'{0x000000008cceba30}: 'void java.lang.invoke.DelegatingMethodHandle$Holder.delegate(java.lang.Object, java.lang.Object, int, java.lang.Object)'> (0x000000008cceba30) 
thrown [s\open\src\hotspot\share\interpreter\linkResolver.cpp, line 773]
Event: 5.594 Thread 0x000002264c1429a0 Exception <a 'java/lang/NoSuchMethodError'{0x000000008cb09f30}: 'int java.lang.invoke.DirectMethodHandle$Holder.invokeStaticInit(java.lang.Object, int, int)'> (0x000000008cb09f30) 
thrown [s\open\src\hotspot\share\interpreter\linkResolver.cpp, line 773]
Event: 5.595 Thread 0x000002264c1429a0 Exception <a 'java/lang/NoSuchMethodError'{0x000000008cb11870}: 'int java.lang.invoke.DirectMethodHandle$Holder.invokeStaticInit(java.lang.Object, long, long)'> (0x000000008cb11870) 
thrown [s\open\src\hotspot\share\interpreter\linkResolver.cpp, line 773]
Event: 5.596 Thread 0x000002264c1429a0 Exception <a 'java/lang/NoSuchMethodError'{0x000000008cb18708}: 'int java.lang.invoke.DirectMethodHandle$Holder.invokeStaticInit(java.lang.Object, float, float)'> (0x000000008cb18708) 
thrown [s\open\src\hotspot\share\interpreter\linkResolver.cpp, line 773]
Event: 5.596 Thread 0x000002264c1429a0 Exception <a 'java/lang/NoSuchMethodError'{0x000000008cb1f598}: 'int java.lang.invoke.DirectMethodHandle$Holder.invokeStaticInit(java.lang.Object, double, double)'> (0x000000008cb1f598) 
thrown [s\open\src\hotspot\share\interpreter\linkResolver.cpp, line 773]
Event: 5.596 Thread 0x000002264c1429a0 Exception <a 'java/lang/NoSuchMethodError'{0x000000008cb23ea8}: 'int java.lang.invoke.DirectMethodHandle$Holder.invokeStatic(java.lang.Object, long)'> (0x000000008cb23ea8) 
thrown [s\open\src\hotspot\share\interpreter\linkResolver.cpp, line 773]
Event: 5.599 Thread 0x000002264c1429a0 Exception <a 'java/lang/NoSuchMethodError'{0x000000008cb425a8}: 'int java.lang.invoke.Invokers$Holder.linkToTargetMethod(java.lang.Object, java.lang.Object)'> (0x000000008cb425a8) 
thrown [s\open\src\hotspot\share\interpreter\linkResolver.cpp, line 773]
Event: 5.605 Thread 0x000002264c1429a0 Exception <a 'java/lang/NoSuchMethodError'{0x000000008cb68088}: 'java.lang.Object java.lang.invoke.DirectMethodHandle$Holder.invokeStatic(java.lang.Object, int, java.lang.Object, java.lang.Object)'> (0x000000008cb68088) 
thrown [s\open\src\hotspot\share\interpreter\linkResolver.cpp, line 773]
Event: 5.605 Thread 0x000002264c1429a0 Exception <a 'java/lang/NoSuchMethodError'{0x000000008cb6c6f0}: 'java.lang.Object java.lang.invoke.DirectMethodHandle$Holder.invokeSpecial(java.lang.Object, java.lang.Object, int, java.lang.Object, java.lang.Object)'> (0x000000008cb6c6f0) 
thrown [s\open\src\hotspot\share\interpreter\linkResolver.cpp, line 773]
Event: 5.605 Thread 0x000002264c1429a0 Exception <a 'java/lang/NoSuchMethodError'{0x000000008cb70880}: 'java.lang.Object java.lang.invoke.DelegatingMethodHandle$Holder.delegate(java.lang.Object, int, java.lang.Object, java.lang.Object)'> (0x000000008cb70880) 
thrown [s\open\src\hotspot\share\interpreter\linkResolver.cpp, line 773]
Event: 5.607 Thread 0x000002264c1429a0 Exception <a 'java/lang/NoSuchMethodError'{0x000000008cb80448}: 'int java.lang.invoke.Invokers$Holder.linkToTargetMethod(java.lang.Object, java.lang.Object, java.lang.Object)'> (0x000000008cb80448) 
thrown [s\open\src\hotspot\share\interpreter\linkResolver.cpp, line 773]
Event: 5.610 Thread 0x000002264c1429a0 Exception <a 'sun/nio/fs/WindowsException'{0x000000008cb8cee8}> (0x000000008cb8cee8) 
thrown [s\open\src\hotspot\share\prims\jni.cpp, line 520]

ZGC Phase Switch (0 events):
No events

VM Operations (20 events):
Event: 4.330 Executing VM operation: G1CollectForAllocation (G1 Evacuation Pause) done
Event: 5.333 Executing VM operation: Cleanup
Event: 5.365 Executing VM operation: Cleanup done
Event: 5.405 Executing VM operation: HandshakeAllThreads (Deoptimize)
Event: 5.405 Executing VM operation: HandshakeAllThreads (Deoptimize) done
Event: 5.421 Executing VM operation: HandshakeAllThreads (Deoptimize)
Event: 5.421 Executing VM operation: HandshakeAllThreads (Deoptimize) done
Event: 5.423 Executing VM operation: HandshakeAllThreads (Deoptimize)
Event: 5.423 Executing VM operation: HandshakeAllThreads (Deoptimize) done
Event: 5.437 Executing VM operation: ICBufferFull
Event: 5.437 Executing VM operation: ICBufferFull done
Event: 5.475 Executing VM operation: HandshakeAllThreads (Deoptimize)
Event: 5.475 Executing VM operation: HandshakeAllThreads (Deoptimize) done
Event: 5.490 Executing VM operation: HandshakeAllThreads (Deoptimize)
Event: 5.490 Executing VM operation: HandshakeAllThreads (Deoptimize) done
Event: 5.491 Executing VM operation: HandshakeAllThreads (Deoptimize)
Event: 5.491 Executing VM operation: HandshakeAllThreads (Deoptimize) done
Event: 5.546 Executing VM operation: ICBufferFull
Event: 5.546 Executing VM operation: ICBufferFull done
Event: 6.560 Executing VM operation: Cleanup

Events (16 events):
Event: 0.069 Thread 0x000002264c1429a0 Thread added: 0x000002264c1429a0
Event: 0.094 Thread 0x000002266aff35d0 Thread added: 0x000002266aff35d0
Event: 0.094 Thread 0x000002266aff8030 Thread added: 0x000002266aff8030
Event: 0.094 Thread 0x000002266affb080 Thread added: 0x000002266affb080
Event: 0.094 Thread 0x000002266affbf60 Thread added: 0x000002266affbf60
Event: 0.095 Thread 0x000002266affcae0 Thread added: 0x000002266affcae0
Event: 0.095 Thread 0x000002266b0003a0 Thread added: 0x000002266b0003a0
Event: 0.095 Thread 0x000002266b009130 Thread added: 0x000002266b009130
Event: 0.095 Thread 0x000002266b00bd00 Thread added: 0x000002266b00bd00
Event: 0.105 Thread 0x000002266b2c80c0 Thread added: 0x000002266b2c80c0
Event: 0.108 Thread 0x000002266b2cdd40 Thread added: 0x000002266b2cdd40
Event: 0.144 Thread 0x000002266b303b60 Thread added: 0x000002266b303b60
Event: 0.234 Thread 0x000002266b5b25f0 Thread added: 0x000002266b5b25f0
Event: 0.244 Thread 0x000002266b5b25f0 Thread exited: 0x000002266b5b25f0
Event: 0.537 Thread 0x000002266b302dc0 Thread added: 0x000002266b302dc0
Event: 1.358 Thread 0x00000226702fd790 Thread added: 0x00000226702fd790


Dynamic libraries:
0x00007ff653e80000 - 0x00007ff653e90000 	C:\Program Files\Java\jdk-21\bin\java.exe
0x00007ff83be80000 - 0x00007ff83c0e6000 	C:\WINDOWS\SYSTEM32\ntdll.dll
0x00007ff83a3a0000 - 0x00007ff83a469000 	C:\WINDOWS\System32\KERNEL32.DLL
0x00007ff8392e0000 - 0x00007ff8396ac000 	C:\WINDOWS\System32\KERNELBASE.dll
0x00007ff8396b0000 - 0x00007ff8397fb000 	C:\WINDOWS\System32\ucrtbase.dll
0x00007ff82df00000 - 0x00007ff82df1b000 	C:\Program Files\Java\jdk-21\bin\VCRUNTIME140.dll
0x00007ff82dee0000 - 0x00007ff82def9000 	C:\Program Files\Java\jdk-21\bin\jli.dll
0x00007ff83b020000 - 0x00007ff83b0d2000 	C:\WINDOWS\System32\ADVAPI32.dll
0x00007ff83a690000 - 0x00007ff83a739000 	C:\WINDOWS\System32\msvcrt.dll
0x00007ff83b760000 - 0x00007ff83b806000 	C:\WINDOWS\System32\sechost.dll
0x00007ff839fa0000 - 0x00007ff83a0b6000 	C:\WINDOWS\System32\RPCRT4.dll
0x00007ff83a4c0000 - 0x00007ff83a68a000 	C:\WINDOWS\System32\USER32.dll
0x00007ff81c9d0000 - 0x00007ff81cc6a000 	C:\WINDOWS\WinSxS\amd64_microsoft.windows.common-controls_6595b64144ccf1df_6.0.26100.3912_none_3e07963ce335137e\COMCTL32.dll
0x00007ff839be0000 - 0x00007ff839c07000 	C:\WINDOWS\System32\win32u.dll
0x00007ff83a0c0000 - 0x00007ff83a0eb000 	C:\WINDOWS\System32\GDI32.dll
0x00007ff839890000 - 0x00007ff8399c2000 	C:\WINDOWS\System32\gdi32full.dll
0x00007ff823190000 - 0x00007ff82319b000 	C:\WINDOWS\SYSTEM32\VERSION.dll
0x00007ff8399d0000 - 0x00007ff839a73000 	C:\WINDOWS\System32\msvcp_win.dll
0x00007ff83b810000 - 0x00007ff83b840000 	C:\WINDOWS\System32\IMM32.DLL
0x00007ff833c40000 - 0x00007ff833c4c000 	C:\Program Files\Java\jdk-21\bin\vcruntime140_1.dll
0x00007ff820230000 - 0x00007ff8202be000 	C:\Program Files\Java\jdk-21\bin\msvcp140.dll
0x00007fffc9ef0000 - 0x00007fffcac0a000 	C:\Program Files\Java\jdk-21\bin\server\jvm.dll
0x00007ff83bcf0000 - 0x00007ff83bd64000 	C:\WINDOWS\System32\WS2_32.dll
0x00007ff82ea10000 - 0x00007ff82ea46000 	C:\WINDOWS\SYSTEM32\WINMM.dll
0x00007ff838e30000 - 0x00007ff838e8e000 	C:\WINDOWS\SYSTEM32\POWRPROF.dll
0x00007ff838e10000 - 0x00007ff838e24000 	C:\WINDOWS\SYSTEM32\UMPDC.dll
0x00007ff837da0000 - 0x00007ff837dba000 	C:\WINDOWS\SYSTEM32\kernel.appcore.dll
0x00007ff82ded0000 - 0x00007ff82deda000 	C:\Program Files\Java\jdk-21\bin\jimage.dll
0x00007ff836600000 - 0x00007ff836841000 	C:\WINDOWS\SYSTEM32\DBGHELP.DLL
0x00007ff839c10000 - 0x00007ff839f94000 	C:\WINDOWS\System32\combase.dll
0x00007ff83b670000 - 0x00007ff83b750000 	C:\WINDOWS\System32\OLEAUT32.dll
0x00007ff8181b0000 - 0x00007ff8181e9000 	C:\WINDOWS\SYSTEM32\dbgcore.DLL
0x00007ff839b40000 - 0x00007ff839bd9000 	C:\WINDOWS\System32\bcryptPrimitives.dll
0x00007ff82deb0000 - 0x00007ff82decf000 	C:\Program Files\Java\jdk-21\bin\java.dll
0x00007ff83a8f0000 - 0x00007ff83b01d000 	C:\WINDOWS\System32\SHELL32.dll
0x00007ff838fe0000 - 0x00007ff839154000 	C:\WINDOWS\System32\wintypes.dll
0x00007ff836c20000 - 0x00007ff837476000 	C:\WINDOWS\SYSTEM32\windows.storage.dll
0x00007ff83b220000 - 0x00007ff83b30f000 	C:\WINDOWS\System32\SHCORE.dll
0x00007ff83b320000 - 0x00007ff83b389000 	C:\WINDOWS\System32\shlwapi.dll
0x00007ff838ef0000 - 0x00007ff838f1f000 	C:\WINDOWS\SYSTEM32\profapi.dll
0x00007ffffa360000 - 0x00007ffffa437000 	C:\Program Files\Java\jdk-21\bin\jsvml.dll
0x00007ff82dea0000 - 0x00007ff82deb0000 	C:\Program Files\Java\jdk-21\bin\net.dll
0x00007ff8323e0000 - 0x00007ff8324fe000 	C:\WINDOWS\SYSTEM32\WINHTTP.dll
0x00007ff838310000 - 0x00007ff83837a000 	C:\WINDOWS\system32\mswsock.dll
0x00007ff82de80000 - 0x00007ff82de96000 	C:\Program Files\Java\jdk-21\bin\nio.dll
0x00007ff820410000 - 0x00007ff820428000 	C:\Program Files\Java\jdk-21\bin\zip.dll
0x00007ff819920000 - 0x00007ff819944000 	C:\Users\lucia\OneDrive\Escritorio\SEGURIDAD Y CALIDAD EN EL DESARROLLO\Proyectos\apache-maven-3.9.9\lib\jansi-native\Windows\x86_64\jansi.dll
0x00007ff82dda0000 - 0x00007ff82ddb0000 	C:\Program Files\Java\jdk-21\bin\verify.dll

dbghelp: loaded successfully - version: 4.0.5 - missing functions: none
symbol engine: initialized successfully - sym options: 0x614 - pdb path: .;C:\Program Files\Java\jdk-21\bin;C:\WINDOWS\SYSTEM32;C:\WINDOWS\WinSxS\amd64_microsoft.windows.common-controls_6595b64144ccf1df_6.0.26100.3912_none_3e07963ce335137e;C:\Program Files\Java\jdk-21\bin\server;C:\Users\lucia\OneDrive\Escritorio\SEGURIDAD Y CALIDAD EN EL DESARROLLO\Proyectos\apache-maven-3.9.9\lib\jansi-native\Windows\x86_64

VM Arguments:
jvm_args: -Dclassworlds.conf=C:\Users\lucia\OneDrive\Escritorio\SEGURIDAD Y CALIDAD EN EL DESARROLLO\Proyectos\apache-maven-3.9.9\bin\m2.conf -Dmaven.home=C:\Users\lucia\OneDrive\Escritorio\SEGURIDAD Y CALIDAD EN EL DESARROLLO\Proyectos\apache-maven-3.9.9 -Dlibrary.jansi.path=C:\Users\lucia\OneDrive\Escritorio\SEGURIDAD Y CALIDAD EN EL DESARROLLO\Proyectos\apache-maven-3.9.9\lib\jansi-native -Dmaven.multiModuleProjectDirectory=C:\Users\lucia\OneDrive\Escritorio\CDY2203_Exp3_S8_Backend_actividad_sumativa\Proyecto final s8 
java_command: org.codehaus.plexus.classworlds.launcher.Launcher clean install
java_class_path (initial): C:\Users\lucia\OneDrive\Escritorio\SEGURIDAD Y CALIDAD EN EL DESARROLLO\Proyectos\apache-maven-3.9.9\boot\plexus-classworlds-2.8.0.jar
Launcher Type: SUN_STANDARD

[Global flags]
     intx CICompilerCount                          = 4                                         {product} {ergonomic}
     uint ConcGCThreads                            = 3                                         {product} {ergonomic}
     uint G1ConcRefinementThreads                  = 10                                        {product} {ergonomic}
   size_t G1HeapRegionSize                         = 1048576                                   {product} {ergonomic}
    uintx GCDrainStackTargetSize                   = 64                                        {product} {ergonomic}
   size_t InitialHeapSize                          = 130023424                                 {product} {ergonomic}
   size_t MarkStackSize                            = 4194304                                   {product} {ergonomic}
   size_t MaxHeapSize                              = 2065694720                                {product} {ergonomic}
   size_t MaxNewSize                               = 1239416832                                {product} {ergonomic}
   size_t MinHeapDeltaBytes                        = 1048576                                   {product} {ergonomic}
   size_t MinHeapSize                              = 8388608                                   {product} {ergonomic}
    uintx NonNMethodCodeHeapSize                   = 5839372                                {pd product} {ergonomic}
    uintx NonProfiledCodeHeapSize                  = 122909434                              {pd product} {ergonomic}
    uintx ProfiledCodeHeapSize                     = 122909434                              {pd product} {ergonomic}
    uintx ReservedCodeCacheSize                    = 251658240                              {pd product} {ergonomic}
     bool SegmentedCodeCache                       = true                                      {product} {ergonomic}
   size_t SoftMaxHeapSize                          = 2065694720                             {manageable} {ergonomic}
     bool UseCompressedOops                        = true                           {product lp64_product} {ergonomic}
     bool UseG1GC                                  = true                                      {product} {ergonomic}
     bool UseLargePagesIndividualAllocation        = false                                  {pd product} {ergonomic}

Logging:
Log output configuration:
 #0: stdout all=warning uptime,level,tags foldmultilines=false
 #1: stderr all=off uptime,level,tags foldmultilines=false

Environment Variables:
JAVA_HOME=C:\Program Files\Java\jdk-21
PATH=C:\Program Files\Common Files\Oracle\Java\javapath;C:\Program Files\Eclipse Adoptium\jdk-17.0.14.7-hotspot\bin;C:\WINDOWS\system32;C:\WINDOWS;C:\WINDOWS\System32\Wbem;C:\WINDOWS\System32\WindowsPowerShell\v1.0\;C:\WINDOWS\System32\OpenSSH\;C:\Program Files\dotnet\;C:\Program Files\Docker\Docker\resources\bin;C:\Users\lucia\OneDrive\Escritorio\SEGURIDAD Y CALIDAD EN EL DESARROLLO\apache-maven-3.9.9\BIN;C:\Program Files\Git\cmd;C:\Users\lucia\AppData\Local\Microsoft\WindowsApps;C:\Users\lucia\AppData\Local\Programs\Microsoft VS Code\bin;C:\Program Files\Java\jdk-21\bin;C:\Users\lucia\OneDrive\Escritorio\SEGURIDAD Y CALIDAD EN EL DESARROLLO\Proyectos\apache-maven-3.9.9\bin;
USERNAME=lucia
LANG=en_US.UTF-8
OS=Windows_NT
PROCESSOR_IDENTIFIER=Intel64 Family 6 Model 186 Stepping 3, GenuineIntel
TMP=C:\Users\lucia\AppData\Local\Temp
TEMP=C:\Users\lucia\AppData\Local\Temp




Periodic native trim disabled

---------------  S Y S T E M  ---------------

OS:
 Windows 11 , 64 bit Build 26100 (10.0.26100.3912)
OS uptime: 0 days 9:54 hours
Hyper-V role detected

CPU: total 12 (initial active 12) (6 cores per cpu, 2 threads per core) family 6 model 186 stepping 3 microcode 0x410e, cx8, cmov, fxsr, ht, mmx, 3dnowpref, sse, sse2, sse3, ssse3, sse4.1, sse4.2, popcnt, lzcnt, tsc, tscinvbit, avx, avx2, aes, erms, clmul, bmi1, bmi2, adx, sha, fma, vzeroupper, clflush, clflushopt, clwb, hv, serialize, rdtscp, rdpid, fsrm, f16c, cet_ibt, cet_ss
Processor Information for processor 0
  Max Mhz: 1300, Current Mhz: 1300, Mhz Limit: 1300
Processor Information for processor 1
  Max Mhz: 1300, Current Mhz: 1300, Mhz Limit: 1300
Processor Information for processor 2
  Max Mhz: 1300, Current Mhz: 1300, Mhz Limit: 1300
Processor Information for processor 3
  Max Mhz: 1300, Current Mhz: 1300, Mhz Limit: 1300
Processor Information for processor 4
  Max Mhz: 1300, Current Mhz: 900, Mhz Limit: 897
Processor Information for processor 5
  Max Mhz: 1300, Current Mhz: 900, Mhz Limit: 897
Processor Information for processor 6
  Max Mhz: 1300, Current Mhz: 900, Mhz Limit: 897
Processor Information for processor 7
  Max Mhz: 1300, Current Mhz: 900, Mhz Limit: 897
Processor Information for processor 8
  Max Mhz: 1300, Current Mhz: 900, Mhz Limit: 897
Processor Information for processor 9
  Max Mhz: 1300, Current Mhz: 900, Mhz Limit: 897
Processor Information for processor 10
  Max Mhz: 1300, Current Mhz: 900, Mhz Limit: 897
Processor Information for processor 11
  Max Mhz: 1300, Current Mhz: 900, Mhz Limit: 897

Memory: 4k page, system-wide physical 7875M (546M free)
TotalPageFile size 16067M (AvailPageFile size 6M)
current process WorkingSet (physical memory assigned to process): 279M, peak: 279M
current process commit charge ("private bytes"): 337M, peak: 338M

vm_info: Java HotSpot(TM) 64-Bit Server VM (21.0.6+8-LTS-188) for windows-amd64 JRE (21.0.6+8-LTS-188), built on 2024-12-03T10:50:54Z by "mach5one" with MS VC++ 17.6 (VS2022)

END.
