#
# There is insufficient memory for the Java Runtime Environment to continue.
# Native memory allocation (malloc) failed to allocate 2185232 bytes. Error detail: Chunk::new
# Possible reasons:
#   The system is out of physical RAM or swap space
#   This process is running with CompressedOops enabled, and the Java Heap may be blocking the growth of the native heap
# Possible solutions:
#   Reduce memory load on the system
#   Increase physical memory or swap space
#   Check if swap backing store is full
#   Decrease Java heap size (-Xmx/-Xms)
#   Decrease number of Java threads
#   Decrease Java thread stack sizes (-Xss)
#   Set larger code cache with -XX:ReservedCodeCacheSize=
#   JVM is running with Unscaled Compressed Oops mode in which the Java heap is
#     placed in the first 4GB address space. The Java Heap base address is the
#     maximum limit for the native heap growth. Please use -XX:HeapBaseMinAddress
#     to set the Java Heap base and to place the Java Heap above 4GB virtual address.
# This output file may be truncated or incomplete.
#
#  Out of Memory Error (arena.cpp:168), pid=35244, tid=18144
#
# JRE version: OpenJDK Runtime Environment Temurin-21.0.6+7 (21.0.6+7) (build 21.0.6+7-LTS)
# Java VM: OpenJDK 64-Bit Server VM Temurin-21.0.6+7 (21.0.6+7-LTS, mixed mode, sharing, tiered, compressed oops, compressed class ptrs, parallel gc, windows-amd64)
# No core dump will be written. Minidumps are not enabled by default on client versions of Windows
#

---------------  S U M M A R Y ------------

Command Line: --add-modules=ALL-SYSTEM --add-opens=java.base/java.util=ALL-UNNAMED --add-opens=java.base/java.lang=ALL-UNNAMED --add-opens=java.base/sun.nio.fs=ALL-UNNAMED -Declipse.application=org.eclipse.jdt.ls.core.id1 -Dosgi.bundles.defaultStartLevel=4 -Declipse.product=org.eclipse.jdt.ls.core.product -Djava.import.generatesMetadataFilesAtProjectRoot=false -DDetectVMInstallationsJob.disabled=true -Dfile.encoding=utf8 -XX:+UseParallelGC -XX:GCTimeRatio=4 -XX:AdaptiveSizePolicyWeight=90 -Dsun.zip.disableMemoryMapping=true -Xmx1G -Xms100m -Xlog:disable -javaagent:c:\Users\lucia\.vscode\extensions\redhat.java-1.41.1-win32-x64\lombok\lombok-1.18.36.jar -XX:+HeapDumpOnOutOfMemoryError -XX:HeapDumpPath=c:\Users\lucia\AppData\Roaming\Code\User\workspaceStorage\13f28417bbc5fb90603a4953ffce7e8e\redhat.java -Daether.dependencyCollector.impl=bf c:\Users\lucia\.vscode\extensions\redhat.java-1.41.1-win32-x64\server\plugins\org.eclipse.equinox.launcher_1.7.0.v20250331-1702.jar -configuration c:\Users\lucia\AppData\Roaming\Code\User\globalStorage\redhat.java\1.41.1\config_win -data c:\Users\lucia\AppData\Roaming\Code\User\workspaceStorage\13f28417bbc5fb90603a4953ffce7e8e\redhat.java\jdt_ws --pipe=\\.\pipe\lsp-95f8cbe799df42e4e27140e9688003d4-sock

Host: 13th Gen Intel(R) Core(TM) i5-1335U, 12 cores, 7G,  Windows 11 , 64 bit Build 26100 (10.0.26100.3912)
Time: Thu May  1 17:30:15 2025 Hora est. Sudamérica Pacífico elapsed time: 12.446483 seconds (0d 0h 0m 12s)

---------------  T H R E A D  ---------------

Current thread (0x000002d3ed01c400):  JavaThread "C2 CompilerThread0" daemon [_thread_in_native, id=18144, stack(0x000000fb19000000,0x000000fb19100000) (1024K)]


Current CompileTask:
C2:12446 10270   !   4       org.eclipse.osgi.internal.loader.classpath.ClasspathManager::defineClass (636 bytes)

Stack: [0x000000fb19000000,0x000000fb19100000]
Native frames: (J=compiled Java code, j=interpreted, Vv=VM code, C=native code)
V  [jvm.dll+0x6cdee9]
V  [jvm.dll+0x8a83d1]
V  [jvm.dll+0x8aa8fe]
V  [jvm.dll+0x8aafe3]
V  [jvm.dll+0x27f706]
V  [jvm.dll+0xc500d]
V  [jvm.dll+0xc5543]
V  [jvm.dll+0x3b678c]
V  [jvm.dll+0x1e0009]
V  [jvm.dll+0x247b42]
V  [jvm.dll+0x246fcf]
V  [jvm.dll+0x1c75ee]
V  [jvm.dll+0x25685a]
V  [jvm.dll+0x254dfa]
V  [jvm.dll+0x3f0256]
V  [jvm.dll+0x851f8b]
V  [jvm.dll+0x6cc5ed]
C  [ucrtbase.dll+0x37b0]
C  [KERNEL32.DLL+0x2e8d7]
C  [ntdll.dll+0x9c5dc]


---------------  P R O C E S S  ---------------

Threads class SMR info:
_java_thread_list=0x000002d3f17da5c0, length=78, elements={
0x000002d3d2b7cef0, 0x000002d3e6f6e310, 0x000002d3ed0076d0, 0x000002d3ed009e70,
0x000002d3ed00ae70, 0x000002d3ed00df10, 0x000002d3ed016c50, 0x000002d3ed01c400,
0x000002d3ed020dc0, 0x000002d3d2beb4c0, 0x000002d3ed35dfd0, 0x000002d3eda1e0c0,
0x000002d3edaafa20, 0x000002d3edfd1850, 0x000002d3ede700a0, 0x000002d3ee241040,
0x000002d3ee234b20, 0x000002d3ed0206f0, 0x000002d3ee274bf0, 0x000002d3ee272490,
0x000002d3ee272b20, 0x000002d3ee2731b0, 0x000002d3ed021b60, 0x000002d3ee273ed0,
0x000002d3ee273840, 0x000002d3ee274560, 0x000002d3ee271770, 0x000002d3ee271e00,
0x000002d3f1111d10, 0x000002d3f1115190, 0x000002d3f1114470, 0x000002d3f1113750,
0x000002d3f1114b00, 0x000002d3f1115820, 0x000002d3f11130c0, 0x000002d3f11123a0,
0x000002d3f1113de0, 0x000002d3f1115eb0, 0x000002d3f1112a30, 0x000002d3f1116540,
0x000002d3f1116bd0, 0x000002d3f1118610, 0x000002d3f1118ca0, 0x000002d3f1119330,
0x000002d3f11178f0, 0x000002d3effe18e0, 0x000002d3effe1f70, 0x000002d3effe1250,
0x000002d3effdf180, 0x000002d3effdeaf0, 0x000002d3effdf810, 0x000002d3effe2c90,
0x000002d3effe2600, 0x000002d3effe3320, 0x000002d3effdfea0, 0x000002d3effe0bc0,
0x000002d3effe39b0, 0x000002d3effe0530, 0x000002d3effe4040, 0x000002d3effe46d0,
0x000002d3effe4d60, 0x000002d3effe53f0, 0x000002d3effe5a80, 0x000002d3effe6110,
0x000002d3f0545970, 0x000002d3f0546000, 0x000002d3f05452e0, 0x000002d3f0544c50,
0x000002d3f0549b10, 0x000002d3f05480d0, 0x000002d3f0546d20, 0x000002d3f054aec0,
0x000002d3f0547a40, 0x000002d3f0548df0, 0x000002d3f0549480, 0x000002d3f054a830,
0x000002d3f054b550, 0x000002d3f054bbe0
}

Java Threads: ( => current thread )
  0x000002d3d2b7cef0 JavaThread "main"                              [_thread_blocked, id=33348, stack(0x000000fb18600000,0x000000fb18700000) (1024K)]
  0x000002d3e6f6e310 JavaThread "Reference Handler"          daemon [_thread_blocked, id=34988, stack(0x000000fb18a00000,0x000000fb18b00000) (1024K)]
  0x000002d3ed0076d0 JavaThread "Finalizer"                  daemon [_thread_blocked, id=34992, stack(0x000000fb18b00000,0x000000fb18c00000) (1024K)]
  0x000002d3ed009e70 JavaThread "Signal Dispatcher"          daemon [_thread_blocked, id=35000, stack(0x000000fb18c00000,0x000000fb18d00000) (1024K)]
  0x000002d3ed00ae70 JavaThread "Attach Listener"            daemon [_thread_blocked, id=34980, stack(0x000000fb18d00000,0x000000fb18e00000) (1024K)]
  0x000002d3ed00df10 JavaThread "Service Thread"             daemon [_thread_blocked, id=35004, stack(0x000000fb18e00000,0x000000fb18f00000) (1024K)]
  0x000002d3ed016c50 JavaThread "Monitor Deflation Thread"   daemon [_thread_blocked, id=35140, stack(0x000000fb18f00000,0x000000fb19000000) (1024K)]
=>0x000002d3ed01c400 JavaThread "C2 CompilerThread0"         daemon [_thread_in_native, id=18144, stack(0x000000fb19000000,0x000000fb19100000) (1024K)]
  0x000002d3ed020dc0 JavaThread "C1 CompilerThread0"         daemon [_thread_blocked, id=25016, stack(0x000000fb19100000,0x000000fb19200000) (1024K)]
  0x000002d3d2beb4c0 JavaThread "Common-Cleaner"             daemon [_thread_blocked, id=32612, stack(0x000000fb19200000,0x000000fb19300000) (1024K)]
  0x000002d3ed35dfd0 JavaThread "Notification Thread"        daemon [_thread_blocked, id=27956, stack(0x000000fb19400000,0x000000fb19500000) (1024K)]
  0x000002d3eda1e0c0 JavaThread "Active Thread: Equinox Container: fa5ddd19-3ac3-4986-9c2c-e9e9cc0cd289"        [_thread_blocked, id=34664, stack(0x000000fb19b00000,0x000000fb19c00000) (1024K)]
  0x000002d3edaafa20 JavaThread "Refresh Thread: Equinox Container: fa5ddd19-3ac3-4986-9c2c-e9e9cc0cd289" daemon [_thread_blocked, id=8084, stack(0x000000fb19c00000,0x000000fb19d00000) (1024K)]
  0x000002d3edfd1850 JavaThread "Framework Event Dispatcher: Equinox Container: fa5ddd19-3ac3-4986-9c2c-e9e9cc0cd289" daemon [_thread_blocked, id=34604, stack(0x000000fb19e00000,0x000000fb19f00000) (1024K)]
  0x000002d3ede700a0 JavaThread "Start Level: Equinox Container: fa5ddd19-3ac3-4986-9c2c-e9e9cc0cd289" daemon [_thread_blocked, id=34488, stack(0x000000fb19f00000,0x000000fb1a000000) (1024K)]
  0x000002d3ee241040 JavaThread "Bundle File Closer"         daemon [_thread_blocked, id=28112, stack(0x000000fb1a000000,0x000000fb1a100000) (1024K)]
  0x000002d3ee234b20 JavaThread "SCR Component Actor"        daemon [_thread_blocked, id=34668, stack(0x000000fb1a300000,0x000000fb1a400000) (1024K)]
  0x000002d3ed0206f0 JavaThread "C2 CompilerThread1"         daemon [_thread_in_native, id=34612, stack(0x000000fb1a400000,0x000000fb1a500000) (1024K)]
  0x000002d3ee274bf0 JavaThread "Worker-JM"                         [_thread_blocked, id=14964, stack(0x000000fb1a500000,0x000000fb1a600000) (1024K)]
  0x000002d3ee272490 JavaThread "JNA Cleaner"                daemon [_thread_blocked, id=25156, stack(0x000000fb1a600000,0x000000fb1a700000) (1024K)]
  0x000002d3ee272b20 JavaThread "Worker-0: Java indexing... "        [_thread_blocked, id=23956, stack(0x000000fb1a700000,0x000000fb1a800000) (1024K)]
  0x000002d3ee2731b0 JavaThread "Worker-1"                          [_thread_blocked, id=3288, stack(0x000000fb1a800000,0x000000fb1a900000) (1024K)]
  0x000002d3ed021b60 JavaThread "C2 CompilerThread2"         daemon [_thread_blocked, id=5092, stack(0x000000fb1a900000,0x000000fb1aa00000) (1024K)]
  0x000002d3ee273ed0 JavaThread "Java indexing"              daemon [_thread_blocked, id=35060, stack(0x000000fb1aa00000,0x000000fb1ab00000) (1024K)]
  0x000002d3ee273840 JavaThread "Worker-2"                          [_thread_blocked, id=25144, stack(0x000000fb1ad00000,0x000000fb1ae00000) (1024K)]
  0x000002d3ee274560 JavaThread "Worker-3"                          [_thread_blocked, id=29652, stack(0x000000fb1ae00000,0x000000fb1af00000) (1024K)]
  0x000002d3ee271770 JavaThread "Thread-2"                   daemon [_thread_in_native, id=23492, stack(0x000000fb1af00000,0x000000fb1b000000) (1024K)]
  0x000002d3ee271e00 JavaThread "Thread-3"                   daemon [_thread_in_native, id=28192, stack(0x000000fb1b000000,0x000000fb1b100000) (1024K)]
  0x000002d3f1111d10 JavaThread "Thread-4"                   daemon [_thread_in_native, id=33156, stack(0x000000fb1b100000,0x000000fb1b200000) (1024K)]
  0x000002d3f1115190 JavaThread "Thread-5"                   daemon [_thread_in_native, id=8128, stack(0x000000fb1b200000,0x000000fb1b300000) (1024K)]
  0x000002d3f1114470 JavaThread "Thread-6"                   daemon [_thread_in_native, id=30132, stack(0x000000fb1b300000,0x000000fb1b400000) (1024K)]
  0x000002d3f1113750 JavaThread "Thread-7"                   daemon [_thread_in_native, id=31764, stack(0x000000fb1b400000,0x000000fb1b500000) (1024K)]
  0x000002d3f1114b00 JavaThread "Thread-8"                   daemon [_thread_in_native, id=22640, stack(0x000000fb1b500000,0x000000fb1b600000) (1024K)]
  0x000002d3f1115820 JavaThread "Thread-9"                   daemon [_thread_in_native, id=35480, stack(0x000000fb1b600000,0x000000fb1b700000) (1024K)]
  0x000002d3f11130c0 JavaThread "Thread-10"                  daemon [_thread_in_native, id=27300, stack(0x000000fb1b700000,0x000000fb1b800000) (1024K)]
  0x000002d3f11123a0 JavaThread "Thread-11"                  daemon [_thread_in_native, id=33560, stack(0x000000fb1b800000,0x000000fb1b900000) (1024K)]
  0x000002d3f1113de0 JavaThread "Thread-12"                  daemon [_thread_in_native, id=26636, stack(0x000000fb1b900000,0x000000fb1ba00000) (1024K)]
  0x000002d3f1115eb0 JavaThread "Thread-13"                  daemon [_thread_in_native, id=34112, stack(0x000000fb1ba00000,0x000000fb1bb00000) (1024K)]
  0x000002d3f1112a30 JavaThread "Thread-14"                  daemon [_thread_in_native, id=35252, stack(0x000000fb1bb00000,0x000000fb1bc00000) (1024K)]
  0x000002d3f1116540 JavaThread "pool-2-thread-1"                   [_thread_blocked, id=27796, stack(0x000000fb1bc00000,0x000000fb1bd00000) (1024K)]
  0x000002d3f1116bd0 JavaThread "Worker-4: Building"                [_thread_blocked, id=35780, stack(0x000000fb1bd00000,0x000000fb1be00000) (1024K)]
  0x000002d3f1118610 JavaThread "Worker-5"                          [_thread_blocked, id=30996, stack(0x000000fb1be00000,0x000000fb1bf00000) (1024K)]
  0x000002d3f1118ca0 JavaThread "WorkspaceEventsHandler"            [_thread_blocked, id=34552, stack(0x000000fb1bf00000,0x000000fb1c000000) (1024K)]
  0x000002d3f1119330 JavaThread "pool-1-thread-1"                   [_thread_blocked, id=35484, stack(0x000000fb1c000000,0x000000fb1c100000) (1024K)]
  0x000002d3f11178f0 JavaThread "Worker-6"                          [_thread_blocked, id=35188, stack(0x000000fb1c100000,0x000000fb1c200000) (1024K)]
  0x000002d3effe18e0 JavaThread "LocalFile Deleter"          daemon [_thread_blocked, id=29716, stack(0x000000fb1c200000,0x000000fb1c300000) (1024K)]
  0x000002d3effe1f70 JavaThread "LocalFile Deleter"          daemon [_thread_blocked, id=31908, stack(0x000000fb1c300000,0x000000fb1c400000) (1024K)]
  0x000002d3effe1250 JavaThread "LocalFile Deleter"          daemon [_thread_blocked, id=7524, stack(0x000000fb1c400000,0x000000fb1c500000) (1024K)]
  0x000002d3effdf180 JavaThread "LocalFile Deleter"          daemon [_thread_blocked, id=28876, stack(0x000000fb1c500000,0x000000fb1c600000) (1024K)]
  0x000002d3effdeaf0 JavaThread "LocalFile Deleter"          daemon [_thread_blocked, id=26924, stack(0x000000fb1c600000,0x000000fb1c700000) (1024K)]
  0x000002d3effdf810 JavaThread "LocalFile Deleter"          daemon [_thread_blocked, id=19292, stack(0x000000fb1c700000,0x000000fb1c800000) (1024K)]
  0x000002d3effe2c90 JavaThread "LocalFile Deleter"          daemon [_thread_blocked, id=27296, stack(0x000000fb1c800000,0x000000fb1c900000) (1024K)]
  0x000002d3effe2600 JavaThread "LocalFile Deleter"          daemon [_thread_blocked, id=22628, stack(0x000000fb1c900000,0x000000fb1ca00000) (1024K)]
  0x000002d3effe3320 JavaThread "LocalFile Deleter"          daemon [_thread_blocked, id=35712, stack(0x000000fb1ca00000,0x000000fb1cb00000) (1024K)]
  0x000002d3effdfea0 JavaThread "LocalFile Deleter"          daemon [_thread_blocked, id=32448, stack(0x000000fb1cb00000,0x000000fb1cc00000) (1024K)]
  0x000002d3effe0bc0 JavaThread "LocalFile Deleter"          daemon [_thread_blocked, id=22792, stack(0x000000fb1cc00000,0x000000fb1cd00000) (1024K)]
  0x000002d3effe39b0 JavaThread "LocalFile Deleter"          daemon [_thread_blocked, id=25504, stack(0x000000fb1cd00000,0x000000fb1ce00000) (1024K)]
  0x000002d3effe0530 JavaThread "Compiler Source File Reader" daemon [_thread_blocked, id=34572, stack(0x000000fb1ce00000,0x000000fb1cf00000) (1024K)]
  0x000002d3effe4040 JavaThread "Compiler Source File Reader" daemon [_thread_blocked, id=20060, stack(0x000000fb1cf00000,0x000000fb1d000000) (1024K)]
  0x000002d3effe46d0 JavaThread "Compiler Source File Reader" daemon [_thread_blocked, id=31400, stack(0x000000fb1d000000,0x000000fb1d100000) (1024K)]
  0x000002d3effe4d60 JavaThread "Compiler Source File Reader" daemon [_thread_blocked, id=29296, stack(0x000000fb1d100000,0x000000fb1d200000) (1024K)]
  0x000002d3effe53f0 JavaThread "Compiler Source File Reader" daemon [_thread_blocked, id=34660, stack(0x000000fb1d200000,0x000000fb1d300000) (1024K)]
  0x000002d3effe5a80 JavaThread "Compiler Source File Reader" daemon [_thread_blocked, id=22972, stack(0x000000fb1d300000,0x000000fb1d400000) (1024K)]
  0x000002d3effe6110 JavaThread "Compiler Source File Reader" daemon [_thread_blocked, id=29056, stack(0x000000fb1d400000,0x000000fb1d500000) (1024K)]
  0x000002d3f0545970 JavaThread "Compiler Source File Reader" daemon [_thread_blocked, id=10676, stack(0x000000fb1d500000,0x000000fb1d600000) (1024K)]
  0x000002d3f0546000 JavaThread "Compiler Source File Reader" daemon [_thread_blocked, id=12748, stack(0x000000fb1d600000,0x000000fb1d700000) (1024K)]
  0x000002d3f05452e0 JavaThread "Compiler Source File Reader" daemon [_thread_blocked, id=33908, stack(0x000000fb1d700000,0x000000fb1d800000) (1024K)]
  0x000002d3f0544c50 JavaThread "Compiler Processing Task"   daemon [_thread_blocked, id=26536, stack(0x000000fb1d800000,0x000000fb1d900000) (1024K)]
  0x000002d3f0549b10 JavaThread "Compiler Class File Writer" daemon [_thread_blocked, id=30272, stack(0x000000fb1d900000,0x000000fb1da00000) (1024K)]
  0x000002d3f05480d0 JavaThread "Compiler Class File Writer" daemon [_thread_blocked, id=31856, stack(0x000000fb1da00000,0x000000fb1db00000) (1024K)]
  0x000002d3f0546d20 JavaThread "Compiler Class File Writer" daemon [_thread_blocked, id=32412, stack(0x000000fb1db00000,0x000000fb1dc00000) (1024K)]
  0x000002d3f054aec0 JavaThread "Compiler Class File Writer" daemon [_thread_blocked, id=22748, stack(0x000000fb1dc00000,0x000000fb1dd00000) (1024K)]
  0x000002d3f0547a40 JavaThread "Compiler Class File Writer" daemon [_thread_blocked, id=23992, stack(0x000000fb1dd00000,0x000000fb1de00000) (1024K)]
  0x000002d3f0548df0 JavaThread "Compiler Class File Writer" daemon [_thread_blocked, id=33864, stack(0x000000fb1de00000,0x000000fb1df00000) (1024K)]
  0x000002d3f0549480 JavaThread "Compiler Class File Writer" daemon [_thread_blocked, id=34500, stack(0x000000fb19300000,0x000000fb19400000) (1024K)]
  0x000002d3f054a830 JavaThread "Compiler Class File Writer" daemon [_thread_blocked, id=27824, stack(0x000000fb1df00000,0x000000fb1e000000) (1024K)]
  0x000002d3f054b550 JavaThread "Compiler Class File Writer" daemon [_thread_blocked, id=31160, stack(0x000000fb1e000000,0x000000fb1e100000) (1024K)]
  0x000002d3f054bbe0 JavaThread "Compiler Class File Writer" daemon [_thread_blocked, id=31120, stack(0x000000fb1e100000,0x000000fb1e200000) (1024K)]
Total: 78

Other Threads:
  0x000002d3e6f55010 VMThread "VM Thread"                           [id=12828, stack(0x000000fb18900000,0x000000fb18a00000) (1024K)]
  0x000002d3e6e4ca10 WatcherThread "VM Periodic Task Thread"        [id=35748, stack(0x000000fb18800000,0x000000fb18900000) (1024K)]
  0x000002d3d2b9a0c0 WorkerThread "GC Thread#0"                     [id=32428, stack(0x000000fb18700000,0x000000fb18800000) (1024K)]
  0x000002d3eda3a4b0 WorkerThread "GC Thread#1"                     [id=35116, stack(0x000000fb19500000,0x000000fb19600000) (1024K)]
  0x000002d3eda3a850 WorkerThread "GC Thread#2"                     [id=25056, stack(0x000000fb19600000,0x000000fb19700000) (1024K)]
  0x000002d3eda3dea0 WorkerThread "GC Thread#3"                     [id=34856, stack(0x000000fb19700000,0x000000fb19800000) (1024K)]
  0x000002d3eda3e240 WorkerThread "GC Thread#4"                     [id=34976, stack(0x000000fb19800000,0x000000fb19900000) (1024K)]
  0x000002d3ed9a5750 WorkerThread "GC Thread#5"                     [id=32872, stack(0x000000fb19900000,0x000000fb19a00000) (1024K)]
  0x000002d3ed9a5af0 WorkerThread "GC Thread#6"                     [id=27184, stack(0x000000fb19a00000,0x000000fb19b00000) (1024K)]
  0x000002d3edffcea0 WorkerThread "GC Thread#7"                     [id=30428, stack(0x000000fb19d00000,0x000000fb19e00000) (1024K)]
  0x000002d3ed4f6c50 WorkerThread "GC Thread#8"                     [id=30396, stack(0x000000fb1a100000,0x000000fb1a200000) (1024K)]
  0x000002d3ee5b8ef0 WorkerThread "GC Thread#9"                     [id=33108, stack(0x000000fb1a200000,0x000000fb1a300000) (1024K)]
Total: 12

Threads with active compile tasks:
C2 CompilerThread0  12477 10270   !   4       org.eclipse.osgi.internal.loader.classpath.ClasspathManager::defineClass (636 bytes)
C2 CompilerThread1  12477 11073       4       org.codehaus.plexus.util.xml.Xpp3DomBuilder::build (413 bytes)
C2 CompilerThread2  12477 11134   !   4       java.io.BufferedInputStream::read (69 bytes)
Total: 3

VM state: at safepoint (normal execution)

VM Mutex/Monitor currently owned by a thread:  ([mutex/lock_event])
[0x00007fffb2eee380] Threads_lock - owner thread: 0x000002d3e6f55010
[0x00007fffb2eee480] Heap_lock - owner thread: 0x000002d3ee273ed0

Heap address: 0x00000000c0000000, size: 1024 MB, Compressed Oops mode: 32-bit

CDS archive(s) mapped at: [0x000002d380000000-0x000002d380ba0000-0x000002d380ba0000), size 12189696, SharedBaseAddress: 0x000002d380000000, ArchiveRelocationMode: 1.
Compressed class space mapped at: 0x000002d381000000-0x000002d3c1000000, reserved size: 1073741824
Narrow klass base: 0x000002d380000000, Narrow klass shift: 0, Narrow klass range: 0x100000000

GC Precious Log:
 CardTable entry size: 512
 CPUs: 12 total, 12 available
 Memory: 7875M
 Large Page Support: Disabled
 NUMA Support: Disabled
 Compressed Oops: Enabled (32-bit)
 Alignments: Space 512K, Generation 512K, Heap 2M
 Heap Min Capacity: 100M
 Heap Initial Capacity: 100M
 Heap Max Capacity: 1G
 Pre-touch: Disabled
 Parallel Workers: 10

Heap:
 PSYoungGen      total 5120K, used 1009K [0x00000000eab00000, 0x00000000eb100000, 0x0000000100000000)
  eden space 4096K, 0% used [0x00000000eab00000,0x00000000eab00000,0x00000000eaf00000)
  from space 1024K, 98% used [0x00000000eaf00000,0x00000000eaffc780,0x00000000eb000000)
  to   space 1024K, 0% used [0x00000000eb000000,0x00000000eb000000,0x00000000eb100000)
 ParOldGen       total 224768K, used 224755K [0x00000000c0000000, 0x00000000cdb80000, 0x00000000eab00000)
  object space 224768K, 99% used [0x00000000c0000000,0x00000000cdb7ce30,0x00000000cdb80000)
 Metaspace       used 60262K, committed 61696K, reserved 1114112K
  class space    used 6152K, committed 6784K, reserved 1048576K

Card table byte_map: [0x000002d3d2520000,0x000002d3d2730000] _byte_map_base: 0x000002d3d1f20000

Marking Bits: (ParMarkBitMap*) 0x00007fffb2ef3260
 Begin Bits: [0x000002d3e4d70000, 0x000002d3e5d70000)
 End Bits:   [0x000002d3e5d70000, 0x000002d3e6d70000)

Polling page: 0x000002d3d09f0000

Metaspace:

Usage:
  Non-class:     52.84 MB used.
      Class:      6.01 MB used.
       Both:     58.85 MB used.

Virtual space:
  Non-class space:       64.00 MB reserved,      53.62 MB ( 84%) committed,  1 nodes.
      Class space:        1.00 GB reserved,       6.62 MB ( <1%) committed,  1 nodes.
             Both:        1.06 GB reserved,      60.25 MB (  6%) committed. 

Chunk freelists:
   Non-Class:  10.05 MB
       Class:  9.40 MB
        Both:  19.44 MB

MaxMetaspaceSize: unlimited
CompressedClassSpaceSize: 1.00 GB
Initial GC threshold: 21.00 MB
Current GC threshold: 97.31 MB
CDS: on
 - commit_granule_bytes: 65536.
 - commit_granule_words: 8192.
 - virtual_space_node_default_size: 8388608.
 - enlarge_chunks_in_place: 1.
 - use_allocation_guard: 0.


Internal statistics:

num_allocs_failed_limit: 9.
num_arena_births: 1182.
num_arena_deaths: 14.
num_vsnodes_births: 2.
num_vsnodes_deaths: 0.
num_space_committed: 964.
num_space_uncommitted: 0.
num_chunks_returned_to_freelist: 23.
num_chunks_taken_from_freelist: 4013.
num_chunk_merges: 9.
num_chunk_splits: 2466.
num_chunks_enlarged: 1378.
num_inconsistent_stats: 0.

CodeHeap 'non-profiled nmethods': size=120000Kb used=6681Kb max_used=6681Kb free=113318Kb
 bounds [0x000002d3dd840000, 0x000002d3dded0000, 0x000002d3e4d70000]
CodeHeap 'profiled nmethods': size=120000Kb used=22638Kb max_used=22638Kb free=97361Kb
 bounds [0x000002d3d5d70000, 0x000002d3d7390000, 0x000002d3dd2a0000]
CodeHeap 'non-nmethods': size=5760Kb used=1431Kb max_used=1527Kb free=4328Kb
 bounds [0x000002d3dd2a0000, 0x000002d3dd510000, 0x000002d3dd840000]
 total_blobs=11056 nmethods=10318 adapters=643
 compilation: enabled
              stopped_count=0, restarted_count=0
 full_count=0

Compilation events (20 events):
Event: 11.425 Thread 0x000002d3ed021b60 nmethod 11112 0x000002d3ddec1f10 code [0x000002d3ddec2080, 0x000002d3ddec2168]
Event: 11.425 Thread 0x000002d3ed021b60 11125   !   4       org.apache.maven.model.Plugin::clone (204 bytes)
Event: 11.428 Thread 0x000002d3ed020dc0 nmethod 11130 0x000002d3d737c690 code [0x000002d3d737cd80, 0x000002d3d7380e98]
Event: 11.428 Thread 0x000002d3ed020dc0 11124       3       org.apache.maven.model.interpolation.StringVisitorModelInterpolator$ModelVisitor::visit (118 bytes)
Event: 11.429 Thread 0x000002d3ed020dc0 nmethod 11124 0x000002d3d7382410 code [0x000002d3d73826a0, 0x000002d3d7383790]
Event: 11.429 Thread 0x000002d3ed020dc0 11132       3       java.util.Vector::<init> (49 bytes)
Event: 11.430 Thread 0x000002d3ed020dc0 nmethod 11132 0x000002d3d7383c90 code [0x000002d3d7383ee0, 0x000002d3d73846b0]
Event: 11.430 Thread 0x000002d3ed020dc0 11135       3       org.apache.maven.model.Reporting::setLocation (186 bytes)
Event: 11.431 Thread 0x000002d3ed020dc0 nmethod 11135 0x000002d3d7384a10 code [0x000002d3d7384ce0, 0x000002d3d7385d38]
Event: 11.431 Thread 0x000002d3ed020dc0 11126   !   3       org.apache.maven.model.ActivationFile::clone (73 bytes)
Event: 11.431 Thread 0x000002d3ed020dc0 nmethod 11126 0x000002d3d7386110 code [0x000002d3d73863c0, 0x000002d3d7387080]
Event: 11.431 Thread 0x000002d3ed020dc0 11128       3       org.apache.maven.model.Organization::getLocation (147 bytes)
Event: 11.432 Thread 0x000002d3ed020dc0 nmethod 11128 0x000002d3d7387610 code [0x000002d3d7387880, 0x000002d3d7388448]
Event: 11.432 Thread 0x000002d3ed020dc0 11121       3       org.eclipse.aether.resolution.VersionRangeRequest::setArtifact (7 bytes)
Event: 11.432 Thread 0x000002d3ed020dc0 nmethod 11121 0x000002d3d7388690 code [0x000002d3d7388820, 0x000002d3d7388948]
Event: 11.432 Thread 0x000002d3ed020dc0 11120       1       org.apache.maven.model.ReportPlugin::setReportSets (6 bytes)
Event: 11.432 Thread 0x000002d3ed020dc0 nmethod 11120 0x000002d3ddec2210 code [0x000002d3ddec23a0, 0x000002d3ddec2480]
Event: 11.432 Thread 0x000002d3ed020dc0 11133       1       org.apache.maven.model.ReportSet::getId (5 bytes)
Event: 11.433 Thread 0x000002d3ed020dc0 nmethod 11133 0x000002d3ddec2510 code [0x000002d3ddec26a0, 0x000002d3ddec2768]
Event: 11.433 Thread 0x000002d3ed020dc0 11137       3       org.apache.maven.model.interpolation.StringVisitorModelInterpolator$ModelVisitor::visit (58 bytes)

GC Heap History (20 events):
Event: 11.323 GC heap after
{Heap after GC invocations=202 (full 3):
 PSYoungGen      total 4096K, used 819K [0x00000000eab00000, 0x00000000eb000000, 0x0000000100000000)
  eden space 3072K, 0% used [0x00000000eab00000,0x00000000eab00000,0x00000000eae00000)
  from space 1024K, 80% used [0x00000000eae00000,0x00000000eaeccdd0,0x00000000eaf00000)
  to   space 1024K, 0% used [0x00000000eaf00000,0x00000000eaf00000,0x00000000eb000000)
 ParOldGen       total 217088K, used 217066K [0x00000000c0000000, 0x00000000cd400000, 0x00000000eab00000)
  object space 217088K, 99% used [0x00000000c0000000,0x00000000cd3fa8c0,0x00000000cd400000)
 Metaspace       used 60048K, committed 61440K, reserved 1114112K
  class space    used 6121K, committed 6720K, reserved 1048576K
}
Event: 11.333 GC heap before
{Heap before GC invocations=203 (full 3):
 PSYoungGen      total 4096K, used 3891K [0x00000000eab00000, 0x00000000eb000000, 0x0000000100000000)
  eden space 3072K, 100% used [0x00000000eab00000,0x00000000eae00000,0x00000000eae00000)
  from space 1024K, 80% used [0x00000000eae00000,0x00000000eaeccdd0,0x00000000eaf00000)
  to   space 1024K, 0% used [0x00000000eaf00000,0x00000000eaf00000,0x00000000eb000000)
 ParOldGen       total 217088K, used 217066K [0x00000000c0000000, 0x00000000cd400000, 0x00000000eab00000)
  object space 217088K, 99% used [0x00000000c0000000,0x00000000cd3fa8c0,0x00000000cd400000)
 Metaspace       used 60048K, committed 61440K, reserved 1114112K
  class space    used 6121K, committed 6720K, reserved 1048576K
}
Event: 11.335 GC heap after
{Heap after GC invocations=203 (full 3):
 PSYoungGen      total 4096K, used 928K [0x00000000eab00000, 0x00000000eb000000, 0x0000000100000000)
  eden space 3072K, 0% used [0x00000000eab00000,0x00000000eab00000,0x00000000eae00000)
  from space 1024K, 90% used [0x00000000eaf00000,0x00000000eafe8198,0x00000000eb000000)
  to   space 1024K, 0% used [0x00000000eae00000,0x00000000eae00000,0x00000000eaf00000)
 ParOldGen       total 218112K, used 217736K [0x00000000c0000000, 0x00000000cd500000, 0x00000000eab00000)
  object space 218112K, 99% used [0x00000000c0000000,0x00000000cd4a2180,0x00000000cd500000)
 Metaspace       used 60048K, committed 61440K, reserved 1114112K
  class space    used 6121K, committed 6720K, reserved 1048576K
}
Event: 11.342 GC heap before
{Heap before GC invocations=204 (full 3):
 PSYoungGen      total 4096K, used 4000K [0x00000000eab00000, 0x00000000eb000000, 0x0000000100000000)
  eden space 3072K, 100% used [0x00000000eab00000,0x00000000eae00000,0x00000000eae00000)
  from space 1024K, 90% used [0x00000000eaf00000,0x00000000eafe8198,0x00000000eb000000)
  to   space 1024K, 0% used [0x00000000eae00000,0x00000000eae00000,0x00000000eaf00000)
 ParOldGen       total 218112K, used 217736K [0x00000000c0000000, 0x00000000cd500000, 0x00000000eab00000)
  object space 218112K, 99% used [0x00000000c0000000,0x00000000cd4a2180,0x00000000cd500000)
 Metaspace       used 60064K, committed 61440K, reserved 1114112K
  class space    used 6122K, committed 6720K, reserved 1048576K
}
Event: 11.343 GC heap after
{Heap after GC invocations=204 (full 3):
 PSYoungGen      total 4096K, used 736K [0x00000000eab00000, 0x00000000eb000000, 0x0000000100000000)
  eden space 3072K, 0% used [0x00000000eab00000,0x00000000eab00000,0x00000000eae00000)
  from space 1024K, 71% used [0x00000000eae00000,0x00000000eaeb8000,0x00000000eaf00000)
  to   space 1024K, 0% used [0x00000000eaf00000,0x00000000eaf00000,0x00000000eb000000)
 ParOldGen       total 218624K, used 218385K [0x00000000c0000000, 0x00000000cd580000, 0x00000000eab00000)
  object space 218624K, 99% used [0x00000000c0000000,0x00000000cd5444a0,0x00000000cd580000)
 Metaspace       used 60064K, committed 61440K, reserved 1114112K
  class space    used 6122K, committed 6720K, reserved 1048576K
}
Event: 11.354 GC heap before
{Heap before GC invocations=205 (full 3):
 PSYoungGen      total 4096K, used 3808K [0x00000000eab00000, 0x00000000eb000000, 0x0000000100000000)
  eden space 3072K, 100% used [0x00000000eab00000,0x00000000eae00000,0x00000000eae00000)
  from space 1024K, 71% used [0x00000000eae00000,0x00000000eaeb8000,0x00000000eaf00000)
  to   space 1024K, 0% used [0x00000000eaf00000,0x00000000eaf00000,0x00000000eb000000)
 ParOldGen       total 218624K, used 218385K [0x00000000c0000000, 0x00000000cd580000, 0x00000000eab00000)
  object space 218624K, 99% used [0x00000000c0000000,0x00000000cd5444a0,0x00000000cd580000)
 Metaspace       used 60103K, committed 61504K, reserved 1114112K
  class space    used 6127K, committed 6784K, reserved 1048576K
}
Event: 11.356 GC heap after
{Heap after GC invocations=205 (full 3):
 PSYoungGen      total 4096K, used 832K [0x00000000eab00000, 0x00000000eb000000, 0x0000000100000000)
  eden space 3072K, 0% used [0x00000000eab00000,0x00000000eab00000,0x00000000eae00000)
  from space 1024K, 81% used [0x00000000eaf00000,0x00000000eafd0000,0x00000000eb000000)
  to   space 1024K, 0% used [0x00000000eae00000,0x00000000eae00000,0x00000000eaf00000)
 ParOldGen       total 219136K, used 219047K [0x00000000c0000000, 0x00000000cd600000, 0x00000000eab00000)
  object space 219136K, 99% used [0x00000000c0000000,0x00000000cd5e9c00,0x00000000cd600000)
 Metaspace       used 60103K, committed 61504K, reserved 1114112K
  class space    used 6127K, committed 6784K, reserved 1048576K
}
Event: 11.371 GC heap before
{Heap before GC invocations=206 (full 3):
 PSYoungGen      total 4096K, used 3904K [0x00000000eab00000, 0x00000000eb000000, 0x0000000100000000)
  eden space 3072K, 100% used [0x00000000eab00000,0x00000000eae00000,0x00000000eae00000)
  from space 1024K, 81% used [0x00000000eaf00000,0x00000000eafd0000,0x00000000eb000000)
  to   space 1024K, 0% used [0x00000000eae00000,0x00000000eae00000,0x00000000eaf00000)
 ParOldGen       total 219136K, used 219047K [0x00000000c0000000, 0x00000000cd600000, 0x00000000eab00000)
  object space 219136K, 99% used [0x00000000c0000000,0x00000000cd5e9c00,0x00000000cd600000)
 Metaspace       used 60168K, committed 61568K, reserved 1114112K
  class space    used 6140K, committed 6784K, reserved 1048576K
}
Event: 11.372 GC heap after
{Heap after GC invocations=206 (full 3):
 PSYoungGen      total 4096K, used 849K [0x00000000eab00000, 0x00000000eb000000, 0x0000000100000000)
  eden space 3072K, 0% used [0x00000000eab00000,0x00000000eab00000,0x00000000eae00000)
  from space 1024K, 82% used [0x00000000eae00000,0x00000000eaed4770,0x00000000eaf00000)
  to   space 1024K, 0% used [0x00000000eaf00000,0x00000000eaf00000,0x00000000eb000000)
 ParOldGen       total 220160K, used 219733K [0x00000000c0000000, 0x00000000cd700000, 0x00000000eab00000)
  object space 220160K, 99% used [0x00000000c0000000,0x00000000cd695750,0x00000000cd700000)
 Metaspace       used 60168K, committed 61568K, reserved 1114112K
  class space    used 6140K, committed 6784K, reserved 1048576K
}
Event: 11.389 GC heap before
{Heap before GC invocations=207 (full 3):
 PSYoungGen      total 4096K, used 3921K [0x00000000eab00000, 0x00000000eb000000, 0x0000000100000000)
  eden space 3072K, 100% used [0x00000000eab00000,0x00000000eae00000,0x00000000eae00000)
  from space 1024K, 82% used [0x00000000eae00000,0x00000000eaed4770,0x00000000eaf00000)
  to   space 1024K, 0% used [0x00000000eaf00000,0x00000000eaf00000,0x00000000eb000000)
 ParOldGen       total 220160K, used 219733K [0x00000000c0000000, 0x00000000cd700000, 0x00000000eab00000)
  object space 220160K, 99% used [0x00000000c0000000,0x00000000cd695750,0x00000000cd700000)
 Metaspace       used 60215K, committed 61632K, reserved 1114112K
  class space    used 6148K, committed 6784K, reserved 1048576K
}
Event: 11.390 GC heap after
{Heap after GC invocations=207 (full 3):
 PSYoungGen      total 4096K, used 832K [0x00000000eab00000, 0x00000000eb000000, 0x0000000100000000)
  eden space 3072K, 0% used [0x00000000eab00000,0x00000000eab00000,0x00000000eae00000)
  from space 1024K, 81% used [0x00000000eaf00000,0x00000000eafd0000,0x00000000eb000000)
  to   space 1024K, 0% used [0x00000000eae00000,0x00000000eae00000,0x00000000eaf00000)
 ParOldGen       total 220672K, used 220418K [0x00000000c0000000, 0x00000000cd780000, 0x00000000eab00000)
  object space 220672K, 99% used [0x00000000c0000000,0x00000000cd7408b8,0x00000000cd780000)
 Metaspace       used 60215K, committed 61632K, reserved 1114112K
  class space    used 6148K, committed 6784K, reserved 1048576K
}
Event: 11.398 GC heap before
{Heap before GC invocations=208 (full 3):
 PSYoungGen      total 4096K, used 3904K [0x00000000eab00000, 0x00000000eb000000, 0x0000000100000000)
  eden space 3072K, 100% used [0x00000000eab00000,0x00000000eae00000,0x00000000eae00000)
  from space 1024K, 81% used [0x00000000eaf00000,0x00000000eafd0000,0x00000000eb000000)
  to   space 1024K, 0% used [0x00000000eae00000,0x00000000eae00000,0x00000000eaf00000)
 ParOldGen       total 220672K, used 220418K [0x00000000c0000000, 0x00000000cd780000, 0x00000000eab00000)
  object space 220672K, 99% used [0x00000000c0000000,0x00000000cd7408b8,0x00000000cd780000)
 Metaspace       used 60235K, committed 61632K, reserved 1114112K
  class space    used 6151K, committed 6784K, reserved 1048576K
}
Event: 11.400 GC heap after
{Heap after GC invocations=208 (full 3):
 PSYoungGen      total 4096K, used 884K [0x00000000eab00000, 0x00000000eb000000, 0x0000000100000000)
  eden space 3072K, 0% used [0x00000000eab00000,0x00000000eab00000,0x00000000eae00000)
  from space 1024K, 86% used [0x00000000eae00000,0x00000000eaedd140,0x00000000eaf00000)
  to   space 1024K, 0% used [0x00000000eaf00000,0x00000000eaf00000,0x00000000eb000000)
 ParOldGen       total 221184K, used 221090K [0x00000000c0000000, 0x00000000cd800000, 0x00000000eab00000)
  object space 221184K, 99% used [0x00000000c0000000,0x00000000cd7e8938,0x00000000cd800000)
 Metaspace       used 60235K, committed 61632K, reserved 1114112K
  class space    used 6151K, committed 6784K, reserved 1048576K
}
Event: 11.407 GC heap before
{Heap before GC invocations=209 (full 3):
 PSYoungGen      total 4096K, used 3953K [0x00000000eab00000, 0x00000000eb000000, 0x0000000100000000)
  eden space 3072K, 99% used [0x00000000eab00000,0x00000000eadff618,0x00000000eae00000)
  from space 1024K, 86% used [0x00000000eae00000,0x00000000eaedd140,0x00000000eaf00000)
  to   space 1024K, 0% used [0x00000000eaf00000,0x00000000eaf00000,0x00000000eb000000)
 ParOldGen       total 221184K, used 221090K [0x00000000c0000000, 0x00000000cd800000, 0x00000000eab00000)
  object space 221184K, 99% used [0x00000000c0000000,0x00000000cd7e8938,0x00000000cd800000)
 Metaspace       used 60238K, committed 61632K, reserved 1114112K
  class space    used 6151K, committed 6784K, reserved 1048576K
}
Event: 11.408 GC heap after
{Heap after GC invocations=209 (full 3):
 PSYoungGen      total 4096K, used 864K [0x00000000eab00000, 0x00000000eb000000, 0x0000000100000000)
  eden space 3072K, 0% used [0x00000000eab00000,0x00000000eab00000,0x00000000eae00000)
  from space 1024K, 84% used [0x00000000eaf00000,0x00000000eafd8000,0x00000000eb000000)
  to   space 1024K, 0% used [0x00000000eae00000,0x00000000eae00000,0x00000000eaf00000)
 ParOldGen       total 222208K, used 221697K [0x00000000c0000000, 0x00000000cd900000, 0x00000000eab00000)
  object space 222208K, 99% used [0x00000000c0000000,0x00000000cd880520,0x00000000cd900000)
 Metaspace       used 60238K, committed 61632K, reserved 1114112K
  class space    used 6151K, committed 6784K, reserved 1048576K
}
Event: 11.416 GC heap before
{Heap before GC invocations=210 (full 3):
 PSYoungGen      total 4096K, used 3936K [0x00000000eab00000, 0x00000000eb000000, 0x0000000100000000)
  eden space 3072K, 100% used [0x00000000eab00000,0x00000000eae00000,0x00000000eae00000)
  from space 1024K, 84% used [0x00000000eaf00000,0x00000000eafd8000,0x00000000eb000000)
  to   space 1024K, 0% used [0x00000000eae00000,0x00000000eae00000,0x00000000eaf00000)
 ParOldGen       total 222208K, used 221697K [0x00000000c0000000, 0x00000000cd900000, 0x00000000eab00000)
  object space 222208K, 99% used [0x00000000c0000000,0x00000000cd880520,0x00000000cd900000)
 Metaspace       used 60252K, committed 61696K, reserved 1114112K
  class space    used 6151K, committed 6784K, reserved 1048576K
}
Event: 11.418 GC heap after
{Heap after GC invocations=210 (full 3):
 PSYoungGen      total 4096K, used 768K [0x00000000eab00000, 0x00000000eb000000, 0x0000000100000000)
  eden space 3072K, 0% used [0x00000000eab00000,0x00000000eab00000,0x00000000eae00000)
  from space 1024K, 75% used [0x00000000eae00000,0x00000000eaec0000,0x00000000eaf00000)
  to   space 1024K, 0% used [0x00000000eaf00000,0x00000000eaf00000,0x00000000eb000000)
 ParOldGen       total 222720K, used 222314K [0x00000000c0000000, 0x00000000cd980000, 0x00000000eab00000)
  object space 222720K, 99% used [0x00000000c0000000,0x00000000cd91ab50,0x00000000cd980000)
 Metaspace       used 60252K, committed 61696K, reserved 1114112K
  class space    used 6151K, committed 6784K, reserved 1048576K
}
Event: 11.423 GC heap before
{Heap before GC invocations=211 (full 3):
 PSYoungGen      total 4096K, used 3840K [0x00000000eab00000, 0x00000000eb000000, 0x0000000100000000)
  eden space 3072K, 100% used [0x00000000eab00000,0x00000000eae00000,0x00000000eae00000)
  from space 1024K, 75% used [0x00000000eae00000,0x00000000eaec0000,0x00000000eaf00000)
  to   space 1024K, 0% used [0x00000000eaf00000,0x00000000eaf00000,0x00000000eb000000)
 ParOldGen       total 222720K, used 222314K [0x00000000c0000000, 0x00000000cd980000, 0x00000000eab00000)
  object space 222720K, 99% used [0x00000000c0000000,0x00000000cd91ab50,0x00000000cd980000)
 Metaspace       used 60252K, committed 61696K, reserved 1114112K
  class space    used 6151K, committed 6784K, reserved 1048576K
}
Event: 11.424 GC heap after
{Heap after GC invocations=211 (full 3):
 PSYoungGen      total 4096K, used 921K [0x00000000eab00000, 0x00000000eb000000, 0x0000000100000000)
  eden space 3072K, 0% used [0x00000000eab00000,0x00000000eab00000,0x00000000eae00000)
  from space 1024K, 90% used [0x00000000eaf00000,0x00000000eafe67e0,0x00000000eb000000)
  to   space 1024K, 0% used [0x00000000eae00000,0x00000000eae00000,0x00000000eaf00000)
 ParOldGen       total 223232K, used 222818K [0x00000000c0000000, 0x00000000cda00000, 0x00000000eab00000)
  object space 223232K, 99% used [0x00000000c0000000,0x00000000cd998b50,0x00000000cda00000)
 Metaspace       used 60252K, committed 61696K, reserved 1114112K
  class space    used 6151K, committed 6784K, reserved 1048576K
}
Event: 11.433 GC heap before
{Heap before GC invocations=212 (full 3):
 PSYoungGen      total 4096K, used 3993K [0x00000000eab00000, 0x00000000eb000000, 0x0000000100000000)
  eden space 3072K, 100% used [0x00000000eab00000,0x00000000eae00000,0x00000000eae00000)
  from space 1024K, 90% used [0x00000000eaf00000,0x00000000eafe67e0,0x00000000eb000000)
  to   space 1024K, 0% used [0x00000000eae00000,0x00000000eae00000,0x00000000eaf00000)
 ParOldGen       total 223232K, used 222818K [0x00000000c0000000, 0x00000000cda00000, 0x00000000eab00000)
  object space 223232K, 99% used [0x00000000c0000000,0x00000000cd998b50,0x00000000cda00000)
 Metaspace       used 60255K, committed 61696K, reserved 1114112K
  class space    used 6151K, committed 6784K, reserved 1048576K
}

Dll operation events (10 events):
Event: 0.011 Loaded shared library c:\Users\lucia\.vscode\extensions\redhat.java-1.41.1-win32-x64\jre\21.0.6-win32-x86_64\bin\java.dll
Event: 0.086 Loaded shared library c:\Users\lucia\.vscode\extensions\redhat.java-1.41.1-win32-x64\jre\21.0.6-win32-x86_64\bin\zip.dll
Event: 0.110 Loaded shared library C:\Users\lucia\.vscode\extensions\redhat.java-1.41.1-win32-x64\jre\21.0.6-win32-x86_64\bin\instrument.dll
Event: 0.117 Loaded shared library C:\Users\lucia\.vscode\extensions\redhat.java-1.41.1-win32-x64\jre\21.0.6-win32-x86_64\bin\net.dll
Event: 0.121 Loaded shared library C:\Users\lucia\.vscode\extensions\redhat.java-1.41.1-win32-x64\jre\21.0.6-win32-x86_64\bin\nio.dll
Event: 0.125 Loaded shared library C:\Users\lucia\.vscode\extensions\redhat.java-1.41.1-win32-x64\jre\21.0.6-win32-x86_64\bin\zip.dll
Event: 0.149 Loaded shared library C:\Users\lucia\.vscode\extensions\redhat.java-1.41.1-win32-x64\jre\21.0.6-win32-x86_64\bin\jimage.dll
Event: 0.237 Loaded shared library c:\Users\lucia\.vscode\extensions\redhat.java-1.41.1-win32-x64\jre\21.0.6-win32-x86_64\bin\verify.dll
Event: 1.434 Loaded shared library C:\Users\lucia\AppData\Roaming\Code\User\globalStorage\redhat.java\1.41.1\config_win\org.eclipse.equinox.launcher\org.eclipse.equinox.launcher.win32.win32.x86_64_1.2.1300.v20250331-1702\eclipse_11911.dll
Event: 2.959 Loaded shared library C:\Users\lucia\AppData\Local\Temp\jna-103324306\jna11026786627625652581.dll

Deoptimization events (20 events):
Event: 11.422 Thread 0x000002d3fa44a140 Uncommon trap: trap_request=0xffffffd6 fr.pc=0x000002d3ddec1cb4 relative=0x0000000000000214
Event: 11.422 Thread 0x000002d3fa44a140 Uncommon trap: reason=array_check action=maybe_recompile pc=0x000002d3ddec1cb4 method=java.util.HashMap.keysToArray([Ljava/lang/Object;)[Ljava/lang/Object; @ 62 c2
Event: 11.422 Thread 0x000002d3fa44a140 DEOPT PACKING pc=0x000002d3ddec1cb4 sp=0x000000fb1e6fe050
Event: 11.422 Thread 0x000002d3fa44a140 DEOPT UNPACKING pc=0x000002d3dd2f3aa2 sp=0x000000fb1e6fdfc8 mode 2
Event: 11.423 Thread 0x000002d3fa44a140 Uncommon trap: trap_request=0xffffffd6 fr.pc=0x000002d3ddec1cb4 relative=0x0000000000000214
Event: 11.423 Thread 0x000002d3fa44a140 Uncommon trap: reason=array_check action=maybe_recompile pc=0x000002d3ddec1cb4 method=java.util.HashMap.keysToArray([Ljava/lang/Object;)[Ljava/lang/Object; @ 62 c2
Event: 11.423 Thread 0x000002d3fa44a140 DEOPT PACKING pc=0x000002d3ddec1cb4 sp=0x000000fb1e6fe050
Event: 11.423 Thread 0x000002d3fa44a140 DEOPT UNPACKING pc=0x000002d3dd2f3aa2 sp=0x000000fb1e6fdfc8 mode 2
Event: 11.423 Thread 0x000002d3fa44a140 Uncommon trap: trap_request=0xffffffd6 fr.pc=0x000002d3ddec1cb4 relative=0x0000000000000214
Event: 11.423 Thread 0x000002d3fa44a140 Uncommon trap: reason=array_check action=maybe_recompile pc=0x000002d3ddec1cb4 method=java.util.HashMap.keysToArray([Ljava/lang/Object;)[Ljava/lang/Object; @ 62 c2
Event: 11.423 Thread 0x000002d3fa44a140 DEOPT PACKING pc=0x000002d3ddec1cb4 sp=0x000000fb1e6fdfb0
Event: 11.423 Thread 0x000002d3fa44a140 DEOPT UNPACKING pc=0x000002d3dd2f3aa2 sp=0x000000fb1e6fdf28 mode 2
Event: 11.423 Thread 0x000002d3fa44a140 Uncommon trap: trap_request=0xffffffd6 fr.pc=0x000002d3ddec1cb4 relative=0x0000000000000214
Event: 11.423 Thread 0x000002d3fa44a140 Uncommon trap: reason=array_check action=maybe_recompile pc=0x000002d3ddec1cb4 method=java.util.HashMap.keysToArray([Ljava/lang/Object;)[Ljava/lang/Object; @ 62 c2
Event: 11.423 Thread 0x000002d3fa44a140 DEOPT PACKING pc=0x000002d3ddec1cb4 sp=0x000000fb1e6fdfb0
Event: 11.423 Thread 0x000002d3fa44a140 DEOPT UNPACKING pc=0x000002d3dd2f3aa2 sp=0x000000fb1e6fdf28 mode 2
Event: 11.428 Thread 0x000002d3fa44a7d0 Uncommon trap: trap_request=0xffffff45 fr.pc=0x000002d3dde7002c relative=0x00000000000001ec
Event: 11.428 Thread 0x000002d3fa44a7d0 Uncommon trap: reason=unstable_if action=reinterpret pc=0x000002d3dde7002c method=org.codehaus.plexus.util.xml.pull.MXParser.printable(I)Ljava/lang/String; @ 23 c2
Event: 11.428 Thread 0x000002d3fa44a7d0 DEOPT PACKING pc=0x000002d3dde7002c sp=0x000000fb1e3fded0
Event: 11.428 Thread 0x000002d3fa44a7d0 DEOPT UNPACKING pc=0x000002d3dd2f3aa2 sp=0x000000fb1e3fde60 mode 2

Classes loaded (20 events):
Event: 8.379 Loading class java/util/stream/Nodes$IntFixedNodeBuilder
Event: 8.380 Loading class java/util/stream/Node$Builder$OfInt
Event: 8.380 Loading class java/util/stream/Sink$OfInt
Event: 8.380 Loading class java/util/stream/Sink$OfInt done
Event: 8.380 Loading class java/util/stream/Node$Builder$OfInt done
Event: 8.380 Loading class java/util/stream/Nodes$IntArrayNode
Event: 8.380 Loading class java/util/stream/Nodes$IntArrayNode done
Event: 8.380 Loading class java/util/stream/Nodes$IntFixedNodeBuilder done
Event: 8.380 Loading class java/util/stream/ReferencePipeline$4$1
Event: 8.381 Loading class java/util/stream/ReferencePipeline$4$1 done
Event: 9.531 Loading class java/util/stream/IntPipeline$Head
Event: 9.532 Loading class java/util/stream/IntPipeline$Head done
Event: 9.597 Loading class java/util/stream/Streams$RangeIntSpliterator
Event: 9.597 Loading class java/util/stream/Streams$RangeIntSpliterator done
Event: 11.054 Loading class java/util/stream/DistinctOps
Event: 11.054 Loading class java/util/stream/DistinctOps done
Event: 11.055 Loading class java/util/stream/DistinctOps$1
Event: 11.055 Loading class java/util/stream/DistinctOps$1 done
Event: 11.057 Loading class java/util/stream/DistinctOps$1$2
Event: 11.057 Loading class java/util/stream/DistinctOps$1$2 done

Classes unloaded (7 events):
Event: 3.572 Thread 0x000002d3e6f55010 Unloading class 0x000002d38119cc00 'java/lang/invoke/LambdaForm$MH+0x000002d38119cc00'
Event: 3.572 Thread 0x000002d3e6f55010 Unloading class 0x000002d38119c800 'java/lang/invoke/LambdaForm$MH+0x000002d38119c800'
Event: 3.572 Thread 0x000002d3e6f55010 Unloading class 0x000002d38119c400 'java/lang/invoke/LambdaForm$MH+0x000002d38119c400'
Event: 3.572 Thread 0x000002d3e6f55010 Unloading class 0x000002d38119c000 'java/lang/invoke/LambdaForm$MH+0x000002d38119c000'
Event: 3.572 Thread 0x000002d3e6f55010 Unloading class 0x000002d38119bc00 'java/lang/invoke/LambdaForm$BMH+0x000002d38119bc00'
Event: 3.572 Thread 0x000002d3e6f55010 Unloading class 0x000002d38119b800 'java/lang/invoke/LambdaForm$DMH+0x000002d38119b800'
Event: 3.572 Thread 0x000002d3e6f55010 Unloading class 0x000002d38119a400 'java/lang/invoke/LambdaForm$DMH+0x000002d38119a400'

Classes redefined (0 events):
No events

Internal exceptions (20 events):
Event: 8.315 Thread 0x000002d3f1116bd0 Exception <a 'java/lang/NoSuchMethodError'{0x00000000eb2b6b40}: 'java.lang.Object java.lang.invoke.DirectMethodHandle$Holder.newInvokeSpecial(java.lang.Object, java.lang.Object, int, int, java.lang.Object)'> (0x00000000eb2b6b40) 
thrown [s\src\hotspot\share\interpreter\linkResolver.cpp, line 773]
Event: 8.589 Thread 0x000002d3f0544c50 Implicit null exception at 0x000002d3ddb34c46 to 0x000002d3ddb34c8f
Event: 8.843 Thread 0x000002d3f1116bd0 Exception <a 'sun/nio/fs/WindowsException'{0x00000000eb392368}> (0x00000000eb392368) 
thrown [s\src\hotspot\share\prims\jni.cpp, line 520]
Event: 8.843 Thread 0x000002d3effe18e0 Exception <a 'sun/nio/fs/WindowsException'{0x00000000eb3c4a18}> (0x00000000eb3c4a18) 
thrown [s\src\hotspot\share\prims\jni.cpp, line 520]
Event: 8.844 Thread 0x000002d3effe1f70 Exception <a 'sun/nio/fs/WindowsException'{0x00000000eb3c9fb8}> (0x00000000eb3c9fb8) 
thrown [s\src\hotspot\share\prims\jni.cpp, line 520]
Event: 9.226 Thread 0x000002d3f1116bd0 Exception <a 'sun/nio/fs/WindowsException'{0x00000000eb093b60}> (0x00000000eb093b60) 
thrown [s\src\hotspot\share\prims\jni.cpp, line 520]
Event: 9.226 Thread 0x000002d3f1116bd0 Exception <a 'sun/nio/fs/WindowsException'{0x00000000eb094278}> (0x00000000eb094278) 
thrown [s\src\hotspot\share\prims\jni.cpp, line 520]
Event: 9.532 Thread 0x000002d3f1116bd0 Exception <a 'java/lang/NoSuchMethodError'{0x00000000eaf2c8b8}: 'void java.lang.invoke.DirectMethodHandle$Holder.invokeStatic(java.lang.Object, java.lang.Object, java.lang.Object, int)'> (0x00000000eaf2c8b8) 
thrown [s\src\hotspot\share\interpreter\linkResolver.cpp, line 773]
Event: 9.543 Thread 0x000002d3f1116bd0 Exception <a 'java/lang/NoSuchMethodError'{0x00000000eac81fc8}: 'void java.lang.invoke.DirectMethodHandle$Holder.invokeVirtual(java.lang.Object, java.lang.Object, int)'> (0x00000000eac81fc8) 
thrown [s\src\hotspot\share\interpreter\linkResolver.cpp, line 773]
Event: 10.476 Thread 0x000002d3f1116bd0 Exception <a 'java/lang/NoSuchMethodError'{0x00000000eadbc6c8}: 'void java.lang.invoke.DirectMethodHandle$Holder.invokeInterface(java.lang.Object, java.lang.Object)'> (0x00000000eadbc6c8) 
thrown [s\src\hotspot\share\interpreter\linkResolver.cpp, line 773]
Event: 11.059 Thread 0x000002d3f1116bd0 Exception <a 'java/lang/NoSuchMethodError'{0x00000000eadc5fb0}: 'java.lang.Object java.lang.invoke.DirectMethodHandle$Holder.newInvokeSpecial(java.lang.Object, java.lang.Object, int, java.lang.Object, java.lang.Object)'> (0x00000000eadc5fb0) 
thrown [s\src\hotspot\share\interpreter\linkResolver.cpp, line 773]
Event: 11.062 Thread 0x000002d3f1116bd0 Exception <a 'java/lang/NoSuchMethodError'{0x00000000eab0f060}: 'java.lang.Object java.lang.invoke.Invokers$Holder.linkToTargetMethod(java.lang.Object, int, java.lang.Object, java.lang.Object, java.lang.Object)'> (0x00000000eab0f060) 
thrown [s\src\hotspot\share\interpreter\linkResolver.cpp, line 773]
Event: 11.068 Thread 0x000002d3f1116bd0 Exception <a 'java/lang/NoSuchMethodError'{0x00000000eadcd2d8}: 'java.lang.Object java.lang.invoke.DirectMethodHandle$Holder.invokeSpecial(java.lang.Object, java.lang.Object, java.lang.Object, int, java.lang.Object, java.lang.Object, java.lang.Object)'> (0x00000000eadcd2d8) 
thrown [s\src\hotspot\share\interpreter\linkResolver.cpp, line 773]
Event: 11.101 Thread 0x000002d3f1116bd0 Exception <a 'java/lang/NoSuchMethodError'{0x00000000eabe1d40}: 'java.lang.Object java.lang.invoke.DirectMethodHandle$Holder.invokeStatic(java.lang.Object, java.lang.Object, int, java.lang.Object, java.lang.Object)'> (0x00000000eabe1d40) 
thrown [s\src\hotspot\share\interpreter\linkResolver.cpp, line 773]
Event: 11.102 Thread 0x000002d3f1116bd0 Exception <a 'java/lang/NoSuchMethodError'{0x00000000eac03180}: 'java.lang.Object java.lang.invoke.DirectMethodHandle$Holder.newInvokeSpecial(java.lang.Object, java.lang.Object, int)'> (0x00000000eac03180) 
thrown [s\src\hotspot\share\interpreter\linkResolver.cpp, line 773]
Event: 11.118 Thread 0x000002d3f1116bd0 Exception <a 'java/lang/NoSuchMethodError'{0x00000000ead9f740}: 'void java.lang.invoke.DirectMethodHandle$Holder.invokeStatic(java.lang.Object, int)'> (0x00000000ead9f740) 
thrown [s\src\hotspot\share\interpreter\linkResolver.cpp, line 773]
Event: 11.348 Thread 0x000002d3f1116bd0 Exception <a 'java/io/FileNotFoundException'{0x00000000eabc77f0}> (0x00000000eabc77f0) 
thrown [s\src\hotspot\share\prims\jni.cpp, line 520]
Event: 11.348 Thread 0x000002d3f1116bd0 Exception <a 'java/io/FileNotFoundException'{0x00000000eac3c2b8}> (0x00000000eac3c2b8) 
thrown [s\src\hotspot\share\prims\jni.cpp, line 520]
Event: 11.349 Thread 0x000002d3f1116bd0 Exception <a 'java/io/FileNotFoundException'{0x00000000eac3d2e8}> (0x00000000eac3d2e8) 
thrown [s\src\hotspot\share\prims\jni.cpp, line 520]
Event: 11.363 Thread 0x000002d3f1116bd0 Exception <a 'java/lang/NoSuchMethodError'{0x00000000eac25a20}: 'int java.lang.invoke.DirectMethodHandle$Holder.invokeStatic(java.lang.Object, java.lang.Object, java.lang.Object, java.lang.Object, java.lang.Object, java.lang.Object)'> (0x00000000eac25a20) 
thrown [s\src\hotspot\share\interpreter\linkResolver.cpp, line 773]

ZGC Phase Switch (0 events):
No events

VM Operations (20 events):
Event: 11.323 Executing VM operation: ParallelGCFailedAllocation (Allocation Failure) done
Event: 11.333 Executing VM operation: ParallelGCFailedAllocation (Allocation Failure)
Event: 11.335 Executing VM operation: ParallelGCFailedAllocation (Allocation Failure) done
Event: 11.342 Executing VM operation: ParallelGCFailedAllocation (Allocation Failure)
Event: 11.343 Executing VM operation: ParallelGCFailedAllocation (Allocation Failure) done
Event: 11.354 Executing VM operation: ParallelGCFailedAllocation (Allocation Failure)
Event: 11.356 Executing VM operation: ParallelGCFailedAllocation (Allocation Failure) done
Event: 11.371 Executing VM operation: ParallelGCFailedAllocation (Allocation Failure)
Event: 11.372 Executing VM operation: ParallelGCFailedAllocation (Allocation Failure) done
Event: 11.389 Executing VM operation: ParallelGCFailedAllocation (Allocation Failure)
Event: 11.390 Executing VM operation: ParallelGCFailedAllocation (Allocation Failure) done
Event: 11.398 Executing VM operation: ParallelGCFailedAllocation (Allocation Failure)
Event: 11.400 Executing VM operation: ParallelGCFailedAllocation (Allocation Failure) done
Event: 11.407 Executing VM operation: ParallelGCFailedAllocation (Allocation Failure)
Event: 11.408 Executing VM operation: ParallelGCFailedAllocation (Allocation Failure) done
Event: 11.416 Executing VM operation: ParallelGCFailedAllocation (Allocation Failure)
Event: 11.418 Executing VM operation: ParallelGCFailedAllocation (Allocation Failure) done
Event: 11.423 Executing VM operation: ParallelGCFailedAllocation (Allocation Failure)
Event: 11.425 Executing VM operation: ParallelGCFailedAllocation (Allocation Failure) done
Event: 11.433 Executing VM operation: ParallelGCFailedAllocation (Allocation Failure)

Memory protections (0 events):
No events

Nmethod flushes (20 events):
Event: 9.957 Thread 0x000002d3e6f55010 flushing  nmethod 0x000002d3d6658390
Event: 9.957 Thread 0x000002d3e6f55010 flushing  nmethod 0x000002d3d665b110
Event: 9.957 Thread 0x000002d3e6f55010 flushing  nmethod 0x000002d3d665c010
Event: 9.957 Thread 0x000002d3e6f55010 flushing  nmethod 0x000002d3d665d090
Event: 9.957 Thread 0x000002d3e6f55010 flushing  nmethod 0x000002d3d665d690
Event: 9.957 Thread 0x000002d3e6f55010 flushing  nmethod 0x000002d3d6661c10
Event: 9.957 Thread 0x000002d3e6f55010 flushing  nmethod 0x000002d3d6661f90
Event: 9.957 Thread 0x000002d3e6f55010 flushing  nmethod 0x000002d3d6663710
Event: 9.957 Thread 0x000002d3e6f55010 flushing  nmethod 0x000002d3d666dd90
Event: 9.957 Thread 0x000002d3e6f55010 flushing  nmethod 0x000002d3d6672c10
Event: 9.957 Thread 0x000002d3e6f55010 flushing  nmethod 0x000002d3d6688f10
Event: 9.957 Thread 0x000002d3e6f55010 flushing  nmethod 0x000002d3d66a9e10
Event: 9.957 Thread 0x000002d3e6f55010 flushing  nmethod 0x000002d3d66d2f90
Event: 9.957 Thread 0x000002d3e6f55010 flushing osr nmethod 0x000002d3d66d7710
Event: 9.957 Thread 0x000002d3e6f55010 flushing  nmethod 0x000002d3d66db590
Event: 9.957 Thread 0x000002d3e6f55010 flushing  nmethod 0x000002d3d66dd090
Event: 9.957 Thread 0x000002d3e6f55010 flushing  nmethod 0x000002d3d66e6010
Event: 9.957 Thread 0x000002d3e6f55010 flushing  nmethod 0x000002d3d66f0210
Event: 9.957 Thread 0x000002d3e6f55010 flushing  nmethod 0x000002d3d675de10
Event: 9.957 Thread 0x000002d3e6f55010 flushing osr nmethod 0x000002d3d6775f10

Events (20 events):
Event: 8.618 Thread 0x000002d3ee59e2c0 Thread exited: 0x000002d3ee59e2c0
Event: 8.627 Thread 0x000002d3f1116bd0 Thread added: 0x000002d3f0549480
Event: 8.693 Thread 0x000002d3f1116bd0 Thread added: 0x000002d3f054a830
Event: 8.702 Thread 0x000002d3f1116bd0 Thread added: 0x000002d3f054b550
Event: 8.709 Thread 0x000002d3f1116bd0 Thread added: 0x000002d3f054bbe0
Event: 10.487 Thread 0x000002d3f1116bd0 Thread added: 0x000002d3fa44d5c0
Event: 10.487 Thread 0x000002d3f1116bd0 Thread added: 0x000002d3fa44a7d0
Event: 10.488 Thread 0x000002d3f1116bd0 Thread added: 0x000002d3fa44a140
Event: 10.488 Thread 0x000002d3f1116bd0 Thread added: 0x000002d3fa44cf30
Event: 10.489 Thread 0x000002d3f1116bd0 Thread added: 0x000002d3fa44dc50
Event: 10.900 Thread 0x000002d3fa44a140 Thread exited: 0x000002d3fa44a140
Event: 10.900 Thread 0x000002d3fa44dc50 Thread exited: 0x000002d3fa44dc50
Event: 10.900 Thread 0x000002d3fa44cf30 Thread exited: 0x000002d3fa44cf30
Event: 10.900 Thread 0x000002d3fa44d5c0 Thread exited: 0x000002d3fa44d5c0
Event: 10.901 Thread 0x000002d3fa44a7d0 Thread exited: 0x000002d3fa44a7d0
Event: 11.401 Thread 0x000002d3f1116bd0 Thread added: 0x000002d3fa44cf30
Event: 11.402 Thread 0x000002d3f1116bd0 Thread added: 0x000002d3fa44a7d0
Event: 11.402 Thread 0x000002d3f1116bd0 Thread added: 0x000002d3fa44bb80
Event: 11.402 Thread 0x000002d3f1116bd0 Thread added: 0x000002d3fa44d5c0
Event: 11.402 Thread 0x000002d3f1116bd0 Thread added: 0x000002d3fa44a140


Dynamic libraries:
0x00007ff72a170000 - 0x00007ff72a17e000 	c:\Users\lucia\.vscode\extensions\redhat.java-1.41.1-win32-x64\jre\21.0.6-win32-x86_64\bin\java.exe
0x00007ff83be80000 - 0x00007ff83c0e6000 	C:\WINDOWS\SYSTEM32\ntdll.dll
0x00007ff83a3a0000 - 0x00007ff83a469000 	C:\WINDOWS\System32\KERNEL32.DLL
0x00007ff8392e0000 - 0x00007ff8396ac000 	C:\WINDOWS\System32\KERNELBASE.dll
0x00007ff8396b0000 - 0x00007ff8397fb000 	C:\WINDOWS\System32\ucrtbase.dll
0x00007ff828c70000 - 0x00007ff828c88000 	c:\Users\lucia\.vscode\extensions\redhat.java-1.41.1-win32-x64\jre\21.0.6-win32-x86_64\bin\jli.dll
0x00007ff829560000 - 0x00007ff82957e000 	c:\Users\lucia\.vscode\extensions\redhat.java-1.41.1-win32-x64\jre\21.0.6-win32-x86_64\bin\VCRUNTIME140.dll
0x00007ff83a4c0000 - 0x00007ff83a68a000 	C:\WINDOWS\System32\USER32.dll
0x00007ff81c9d0000 - 0x00007ff81cc6a000 	C:\WINDOWS\WinSxS\amd64_microsoft.windows.common-controls_6595b64144ccf1df_6.0.26100.3912_none_3e07963ce335137e\COMCTL32.dll
0x00007ff839be0000 - 0x00007ff839c07000 	C:\WINDOWS\System32\win32u.dll
0x00007ff83a690000 - 0x00007ff83a739000 	C:\WINDOWS\System32\msvcrt.dll
0x00007ff83a0c0000 - 0x00007ff83a0eb000 	C:\WINDOWS\System32\GDI32.dll
0x00007ff839890000 - 0x00007ff8399c2000 	C:\WINDOWS\System32\gdi32full.dll
0x00007ff8399d0000 - 0x00007ff839a73000 	C:\WINDOWS\System32\msvcp_win.dll
0x00007ff83b810000 - 0x00007ff83b840000 	C:\WINDOWS\System32\IMM32.DLL
0x00007ff832650000 - 0x00007ff83265c000 	c:\Users\lucia\.vscode\extensions\redhat.java-1.41.1-win32-x64\jre\21.0.6-win32-x86_64\bin\vcruntime140_1.dll
0x00007ff8185f0000 - 0x00007ff81867d000 	c:\Users\lucia\.vscode\extensions\redhat.java-1.41.1-win32-x64\jre\21.0.6-win32-x86_64\bin\msvcp140.dll
0x00007fffb2240000 - 0x00007fffb2fd0000 	c:\Users\lucia\.vscode\extensions\redhat.java-1.41.1-win32-x64\jre\21.0.6-win32-x86_64\bin\server\jvm.dll
0x00007ff83b020000 - 0x00007ff83b0d2000 	C:\WINDOWS\System32\ADVAPI32.dll
0x00007ff83b760000 - 0x00007ff83b806000 	C:\WINDOWS\System32\sechost.dll
0x00007ff839fa0000 - 0x00007ff83a0b6000 	C:\WINDOWS\System32\RPCRT4.dll
0x00007ff83bcf0000 - 0x00007ff83bd64000 	C:\WINDOWS\System32\WS2_32.dll
0x00007ff838e30000 - 0x00007ff838e8e000 	C:\WINDOWS\SYSTEM32\POWRPROF.dll
0x00007ff823190000 - 0x00007ff82319b000 	C:\WINDOWS\SYSTEM32\VERSION.dll
0x00007ff82ea10000 - 0x00007ff82ea46000 	C:\WINDOWS\SYSTEM32\WINMM.dll
0x00007ff838e10000 - 0x00007ff838e24000 	C:\WINDOWS\SYSTEM32\UMPDC.dll
0x00007ff837da0000 - 0x00007ff837dba000 	C:\WINDOWS\SYSTEM32\kernel.appcore.dll
0x00007ff82dbf0000 - 0x00007ff82dbfa000 	c:\Users\lucia\.vscode\extensions\redhat.java-1.41.1-win32-x64\jre\21.0.6-win32-x86_64\bin\jimage.dll
0x00007ff836600000 - 0x00007ff836841000 	C:\WINDOWS\SYSTEM32\DBGHELP.DLL
0x00007ff839c10000 - 0x00007ff839f94000 	C:\WINDOWS\System32\combase.dll
0x00007ff83b670000 - 0x00007ff83b750000 	C:\WINDOWS\System32\OLEAUT32.dll
0x00007ff8181b0000 - 0x00007ff8181e9000 	C:\WINDOWS\SYSTEM32\dbgcore.DLL
0x00007ff839b40000 - 0x00007ff839bd9000 	C:\WINDOWS\System32\bcryptPrimitives.dll
0x00007ff82da60000 - 0x00007ff82da6f000 	c:\Users\lucia\.vscode\extensions\redhat.java-1.41.1-win32-x64\jre\21.0.6-win32-x86_64\bin\instrument.dll
0x00007ff8284e0000 - 0x00007ff8284ff000 	c:\Users\lucia\.vscode\extensions\redhat.java-1.41.1-win32-x64\jre\21.0.6-win32-x86_64\bin\java.dll
0x00007ff83a8f0000 - 0x00007ff83b01d000 	C:\WINDOWS\System32\SHELL32.dll
0x00007ff838fe0000 - 0x00007ff839154000 	C:\WINDOWS\System32\wintypes.dll
0x00007ff836c20000 - 0x00007ff837476000 	C:\WINDOWS\SYSTEM32\windows.storage.dll
0x00007ff83b220000 - 0x00007ff83b30f000 	C:\WINDOWS\System32\SHCORE.dll
0x00007ff83b320000 - 0x00007ff83b389000 	C:\WINDOWS\System32\shlwapi.dll
0x00007ff838ef0000 - 0x00007ff838f1f000 	C:\WINDOWS\SYSTEM32\profapi.dll
0x00007ff828320000 - 0x00007ff828338000 	c:\Users\lucia\.vscode\extensions\redhat.java-1.41.1-win32-x64\jre\21.0.6-win32-x86_64\bin\zip.dll
0x00007ff829740000 - 0x00007ff829750000 	C:\Users\lucia\.vscode\extensions\redhat.java-1.41.1-win32-x64\jre\21.0.6-win32-x86_64\bin\net.dll
0x00007ff8323e0000 - 0x00007ff8324fe000 	C:\WINDOWS\SYSTEM32\WINHTTP.dll
0x00007ff838310000 - 0x00007ff83837a000 	C:\WINDOWS\system32\mswsock.dll
0x00007ff827b60000 - 0x00007ff827b76000 	C:\Users\lucia\.vscode\extensions\redhat.java-1.41.1-win32-x64\jre\21.0.6-win32-x86_64\bin\nio.dll
0x00007ff829610000 - 0x00007ff829620000 	c:\Users\lucia\.vscode\extensions\redhat.java-1.41.1-win32-x64\jre\21.0.6-win32-x86_64\bin\verify.dll
0x00007ff827740000 - 0x00007ff827785000 	C:\Users\lucia\AppData\Roaming\Code\User\globalStorage\redhat.java\1.41.1\config_win\org.eclipse.equinox.launcher\org.eclipse.equinox.launcher.win32.win32.x86_64_1.2.1300.v20250331-1702\eclipse_11911.dll
0x00007ff83a740000 - 0x00007ff83a8df000 	C:\WINDOWS\System32\ole32.dll
0x00007ff8385b0000 - 0x00007ff8385cc000 	C:\WINDOWS\SYSTEM32\CRYPTSP.dll
0x00007ff837d00000 - 0x00007ff837d3a000 	C:\WINDOWS\system32\rsaenh.dll
0x00007ff8383b0000 - 0x00007ff8383db000 	C:\WINDOWS\SYSTEM32\USERENV.dll
0x00007ff838ec0000 - 0x00007ff838ee6000 	C:\WINDOWS\SYSTEM32\bcrypt.dll
0x00007ff8385d0000 - 0x00007ff8385dc000 	C:\WINDOWS\SYSTEM32\CRYPTBASE.dll
0x00007ff837790000 - 0x00007ff8377c3000 	C:\WINDOWS\SYSTEM32\IPHLPAPI.DLL
0x00007ff83b0e0000 - 0x00007ff83b0ea000 	C:\WINDOWS\System32\NSI.dll
0x00007ff817770000 - 0x00007ff8177b9000 	C:\Users\lucia\AppData\Local\Temp\jna-103324306\jna11026786627625652581.dll
0x00007ff83a330000 - 0x00007ff83a338000 	C:\WINDOWS\System32\PSAPI.DLL
0x00007ff832590000 - 0x00007ff8325af000 	C:\WINDOWS\SYSTEM32\dhcpcsvc6.DLL
0x00007ff832560000 - 0x00007ff832585000 	C:\WINDOWS\SYSTEM32\dhcpcsvc.DLL

dbghelp: loaded successfully - version: 4.0.5 - missing functions: none
symbol engine: initialized successfully - sym options: 0x614 - pdb path: .;c:\Users\lucia\.vscode\extensions\redhat.java-1.41.1-win32-x64\jre\21.0.6-win32-x86_64\bin;C:\WINDOWS\SYSTEM32;C:\WINDOWS\WinSxS\amd64_microsoft.windows.common-controls_6595b64144ccf1df_6.0.26100.3912_none_3e07963ce335137e;c:\Users\lucia\.vscode\extensions\redhat.java-1.41.1-win32-x64\jre\21.0.6-win32-x86_64\bin\server;C:\Users\lucia\AppData\Roaming\Code\User\globalStorage\redhat.java\1.41.1\config_win\org.eclipse.equinox.launcher\org.eclipse.equinox.launcher.win32.win32.x86_64_1.2.1300.v20250331-1702;C:\Users\lucia\AppData\Local\Temp\jna-103324306

VM Arguments:
jvm_args: --add-modules=ALL-SYSTEM --add-opens=java.base/java.util=ALL-UNNAMED --add-opens=java.base/java.lang=ALL-UNNAMED --add-opens=java.base/sun.nio.fs=ALL-UNNAMED -Declipse.application=org.eclipse.jdt.ls.core.id1 -Dosgi.bundles.defaultStartLevel=4 -Declipse.product=org.eclipse.jdt.ls.core.product -Djava.import.generatesMetadataFilesAtProjectRoot=false -DDetectVMInstallationsJob.disabled=true -Dfile.encoding=utf8 -XX:+UseParallelGC -XX:GCTimeRatio=4 -XX:AdaptiveSizePolicyWeight=90 -Dsun.zip.disableMemoryMapping=true -Xmx1G -Xms100m -Xlog:disable -javaagent:c:\Users\lucia\.vscode\extensions\redhat.java-1.41.1-win32-x64\lombok\lombok-1.18.36.jar -XX:+HeapDumpOnOutOfMemoryError -XX:HeapDumpPath=c:\Users\lucia\AppData\Roaming\Code\User\workspaceStorage\13f28417bbc5fb90603a4953ffce7e8e\redhat.java -Daether.dependencyCollector.impl=bf 
java_command: c:\Users\lucia\.vscode\extensions\redhat.java-1.41.1-win32-x64\server\plugins\org.eclipse.equinox.launcher_1.7.0.v20250331-1702.jar -configuration c:\Users\lucia\AppData\Roaming\Code\User\globalStorage\redhat.java\1.41.1\config_win -data c:\Users\lucia\AppData\Roaming\Code\User\workspaceStorage\13f28417bbc5fb90603a4953ffce7e8e\redhat.java\jdt_ws --pipe=\\.\pipe\lsp-95f8cbe799df42e4e27140e9688003d4-sock
java_class_path (initial): c:\Users\lucia\.vscode\extensions\redhat.java-1.41.1-win32-x64\server\plugins\org.eclipse.equinox.launcher_1.7.0.v20250331-1702.jar
Launcher Type: SUN_STANDARD

[Global flags]
    uintx AdaptiveSizePolicyWeight                 = 90                                        {product} {command line}
     intx CICompilerCount                          = 4                                         {product} {ergonomic}
    uintx GCTimeRatio                              = 4                                         {product} {command line}
     bool HeapDumpOnOutOfMemoryError               = true                                   {manageable} {command line}
    ccstr HeapDumpPath                             = c:\Users\lucia\AppData\Roaming\Code\User\workspaceStorage\13f28417bbc5fb90603a4953ffce7e8e\redhat.java         {manageable} {command line}
   size_t InitialHeapSize                          = 104857600                                 {product} {command line}
   size_t MaxHeapSize                              = 1073741824                                {product} {command line}
   size_t MaxNewSize                               = 357564416                                 {product} {ergonomic}
   size_t MinHeapDeltaBytes                        = 524288                                    {product} {ergonomic}
   size_t MinHeapSize                              = 104857600                                 {product} {command line}
   size_t NewSize                                  = 34603008                                  {product} {ergonomic}
    uintx NonNMethodCodeHeapSize                   = 5839372                                {pd product} {ergonomic}
    uintx NonProfiledCodeHeapSize                  = 122909434                              {pd product} {ergonomic}
   size_t OldSize                                  = 70254592                                  {product} {ergonomic}
    uintx ProfiledCodeHeapSize                     = 122909434                              {pd product} {ergonomic}
    uintx ReservedCodeCacheSize                    = 251658240                              {pd product} {ergonomic}
     bool SegmentedCodeCache                       = true                                      {product} {ergonomic}
   size_t SoftMaxHeapSize                          = 1073741824                             {manageable} {ergonomic}
     bool UseCompressedOops                        = true                           {product lp64_product} {ergonomic}
     bool UseLargePagesIndividualAllocation        = false                                  {pd product} {ergonomic}
     bool UseParallelGC                            = true                                      {product} {command line}

Logging:
Log output configuration:
 #0: stdout all=off uptime,level,tags foldmultilines=false
 #1: stderr all=off uptime,level,tags foldmultilines=false

Environment Variables:
JAVA_HOME=C:\Program Files\Java\jdk-21
PATH=C:\Program Files\Common Files\Oracle\Java\javapath;C:\Program Files\Eclipse Adoptium\jdk-17.0.14.7-hotspot\bin;C:\WINDOWS\system32;C:\WINDOWS;C:\WINDOWS\System32\Wbem;C:\WINDOWS\System32\WindowsPowerShell\v1.0\;C:\WINDOWS\System32\OpenSSH\;C:\Program Files\dotnet\;C:\Program Files\Docker\Docker\resources\bin;C:\Users\lucia\OneDrive\Escritorio\SEGURIDAD Y CALIDAD EN EL DESARROLLO\apache-maven-3.9.9\BIN;C:\Program Files\Git\cmd;C:\Users\lucia\AppData\Local\Microsoft\WindowsApps;C:\Users\lucia\AppData\Local\Programs\Microsoft VS Code\bin;C:\Program Files\Java\jdk-21\bin;C:\Users\lucia\OneDrive\Escritorio\SEGURIDAD Y CALIDAD EN EL DESARROLLO\Proyectos\apache-maven-3.9.9\bin;
USERNAME=lucia
OS=Windows_NT
PROCESSOR_IDENTIFIER=Intel64 Family 6 Model 186 Stepping 3, GenuineIntel
TMP=C:\Users\lucia\AppData\Local\Temp
TEMP=C:\Users\lucia\AppData\Local\Temp




Periodic native trim disabled

---------------  S Y S T E M  ---------------

OS:
 Windows 11 , 64 bit Build 26100 (10.0.26100.3912)
OS uptime: 0 days 4:51 hours
Hyper-V role detected

CPU: total 12 (initial active 12) (6 cores per cpu, 2 threads per core) family 6 model 186 stepping 3 microcode 0x410e, cx8, cmov, fxsr, ht, mmx, 3dnowpref, sse, sse2, sse3, ssse3, sse4.1, sse4.2, popcnt, lzcnt, tsc, tscinvbit, avx, avx2, aes, erms, clmul, bmi1, bmi2, adx, sha, fma, vzeroupper, clflush, clflushopt, clwb, hv, serialize, rdtscp, rdpid, fsrm, f16c, cet_ibt, cet_ss
Processor Information for processor 0
  Max Mhz: 1300, Current Mhz: 1300, Mhz Limit: 1300
Processor Information for processor 1
  Max Mhz: 1300, Current Mhz: 1300, Mhz Limit: 1300
Processor Information for processor 2
  Max Mhz: 1300, Current Mhz: 1300, Mhz Limit: 1300
Processor Information for processor 3
  Max Mhz: 1300, Current Mhz: 1300, Mhz Limit: 1300
Processor Information for processor 4
  Max Mhz: 1300, Current Mhz: 900, Mhz Limit: 897
Processor Information for processor 5
  Max Mhz: 1300, Current Mhz: 900, Mhz Limit: 897
Processor Information for processor 6
  Max Mhz: 1300, Current Mhz: 900, Mhz Limit: 897
Processor Information for processor 7
  Max Mhz: 1300, Current Mhz: 900, Mhz Limit: 897
Processor Information for processor 8
  Max Mhz: 1300, Current Mhz: 900, Mhz Limit: 897
Processor Information for processor 9
  Max Mhz: 1300, Current Mhz: 900, Mhz Limit: 897
Processor Information for processor 10
  Max Mhz: 1300, Current Mhz: 900, Mhz Limit: 897
Processor Information for processor 11
  Max Mhz: 1300, Current Mhz: 900, Mhz Limit: 897

Memory: 4k page, system-wide physical 7875M (718M free)
TotalPageFile size 16067M (AvailPageFile size 5M)
current process WorkingSet (physical memory assigned to process): 544M, peak: 544M
current process commit charge ("private bytes"): 518M, peak: 518M

vm_info: OpenJDK 64-Bit Server VM (21.0.6+7-LTS) for windows-amd64 JRE (21.0.6+7-LTS), built on 2025-01-21T00:00:00Z by "admin" with MS VC++ 17.7 (VS2022)

END.
