#
# There is insufficient memory for the Java Runtime Environment to continue.
# Native memory allocation (malloc) failed to allocate 1328416 bytes for Chunk::new
# Possible reasons:
#   The system is out of physical RAM or swap space
#   The process is running with CompressedOops enabled, and the Java Heap may be blocking the growth of the native heap
# Possible solutions:
#   Reduce memory load on the system
#   Increase physical memory or swap space
#   Check if swap backing store is full
#   Decrease Java heap size (-Xmx/-Xms)
#   Decrease number of Java threads
#   Decrease Java thread stack sizes (-Xss)
#   Set larger code cache with -XX:ReservedCodeCacheSize=
#   JVM is running with Unscaled Compressed Oops mode in which the Java heap is
#     placed in the first 4GB address space. The Java Heap base address is the
#     maximum limit for the native heap growth. Please use -XX:HeapBaseMinAddress
#     to set the Java Heap base and to place the Java Heap above 4GB virtual address.
# This output file may be truncated or incomplete.
#
#  Out of Memory Error (arena.cpp:168), pid=37392, tid=33556
#
# JRE version: Java(TM) SE Runtime Environment (21.0.6+8) (build 21.0.6+8-LTS-188)
# Java VM: Java HotSpot(TM) 64-Bit Server VM (21.0.6+8-LTS-188, mixed mode, sharing, tiered, compressed oops, compressed class ptrs, g1 gc, windows-amd64)
# No core dump will be written. Minidumps are not enabled by default on client versions of Windows
#

---------------  S U M M A R Y ------------

Command Line: -Dclassworlds.conf=C:\Users\lucia\OneDrive\Escritorio\SEGURIDAD Y CALIDAD EN EL DESARROLLO\Proyectos\apache-maven-3.9.9\bin\m2.conf -Dmaven.home=C:\Users\lucia\OneDrive\Escritorio\SEGURIDAD Y CALIDAD EN EL DESARROLLO\Proyectos\apache-maven-3.9.9 -Dlibrary.jansi.path=C:\Users\lucia\OneDrive\Escritorio\SEGURIDAD Y CALIDAD EN EL DESARROLLO\Proyectos\apache-maven-3.9.9\lib\jansi-native -Dmaven.multiModuleProjectDirectory=C:\Users\lucia\OneDrive\Escritorio\CDY2203_Exp3_S8_Backend_actividad_sumativa\Proyecto final s8 org.codehaus.plexus.classworlds.launcher.Launcher clean install

Host: 13th Gen Intel(R) Core(TM) i5-1335U, 12 cores, 7G,  Windows 11 , 64 bit Build 26100 (10.0.26100.3912)
Time: Thu May  1 22:32:41 2025 Hora est. Sudamérica Pacífico elapsed time: 9.681907 seconds (0d 0h 0m 9s)

---------------  T H R E A D  ---------------

Current thread (0x00000254970203c0):  JavaThread "C2 CompilerThread0" daemon [_thread_in_native, id=33556, stack(0x00000066c3100000,0x00000066c3200000) (1024K)]


Current CompileTask:
C2:   9681 6375   !   4       com.sun.tools.javac.jvm.ClassReader::classSigToType (482 bytes)

Stack: [0x00000066c3100000,0x00000066c3200000]
Native frames: (J=compiled Java code, j=interpreted, Vv=VM code, C=native code)
V  [jvm.dll+0x6ca6d9]
V  [jvm.dll+0x854f51]
V  [jvm.dll+0x85747e]
V  [jvm.dll+0x857b53]
V  [jvm.dll+0x27dcc6]
V  [jvm.dll+0xc4c2d]
V  [jvm.dll+0xc5163]
V  [jvm.dll+0x2f0fbd]
V  [jvm.dll+0x5f546a]
V  [jvm.dll+0x24f8a2]
V  [jvm.dll+0x24fc5f]
V  [jvm.dll+0x248764]
V  [jvm.dll+0x245df4]
V  [jvm.dll+0x1c6d2e]
V  [jvm.dll+0x2554f9]
V  [jvm.dll+0x253a8a]
V  [jvm.dll+0x3ee576]
V  [jvm.dll+0x7ff2fb]
V  [jvm.dll+0x6c8dbd]
C  [ucrtbase.dll+0x37b0]
C  [KERNEL32.DLL+0x2e8d7]
C  [ntdll.dll+0x9c5dc]


---------------  P R O C E S S  ---------------

Threads class SMR info:
_java_thread_list=0x000002549adfce40, length=14, elements={
0x0000025432d57990, 0x0000025451908b90, 0x000002545190e310, 0x0000025451913220,
0x0000025451911e70, 0x0000025451912b90, 0x00000254519152f0, 0x00000254970203c0,
0x0000025497021000, 0x0000025451914c60, 0x0000025451912500, 0x00000254975a50a0,
0x00000254519138b0, 0x00000254989dfff0
}

Java Threads: ( => current thread )
  0x0000025432d57990 JavaThread "main"                              [_thread_in_Java, id=36656, stack(0x00000066c2300000,0x00000066c2400000) (1024K)]
  0x0000025451908b90 JavaThread "Reference Handler"          daemon [_thread_blocked, id=36424, stack(0x00000066c2b00000,0x00000066c2c00000) (1024K)]
  0x000002545190e310 JavaThread "Finalizer"                  daemon [_thread_blocked, id=36900, stack(0x00000066c2c00000,0x00000066c2d00000) (1024K)]
  0x0000025451913220 JavaThread "Signal Dispatcher"          daemon [_thread_blocked, id=31260, stack(0x00000066c2d00000,0x00000066c2e00000) (1024K)]
  0x0000025451911e70 JavaThread "Attach Listener"            daemon [_thread_blocked, id=24652, stack(0x00000066c2e00000,0x00000066c2f00000) (1024K)]
  0x0000025451912b90 JavaThread "Service Thread"             daemon [_thread_blocked, id=34048, stack(0x00000066c2f00000,0x00000066c3000000) (1024K)]
  0x00000254519152f0 JavaThread "Monitor Deflation Thread"   daemon [_thread_blocked, id=23956, stack(0x00000066c3000000,0x00000066c3100000) (1024K)]
=>0x00000254970203c0 JavaThread "C2 CompilerThread0"         daemon [_thread_in_native, id=33556, stack(0x00000066c3100000,0x00000066c3200000) (1024K)]
  0x0000025497021000 JavaThread "C1 CompilerThread0"         daemon [_thread_in_native, id=32044, stack(0x00000066c3200000,0x00000066c3300000) (1024K)]
  0x0000025451914c60 JavaThread "Notification Thread"        daemon [_thread_blocked, id=23752, stack(0x00000066c3300000,0x00000066c3400000) (1024K)]
  0x0000025451912500 JavaThread "Common-Cleaner"             daemon [_thread_blocked, id=37104, stack(0x00000066c3400000,0x00000066c3500000) (1024K)]
  0x00000254975a50a0 JavaThread "C2 CompilerThread1"         daemon [_thread_in_native, id=37476, stack(0x00000066c3500000,0x00000066c3600000) (1024K)]
  0x00000254519138b0 JavaThread "Thread-1"                   daemon [_thread_blocked, id=34344, stack(0x00000066c4000000,0x00000066c4100000) (1024K)]
  0x00000254989dfff0 JavaThread "C2 CompilerThread2"         daemon [_thread_in_native, id=25816, stack(0x00000066c3600000,0x00000066c3700000) (1024K)]
Total: 14

Other Threads:
  0x0000025432d30010 VMThread "VM Thread"                           [id=37696, stack(0x00000066c2a00000,0x00000066c2b00000) (1024K)]
  0x00000254518d9790 WatcherThread "VM Periodic Task Thread"        [id=24984, stack(0x00000066c2900000,0x00000066c2a00000) (1024K)]
  0x0000025432d2fc70 WorkerThread "GC Thread#0"                     [id=37492, stack(0x00000066c2400000,0x00000066c2500000) (1024K)]
  0x0000025432d30750 WorkerThread "GC Thread#1"                     [id=30772, stack(0x00000066c3700000,0x00000066c3800000) (1024K)]
  0x0000025432d2f530 WorkerThread "GC Thread#2"                     [id=32208, stack(0x00000066c3800000,0x00000066c3900000) (1024K)]
  0x000002549856a810 WorkerThread "GC Thread#3"                     [id=32192, stack(0x00000066c3900000,0x00000066c3a00000) (1024K)]
  0x000002549856c8b0 WorkerThread "GC Thread#4"                     [id=32860, stack(0x00000066c3a00000,0x00000066c3b00000) (1024K)]
  0x000002549856abb0 WorkerThread "GC Thread#5"                     [id=37044, stack(0x00000066c3b00000,0x00000066c3c00000) (1024K)]
  0x000002549856b690 WorkerThread "GC Thread#6"                     [id=31256, stack(0x00000066c3c00000,0x00000066c3d00000) (1024K)]
  0x000002549856af50 WorkerThread "GC Thread#7"                     [id=30924, stack(0x00000066c3d00000,0x00000066c3e00000) (1024K)]
  0x000002549856cc50 WorkerThread "GC Thread#8"                     [id=29032, stack(0x00000066c3e00000,0x00000066c3f00000) (1024K)]
  0x000002549856b2f0 WorkerThread "GC Thread#9"                     [id=25068, stack(0x00000066c3f00000,0x00000066c4000000) (1024K)]
  0x00000254350cef60 ConcurrentGCThread "G1 Main Marker"            [id=36128, stack(0x00000066c2500000,0x00000066c2600000) (1024K)]
  0x0000025432d2f190 WorkerThread "G1 Conc#0"                       [id=37552, stack(0x00000066c2600000,0x00000066c2700000) (1024K)]
  0x0000025498569d30 WorkerThread "G1 Conc#1"                       [id=14720, stack(0x00000066c4100000,0x00000066c4200000) (1024K)]
  0x0000025498ea23f0 WorkerThread "G1 Conc#2"                       [id=34772, stack(0x00000066c4200000,0x00000066c4300000) (1024K)]
  0x000002543512e6c0 ConcurrentGCThread "G1 Refine#0"               [id=32800, stack(0x00000066c2700000,0x00000066c2800000) (1024K)]
  0x00000254517ab170 ConcurrentGCThread "G1 Service"                [id=34280, stack(0x00000066c2800000,0x00000066c2900000) (1024K)]
Total: 18

Threads with active compile tasks:
C2 CompilerThread0     9707 6375   !   4       com.sun.tools.javac.jvm.ClassReader::classSigToType (482 bytes)
C1 CompilerThread0     9707 6557   !   3       com.sun.tools.javac.code.ClassFinder::getSupplementaryFlags (238 bytes)
C2 CompilerThread1     9707 6284       4       com.sun.tools.javac.code.Symtab::enterClass (71 bytes)
C2 CompilerThread2     9707 6541   !   4       com.sun.tools.javac.code.Symbol$ClassSymbol::complete (52 bytes)
Total: 4

VM state: not at safepoint (normal execution)

VM Mutex/Monitor currently owned by a thread: None

Heap address: 0x0000000084e00000, size: 1970 MB, Compressed Oops mode: 32-bit

CDS archive(s) mapped at: [0x0000025452000000-0x0000025452c90000-0x0000025452c90000), size 13172736, SharedBaseAddress: 0x0000025452000000, ArchiveRelocationMode: 1.
Compressed class space mapped at: 0x0000025453000000-0x0000025493000000, reserved size: 1073741824
Narrow klass base: 0x0000025452000000, Narrow klass shift: 0, Narrow klass range: 0x100000000

GC Precious Log:
 CardTable entry size: 512
 Card Set container configuration: InlinePtr #cards 5 size 8 Array Of Cards #cards 12 size 40 Howl #buckets 4 coarsen threshold 1843 Howl Bitmap #cards 512 size 80 coarsen threshold 460 Card regions per heap region 1 cards per card region 2048
 CPUs: 12 total, 12 available
 Memory: 7875M
 Large Page Support: Disabled
 NUMA Support: Disabled
 Compressed Oops: Enabled (32-bit)
 Heap Region Size: 1M
 Heap Min Capacity: 8M
 Heap Initial Capacity: 124M
 Heap Max Capacity: 1970M
 Pre-touch: Disabled
 Parallel Workers: 10
 Concurrent Workers: 3
 Concurrent Refinement Workers: 10
 Periodic GC: Disabled

Heap:
 garbage-first heap   total 153600K, used 54084K [0x0000000084e00000, 0x0000000100000000)
  region size 1024K, 17 young (17408K), 10 survivors (10240K)
 Metaspace       used 28334K, committed 28672K, reserved 1114112K
  class space    used 3186K, committed 3328K, reserved 1048576K

Heap Regions: E=young(eden), S=young(survivor), O=old, HS=humongous(starts), HC=humongous(continues), CS=collection set, F=free, TAMS=top-at-mark-start, PB=parsable bottom
|   0|0x0000000084e00000, 0x0000000084f00000, 0x0000000084f00000|100%| O|  |TAMS 0x0000000084e00000| PB 0x0000000084e00000| Untracked 
|   1|0x0000000084f00000, 0x0000000085000000, 0x0000000085000000|100%| O|  |TAMS 0x0000000084f00000| PB 0x0000000084f00000| Untracked 
|   2|0x0000000085000000, 0x0000000085100000, 0x0000000085100000|100%| O|  |TAMS 0x0000000085000000| PB 0x0000000085000000| Untracked 
|   3|0x0000000085100000, 0x0000000085200000, 0x0000000085200000|100%| O|  |TAMS 0x0000000085100000| PB 0x0000000085100000| Untracked 
|   4|0x0000000085200000, 0x0000000085300000, 0x0000000085300000|100%| O|  |TAMS 0x0000000085200000| PB 0x0000000085200000| Untracked 
|   5|0x0000000085300000, 0x0000000085400000, 0x0000000085400000|100%| O|  |TAMS 0x0000000085300000| PB 0x0000000085300000| Untracked 
|   6|0x0000000085400000, 0x0000000085500000, 0x0000000085500000|100%| O|  |TAMS 0x0000000085400000| PB 0x0000000085400000| Untracked 
|   7|0x0000000085500000, 0x0000000085600000, 0x0000000085600000|100%| O|  |TAMS 0x0000000085500000| PB 0x0000000085500000| Untracked 
|   8|0x0000000085600000, 0x0000000085700000, 0x0000000085700000|100%| O|  |TAMS 0x0000000085600000| PB 0x0000000085600000| Untracked 
|   9|0x0000000085700000, 0x0000000085800000, 0x0000000085800000|100%| O|  |TAMS 0x0000000085700000| PB 0x0000000085700000| Untracked 
|  10|0x0000000085800000, 0x0000000085900000, 0x0000000085900000|100%| O|  |TAMS 0x0000000085800000| PB 0x0000000085800000| Untracked 
|  11|0x0000000085900000, 0x0000000085a00000, 0x0000000085a00000|100%| O|  |TAMS 0x0000000085900000| PB 0x0000000085900000| Untracked 
|  12|0x0000000085a00000, 0x0000000085b00000, 0x0000000085b00000|100%| O|  |TAMS 0x0000000085a00000| PB 0x0000000085a00000| Untracked 
|  13|0x0000000085b00000, 0x0000000085bd1160, 0x0000000085c00000| 81%| O|Cm|TAMS 0x0000000085b00000| PB 0x0000000085b00000| Complete 
|  14|0x0000000085c00000, 0x0000000085d00000, 0x0000000085d00000|100%|HS|  |TAMS 0x0000000085c00000| PB 0x0000000085c00000| Complete 
|  15|0x0000000085d00000, 0x0000000085e00000, 0x0000000085e00000|100%|HS|  |TAMS 0x0000000085d00000| PB 0x0000000085d00000| Complete 
|  16|0x0000000085e00000, 0x0000000085e00000, 0x0000000085f00000|  0%| F|  |TAMS 0x0000000085e00000| PB 0x0000000085e00000| Untracked 
|  17|0x0000000085f00000, 0x0000000085f00000, 0x0000000086000000|  0%| F|  |TAMS 0x0000000085f00000| PB 0x0000000085f00000| Untracked 
|  18|0x0000000086000000, 0x0000000086000000, 0x0000000086100000|  0%| F|  |TAMS 0x0000000086000000| PB 0x0000000086000000| Untracked 
|  19|0x0000000086100000, 0x0000000086100000, 0x0000000086200000|  0%| F|  |TAMS 0x0000000086100000| PB 0x0000000086100000| Untracked 
|  20|0x0000000086200000, 0x0000000086300000, 0x0000000086300000|100%|HS|  |TAMS 0x0000000086200000| PB 0x0000000086200000| Complete 
|  21|0x0000000086300000, 0x0000000086400000, 0x0000000086400000|100%|HC|  |TAMS 0x0000000086300000| PB 0x0000000086300000| Complete 
|  22|0x0000000086400000, 0x0000000086500000, 0x0000000086500000|100%|HC|  |TAMS 0x0000000086400000| PB 0x0000000086400000| Complete 
|  23|0x0000000086500000, 0x0000000086600000, 0x0000000086600000|100%|HS|  |TAMS 0x0000000086500000| PB 0x0000000086500000| Complete 
|  24|0x0000000086600000, 0x0000000086700000, 0x0000000086700000|100%|HS|  |TAMS 0x0000000086600000| PB 0x0000000086600000| Complete 
|  25|0x0000000086700000, 0x0000000086800000, 0x0000000086800000|100%| S|CS|TAMS 0x0000000086700000| PB 0x0000000086700000| Complete 
|  26|0x0000000086800000, 0x0000000086800000, 0x0000000086900000|  0%| F|  |TAMS 0x0000000086800000| PB 0x0000000086800000| Untracked 
|  27|0x0000000086900000, 0x0000000086900000, 0x0000000086a00000|  0%| F|  |TAMS 0x0000000086900000| PB 0x0000000086900000| Untracked 
|  28|0x0000000086a00000, 0x0000000086a00000, 0x0000000086b00000|  0%| F|  |TAMS 0x0000000086a00000| PB 0x0000000086a00000| Untracked 
|  29|0x0000000086b00000, 0x0000000086b00000, 0x0000000086c00000|  0%| F|  |TAMS 0x0000000086b00000| PB 0x0000000086b00000| Untracked 
|  30|0x0000000086c00000, 0x0000000086c00000, 0x0000000086d00000|  0%| F|  |TAMS 0x0000000086c00000| PB 0x0000000086c00000| Untracked 
|  31|0x0000000086d00000, 0x0000000086d00000, 0x0000000086e00000|  0%| F|  |TAMS 0x0000000086d00000| PB 0x0000000086d00000| Untracked 
|  32|0x0000000086e00000, 0x0000000086e00000, 0x0000000086f00000|  0%| F|  |TAMS 0x0000000086e00000| PB 0x0000000086e00000| Untracked 
|  33|0x0000000086f00000, 0x0000000086f00000, 0x0000000087000000|  0%| F|  |TAMS 0x0000000086f00000| PB 0x0000000086f00000| Untracked 
|  34|0x0000000087000000, 0x0000000087000000, 0x0000000087100000|  0%| F|  |TAMS 0x0000000087000000| PB 0x0000000087000000| Untracked 
|  35|0x0000000087100000, 0x0000000087100000, 0x0000000087200000|  0%| F|  |TAMS 0x0000000087100000| PB 0x0000000087100000| Untracked 
|  36|0x0000000087200000, 0x0000000087200000, 0x0000000087300000|  0%| F|  |TAMS 0x0000000087200000| PB 0x0000000087200000| Untracked 
|  37|0x0000000087300000, 0x0000000087300000, 0x0000000087400000|  0%| F|  |TAMS 0x0000000087300000| PB 0x0000000087300000| Untracked 
|  38|0x0000000087400000, 0x0000000087400000, 0x0000000087500000|  0%| F|  |TAMS 0x0000000087400000| PB 0x0000000087400000| Untracked 
|  39|0x0000000087500000, 0x0000000087500000, 0x0000000087600000|  0%| F|  |TAMS 0x0000000087500000| PB 0x0000000087500000| Untracked 
|  40|0x0000000087600000, 0x0000000087600000, 0x0000000087700000|  0%| F|  |TAMS 0x0000000087600000| PB 0x0000000087600000| Untracked 
|  41|0x0000000087700000, 0x0000000087700000, 0x0000000087800000|  0%| F|  |TAMS 0x0000000087700000| PB 0x0000000087700000| Untracked 
|  42|0x0000000087800000, 0x0000000087800000, 0x0000000087900000|  0%| F|  |TAMS 0x0000000087800000| PB 0x0000000087800000| Untracked 
|  43|0x0000000087900000, 0x0000000087900000, 0x0000000087a00000|  0%| F|  |TAMS 0x0000000087900000| PB 0x0000000087900000| Untracked 
|  44|0x0000000087a00000, 0x0000000087a00000, 0x0000000087b00000|  0%| F|  |TAMS 0x0000000087a00000| PB 0x0000000087a00000| Untracked 
|  45|0x0000000087b00000, 0x0000000087b00000, 0x0000000087c00000|  0%| F|  |TAMS 0x0000000087b00000| PB 0x0000000087b00000| Untracked 
|  46|0x0000000087c00000, 0x0000000087c00000, 0x0000000087d00000|  0%| F|  |TAMS 0x0000000087c00000| PB 0x0000000087c00000| Untracked 
|  47|0x0000000087d00000, 0x0000000087d00000, 0x0000000087e00000|  0%| F|  |TAMS 0x0000000087d00000| PB 0x0000000087d00000| Untracked 
|  48|0x0000000087e00000, 0x0000000087e00000, 0x0000000087f00000|  0%| F|  |TAMS 0x0000000087e00000| PB 0x0000000087e00000| Untracked 
|  49|0x0000000087f00000, 0x0000000087f00000, 0x0000000088000000|  0%| F|  |TAMS 0x0000000087f00000| PB 0x0000000087f00000| Untracked 
|  50|0x0000000088000000, 0x0000000088000000, 0x0000000088100000|  0%| F|  |TAMS 0x0000000088000000| PB 0x0000000088000000| Untracked 
|  51|0x0000000088100000, 0x0000000088100000, 0x0000000088200000|  0%| F|  |TAMS 0x0000000088100000| PB 0x0000000088100000| Untracked 
|  52|0x0000000088200000, 0x0000000088200000, 0x0000000088300000|  0%| F|  |TAMS 0x0000000088200000| PB 0x0000000088200000| Untracked 
|  53|0x0000000088300000, 0x0000000088300000, 0x0000000088400000|  0%| F|  |TAMS 0x0000000088300000| PB 0x0000000088300000| Untracked 
|  54|0x0000000088400000, 0x0000000088400000, 0x0000000088500000|  0%| F|  |TAMS 0x0000000088400000| PB 0x0000000088400000| Untracked 
|  55|0x0000000088500000, 0x0000000088500000, 0x0000000088600000|  0%| F|  |TAMS 0x0000000088500000| PB 0x0000000088500000| Untracked 
|  56|0x0000000088600000, 0x0000000088600000, 0x0000000088700000|  0%| F|  |TAMS 0x0000000088600000| PB 0x0000000088600000| Untracked 
|  57|0x0000000088700000, 0x0000000088700000, 0x0000000088800000|  0%| F|  |TAMS 0x0000000088700000| PB 0x0000000088700000| Untracked 
|  58|0x0000000088800000, 0x0000000088800000, 0x0000000088900000|  0%| F|  |TAMS 0x0000000088800000| PB 0x0000000088800000| Untracked 
|  59|0x0000000088900000, 0x0000000088900000, 0x0000000088a00000|  0%| F|  |TAMS 0x0000000088900000| PB 0x0000000088900000| Untracked 
|  60|0x0000000088a00000, 0x0000000088a00000, 0x0000000088b00000|  0%| F|  |TAMS 0x0000000088a00000| PB 0x0000000088a00000| Untracked 
|  61|0x0000000088b00000, 0x0000000088b00000, 0x0000000088c00000|  0%| F|  |TAMS 0x0000000088b00000| PB 0x0000000088b00000| Untracked 
|  62|0x0000000088c00000, 0x0000000088c00000, 0x0000000088d00000|  0%| F|  |TAMS 0x0000000088c00000| PB 0x0000000088c00000| Untracked 
|  63|0x0000000088d00000, 0x0000000088d00000, 0x0000000088e00000|  0%| F|  |TAMS 0x0000000088d00000| PB 0x0000000088d00000| Untracked 
|  64|0x0000000088e00000, 0x0000000088e00000, 0x0000000088f00000|  0%| F|  |TAMS 0x0000000088e00000| PB 0x0000000088e00000| Untracked 
|  65|0x0000000088f00000, 0x0000000088f00000, 0x0000000089000000|  0%| F|  |TAMS 0x0000000088f00000| PB 0x0000000088f00000| Untracked 
|  66|0x0000000089000000, 0x0000000089000000, 0x0000000089100000|  0%| F|  |TAMS 0x0000000089000000| PB 0x0000000089000000| Untracked 
|  67|0x0000000089100000, 0x0000000089100000, 0x0000000089200000|  0%| F|  |TAMS 0x0000000089100000| PB 0x0000000089100000| Untracked 
|  68|0x0000000089200000, 0x0000000089200000, 0x0000000089300000|  0%| F|  |TAMS 0x0000000089200000| PB 0x0000000089200000| Untracked 
|  69|0x0000000089300000, 0x0000000089300000, 0x0000000089400000|  0%| F|  |TAMS 0x0000000089300000| PB 0x0000000089300000| Untracked 
|  70|0x0000000089400000, 0x0000000089400000, 0x0000000089500000|  0%| F|  |TAMS 0x0000000089400000| PB 0x0000000089400000| Untracked 
|  71|0x0000000089500000, 0x0000000089500000, 0x0000000089600000|  0%| F|  |TAMS 0x0000000089500000| PB 0x0000000089500000| Untracked 
|  72|0x0000000089600000, 0x0000000089600000, 0x0000000089700000|  0%| F|  |TAMS 0x0000000089600000| PB 0x0000000089600000| Untracked 
|  73|0x0000000089700000, 0x0000000089700000, 0x0000000089800000|  0%| F|  |TAMS 0x0000000089700000| PB 0x0000000089700000| Untracked 
|  74|0x0000000089800000, 0x0000000089800000, 0x0000000089900000|  0%| F|  |TAMS 0x0000000089800000| PB 0x0000000089800000| Untracked 
|  75|0x0000000089900000, 0x0000000089900000, 0x0000000089a00000|  0%| F|  |TAMS 0x0000000089900000| PB 0x0000000089900000| Untracked 
|  76|0x0000000089a00000, 0x0000000089a00000, 0x0000000089b00000|  0%| F|  |TAMS 0x0000000089a00000| PB 0x0000000089a00000| Untracked 
|  77|0x0000000089b00000, 0x0000000089b00000, 0x0000000089c00000|  0%| F|  |TAMS 0x0000000089b00000| PB 0x0000000089b00000| Untracked 
|  78|0x0000000089c00000, 0x0000000089c00000, 0x0000000089d00000|  0%| F|  |TAMS 0x0000000089c00000| PB 0x0000000089c00000| Untracked 
|  79|0x0000000089d00000, 0x0000000089d00000, 0x0000000089e00000|  0%| F|  |TAMS 0x0000000089d00000| PB 0x0000000089d00000| Untracked 
|  80|0x0000000089e00000, 0x0000000089e00000, 0x0000000089f00000|  0%| F|  |TAMS 0x0000000089e00000| PB 0x0000000089e00000| Untracked 
|  81|0x0000000089f00000, 0x0000000089f00000, 0x000000008a000000|  0%| F|  |TAMS 0x0000000089f00000| PB 0x0000000089f00000| Untracked 
|  82|0x000000008a000000, 0x000000008a000000, 0x000000008a100000|  0%| F|  |TAMS 0x000000008a000000| PB 0x000000008a000000| Untracked 
|  83|0x000000008a100000, 0x000000008a100000, 0x000000008a200000|  0%| F|  |TAMS 0x000000008a100000| PB 0x000000008a100000| Untracked 
|  84|0x000000008a200000, 0x000000008a200000, 0x000000008a300000|  0%| F|  |TAMS 0x000000008a200000| PB 0x000000008a200000| Untracked 
|  85|0x000000008a300000, 0x000000008a300000, 0x000000008a400000|  0%| F|  |TAMS 0x000000008a300000| PB 0x000000008a300000| Untracked 
|  86|0x000000008a400000, 0x000000008a400000, 0x000000008a500000|  0%| F|  |TAMS 0x000000008a400000| PB 0x000000008a400000| Untracked 
|  87|0x000000008a500000, 0x000000008a500000, 0x000000008a600000|  0%| F|  |TAMS 0x000000008a500000| PB 0x000000008a500000| Untracked 
|  88|0x000000008a600000, 0x000000008a600000, 0x000000008a700000|  0%| F|  |TAMS 0x000000008a600000| PB 0x000000008a600000| Untracked 
|  89|0x000000008a700000, 0x000000008a700000, 0x000000008a800000|  0%| F|  |TAMS 0x000000008a700000| PB 0x000000008a700000| Untracked 
|  90|0x000000008a800000, 0x000000008a800000, 0x000000008a900000|  0%| F|  |TAMS 0x000000008a800000| PB 0x000000008a800000| Untracked 
|  91|0x000000008a900000, 0x000000008a900000, 0x000000008aa00000|  0%| F|  |TAMS 0x000000008a900000| PB 0x000000008a900000| Untracked 
|  92|0x000000008aa00000, 0x000000008aa00000, 0x000000008ab00000|  0%| F|  |TAMS 0x000000008aa00000| PB 0x000000008aa00000| Untracked 
|  93|0x000000008ab00000, 0x000000008ab00000, 0x000000008ac00000|  0%| F|  |TAMS 0x000000008ab00000| PB 0x000000008ab00000| Untracked 
|  94|0x000000008ac00000, 0x000000008ac00000, 0x000000008ad00000|  0%| F|  |TAMS 0x000000008ac00000| PB 0x000000008ac00000| Untracked 
|  95|0x000000008ad00000, 0x000000008ad00000, 0x000000008ae00000|  0%| F|  |TAMS 0x000000008ad00000| PB 0x000000008ad00000| Untracked 
|  96|0x000000008ae00000, 0x000000008ae00000, 0x000000008af00000|  0%| F|  |TAMS 0x000000008ae00000| PB 0x000000008ae00000| Untracked 
|  97|0x000000008af00000, 0x000000008af00000, 0x000000008b000000|  0%| F|  |TAMS 0x000000008af00000| PB 0x000000008af00000| Untracked 
|  98|0x000000008b000000, 0x000000008b000000, 0x000000008b100000|  0%| F|  |TAMS 0x000000008b000000| PB 0x000000008b000000| Untracked 
|  99|0x000000008b100000, 0x000000008b200000, 0x000000008b200000|100%| S|CS|TAMS 0x000000008b100000| PB 0x000000008b100000| Complete 
| 100|0x000000008b200000, 0x000000008b300000, 0x000000008b300000|100%| S|CS|TAMS 0x000000008b200000| PB 0x000000008b200000| Complete 
| 101|0x000000008b300000, 0x000000008b400000, 0x000000008b400000|100%| S|CS|TAMS 0x000000008b300000| PB 0x000000008b300000| Complete 
| 102|0x000000008b400000, 0x000000008b500000, 0x000000008b500000|100%| S|CS|TAMS 0x000000008b400000| PB 0x000000008b400000| Complete 
| 103|0x000000008b500000, 0x000000008b600000, 0x000000008b600000|100%| S|CS|TAMS 0x000000008b500000| PB 0x000000008b500000| Complete 
| 104|0x000000008b600000, 0x000000008b700000, 0x000000008b700000|100%| S|CS|TAMS 0x000000008b600000| PB 0x000000008b600000| Complete 
| 105|0x000000008b700000, 0x000000008b800000, 0x000000008b800000|100%| S|CS|TAMS 0x000000008b700000| PB 0x000000008b700000| Complete 
| 106|0x000000008b800000, 0x000000008b900000, 0x000000008b900000|100%| S|CS|TAMS 0x000000008b800000| PB 0x000000008b800000| Complete 
| 107|0x000000008b900000, 0x000000008ba00000, 0x000000008ba00000|100%| S|CS|TAMS 0x000000008b900000| PB 0x000000008b900000| Complete 
| 108|0x000000008ba00000, 0x000000008ba00000, 0x000000008bb00000|  0%| F|  |TAMS 0x000000008ba00000| PB 0x000000008ba00000| Untracked 
| 109|0x000000008bb00000, 0x000000008bb00000, 0x000000008bc00000|  0%| F|  |TAMS 0x000000008bb00000| PB 0x000000008bb00000| Untracked 
| 110|0x000000008bc00000, 0x000000008bc00000, 0x000000008bd00000|  0%| F|  |TAMS 0x000000008bc00000| PB 0x000000008bc00000| Untracked 
| 111|0x000000008bd00000, 0x000000008bd00000, 0x000000008be00000|  0%| F|  |TAMS 0x000000008bd00000| PB 0x000000008bd00000| Untracked 
| 112|0x000000008be00000, 0x000000008be00000, 0x000000008bf00000|  0%| F|  |TAMS 0x000000008be00000| PB 0x000000008be00000| Untracked 
| 113|0x000000008bf00000, 0x000000008bf00000, 0x000000008c000000|  0%| F|  |TAMS 0x000000008bf00000| PB 0x000000008bf00000| Untracked 
| 114|0x000000008c000000, 0x000000008c000000, 0x000000008c100000|  0%| F|  |TAMS 0x000000008c000000| PB 0x000000008c000000| Untracked 
| 115|0x000000008c100000, 0x000000008c100000, 0x000000008c200000|  0%| F|  |TAMS 0x000000008c100000| PB 0x000000008c100000| Untracked 
| 116|0x000000008c200000, 0x000000008c200000, 0x000000008c300000|  0%| F|  |TAMS 0x000000008c200000| PB 0x000000008c200000| Untracked 
| 117|0x000000008c300000, 0x000000008c300000, 0x000000008c400000|  0%| F|  |TAMS 0x000000008c300000| PB 0x000000008c300000| Untracked 
| 118|0x000000008c400000, 0x000000008c400000, 0x000000008c500000|  0%| F|  |TAMS 0x000000008c400000| PB 0x000000008c400000| Untracked 
| 119|0x000000008c500000, 0x000000008c500000, 0x000000008c600000|  0%| F|  |TAMS 0x000000008c500000| PB 0x000000008c500000| Untracked 
| 120|0x000000008c600000, 0x000000008c600000, 0x000000008c700000|  0%| F|  |TAMS 0x000000008c600000| PB 0x000000008c600000| Untracked 
| 121|0x000000008c700000, 0x000000008c700000, 0x000000008c800000|  0%| F|  |TAMS 0x000000008c700000| PB 0x000000008c700000| Untracked 
| 122|0x000000008c800000, 0x000000008c800000, 0x000000008c900000|  0%| F|  |TAMS 0x000000008c800000| PB 0x000000008c800000| Untracked 
| 123|0x000000008c900000, 0x000000008c900000, 0x000000008ca00000|  0%| F|  |TAMS 0x000000008c900000| PB 0x000000008c900000| Untracked 
| 124|0x000000008ca00000, 0x000000008ca00000, 0x000000008cb00000|  0%| F|  |TAMS 0x000000008ca00000| PB 0x000000008ca00000| Untracked 
| 125|0x000000008cb00000, 0x000000008cb00000, 0x000000008cc00000|  0%| F|  |TAMS 0x000000008cb00000| PB 0x000000008cb00000| Untracked 
| 126|0x000000008cc00000, 0x000000008cc00000, 0x000000008cd00000|  0%| F|  |TAMS 0x000000008cc00000| PB 0x000000008cc00000| Untracked 
| 127|0x000000008cd00000, 0x000000008cd80800, 0x000000008ce00000| 50%| E|  |TAMS 0x000000008cd00000| PB 0x000000008cd00000| Complete 
| 128|0x000000008ce00000, 0x000000008cf00000, 0x000000008cf00000|100%| E|CS|TAMS 0x000000008ce00000| PB 0x000000008ce00000| Complete 
| 129|0x000000008cf00000, 0x000000008d000000, 0x000000008d000000|100%| E|CS|TAMS 0x000000008cf00000| PB 0x000000008cf00000| Complete 
| 130|0x000000008d000000, 0x000000008d100000, 0x000000008d100000|100%| E|CS|TAMS 0x000000008d000000| PB 0x000000008d000000| Complete 
| 131|0x000000008d100000, 0x000000008d200000, 0x000000008d200000|100%| E|CS|TAMS 0x000000008d100000| PB 0x000000008d100000| Complete 
| 132|0x000000008d200000, 0x000000008d300000, 0x000000008d300000|100%| E|CS|TAMS 0x000000008d200000| PB 0x000000008d200000| Complete 
| 133|0x000000008d300000, 0x000000008d400000, 0x000000008d400000|100%| E|CS|TAMS 0x000000008d300000| PB 0x000000008d300000| Complete 
|1954|0x00000000ff000000, 0x00000000ff100000, 0x00000000ff100000|100%| O|  |TAMS 0x00000000ff000000| PB 0x00000000ff000000| Untracked 
|1955|0x00000000ff100000, 0x00000000ff200000, 0x00000000ff200000|100%| O|  |TAMS 0x00000000ff100000| PB 0x00000000ff100000| Untracked 
|1956|0x00000000ff200000, 0x00000000ff300000, 0x00000000ff300000|100%| O|  |TAMS 0x00000000ff200000| PB 0x00000000ff200000| Untracked 
|1957|0x00000000ff300000, 0x00000000ff400000, 0x00000000ff400000|100%| O|  |TAMS 0x00000000ff300000| PB 0x00000000ff300000| Untracked 
|1958|0x00000000ff400000, 0x00000000ff500000, 0x00000000ff500000|100%| O|  |TAMS 0x00000000ff400000| PB 0x00000000ff400000| Untracked 
|1959|0x00000000ff500000, 0x00000000ff600000, 0x00000000ff600000|100%| O|  |TAMS 0x00000000ff500000| PB 0x00000000ff500000| Untracked 
|1960|0x00000000ff600000, 0x00000000ff700000, 0x00000000ff700000|100%| O|  |TAMS 0x00000000ff600000| PB 0x00000000ff600000| Untracked 
|1961|0x00000000ff700000, 0x00000000ff800000, 0x00000000ff800000|100%| O|  |TAMS 0x00000000ff700000| PB 0x00000000ff700000| Untracked 
|1962|0x00000000ff800000, 0x00000000ff900000, 0x00000000ff900000|100%| O|  |TAMS 0x00000000ff800000| PB 0x00000000ff800000| Untracked 
|1963|0x00000000ff900000, 0x00000000ffa00000, 0x00000000ffa00000|100%| O|  |TAMS 0x00000000ff900000| PB 0x00000000ff900000| Untracked 
|1964|0x00000000ffa00000, 0x00000000ffb00000, 0x00000000ffb00000|100%| O|  |TAMS 0x00000000ffa00000| PB 0x00000000ffa00000| Untracked 
|1965|0x00000000ffb00000, 0x00000000ffc00000, 0x00000000ffc00000|100%| O|  |TAMS 0x00000000ffb00000| PB 0x00000000ffb00000| Untracked 
|1966|0x00000000ffc00000, 0x00000000ffd00000, 0x00000000ffd00000|100%| O|  |TAMS 0x00000000ffc00000| PB 0x00000000ffc00000| Untracked 
|1967|0x00000000ffd00000, 0x00000000ffe00000, 0x00000000ffe00000|100%| O|  |TAMS 0x00000000ffd00000| PB 0x00000000ffd00000| Untracked 
|1968|0x00000000ffe00000, 0x00000000fff00000, 0x00000000fff00000|100%| O|  |TAMS 0x00000000ffe00000| PB 0x00000000ffe00000| Untracked 
|1969|0x00000000fff00000, 0x0000000100000000, 0x0000000100000000|100%| O|  |TAMS 0x00000000fff00000| PB 0x00000000fff00000| Untracked 

Card table byte_map: [0x000002544ce20000,0x000002544d200000] _byte_map_base: 0x000002544c9f9000

Marking Bits: (CMBitMap*) 0x00000254350bf040
 Bits: [0x000002544d200000, 0x000002544f0c8000)

Polling page: 0x0000025432fa0000

Metaspace:

Usage:
  Non-class:     24.57 MB used.
      Class:      3.11 MB used.
       Both:     27.68 MB used.

Virtual space:
  Non-class space:       64.00 MB reserved,      24.75 MB ( 39%) committed,  1 nodes.
      Class space:        1.00 GB reserved,       3.31 MB ( <1%) committed,  1 nodes.
             Both:        1.06 GB reserved,      28.06 MB (  3%) committed. 

Chunk freelists:
   Non-Class:  7.08 MB
       Class:  12.69 MB
        Both:  19.76 MB

MaxMetaspaceSize: unlimited
CompressedClassSpaceSize: 1.00 GB
Initial GC threshold: 21.00 MB
Current GC threshold: 35.44 MB
CDS: on
 - commit_granule_bytes: 65536.
 - commit_granule_words: 8192.
 - virtual_space_node_default_size: 8388608.
 - enlarge_chunks_in_place: 1.
 - use_allocation_guard: 0.


Internal statistics:

num_allocs_failed_limit: 3.
num_arena_births: 248.
num_arena_deaths: 0.
num_vsnodes_births: 2.
num_vsnodes_deaths: 0.
num_space_committed: 449.
num_space_uncommitted: 0.
num_chunks_returned_to_freelist: 3.
num_chunks_taken_from_freelist: 1230.
num_chunk_merges: 3.
num_chunk_splits: 886.
num_chunks_enlarged: 727.
num_inconsistent_stats: 0.

CodeHeap 'non-profiled nmethods': size=120000Kb used=3934Kb max_used=3934Kb free=116065Kb
 bounds [0x0000025444fc0000, 0x00000254453a0000, 0x000002544c4f0000]
CodeHeap 'profiled nmethods': size=120000Kb used=14412Kb max_used=14412Kb free=105587Kb
 bounds [0x000002543d4f0000, 0x000002543e310000, 0x0000025444a20000]
CodeHeap 'non-nmethods': size=5760Kb used=1449Kb max_used=1518Kb free=4310Kb
 bounds [0x0000025444a20000, 0x0000025444c90000, 0x0000025444fc0000]
 total_blobs=7099 nmethods=6564 adapters=439
 compilation: enabled
              stopped_count=0, restarted_count=0
 full_count=0

Compilation events (20 events):
Event: 5.700 Thread 0x0000025497021000 6518       3       com.sun.tools.javac.util.ListBuffer::appendList (26 bytes)
Event: 7.670 Thread 0x0000025497021000 nmethod 6518 0x000002543e2d3590 code [0x000002543e2d3760, 0x000002543e2d3aa8]
Event: 7.672 Thread 0x0000025497021000 6519       3       java.util.EnumMap::unmaskNull (13 bytes)
Event: 7.673 Thread 0x0000025497021000 nmethod 6519 0x000002543e2d3c10 code [0x000002543e2d3dc0, 0x000002543e2d3f28]
Event: 7.673 Thread 0x0000025497021000 6521       3       com.sun.tools.javac.code.Types$HashCodeVisitor::visitClassType (92 bytes)
Event: 7.674 Thread 0x0000025497021000 nmethod 6521 0x000002543e2d3f90 code [0x000002543e2d4280, 0x000002543e2d54d8]
Event: 7.674 Thread 0x0000025497021000 6520       3       com.sun.tools.javac.code.Types$HashCodeVisitor::visitClassType (10 bytes)
Event: 7.674 Thread 0x0000025497021000 nmethod 6520 0x000002543e2d5a10 code [0x000002543e2d5bc0, 0x000002543e2d5eb8]
Event: 7.674 Thread 0x0000025497021000 6522       3       com.sun.tools.javac.comp.Resolve::isStatic (39 bytes)
Event: 7.674 Thread 0x0000025497021000 nmethod 6522 0x000002543e2d5f90 code [0x000002543e2d6140, 0x000002543e2d64c0]
Event: 7.675 Thread 0x0000025497021000 6523       3       com.sun.tools.javac.code.Types$15::visitClassType (130 bytes)
Event: 7.675 Thread 0x0000025497021000 nmethod 6523 0x000002543e2d6610 code [0x000002543e2d68e0, 0x000002543e2d7b20]
Event: 7.675 Thread 0x0000025497021000 6524       3       com.sun.tools.javac.code.Scope$CompoundScope::<init> (22 bytes)
Event: 7.675 Thread 0x0000025497021000 nmethod 6524 0x000002543e2d8090 code [0x000002543e2d82a0, 0x000002543e2d8a60]
Event: 7.676 Thread 0x0000025497021000 6526       3       com.sun.tools.javac.code.Types::capture (556 bytes)
Event: 9.675 Thread 0x0000025497021000 nmethod 6526 0x000002543e2d8c90 code [0x000002543e2d92c0, 0x000002543e2dd890]
Event: 9.675 Thread 0x0000025497021000 6529       3       com.sun.tools.javac.code.Types::isSubtype (183 bytes)
Event: 9.676 Thread 0x0000025497021000 nmethod 6529 0x000002543e2deb10 code [0x000002543e2df060, 0x000002543e2e21a8]
Event: 9.676 Thread 0x0000025497021000 6527       3       com.sun.tools.javac.jvm.ClassReader$$Lambda/0x00000254533235b8::apply (9 bytes)
Event: 9.676 Thread 0x0000025497021000 nmethod 6527 0x000002543e2e2c90 code [0x000002543e2e2e60, 0x000002543e2e3128]

GC Heap History (12 events):
Event: 0.542 GC heap before
{Heap before GC invocations=0 (full 0):
 garbage-first heap   total 126976K, used 23552K [0x0000000084e00000, 0x0000000100000000)
  region size 1024K, 23 young (23552K), 0 survivors (0K)
 Metaspace       used 5640K, committed 5824K, reserved 1114112K
  class space    used 654K, committed 768K, reserved 1048576K
}
Event: 0.549 GC heap after
{Heap after GC invocations=1 (full 0):
 garbage-first heap   total 126976K, used 3792K [0x0000000084e00000, 0x0000000100000000)
  region size 1024K, 3 young (3072K), 3 survivors (3072K)
 Metaspace       used 5640K, committed 5824K, reserved 1114112K
  class space    used 654K, committed 768K, reserved 1048576K
}
Event: 1.054 GC heap before
{Heap before GC invocations=1 (full 0):
 garbage-first heap   total 126976K, used 35536K [0x0000000084e00000, 0x0000000100000000)
  region size 1024K, 34 young (34816K), 3 survivors (3072K)
 Metaspace       used 9877K, committed 10112K, reserved 1114112K
  class space    used 1164K, committed 1280K, reserved 1048576K
}
Event: 1.058 GC heap after
{Heap after GC invocations=2 (full 0):
 garbage-first heap   total 126976K, used 5436K [0x0000000084e00000, 0x0000000100000000)
  region size 1024K, 2 young (2048K), 2 survivors (2048K)
 Metaspace       used 9877K, committed 10112K, reserved 1114112K
  class space    used 1164K, committed 1280K, reserved 1048576K
}
Event: 2.130 GC heap before
{Heap before GC invocations=2 (full 0):
 garbage-first heap   total 126976K, used 79164K [0x0000000084e00000, 0x0000000100000000)
  region size 1024K, 74 young (75776K), 2 survivors (2048K)
 Metaspace       used 16019K, committed 16256K, reserved 1114112K
  class space    used 1852K, committed 1984K, reserved 1048576K
}
Event: 2.142 GC heap after
{Heap after GC invocations=3 (full 0):
 garbage-first heap   total 126976K, used 14336K [0x0000000084e00000, 0x0000000100000000)
  region size 1024K, 10 young (10240K), 10 survivors (10240K)
 Metaspace       used 16019K, committed 16256K, reserved 1114112K
  class space    used 1852K, committed 1984K, reserved 1048576K
}
Event: 3.083 GC heap before
{Heap before GC invocations=3 (full 0):
 garbage-first heap   total 126976K, used 79872K [0x0000000084e00000, 0x0000000100000000)
  region size 1024K, 74 young (75776K), 10 survivors (10240K)
 Metaspace       used 17466K, committed 17792K, reserved 1114112K
  class space    used 1976K, committed 2112K, reserved 1048576K
}
Event: 3.095 GC heap after
{Heap after GC invocations=4 (full 0):
 garbage-first heap   total 126976K, used 18244K [0x0000000084e00000, 0x0000000100000000)
  region size 1024K, 4 young (4096K), 4 survivors (4096K)
 Metaspace       used 17466K, committed 17792K, reserved 1114112K
  class space    used 1976K, committed 2112K, reserved 1048576K
}
Event: 3.591 GC heap before
{Heap before GC invocations=4 (full 0):
 garbage-first heap   total 126976K, used 69444K [0x0000000084e00000, 0x0000000100000000)
  region size 1024K, 46 young (47104K), 4 survivors (4096K)
 Metaspace       used 21244K, committed 21504K, reserved 1114112K
  class space    used 2378K, committed 2496K, reserved 1048576K
}
Event: 3.597 GC heap after
{Heap after GC invocations=5 (full 0):
 garbage-first heap   total 126976K, used 28996K [0x0000000084e00000, 0x0000000100000000)
  region size 1024K, 9 young (9216K), 9 survivors (9216K)
 Metaspace       used 21244K, committed 21504K, reserved 1114112K
  class space    used 2378K, committed 2496K, reserved 1048576K
}
Event: 4.416 GC heap before
{Heap before GC invocations=6 (full 0):
 garbage-first heap   total 102400K, used 100676K [0x0000000084e00000, 0x0000000100000000)
  region size 1024K, 74 young (75776K), 9 survivors (9216K)
 Metaspace       used 27233K, committed 27584K, reserved 1114112K
  class space    used 3044K, committed 3200K, reserved 1048576K
}
Event: 4.436 GC heap after
{Heap after GC invocations=7 (full 0):
 garbage-first heap   total 153600K, used 47940K [0x0000000084e00000, 0x0000000100000000)
  region size 1024K, 10 young (10240K), 10 survivors (10240K)
 Metaspace       used 27233K, committed 27584K, reserved 1114112K
  class space    used 3044K, committed 3200K, reserved 1048576K
}

Dll operation events (8 events):
Event: 0.007 Loaded shared library C:\Program Files\Java\jdk-21\bin\java.dll
Event: 0.042 Loaded shared library C:\Program Files\Java\jdk-21\bin\jsvml.dll
Event: 0.053 Loaded shared library C:\Program Files\Java\jdk-21\bin\net.dll
Event: 0.055 Loaded shared library C:\Program Files\Java\jdk-21\bin\nio.dll
Event: 0.058 Loaded shared library C:\Program Files\Java\jdk-21\bin\zip.dll
Event: 0.186 Loaded shared library C:\Program Files\Java\jdk-21\bin\jimage.dll
Event: 0.188 Loaded shared library C:\Users\lucia\OneDrive\Escritorio\SEGURIDAD Y CALIDAD EN EL DESARROLLO\Proyectos\apache-maven-3.9.9\lib\jansi-native\Windows\x86_64\jansi.dll
Event: 0.201 Loaded shared library C:\Program Files\Java\jdk-21\bin\verify.dll

Deoptimization events (20 events):
Event: 5.608 Thread 0x0000025432d57990 DEOPT PACKING pc=0x000002543e213114 sp=0x00000066c23fcab0
Event: 5.608 Thread 0x0000025432d57990 DEOPT UNPACKING pc=0x0000025444a74e42 sp=0x00000066c23fbe70 mode 0
Event: 5.620 Thread 0x0000025432d57990 DEOPT PACKING pc=0x000002543e23e374 sp=0x00000066c23fc7c0
Event: 5.620 Thread 0x0000025432d57990 DEOPT UNPACKING pc=0x0000025444a74e42 sp=0x00000066c23fbd18 mode 0
Event: 5.637 Thread 0x0000025432d57990 Uncommon trap: trap_request=0xffffffde fr.pc=0x0000025445394c50 relative=0x0000000000000130
Event: 5.637 Thread 0x0000025432d57990 Uncommon trap: reason=class_check action=maybe_recompile pc=0x0000025445394c50 method=com.sun.tools.javac.code.Type.containsAny(Lcom/sun/tools/javac/util/List;)Z @ 6 c2
Event: 5.637 Thread 0x0000025432d57990 DEOPT PACKING pc=0x0000025445394c50 sp=0x00000066c23fbe30
Event: 5.637 Thread 0x0000025432d57990 DEOPT UNPACKING pc=0x0000025444a746a2 sp=0x00000066c23fbd58 mode 2
Event: 5.637 Thread 0x0000025432d57990 Uncommon trap: trap_request=0xffffffde fr.pc=0x0000025445394c50 relative=0x0000000000000130
Event: 5.637 Thread 0x0000025432d57990 Uncommon trap: reason=class_check action=maybe_recompile pc=0x0000025445394c50 method=com.sun.tools.javac.code.Type.containsAny(Lcom/sun/tools/javac/util/List;)Z @ 6 c2
Event: 5.637 Thread 0x0000025432d57990 DEOPT PACKING pc=0x0000025445394c50 sp=0x00000066c23fbe10
Event: 5.637 Thread 0x0000025432d57990 DEOPT UNPACKING pc=0x0000025444a746a2 sp=0x00000066c23fbd38 mode 2
Event: 5.700 Thread 0x0000025432d57990 Uncommon trap: trap_request=0xffffffde fr.pc=0x0000025445394c50 relative=0x0000000000000130
Event: 5.700 Thread 0x0000025432d57990 Uncommon trap: reason=class_check action=maybe_recompile pc=0x0000025445394c50 method=com.sun.tools.javac.code.Type.containsAny(Lcom/sun/tools/javac/util/List;)Z @ 6 c2
Event: 5.700 Thread 0x0000025432d57990 DEOPT PACKING pc=0x0000025445394c50 sp=0x00000066c23fbe10
Event: 5.700 Thread 0x0000025432d57990 DEOPT UNPACKING pc=0x0000025444a746a2 sp=0x00000066c23fbd38 mode 2
Event: 7.672 Thread 0x0000025432d57990 Uncommon trap: trap_request=0xffffffde fr.pc=0x0000025445394c50 relative=0x0000000000000130
Event: 7.672 Thread 0x0000025432d57990 Uncommon trap: reason=class_check action=maybe_recompile pc=0x0000025445394c50 method=com.sun.tools.javac.code.Type.containsAny(Lcom/sun/tools/javac/util/List;)Z @ 6 c2
Event: 7.672 Thread 0x0000025432d57990 DEOPT PACKING pc=0x0000025445394c50 sp=0x00000066c23fc020
Event: 7.672 Thread 0x0000025432d57990 DEOPT UNPACKING pc=0x0000025444a746a2 sp=0x00000066c23fbf48 mode 2

Classes loaded (20 events):
Event: 4.267 Loading class java/nio/file/FileTreeWalker$1
Event: 4.267 Loading class java/nio/file/FileTreeWalker$1 done
Event: 4.480 Loading class java/util/stream/ReduceOps$1
Event: 4.480 Loading class java/util/stream/ReduceOps$1 done
Event: 4.481 Loading class java/util/stream/ReduceOps$1ReducingSink
Event: 4.482 Loading class java/util/stream/ReduceOps$1ReducingSink done
Event: 4.525 Loading class java/nio/file/Path$1
Event: 4.525 Loading class java/nio/file/Path$1 done
Event: 4.544 Loading class java/util/function/ToIntBiFunction
Event: 4.545 Loading class java/util/function/ToIntBiFunction done
Event: 4.550 Loading class java/io/DataOutputStream
Event: 4.550 Loading class java/io/DataOutputStream done
Event: 5.638 Loading class java/util/EnumMap$EntrySet
Event: 5.700 Loading class java/util/EnumMap$EntrySet done
Event: 5.700 Loading class java/util/EnumMap$EntryIterator
Event: 5.700 Loading class java/util/EnumMap$EnumMapIterator
Event: 5.700 Loading class java/util/EnumMap$EnumMapIterator done
Event: 5.700 Loading class java/util/EnumMap$EntryIterator done
Event: 5.700 Loading class java/util/EnumMap$EntryIterator$Entry
Event: 5.700 Loading class java/util/EnumMap$EntryIterator$Entry done

Classes unloaded (0 events):
No events

Classes redefined (0 events):
No events

Internal exceptions (20 events):
Event: 4.461 Thread 0x0000025432d57990 Exception <a 'sun/nio/fs/WindowsException'{0x000000008d224c10}> (0x000000008d224c10) 
thrown [s\open\src\hotspot\share\prims\jni.cpp, line 520]
Event: 4.461 Thread 0x0000025432d57990 Exception <a 'sun/nio/fs/WindowsException'{0x000000008d225788}> (0x000000008d225788) 
thrown [s\open\src\hotspot\share\prims\jni.cpp, line 520]
Event: 4.524 Thread 0x0000025432d57990 Exception <a 'sun/nio/fs/WindowsException'{0x000000008d15e7c0}> (0x000000008d15e7c0) 
thrown [s\open\src\hotspot\share\prims\jni.cpp, line 520]
Event: 4.525 Thread 0x0000025432d57990 Exception <a 'sun/nio/fs/WindowsException'{0x000000008d15ef88}> (0x000000008d15ef88) 
thrown [s\open\src\hotspot\share\prims\jni.cpp, line 520]
Event: 4.525 Thread 0x0000025432d57990 Exception <a 'sun/nio/fs/WindowsException'{0x000000008d15f618}> (0x000000008d15f618) 
thrown [s\open\src\hotspot\share\prims\jni.cpp, line 520]
Event: 4.525 Thread 0x0000025432d57990 Exception <a 'sun/nio/fs/WindowsException'{0x000000008d15fdb0}> (0x000000008d15fdb0) 
thrown [s\open\src\hotspot\share\prims\jni.cpp, line 520]
Event: 4.525 Thread 0x0000025432d57990 Exception <a 'sun/nio/fs/WindowsException'{0x000000008d160540}> (0x000000008d160540) 
thrown [s\open\src\hotspot\share\prims\jni.cpp, line 520]
Event: 4.547 Thread 0x0000025432d57990 Exception <a 'sun/nio/fs/WindowsException'{0x000000008d1bbf70}> (0x000000008d1bbf70) 
thrown [s\open\src\hotspot\share\prims\jni.cpp, line 520]
Event: 5.587 Thread 0x0000025432d57990 Exception <a 'sun/nio/fs/WindowsException'{0x000000008d1e7288}> (0x000000008d1e7288) 
thrown [s\open\src\hotspot\share\prims\jni.cpp, line 520]
Event: 5.587 Thread 0x0000025432d57990 Exception <a 'sun/nio/fs/WindowsException'{0x000000008d1e7a68}> (0x000000008d1e7a68) 
thrown [s\open\src\hotspot\share\prims\jni.cpp, line 520]
Event: 5.596 Thread 0x0000025432d57990 Exception <a 'sun/nio/fs/WindowsException'{0x000000008d03b288}> (0x000000008d03b288) 
thrown [s\open\src\hotspot\share\prims\jni.cpp, line 520]
Event: 5.596 Thread 0x0000025432d57990 Exception <a 'sun/nio/fs/WindowsException'{0x000000008d03ba60}> (0x000000008d03ba60) 
thrown [s\open\src\hotspot\share\prims\jni.cpp, line 520]
Event: 5.602 Thread 0x0000025432d57990 Exception <a 'sun/nio/fs/WindowsException'{0x000000008d0504c8}> (0x000000008d0504c8) 
thrown [s\open\src\hotspot\share\prims\jni.cpp, line 520]
Event: 5.602 Thread 0x0000025432d57990 Exception <a 'sun/nio/fs/WindowsException'{0x000000008d050cb8}> (0x000000008d050cb8) 
thrown [s\open\src\hotspot\share\prims\jni.cpp, line 520]
Event: 5.624 Thread 0x0000025432d57990 Exception <a 'java/lang/NoSuchMethodError'{0x000000008d093c28}: 'int java.lang.invoke.DirectMethodHandle$Holder.invokeVirtual(java.lang.Object, java.lang.Object, java.lang.Object, java.lang.Object)'> (0x000000008d093c28) 
thrown [s\open\src\hotspot\share\interpreter\linkResolver.cpp, line 773]
Event: 5.625 Thread 0x0000025432d57990 Exception <a 'java/lang/NoSuchMethodError'{0x000000008d09dca0}: 'java.lang.Object java.lang.invoke.DirectMethodHandle$Holder.newInvokeSpecial(java.lang.Object, java.lang.Object, int, java.lang.Object)'> (0x000000008d09dca0) 
thrown [s\open\src\hotspot\share\interpreter\linkResolver.cpp, line 773]
Event: 7.680 Thread 0x0000025432d57990 Exception <a 'sun/nio/fs/WindowsException'{0x000000008cf37828}> (0x000000008cf37828) 
thrown [s\open\src\hotspot\share\prims\jni.cpp, line 520]
Event: 8.687 Thread 0x0000025432d57990 Exception <a 'sun/nio/fs/WindowsException'{0x000000008cf3f840}> (0x000000008cf3f840) 
thrown [s\open\src\hotspot\share\prims\jni.cpp, line 520]
Event: 9.675 Thread 0x0000025432d57990 Exception <a 'sun/nio/fs/WindowsException'{0x000000008cf51348}> (0x000000008cf51348) 
thrown [s\open\src\hotspot\share\prims\jni.cpp, line 520]
Event: 9.675 Thread 0x0000025432d57990 Exception <a 'sun/nio/fs/WindowsException'{0x000000008cf52670}> (0x000000008cf52670) 
thrown [s\open\src\hotspot\share\prims\jni.cpp, line 520]

ZGC Phase Switch (0 events):
No events

VM Operations (20 events):
Event: 4.416 Executing VM operation: G1CollectForAllocation (G1 Evacuation Pause)
Event: 4.436 Executing VM operation: G1CollectForAllocation (G1 Evacuation Pause) done
Event: 4.481 Executing VM operation: HandshakeAllThreads (Deoptimize)
Event: 4.481 Executing VM operation: HandshakeAllThreads (Deoptimize) done
Event: 4.500 Executing VM operation: HandshakeAllThreads (Deoptimize)
Event: 4.500 Executing VM operation: HandshakeAllThreads (Deoptimize) done
Event: 4.503 Executing VM operation: HandshakeAllThreads (Deoptimize)
Event: 4.503 Executing VM operation: HandshakeAllThreads (Deoptimize) done
Event: 5.503 Executing VM operation: Cleanup
Event: 5.583 Executing VM operation: Cleanup done
Event: 5.608 Executing VM operation: HandshakeAllThreads (Deoptimize)
Event: 5.608 Executing VM operation: HandshakeAllThreads (Deoptimize) done
Event: 5.618 Executing VM operation: HandshakeAllThreads (Deoptimize)
Event: 5.618 Executing VM operation: HandshakeAllThreads (Deoptimize) done
Event: 5.619 Executing VM operation: HandshakeAllThreads (Deoptimize)
Event: 5.620 Executing VM operation: HandshakeAllThreads (Deoptimize) done
Event: 6.624 Executing VM operation: Cleanup
Event: 6.671 Executing VM operation: Cleanup done
Event: 7.685 Executing VM operation: Cleanup
Event: 8.687 Executing VM operation: Cleanup done

Events (20 events):
Event: 0.038 Thread 0x0000025451908b90 Thread added: 0x0000025451908b90
Event: 0.038 Thread 0x000002545190e310 Thread added: 0x000002545190e310
Event: 0.038 Thread 0x0000025451913220 Thread added: 0x0000025451913220
Event: 0.038 Thread 0x0000025451911e70 Thread added: 0x0000025451911e70
Event: 0.038 Thread 0x0000025451912b90 Thread added: 0x0000025451912b90
Event: 0.038 Thread 0x00000254519152f0 Thread added: 0x00000254519152f0
Event: 0.038 Thread 0x00000254970203c0 Thread added: 0x00000254970203c0
Event: 0.038 Thread 0x0000025497021000 Thread added: 0x0000025497021000
Event: 0.047 Thread 0x0000025451914c60 Thread added: 0x0000025451914c60
Event: 0.051 Thread 0x0000025451912500 Thread added: 0x0000025451912500
Event: 0.185 Thread 0x00000254519138b0 Thread added: 0x00000254519138b0
Event: 0.194 Thread 0x00000254519138b0 Thread exited: 0x00000254519138b0
Event: 0.290 Thread 0x00000254975a50a0 Thread added: 0x00000254975a50a0
Event: 0.510 Thread 0x000002549789b560 Thread added: 0x000002549789b560
Event: 1.407 Thread 0x00000254519138b0 Thread added: 0x00000254519138b0
Event: 3.434 Thread 0x000002549789b560 Thread exited: 0x000002549789b560
Event: 3.524 Thread 0x0000025498579e10 Thread added: 0x0000025498579e10
Event: 3.688 Thread 0x0000025498579e10 Thread exited: 0x0000025498579e10
Event: 3.940 Thread 0x00000254989dfff0 Thread added: 0x00000254989dfff0
Event: 7.672 Thread 0x00000254989dfff0 Thread exited: 0x00000254989dfff0


Dynamic libraries:
0x00007ff6d3b20000 - 0x00007ff6d3b30000 	C:\Program Files\Java\jdk-21\bin\java.exe
0x00007ff83be80000 - 0x00007ff83c0e6000 	C:\WINDOWS\SYSTEM32\ntdll.dll
0x00007ff83a3a0000 - 0x00007ff83a469000 	C:\WINDOWS\System32\KERNEL32.DLL
0x00007ff8392e0000 - 0x00007ff8396ac000 	C:\WINDOWS\System32\KERNELBASE.dll
0x00007ff8396b0000 - 0x00007ff8397fb000 	C:\WINDOWS\System32\ucrtbase.dll
0x00007ff82df00000 - 0x00007ff82df1b000 	C:\Program Files\Java\jdk-21\bin\VCRUNTIME140.dll
0x00007ff82dee0000 - 0x00007ff82def9000 	C:\Program Files\Java\jdk-21\bin\jli.dll
0x00007ff83b020000 - 0x00007ff83b0d2000 	C:\WINDOWS\System32\ADVAPI32.dll
0x00007ff83a690000 - 0x00007ff83a739000 	C:\WINDOWS\System32\msvcrt.dll
0x00007ff83b760000 - 0x00007ff83b806000 	C:\WINDOWS\System32\sechost.dll
0x00007ff839fa0000 - 0x00007ff83a0b6000 	C:\WINDOWS\System32\RPCRT4.dll
0x00007ff83a4c0000 - 0x00007ff83a68a000 	C:\WINDOWS\System32\USER32.dll
0x00007ff839be0000 - 0x00007ff839c07000 	C:\WINDOWS\System32\win32u.dll
0x00007ff81c9d0000 - 0x00007ff81cc6a000 	C:\WINDOWS\WinSxS\amd64_microsoft.windows.common-controls_6595b64144ccf1df_6.0.26100.3912_none_3e07963ce335137e\COMCTL32.dll
0x00007ff83a0c0000 - 0x00007ff83a0eb000 	C:\WINDOWS\System32\GDI32.dll
0x00007ff839890000 - 0x00007ff8399c2000 	C:\WINDOWS\System32\gdi32full.dll
0x00007ff8399d0000 - 0x00007ff839a73000 	C:\WINDOWS\System32\msvcp_win.dll
0x00007ff823190000 - 0x00007ff82319b000 	C:\WINDOWS\SYSTEM32\VERSION.dll
0x00007ff83b810000 - 0x00007ff83b840000 	C:\WINDOWS\System32\IMM32.DLL
0x00007ff833c40000 - 0x00007ff833c4c000 	C:\Program Files\Java\jdk-21\bin\vcruntime140_1.dll
0x00007ff820230000 - 0x00007ff8202be000 	C:\Program Files\Java\jdk-21\bin\msvcp140.dll
0x00007fffc9ef0000 - 0x00007fffcac0a000 	C:\Program Files\Java\jdk-21\bin\server\jvm.dll
0x00007ff83bcf0000 - 0x00007ff83bd64000 	C:\WINDOWS\System32\WS2_32.dll
0x00007ff82ea10000 - 0x00007ff82ea46000 	C:\WINDOWS\SYSTEM32\WINMM.dll
0x00007ff838e30000 - 0x00007ff838e8e000 	C:\WINDOWS\SYSTEM32\POWRPROF.dll
0x00007ff838e10000 - 0x00007ff838e24000 	C:\WINDOWS\SYSTEM32\UMPDC.dll
0x00007ff837da0000 - 0x00007ff837dba000 	C:\WINDOWS\SYSTEM32\kernel.appcore.dll
0x00007ff82ded0000 - 0x00007ff82deda000 	C:\Program Files\Java\jdk-21\bin\jimage.dll
0x00007ff836600000 - 0x00007ff836841000 	C:\WINDOWS\SYSTEM32\DBGHELP.DLL
0x00007ff839c10000 - 0x00007ff839f94000 	C:\WINDOWS\System32\combase.dll
0x00007ff83b670000 - 0x00007ff83b750000 	C:\WINDOWS\System32\OLEAUT32.dll
0x00007ff8181b0000 - 0x00007ff8181e9000 	C:\WINDOWS\SYSTEM32\dbgcore.DLL
0x00007ff839b40000 - 0x00007ff839bd9000 	C:\WINDOWS\System32\bcryptPrimitives.dll
0x00007ff82deb0000 - 0x00007ff82decf000 	C:\Program Files\Java\jdk-21\bin\java.dll
0x00007ff83a8f0000 - 0x00007ff83b01d000 	C:\WINDOWS\System32\SHELL32.dll
0x00007ff838fe0000 - 0x00007ff839154000 	C:\WINDOWS\System32\wintypes.dll
0x00007ff836c20000 - 0x00007ff837476000 	C:\WINDOWS\SYSTEM32\windows.storage.dll
0x00007ff83b220000 - 0x00007ff83b30f000 	C:\WINDOWS\System32\SHCORE.dll
0x00007ff83b320000 - 0x00007ff83b389000 	C:\WINDOWS\System32\shlwapi.dll
0x00007ff838ef0000 - 0x00007ff838f1f000 	C:\WINDOWS\SYSTEM32\profapi.dll
0x00007ffffa360000 - 0x00007ffffa437000 	C:\Program Files\Java\jdk-21\bin\jsvml.dll
0x00007ff82dea0000 - 0x00007ff82deb0000 	C:\Program Files\Java\jdk-21\bin\net.dll
0x00007ff8323e0000 - 0x00007ff8324fe000 	C:\WINDOWS\SYSTEM32\WINHTTP.dll
0x00007ff838310000 - 0x00007ff83837a000 	C:\WINDOWS\system32\mswsock.dll
0x00007ff82de80000 - 0x00007ff82de96000 	C:\Program Files\Java\jdk-21\bin\nio.dll
0x00007ff820410000 - 0x00007ff820428000 	C:\Program Files\Java\jdk-21\bin\zip.dll
0x00007ff819920000 - 0x00007ff819944000 	C:\Users\lucia\OneDrive\Escritorio\SEGURIDAD Y CALIDAD EN EL DESARROLLO\Proyectos\apache-maven-3.9.9\lib\jansi-native\Windows\x86_64\jansi.dll
0x00007ff82dda0000 - 0x00007ff82ddb0000 	C:\Program Files\Java\jdk-21\bin\verify.dll

dbghelp: loaded successfully - version: 4.0.5 - missing functions: none
symbol engine: initialized successfully - sym options: 0x614 - pdb path: .;C:\Program Files\Java\jdk-21\bin;C:\WINDOWS\SYSTEM32;C:\WINDOWS\WinSxS\amd64_microsoft.windows.common-controls_6595b64144ccf1df_6.0.26100.3912_none_3e07963ce335137e;C:\Program Files\Java\jdk-21\bin\server;C:\Users\lucia\OneDrive\Escritorio\SEGURIDAD Y CALIDAD EN EL DESARROLLO\Proyectos\apache-maven-3.9.9\lib\jansi-native\Windows\x86_64

VM Arguments:
jvm_args: -Dclassworlds.conf=C:\Users\lucia\OneDrive\Escritorio\SEGURIDAD Y CALIDAD EN EL DESARROLLO\Proyectos\apache-maven-3.9.9\bin\m2.conf -Dmaven.home=C:\Users\lucia\OneDrive\Escritorio\SEGURIDAD Y CALIDAD EN EL DESARROLLO\Proyectos\apache-maven-3.9.9 -Dlibrary.jansi.path=C:\Users\lucia\OneDrive\Escritorio\SEGURIDAD Y CALIDAD EN EL DESARROLLO\Proyectos\apache-maven-3.9.9\lib\jansi-native -Dmaven.multiModuleProjectDirectory=C:\Users\lucia\OneDrive\Escritorio\CDY2203_Exp3_S8_Backend_actividad_sumativa\Proyecto final s8 
java_command: org.codehaus.plexus.classworlds.launcher.Launcher clean install
java_class_path (initial): C:\Users\lucia\OneDrive\Escritorio\SEGURIDAD Y CALIDAD EN EL DESARROLLO\Proyectos\apache-maven-3.9.9\boot\plexus-classworlds-2.8.0.jar
Launcher Type: SUN_STANDARD

[Global flags]
     intx CICompilerCount                          = 4                                         {product} {ergonomic}
     uint ConcGCThreads                            = 3                                         {product} {ergonomic}
     uint G1ConcRefinementThreads                  = 10                                        {product} {ergonomic}
   size_t G1HeapRegionSize                         = 1048576                                   {product} {ergonomic}
    uintx GCDrainStackTargetSize                   = 64                                        {product} {ergonomic}
   size_t InitialHeapSize                          = 130023424                                 {product} {ergonomic}
   size_t MarkStackSize                            = 4194304                                   {product} {ergonomic}
   size_t MaxHeapSize                              = 2065694720                                {product} {ergonomic}
   size_t MaxNewSize                               = 1239416832                                {product} {ergonomic}
   size_t MinHeapDeltaBytes                        = 1048576                                   {product} {ergonomic}
   size_t MinHeapSize                              = 8388608                                   {product} {ergonomic}
    uintx NonNMethodCodeHeapSize                   = 5839372                                {pd product} {ergonomic}
    uintx NonProfiledCodeHeapSize                  = 122909434                              {pd product} {ergonomic}
    uintx ProfiledCodeHeapSize                     = 122909434                              {pd product} {ergonomic}
    uintx ReservedCodeCacheSize                    = 251658240                              {pd product} {ergonomic}
     bool SegmentedCodeCache                       = true                                      {product} {ergonomic}
   size_t SoftMaxHeapSize                          = 2065694720                             {manageable} {ergonomic}
     bool UseCompressedOops                        = true                           {product lp64_product} {ergonomic}
     bool UseG1GC                                  = true                                      {product} {ergonomic}
     bool UseLargePagesIndividualAllocation        = false                                  {pd product} {ergonomic}

Logging:
Log output configuration:
 #0: stdout all=warning uptime,level,tags foldmultilines=false
 #1: stderr all=off uptime,level,tags foldmultilines=false

Environment Variables:
JAVA_HOME=C:\Program Files\Java\jdk-21
PATH=C:\Program Files\Common Files\Oracle\Java\javapath;C:\Program Files\Eclipse Adoptium\jdk-17.0.14.7-hotspot\bin;C:\WINDOWS\system32;C:\WINDOWS;C:\WINDOWS\System32\Wbem;C:\WINDOWS\System32\WindowsPowerShell\v1.0\;C:\WINDOWS\System32\OpenSSH\;C:\Program Files\dotnet\;C:\Program Files\Docker\Docker\resources\bin;C:\Users\lucia\OneDrive\Escritorio\SEGURIDAD Y CALIDAD EN EL DESARROLLO\apache-maven-3.9.9\BIN;C:\Program Files\Git\cmd;C:\Users\lucia\AppData\Local\Microsoft\WindowsApps;C:\Users\lucia\AppData\Local\Programs\Microsoft VS Code\bin;C:\Program Files\Java\jdk-21\bin;C:\Users\lucia\OneDrive\Escritorio\SEGURIDAD Y CALIDAD EN EL DESARROLLO\Proyectos\apache-maven-3.9.9\bin;
USERNAME=lucia
LANG=en_US.UTF-8
OS=Windows_NT
PROCESSOR_IDENTIFIER=Intel64 Family 6 Model 186 Stepping 3, GenuineIntel
TMP=C:\Users\lucia\AppData\Local\Temp
TEMP=C:\Users\lucia\AppData\Local\Temp




Periodic native trim disabled

---------------  S Y S T E M  ---------------

OS:
 Windows 11 , 64 bit Build 26100 (10.0.26100.3912)
OS uptime: 0 days 9:53 hours
Hyper-V role detected

CPU: total 12 (initial active 12) (6 cores per cpu, 2 threads per core) family 6 model 186 stepping 3 microcode 0x410e, cx8, cmov, fxsr, ht, mmx, 3dnowpref, sse, sse2, sse3, ssse3, sse4.1, sse4.2, popcnt, lzcnt, tsc, tscinvbit, avx, avx2, aes, erms, clmul, bmi1, bmi2, adx, sha, fma, vzeroupper, clflush, clflushopt, clwb, hv, serialize, rdtscp, rdpid, fsrm, f16c, cet_ibt, cet_ss
Processor Information for processor 0
  Max Mhz: 1300, Current Mhz: 1300, Mhz Limit: 1300
Processor Information for processor 1
  Max Mhz: 1300, Current Mhz: 1300, Mhz Limit: 1300
Processor Information for processor 2
  Max Mhz: 1300, Current Mhz: 1300, Mhz Limit: 1300
Processor Information for processor 3
  Max Mhz: 1300, Current Mhz: 1300, Mhz Limit: 1300
Processor Information for processor 4
  Max Mhz: 1300, Current Mhz: 900, Mhz Limit: 897
Processor Information for processor 5
  Max Mhz: 1300, Current Mhz: 900, Mhz Limit: 897
Processor Information for processor 6
  Max Mhz: 1300, Current Mhz: 900, Mhz Limit: 897
Processor Information for processor 7
  Max Mhz: 1300, Current Mhz: 900, Mhz Limit: 897
Processor Information for processor 8
  Max Mhz: 1300, Current Mhz: 900, Mhz Limit: 897
Processor Information for processor 9
  Max Mhz: 1300, Current Mhz: 900, Mhz Limit: 897
Processor Information for processor 10
  Max Mhz: 1300, Current Mhz: 900, Mhz Limit: 897
Processor Information for processor 11
  Max Mhz: 1300, Current Mhz: 900, Mhz Limit: 897

Memory: 4k page, system-wide physical 7875M (619M free)
TotalPageFile size 16067M (AvailPageFile size 17M)
current process WorkingSet (physical memory assigned to process): 289M, peak: 289M
current process commit charge ("private bytes"): 347M, peak: 347M

vm_info: Java HotSpot(TM) 64-Bit Server VM (21.0.6+8-LTS-188) for windows-amd64 JRE (21.0.6+8-LTS-188), built on 2024-12-03T10:50:54Z by "mach5one" with MS VC++ 17.6 (VS2022)

END.
