#
# There is insufficient memory for the Java Runtime Environment to continue.
# Native memory allocation (malloc) failed to allocate 1197296 bytes. Error detail: Chunk::new
# Possible reasons:
#   The system is out of physical RAM or swap space
#   This process is running with CompressedOops enabled, and the Java Heap may be blocking the growth of the native heap
# Possible solutions:
#   Reduce memory load on the system
#   Increase physical memory or swap space
#   Check if swap backing store is full
#   Decrease Java heap size (-Xmx/-Xms)
#   Decrease number of Java threads
#   Decrease Java thread stack sizes (-Xss)
#   Set larger code cache with -XX:ReservedCodeCacheSize=
#   JVM is running with Unscaled Compressed Oops mode in which the Java heap is
#     placed in the first 4GB address space. The Java Heap base address is the
#     maximum limit for the native heap growth. Please use -XX:HeapBaseMinAddress
#     to set the Java Heap base and to place the Java Heap above 4GB virtual address.
# This output file may be truncated or incomplete.
#
#  Out of Memory Error (arena.cpp:168), pid=32012, tid=31892
#
# JRE version: OpenJDK Runtime Environment Temurin-21.0.6+7 (21.0.6+7) (build 21.0.6+7-LTS)
# Java VM: OpenJDK 64-Bit Server VM Temurin-21.0.6+7 (21.0.6+7-LTS, mixed mode, sharing, tiered, compressed oops, compressed class ptrs, parallel gc, windows-amd64)
# No core dump will be written. Minidumps are not enabled by default on client versions of Windows
#

---------------  S U M M A R Y ------------

Command Line: --add-modules=ALL-SYSTEM --add-opens=java.base/java.util=ALL-UNNAMED --add-opens=java.base/java.lang=ALL-UNNAMED --add-opens=java.base/sun.nio.fs=ALL-UNNAMED -Declipse.application=org.eclipse.jdt.ls.core.id1 -Dosgi.bundles.defaultStartLevel=4 -Declipse.product=org.eclipse.jdt.ls.core.product -Djava.import.generatesMetadataFilesAtProjectRoot=false -DDetectVMInstallationsJob.disabled=true -Dfile.encoding=utf8 -XX:+UseParallelGC -XX:GCTimeRatio=4 -XX:AdaptiveSizePolicyWeight=90 -Dsun.zip.disableMemoryMapping=true -Xmx1G -Xms100m -Xlog:disable -javaagent:c:\Users\lucia\.vscode\extensions\redhat.java-1.41.1-win32-x64\lombok\lombok-1.18.36.jar -XX:+HeapDumpOnOutOfMemoryError -XX:HeapDumpPath=c:\Users\lucia\AppData\Roaming\Code\User\workspaceStorage\de767ea62446350697c0ef6b0c319e3b\redhat.java -Daether.dependencyCollector.impl=bf c:\Users\lucia\.vscode\extensions\redhat.java-1.41.1-win32-x64\server\plugins\org.eclipse.equinox.launcher_1.7.0.v20250331-1702.jar -configuration c:\Users\lucia\AppData\Roaming\Code\User\globalStorage\redhat.java\1.41.1\config_win -data c:\Users\lucia\AppData\Roaming\Code\User\workspaceStorage\de767ea62446350697c0ef6b0c319e3b\redhat.java\jdt_ws --pipe=\\.\pipe\lsp-94010a2a73f50c2e493f4d54a63eebc4-sock

Host: 13th Gen Intel(R) Core(TM) i5-1335U, 12 cores, 7G,  Windows 11 , 64 bit Build 26100 (10.0.26100.3912)
Time: Thu May  1 22:27:48 2025 Hora est. Sudamérica Pacífico elapsed time: 61.850013 seconds (0d 0h 1m 1s)

---------------  T H R E A D  ---------------

Current thread (0x00000238e3219500):  JavaThread "C2 CompilerThread1" daemon [_thread_in_native, id=31892, stack(0x000000e644500000,0x000000e644600000) (1024K)]


Current CompileTask:
C2:61850 12819       4       org.eclipse.jdt.internal.compiler.lookup.BinaryTypeBinding::createMethod (1720 bytes)

Stack: [0x000000e644500000,0x000000e644600000]
Native frames: (J=compiled Java code, j=interpreted, Vv=VM code, C=native code)
V  [jvm.dll+0x6cdee9]
V  [jvm.dll+0x8a83d1]
V  [jvm.dll+0x8aa8fe]
V  [jvm.dll+0x8aafe3]
V  [jvm.dll+0x27f706]
V  [jvm.dll+0xc500d]
V  [jvm.dll+0xc5543]
V  [jvm.dll+0x3b6752]
V  [jvm.dll+0x1dfe13]
V  [jvm.dll+0x247b42]
V  [jvm.dll+0x246fcf]
V  [jvm.dll+0x1c75ee]
V  [jvm.dll+0x25685a]
V  [jvm.dll+0x254dfa]
V  [jvm.dll+0x3f0256]
V  [jvm.dll+0x851f8b]
V  [jvm.dll+0x6cc5ed]
C  [ucrtbase.dll+0x37b0]
C  [KERNEL32.DLL+0x2e8d7]
C  [ntdll.dll+0x9c5dc]


---------------  P R O C E S S  ---------------

Threads class SMR info:
_java_thread_list=0x00000238f6725be0, length=79, elements={
0x000002388bca1e20, 0x00000238e30e44b0, 0x00000238e11fca90, 0x00000238e30e9400,
0x00000238e30ecb80, 0x00000238e30edd70, 0x00000238e30f0ef0, 0x00000238e30f20d0,
0x00000238e30fae60, 0x000002388bd123a0, 0x00000238e3425a20, 0x00000238e80199e0,
0x00000238e8284bf0, 0x00000238e8060300, 0x00000238e8061b50, 0x00000238e80bc5f0,
0x00000238e808f480, 0x00000238e8564710, 0x00000238e8564da0, 0x00000238e8565430,
0x00000238e8565ac0, 0x00000238e8566150, 0x00000238e8562cd0, 0x00000238e8564080,
0x00000238e85639f0, 0x00000238ea8859c0, 0x00000238ea884610, 0x00000238ea884ca0,
0x00000238ea8866e0, 0x00000238ea885330, 0x00000238ea886050, 0x00000238ea886d70,
0x00000238ea883f80, 0x00000238ea8838f0, 0x00000238ea88a1f0, 0x00000238ea88a880,
0x00000238ea887400, 0x00000238ea88af10, 0x00000238ea8894d0, 0x00000238ea887a90,
0x00000238ea888120, 0x00000238ea888e40, 0x00000238ea8887b0, 0x00000238e9fb0980,
0x00000238e9fae8b0, 0x00000238e9fae220, 0x00000238e9faef40, 0x00000238e9fafc60,
0x00000238e9fad500, 0x00000238e9fb23c0, 0x00000238e9fb1010, 0x00000238e9fb1d30,
0x00000238e9fb30e0, 0x00000238e9fb3e00, 0x00000238e9fb16a0, 0x00000238e9fb2a50,
0x00000238e9fb3770, 0x00000238e9fb4490, 0x00000238ec24bf30, 0x00000238ec24fa40,
0x00000238ec24f3b0, 0x00000238ec24e000, 0x00000238ec24e690, 0x00000238ec24ed20,
0x00000238ec24c5c0, 0x00000238ec24cc50, 0x00000238ec24d970, 0x00000238ec250760,
0x00000238ec24d2e0, 0x00000238ec253550, 0x00000238ec250df0, 0x00000238ec251480,
0x00000238ec252830, 0x00000238ec251b10, 0x00000238ec2521a0, 0x00000238f4aa0fe0,
0x00000238e3219500, 0x00000238f4aa2a20, 0x00000238ebf5a7d0
}

Java Threads: ( => current thread )
  0x000002388bca1e20 JavaThread "main"                              [_thread_blocked, id=17988, stack(0x000000e643800000,0x000000e643900000) (1024K)]
  0x00000238e30e44b0 JavaThread "Reference Handler"          daemon [_thread_blocked, id=13452, stack(0x000000e643c00000,0x000000e643d00000) (1024K)]
  0x00000238e11fca90 JavaThread "Finalizer"                  daemon [_thread_blocked, id=35680, stack(0x000000e643d00000,0x000000e643e00000) (1024K)]
  0x00000238e30e9400 JavaThread "Signal Dispatcher"          daemon [_thread_blocked, id=31588, stack(0x000000e643e00000,0x000000e643f00000) (1024K)]
  0x00000238e30ecb80 JavaThread "Attach Listener"            daemon [_thread_blocked, id=31052, stack(0x000000e643f00000,0x000000e644000000) (1024K)]
  0x00000238e30edd70 JavaThread "Service Thread"             daemon [_thread_blocked, id=26068, stack(0x000000e644000000,0x000000e644100000) (1024K)]
  0x00000238e30f0ef0 JavaThread "Monitor Deflation Thread"   daemon [_thread_blocked, id=21432, stack(0x000000e644100000,0x000000e644200000) (1024K)]
  0x00000238e30f20d0 JavaThread "C2 CompilerThread0"         daemon [_thread_in_native, id=32812, stack(0x000000e644200000,0x000000e644300000) (1024K)]
  0x00000238e30fae60 JavaThread "C1 CompilerThread0"         daemon [_thread_blocked, id=28184, stack(0x000000e644300000,0x000000e644400000) (1024K)]
  0x000002388bd123a0 JavaThread "Common-Cleaner"             daemon [_thread_blocked, id=31156, stack(0x000000e644400000,0x000000e644500000) (1024K)]
  0x00000238e3425a20 JavaThread "Notification Thread"        daemon [_thread_blocked, id=34108, stack(0x000000e644600000,0x000000e644700000) (1024K)]
  0x00000238e80199e0 JavaThread "Active Thread: Equinox Container: d859dc7e-afc4-4032-b997-16197eb9c955"        [_thread_blocked, id=30328, stack(0x000000e644e00000,0x000000e644f00000) (1024K)]
  0x00000238e8284bf0 JavaThread "Refresh Thread: Equinox Container: d859dc7e-afc4-4032-b997-16197eb9c955" daemon [_thread_blocked, id=21620, stack(0x000000e644f00000,0x000000e645000000) (1024K)]
  0x00000238e8060300 JavaThread "Framework Event Dispatcher: Equinox Container: d859dc7e-afc4-4032-b997-16197eb9c955" daemon [_thread_blocked, id=26712, stack(0x000000e645100000,0x000000e645200000) (1024K)]
  0x00000238e8061b50 JavaThread "Start Level: Equinox Container: d859dc7e-afc4-4032-b997-16197eb9c955" daemon [_thread_blocked, id=20452, stack(0x000000e645200000,0x000000e645300000) (1024K)]
  0x00000238e80bc5f0 JavaThread "Bundle File Closer"         daemon [_thread_blocked, id=27780, stack(0x000000e645300000,0x000000e645400000) (1024K)]
  0x00000238e808f480 JavaThread "SCR Component Actor"        daemon [_thread_blocked, id=30668, stack(0x000000e645500000,0x000000e645600000) (1024K)]
  0x00000238e8564710 JavaThread "Worker-JM"                         [_thread_blocked, id=14712, stack(0x000000e645700000,0x000000e645800000) (1024K)]
  0x00000238e8564da0 JavaThread "JNA Cleaner"                daemon [_thread_blocked, id=34516, stack(0x000000e645900000,0x000000e645a00000) (1024K)]
  0x00000238e8565430 JavaThread "Worker-0"                          [_thread_blocked, id=34888, stack(0x000000e645a00000,0x000000e645b00000) (1024K)]
  0x00000238e8565ac0 JavaThread "Worker-1"                          [_thread_blocked, id=23752, stack(0x000000e645b00000,0x000000e645c00000) (1024K)]
  0x00000238e8566150 JavaThread "Worker-2: Java indexing... "        [_thread_blocked, id=16616, stack(0x000000e645c00000,0x000000e645d00000) (1024K)]
  0x00000238e8562cd0 JavaThread "Java indexing"              daemon [_thread_in_Java, id=34628, stack(0x000000e645d00000,0x000000e645e00000) (1024K)]
  0x00000238e8564080 JavaThread "Worker-3"                          [_thread_blocked, id=28028, stack(0x000000e646000000,0x000000e646100000) (1024K)]
  0x00000238e85639f0 JavaThread "Worker-4"                          [_thread_blocked, id=33392, stack(0x000000e646100000,0x000000e646200000) (1024K)]
  0x00000238ea8859c0 JavaThread "Thread-2"                   daemon [_thread_in_native, id=28908, stack(0x000000e646200000,0x000000e646300000) (1024K)]
  0x00000238ea884610 JavaThread "Thread-3"                   daemon [_thread_in_native, id=4180, stack(0x000000e646300000,0x000000e646400000) (1024K)]
  0x00000238ea884ca0 JavaThread "Thread-4"                   daemon [_thread_in_native, id=29876, stack(0x000000e646400000,0x000000e646500000) (1024K)]
  0x00000238ea8866e0 JavaThread "Thread-5"                   daemon [_thread_in_native, id=33092, stack(0x000000e646500000,0x000000e646600000) (1024K)]
  0x00000238ea885330 JavaThread "Thread-6"                   daemon [_thread_in_native, id=24300, stack(0x000000e646600000,0x000000e646700000) (1024K)]
  0x00000238ea886050 JavaThread "Thread-7"                   daemon [_thread_in_native, id=31412, stack(0x000000e646700000,0x000000e646800000) (1024K)]
  0x00000238ea886d70 JavaThread "Thread-8"                   daemon [_thread_in_native, id=34224, stack(0x000000e646800000,0x000000e646900000) (1024K)]
  0x00000238ea883f80 JavaThread "Thread-9"                   daemon [_thread_in_native, id=35604, stack(0x000000e646900000,0x000000e646a00000) (1024K)]
  0x00000238ea8838f0 JavaThread "Thread-10"                  daemon [_thread_in_native, id=23660, stack(0x000000e646a00000,0x000000e646b00000) (1024K)]
  0x00000238ea88a1f0 JavaThread "Thread-11"                  daemon [_thread_in_native, id=7900, stack(0x000000e646b00000,0x000000e646c00000) (1024K)]
  0x00000238ea88a880 JavaThread "Thread-12"                  daemon [_thread_in_native, id=24684, stack(0x000000e646c00000,0x000000e646d00000) (1024K)]
  0x00000238ea887400 JavaThread "Thread-13"                  daemon [_thread_in_native, id=20912, stack(0x000000e646d00000,0x000000e646e00000) (1024K)]
  0x00000238ea88af10 JavaThread "Thread-14"                  daemon [_thread_in_native, id=34960, stack(0x000000e646e00000,0x000000e646f00000) (1024K)]
  0x00000238ea8894d0 JavaThread "pool-2-thread-1"                   [_thread_blocked, id=34776, stack(0x000000e646f00000,0x000000e647000000) (1024K)]
  0x00000238ea887a90 JavaThread "WorkspaceEventsHandler"            [_thread_blocked, id=33104, stack(0x000000e647000000,0x000000e647100000) (1024K)]
  0x00000238ea888120 JavaThread "pool-1-thread-1"                   [_thread_blocked, id=27748, stack(0x000000e647100000,0x000000e647200000) (1024K)]
  0x00000238ea888e40 JavaThread "Worker-5: Initialize workspace"        [_thread_blocked, id=21992, stack(0x000000e647200000,0x000000e647300000) (1024K)]
  0x00000238ea8887b0 JavaThread "Worker-6: Initialize Workspace"        [_thread_blocked, id=28776, stack(0x000000e647300000,0x000000e647400000) (1024K)]
  0x00000238e9fb0980 JavaThread "LocalFile Deleter"          daemon [_thread_blocked, id=15728, stack(0x000000e647400000,0x000000e647500000) (1024K)]
  0x00000238e9fae8b0 JavaThread "LocalFile Deleter"          daemon [_thread_blocked, id=26924, stack(0x000000e647500000,0x000000e647600000) (1024K)]
  0x00000238e9fae220 JavaThread "LocalFile Deleter"          daemon [_thread_blocked, id=28432, stack(0x000000e647600000,0x000000e647700000) (1024K)]
  0x00000238e9faef40 JavaThread "LocalFile Deleter"          daemon [_thread_blocked, id=28012, stack(0x000000e647700000,0x000000e647800000) (1024K)]
  0x00000238e9fafc60 JavaThread "LocalFile Deleter"          daemon [_thread_blocked, id=3288, stack(0x000000e647800000,0x000000e647900000) (1024K)]
  0x00000238e9fad500 JavaThread "LocalFile Deleter"          daemon [_thread_blocked, id=26444, stack(0x000000e647900000,0x000000e647a00000) (1024K)]
  0x00000238e9fb23c0 JavaThread "LocalFile Deleter"          daemon [_thread_blocked, id=31596, stack(0x000000e647a00000,0x000000e647b00000) (1024K)]
  0x00000238e9fb1010 JavaThread "LocalFile Deleter"          daemon [_thread_blocked, id=28780, stack(0x000000e647b00000,0x000000e647c00000) (1024K)]
  0x00000238e9fb1d30 JavaThread "LocalFile Deleter"          daemon [_thread_blocked, id=26096, stack(0x000000e647c00000,0x000000e647d00000) (1024K)]
  0x00000238e9fb30e0 JavaThread "LocalFile Deleter"          daemon [_thread_blocked, id=16836, stack(0x000000e647d00000,0x000000e647e00000) (1024K)]
  0x00000238e9fb3e00 JavaThread "LocalFile Deleter"          daemon [_thread_blocked, id=32256, stack(0x000000e647e00000,0x000000e647f00000) (1024K)]
  0x00000238e9fb16a0 JavaThread "LocalFile Deleter"          daemon [_thread_blocked, id=29304, stack(0x000000e647f00000,0x000000e648000000) (1024K)]
  0x00000238e9fb2a50 JavaThread "Compiler Source File Reader" daemon [_thread_blocked, id=29124, stack(0x000000e648000000,0x000000e648100000) (1024K)]
  0x00000238e9fb3770 JavaThread "Compiler Source File Reader" daemon [_thread_blocked, id=25128, stack(0x000000e648100000,0x000000e648200000) (1024K)]
  0x00000238e9fb4490 JavaThread "Compiler Source File Reader" daemon [_thread_blocked, id=9264, stack(0x000000e648200000,0x000000e648300000) (1024K)]
  0x00000238ec24bf30 JavaThread "Compiler Source File Reader" daemon [_thread_blocked, id=35316, stack(0x000000e648300000,0x000000e648400000) (1024K)]
  0x00000238ec24fa40 JavaThread "Compiler Source File Reader" daemon [_thread_blocked, id=23756, stack(0x000000e648400000,0x000000e648500000) (1024K)]
  0x00000238ec24f3b0 JavaThread "Compiler Source File Reader" daemon [_thread_blocked, id=22640, stack(0x000000e648500000,0x000000e648600000) (1024K)]
  0x00000238ec24e000 JavaThread "Compiler Source File Reader" daemon [_thread_blocked, id=35248, stack(0x000000e648600000,0x000000e648700000) (1024K)]
  0x00000238ec24e690 JavaThread "Compiler Source File Reader" daemon [_thread_blocked, id=34656, stack(0x000000e648700000,0x000000e648800000) (1024K)]
  0x00000238ec24ed20 JavaThread "Compiler Source File Reader" daemon [_thread_blocked, id=27180, stack(0x000000e648800000,0x000000e648900000) (1024K)]
  0x00000238ec24c5c0 JavaThread "Compiler Source File Reader" daemon [_thread_blocked, id=31956, stack(0x000000e648900000,0x000000e648a00000) (1024K)]
  0x00000238ec24cc50 JavaThread "Compiler Processing Task"   daemon [_thread_blocked, id=9296, stack(0x000000e648a00000,0x000000e648b00000) (1024K)]
  0x00000238ec24d970 JavaThread "Compiler Class File Writer" daemon [_thread_blocked, id=33480, stack(0x000000e648b00000,0x000000e648c00000) (1024K)]
  0x00000238ec250760 JavaThread "Compiler Class File Writer" daemon [_thread_blocked, id=35172, stack(0x000000e648c00000,0x000000e648d00000) (1024K)]
  0x00000238ec24d2e0 JavaThread "Compiler Class File Writer" daemon [_thread_blocked, id=23740, stack(0x000000e648d00000,0x000000e648e00000) (1024K)]
  0x00000238ec253550 JavaThread "Compiler Class File Writer" daemon [_thread_blocked, id=26664, stack(0x000000e648e00000,0x000000e648f00000) (1024K)]
  0x00000238ec250df0 JavaThread "Compiler Class File Writer" daemon [_thread_blocked, id=19604, stack(0x000000e648f00000,0x000000e649000000) (1024K)]
  0x00000238ec251480 JavaThread "Compiler Class File Writer" daemon [_thread_blocked, id=24376, stack(0x000000e649000000,0x000000e649100000) (1024K)]
  0x00000238ec252830 JavaThread "Compiler Class File Writer" daemon [_thread_blocked, id=5908, stack(0x000000e649100000,0x000000e649200000) (1024K)]
  0x00000238ec251b10 JavaThread "Compiler Class File Writer" daemon [_thread_blocked, id=35004, stack(0x000000e649200000,0x000000e649300000) (1024K)]
  0x00000238ec2521a0 JavaThread "Compiler Class File Writer" daemon [_thread_blocked, id=27168, stack(0x000000e649300000,0x000000e649400000) (1024K)]
  0x00000238f4aa0fe0 JavaThread "Compiler Class File Writer" daemon [_thread_blocked, id=25672, stack(0x000000e649400000,0x000000e649500000) (1024K)]
=>0x00000238e3219500 JavaThread "C2 CompilerThread1"         daemon [_thread_in_native, id=31892, stack(0x000000e644500000,0x000000e644600000) (1024K)]
  0x00000238f4aa2a20 JavaThread "ForkJoinPool.commonPool-worker-1" daemon [_thread_blocked, id=36208, stack(0x000000e643500000,0x000000e643600000) (1024K)]
  0x00000238ebf5a7d0 JavaThread "C2 CompilerThread2"         daemon [_thread_in_native, id=30080, stack(0x000000e643600000,0x000000e643700000) (1024K)]
Total: 79

Other Threads:
  0x000002388bd5e2a0 VMThread "VM Thread"                           [id=35176, stack(0x000000e643b00000,0x000000e643c00000) (1024K)]
  0x00000238e10dca00 WatcherThread "VM Periodic Task Thread"        [id=30428, stack(0x000000e643a00000,0x000000e643b00000) (1024K)]
  0x00000238897e5cd0 WorkerThread "GC Thread#0"                     [id=27280, stack(0x000000e643900000,0x000000e643a00000) (1024K)]
  0x00000238e3880640 WorkerThread "GC Thread#1"                     [id=7988, stack(0x000000e644800000,0x000000e644900000) (1024K)]
  0x00000238e39312f0 WorkerThread "GC Thread#2"                     [id=30340, stack(0x000000e644900000,0x000000e644a00000) (1024K)]
  0x00000238e36c2f80 WorkerThread "GC Thread#3"                     [id=11000, stack(0x000000e644a00000,0x000000e644b00000) (1024K)]
  0x00000238e36c3320 WorkerThread "GC Thread#4"                     [id=27956, stack(0x000000e644b00000,0x000000e644c00000) (1024K)]
  0x00000238e36c36c0 WorkerThread "GC Thread#5"                     [id=34764, stack(0x000000e644c00000,0x000000e644d00000) (1024K)]
  0x00000238e3a7f730 WorkerThread "GC Thread#6"                     [id=32804, stack(0x000000e644d00000,0x000000e644e00000) (1024K)]
  0x00000238e83b3c40 WorkerThread "GC Thread#7"                     [id=28964, stack(0x000000e645000000,0x000000e645100000) (1024K)]
  0x00000238e8056230 WorkerThread "GC Thread#8"                     [id=34212, stack(0x000000e644700000,0x000000e644800000) (1024K)]
  0x00000238e8055010 WorkerThread "GC Thread#9"                     [id=28144, stack(0x000000e645400000,0x000000e645500000) (1024K)]
Total: 12

Threads with active compile tasks:
C2 CompilerThread0  61873 12867       4       org.eclipse.jdt.internal.compiler.lookup.LookupEnvironment::getTypeFromTypeSignature (770 bytes)
C2 CompilerThread1  61873 12819       4       org.eclipse.jdt.internal.compiler.lookup.BinaryTypeBinding::createMethod (1720 bytes)
C2 CompilerThread2  61873 13117       4       org.eclipse.jdt.internal.compiler.parser.Parser::consumeRule (7755 bytes)
Total: 3

VM state: not at safepoint (normal execution)

VM Mutex/Monitor currently owned by a thread: None

Heap address: 0x00000000c0000000, size: 1024 MB, Compressed Oops mode: 32-bit

CDS archive(s) mapped at: [0x00000238a0000000-0x00000238a0ba0000-0x00000238a0ba0000), size 12189696, SharedBaseAddress: 0x00000238a0000000, ArchiveRelocationMode: 1.
Compressed class space mapped at: 0x00000238a1000000-0x00000238e1000000, reserved size: 1073741824
Narrow klass base: 0x00000238a0000000, Narrow klass shift: 0, Narrow klass range: 0x100000000

GC Precious Log:
 CardTable entry size: 512
 CPUs: 12 total, 12 available
 Memory: 7875M
 Large Page Support: Disabled
 NUMA Support: Disabled
 Compressed Oops: Enabled (32-bit)
 Alignments: Space 512K, Generation 512K, Heap 2M
 Heap Min Capacity: 100M
 Heap Initial Capacity: 100M
 Heap Max Capacity: 1G
 Pre-touch: Disabled
 Parallel Workers: 10

Heap:
 PSYoungGen      total 8704K, used 6585K [0x00000000eab00000, 0x00000000eb500000, 0x0000000100000000)
  eden space 6656K, 89% used [0x00000000eab00000,0x00000000eb0d6648,0x00000000eb180000)
  from space 2048K, 29% used [0x00000000eb300000,0x00000000eb398000,0x00000000eb500000)
  to   space 1536K, 0% used [0x00000000eb180000,0x00000000eb180000,0x00000000eb300000)
 ParOldGen       total 658944K, used 658616K [0x00000000c0000000, 0x00000000e8380000, 0x00000000eab00000)
  object space 658944K, 99% used [0x00000000c0000000,0x00000000e832e3b0,0x00000000e8380000)
 Metaspace       used 63248K, committed 64768K, reserved 1114112K
  class space    used 6402K, committed 7040K, reserved 1048576K

Card table byte_map: [0x000002388b640000,0x000002388b850000] _byte_map_base: 0x000002388b040000

Marking Bits: (ParMarkBitMap*) 0x00007fffd1a03260
 Begin Bits: [0x000002389de90000, 0x000002389ee90000)
 End Bits:   [0x000002389ee90000, 0x000002389fe90000)

Polling page: 0x0000023889af0000

Metaspace:

Usage:
  Non-class:     55.51 MB used.
      Class:      6.25 MB used.
       Both:     61.77 MB used.

Virtual space:
  Non-class space:       64.00 MB reserved,      56.38 MB ( 88%) committed,  1 nodes.
      Class space:        1.00 GB reserved,       6.88 MB ( <1%) committed,  1 nodes.
             Both:        1.06 GB reserved,      63.25 MB (  6%) committed. 

Chunk freelists:
   Non-Class:  7.02 MB
       Class:  9.17 MB
        Both:  16.19 MB

MaxMetaspaceSize: unlimited
CompressedClassSpaceSize: 1.00 GB
Initial GC threshold: 21.00 MB
Current GC threshold: 98.12 MB
CDS: on
 - commit_granule_bytes: 65536.
 - commit_granule_words: 8192.
 - virtual_space_node_default_size: 8388608.
 - enlarge_chunks_in_place: 1.
 - use_allocation_guard: 0.


Internal statistics:

num_allocs_failed_limit: 13.
num_arena_births: 1214.
num_arena_deaths: 14.
num_vsnodes_births: 2.
num_vsnodes_deaths: 0.
num_space_committed: 1012.
num_space_uncommitted: 0.
num_chunks_returned_to_freelist: 27.
num_chunks_taken_from_freelist: 4306.
num_chunk_merges: 19.
num_chunk_splits: 2583.
num_chunks_enlarged: 1351.
num_inconsistent_stats: 0.

CodeHeap 'non-profiled nmethods': size=120000Kb used=8547Kb max_used=8547Kb free=111452Kb
 bounds [0x0000023896960000, 0x00000238971c0000, 0x000002389de90000]
CodeHeap 'profiled nmethods': size=120000Kb used=28065Kb max_used=28065Kb free=91935Kb
 bounds [0x000002388ee90000, 0x0000023890a00000, 0x00000238963c0000]
CodeHeap 'non-nmethods': size=5760Kb used=1441Kb max_used=1538Kb free=4318Kb
 bounds [0x00000238963c0000, 0x0000023896630000, 0x0000023896960000]
 total_blobs=13096 nmethods=12351 adapters=650
 compilation: enabled
              stopped_count=0, restarted_count=0
 full_count=0

Compilation events (20 events):
Event: 60.828 Thread 0x00000238e30fae60 13153       3       org.eclipse.jdt.internal.compiler.SourceElementNotifier::notifySourceElementRequestor (80 bytes)
Event: 60.828 Thread 0x00000238e30fae60 nmethod 13153 0x00000238909de710 code [0x00000238909de8e0, 0x00000238909decc0]
Event: 60.828 Thread 0x00000238e30fae60 13151       3       org.eclipse.jdt.internal.compiler.parser.Parser::concatExpressionLists (21 bytes)
Event: 60.828 Thread 0x00000238e30fae60 nmethod 13151 0x00000238909dee10 code [0x00000238909defc0, 0x00000238909df108]
Event: 60.829 Thread 0x00000238e30fae60 13154       3       org.eclipse.core.internal.content.ContentType::hashCode (8 bytes)
Event: 60.829 Thread 0x00000238e30fae60 nmethod 13154 0x00000238909df210 code [0x00000238909df3c0, 0x00000238909df500]
Event: 60.831 Thread 0x00000238e30fae60 13155       3       org.eclipse.jdt.internal.compiler.impl.IrritantSet::set (23 bytes)
Event: 60.831 Thread 0x00000238e30fae60 nmethod 13155 0x00000238909df610 code [0x00000238909df7c0, 0x00000238909df918]
Event: 60.831 Thread 0x00000238e30fae60 13156   !   3       lombok.core.FieldAugment$ReflectionFieldAugment::get (61 bytes)
Event: 60.832 Thread 0x00000238e30fae60 nmethod 13156 0x00000238909dfa10 code [0x00000238909dfce0, 0x00000238909e08f0]
Event: 60.832 Thread 0x00000238e30fae60 13157       3       org.eclipse.jdt.internal.core.PackageFragmentRoot::<init> (11 bytes)
Event: 60.832 Thread 0x00000238e30fae60 nmethod 13157 0x00000238909e0f10 code [0x00000238909e10e0, 0x00000238909e14e8]
Event: 60.832 Thread 0x00000238e30fae60 13158       3       org.eclipse.jdt.internal.core.JavaProject::getJavaProject (2 bytes)
Event: 60.832 Thread 0x00000238e30fae60 nmethod 13158 0x00000238909e1690 code [0x00000238909e1820, 0x00000238909e1930]
Event: 60.834 Thread 0x00000238e30fae60 13159       3       org.eclipse.core.resources.ResourcesPlugin::getWorkspace (44 bytes)
Event: 60.834 Thread 0x00000238e30fae60 nmethod 13159 0x00000238909e1a10 code [0x00000238909e1be0, 0x00000238909e1f10]
Event: 60.834 Thread 0x00000238e30fae60 13161       2       org.eclipse.jdt.internal.core.PackageFragmentRoot::equals (58 bytes)
Event: 60.835 Thread 0x00000238e30fae60 nmethod 13161 0x00000238909e2090 code [0x00000238909e2300, 0x00000238909e2880]
Event: 60.835 Thread 0x00000238e30fae60 13162       2       org.eclipse.jdt.internal.core.search.matching.JavaSearchNameEnvironment::addModuleClassPathInfo (43 bytes)
Event: 60.835 Thread 0x00000238e30fae60 nmethod 13162 0x00000238909e2b90 code [0x00000238909e2d60, 0x00000238909e2f48]

GC Heap History (20 events):
Event: 60.378 GC heap after
{Heap after GC invocations=959 (full 3):
 PSYoungGen      total 10240K, used 606K [0x00000000eab00000, 0x00000000eb600000, 0x0000000100000000)
  eden space 9216K, 0% used [0x00000000eab00000,0x00000000eab00000,0x00000000eb400000)
  from space 1024K, 59% used [0x00000000eb500000,0x00000000eb597a98,0x00000000eb600000)
  to   space 1024K, 0% used [0x00000000eb400000,0x00000000eb400000,0x00000000eb500000)
 ParOldGen       total 651264K, used 651093K [0x00000000c0000000, 0x00000000e7c00000, 0x00000000eab00000)
  object space 651264K, 99% used [0x00000000c0000000,0x00000000e7bd56e0,0x00000000e7c00000)
 Metaspace       used 62889K, committed 64320K, reserved 1114112K
  class space    used 6386K, committed 6976K, reserved 1048576K
}
Event: 60.405 GC heap before
{Heap before GC invocations=960 (full 3):
 PSYoungGen      total 10240K, used 9822K [0x00000000eab00000, 0x00000000eb600000, 0x0000000100000000)
  eden space 9216K, 100% used [0x00000000eab00000,0x00000000eb400000,0x00000000eb400000)
  from space 1024K, 59% used [0x00000000eb500000,0x00000000eb597a98,0x00000000eb600000)
  to   space 1024K, 0% used [0x00000000eb400000,0x00000000eb400000,0x00000000eb500000)
 ParOldGen       total 651264K, used 651093K [0x00000000c0000000, 0x00000000e7c00000, 0x00000000eab00000)
  object space 651264K, 99% used [0x00000000c0000000,0x00000000e7bd56e0,0x00000000e7c00000)
 Metaspace       used 62893K, committed 64320K, reserved 1114112K
  class space    used 6386K, committed 6976K, reserved 1048576K
}
Event: 60.406 GC heap after
{Heap after GC invocations=960 (full 3):
 PSYoungGen      total 10240K, used 744K [0x00000000eab00000, 0x00000000eb600000, 0x0000000100000000)
  eden space 9216K, 0% used [0x00000000eab00000,0x00000000eab00000,0x00000000eb400000)
  from space 1024K, 72% used [0x00000000eb400000,0x00000000eb4ba030,0x00000000eb500000)
  to   space 1024K, 0% used [0x00000000eb500000,0x00000000eb500000,0x00000000eb600000)
 ParOldGen       total 651776K, used 651543K [0x00000000c0000000, 0x00000000e7c80000, 0x00000000eab00000)
  object space 651776K, 99% used [0x00000000c0000000,0x00000000e7c45fc0,0x00000000e7c80000)
 Metaspace       used 62893K, committed 64320K, reserved 1114112K
  class space    used 6386K, committed 6976K, reserved 1048576K
}
Event: 60.422 GC heap before
{Heap before GC invocations=961 (full 3):
 PSYoungGen      total 10240K, used 9960K [0x00000000eab00000, 0x00000000eb600000, 0x0000000100000000)
  eden space 9216K, 100% used [0x00000000eab00000,0x00000000eb400000,0x00000000eb400000)
  from space 1024K, 72% used [0x00000000eb400000,0x00000000eb4ba030,0x00000000eb500000)
  to   space 1024K, 0% used [0x00000000eb500000,0x00000000eb500000,0x00000000eb600000)
 ParOldGen       total 651776K, used 651543K [0x00000000c0000000, 0x00000000e7c80000, 0x00000000eab00000)
  object space 651776K, 99% used [0x00000000c0000000,0x00000000e7c45fc0,0x00000000e7c80000)
 Metaspace       used 62893K, committed 64320K, reserved 1114112K
  class space    used 6386K, committed 6976K, reserved 1048576K
}
Event: 60.424 GC heap after
{Heap after GC invocations=961 (full 3):
 PSYoungGen      total 9216K, used 992K [0x00000000eab00000, 0x00000000eb800000, 0x0000000100000000)
  eden space 8192K, 0% used [0x00000000eab00000,0x00000000eab00000,0x00000000eb300000)
  from space 1024K, 96% used [0x00000000eb500000,0x00000000eb5f8088,0x00000000eb600000)
  to   space 2048K, 0% used [0x00000000eb300000,0x00000000eb300000,0x00000000eb500000)
 ParOldGen       total 652288K, used 652261K [0x00000000c0000000, 0x00000000e7d00000, 0x00000000eab00000)
  object space 652288K, 99% used [0x00000000c0000000,0x00000000e7cf9518,0x00000000e7d00000)
 Metaspace       used 62893K, committed 64320K, reserved 1114112K
  class space    used 6386K, committed 6976K, reserved 1048576K
}
Event: 60.430 GC heap before
{Heap before GC invocations=962 (full 3):
 PSYoungGen      total 9216K, used 9184K [0x00000000eab00000, 0x00000000eb800000, 0x0000000100000000)
  eden space 8192K, 100% used [0x00000000eab00000,0x00000000eb300000,0x00000000eb300000)
  from space 1024K, 96% used [0x00000000eb500000,0x00000000eb5f8088,0x00000000eb600000)
  to   space 2048K, 0% used [0x00000000eb300000,0x00000000eb300000,0x00000000eb500000)
 ParOldGen       total 652288K, used 652261K [0x00000000c0000000, 0x00000000e7d00000, 0x00000000eab00000)
  object space 652288K, 99% used [0x00000000c0000000,0x00000000e7cf9518,0x00000000e7d00000)
 Metaspace       used 62893K, committed 64320K, reserved 1114112K
  class space    used 6386K, committed 6976K, reserved 1048576K
}
Event: 60.432 GC heap after
{Heap after GC invocations=962 (full 3):
 PSYoungGen      total 8704K, used 512K [0x00000000eab00000, 0x00000000eb580000, 0x0000000100000000)
  eden space 8192K, 0% used [0x00000000eab00000,0x00000000eab00000,0x00000000eb300000)
  from space 512K, 100% used [0x00000000eb300000,0x00000000eb380000,0x00000000eb380000)
  to   space 1024K, 0% used [0x00000000eb480000,0x00000000eb480000,0x00000000eb580000)
 ParOldGen       total 653824K, used 653232K [0x00000000c0000000, 0x00000000e7e80000, 0x00000000eab00000)
  object space 653824K, 99% used [0x00000000c0000000,0x00000000e7dec1b0,0x00000000e7e80000)
 Metaspace       used 62893K, committed 64320K, reserved 1114112K
  class space    used 6386K, committed 6976K, reserved 1048576K
}
Event: 60.438 GC heap before
{Heap before GC invocations=963 (full 3):
 PSYoungGen      total 8704K, used 8704K [0x00000000eab00000, 0x00000000eb580000, 0x0000000100000000)
  eden space 8192K, 100% used [0x00000000eab00000,0x00000000eb300000,0x00000000eb300000)
  from space 512K, 100% used [0x00000000eb300000,0x00000000eb380000,0x00000000eb380000)
  to   space 1024K, 0% used [0x00000000eb480000,0x00000000eb480000,0x00000000eb580000)
 ParOldGen       total 653824K, used 653232K [0x00000000c0000000, 0x00000000e7e80000, 0x00000000eab00000)
  object space 653824K, 99% used [0x00000000c0000000,0x00000000e7dec1b0,0x00000000e7e80000)
 Metaspace       used 62893K, committed 64320K, reserved 1114112K
  class space    used 6386K, committed 6976K, reserved 1048576K
}
Event: 60.439 GC heap after
{Heap after GC invocations=963 (full 3):
 PSYoungGen      total 8704K, used 320K [0x00000000eab00000, 0x00000000eb500000, 0x0000000100000000)
  eden space 8192K, 0% used [0x00000000eab00000,0x00000000eab00000,0x00000000eb300000)
  from space 512K, 62% used [0x00000000eb480000,0x00000000eb4d0000,0x00000000eb500000)
  to   space 512K, 0% used [0x00000000eb300000,0x00000000eb300000,0x00000000eb380000)
 ParOldGen       total 653824K, used 653616K [0x00000000c0000000, 0x00000000e7e80000, 0x00000000eab00000)
  object space 653824K, 99% used [0x00000000c0000000,0x00000000e7e4c1c0,0x00000000e7e80000)
 Metaspace       used 62893K, committed 64320K, reserved 1114112K
  class space    used 6386K, committed 6976K, reserved 1048576K
}
Event: 60.445 GC heap before
{Heap before GC invocations=964 (full 3):
 PSYoungGen      total 8704K, used 8512K [0x00000000eab00000, 0x00000000eb500000, 0x0000000100000000)
  eden space 8192K, 100% used [0x00000000eab00000,0x00000000eb300000,0x00000000eb300000)
  from space 512K, 62% used [0x00000000eb480000,0x00000000eb4d0000,0x00000000eb500000)
  to   space 512K, 0% used [0x00000000eb300000,0x00000000eb300000,0x00000000eb380000)
 ParOldGen       total 653824K, used 653616K [0x00000000c0000000, 0x00000000e7e80000, 0x00000000eab00000)
  object space 653824K, 99% used [0x00000000c0000000,0x00000000e7e4c1c0,0x00000000e7e80000)
 Metaspace       used 62893K, committed 64320K, reserved 1114112K
  class space    used 6386K, committed 6976K, reserved 1048576K
}
Event: 60.447 GC heap after
{Heap after GC invocations=964 (full 3):
 PSYoungGen      total 8704K, used 288K [0x00000000eab00000, 0x00000000eb500000, 0x0000000100000000)
  eden space 8192K, 0% used [0x00000000eab00000,0x00000000eab00000,0x00000000eb300000)
  from space 512K, 56% used [0x00000000eb300000,0x00000000eb348000,0x00000000eb380000)
  to   space 512K, 0% used [0x00000000eb480000,0x00000000eb480000,0x00000000eb500000)
 ParOldGen       total 653824K, used 653792K [0x00000000c0000000, 0x00000000e7e80000, 0x00000000eab00000)
  object space 653824K, 99% used [0x00000000c0000000,0x00000000e7e781c0,0x00000000e7e80000)
 Metaspace       used 62893K, committed 64320K, reserved 1114112K
  class space    used 6386K, committed 6976K, reserved 1048576K
}
Event: 60.476 GC heap before
{Heap before GC invocations=965 (full 3):
 PSYoungGen      total 8704K, used 8480K [0x00000000eab00000, 0x00000000eb500000, 0x0000000100000000)
  eden space 8192K, 100% used [0x00000000eab00000,0x00000000eb300000,0x00000000eb300000)
  from space 512K, 56% used [0x00000000eb300000,0x00000000eb348000,0x00000000eb380000)
  to   space 512K, 0% used [0x00000000eb480000,0x00000000eb480000,0x00000000eb500000)
 ParOldGen       total 653824K, used 653792K [0x00000000c0000000, 0x00000000e7e80000, 0x00000000eab00000)
  object space 653824K, 99% used [0x00000000c0000000,0x00000000e7e781c0,0x00000000e7e80000)
 Metaspace       used 62893K, committed 64320K, reserved 1114112K
  class space    used 6386K, committed 6976K, reserved 1048576K
}
Event: 60.478 GC heap after
{Heap after GC invocations=965 (full 3):
 PSYoungGen      total 8704K, used 508K [0x00000000eab00000, 0x00000000eb500000, 0x0000000100000000)
  eden space 8192K, 0% used [0x00000000eab00000,0x00000000eab00000,0x00000000eb300000)
  from space 512K, 99% used [0x00000000eb480000,0x00000000eb4ff000,0x00000000eb500000)
  to   space 1024K, 0% used [0x00000000eb300000,0x00000000eb300000,0x00000000eb400000)
 ParOldGen       total 654336K, used 654000K [0x00000000c0000000, 0x00000000e7f00000, 0x00000000eab00000)
  object space 654336K, 99% used [0x00000000c0000000,0x00000000e7eac1c0,0x00000000e7f00000)
 Metaspace       used 62893K, committed 64320K, reserved 1114112K
  class space    used 6386K, committed 6976K, reserved 1048576K
}
Event: 60.572 GC heap before
{Heap before GC invocations=966 (full 3):
 PSYoungGen      total 8704K, used 8700K [0x00000000eab00000, 0x00000000eb500000, 0x0000000100000000)
  eden space 8192K, 100% used [0x00000000eab00000,0x00000000eb300000,0x00000000eb300000)
  from space 512K, 99% used [0x00000000eb480000,0x00000000eb4ff000,0x00000000eb500000)
  to   space 1024K, 0% used [0x00000000eb300000,0x00000000eb300000,0x00000000eb400000)
 ParOldGen       total 654336K, used 654000K [0x00000000c0000000, 0x00000000e7f00000, 0x00000000eab00000)
  object space 654336K, 99% used [0x00000000c0000000,0x00000000e7eac1c0,0x00000000e7f00000)
 Metaspace       used 62992K, committed 64448K, reserved 1114112K
  class space    used 6399K, committed 7040K, reserved 1048576K
}
Event: 60.574 GC heap after
{Heap after GC invocations=966 (full 3):
 PSYoungGen      total 9216K, used 1005K [0x00000000eab00000, 0x00000000eb700000, 0x0000000100000000)
  eden space 8192K, 0% used [0x00000000eab00000,0x00000000eab00000,0x00000000eb300000)
  from space 1024K, 98% used [0x00000000eb300000,0x00000000eb3fb610,0x00000000eb400000)
  to   space 2048K, 0% used [0x00000000eb500000,0x00000000eb500000,0x00000000eb700000)
 ParOldGen       total 654848K, used 654741K [0x00000000c0000000, 0x00000000e7f80000, 0x00000000eab00000)
  object space 654848K, 99% used [0x00000000c0000000,0x00000000e7f654d0,0x00000000e7f80000)
 Metaspace       used 62992K, committed 64448K, reserved 1114112K
  class space    used 6399K, committed 7040K, reserved 1048576K
}
Event: 60.664 GC heap before
{Heap before GC invocations=967 (full 3):
 PSYoungGen      total 9216K, used 9197K [0x00000000eab00000, 0x00000000eb700000, 0x0000000100000000)
  eden space 8192K, 100% used [0x00000000eab00000,0x00000000eb300000,0x00000000eb300000)
  from space 1024K, 98% used [0x00000000eb300000,0x00000000eb3fb610,0x00000000eb400000)
  to   space 2048K, 0% used [0x00000000eb500000,0x00000000eb500000,0x00000000eb700000)
 ParOldGen       total 654848K, used 654741K [0x00000000c0000000, 0x00000000e7f80000, 0x00000000eab00000)
  object space 654848K, 99% used [0x00000000c0000000,0x00000000e7f654d0,0x00000000e7f80000)
 Metaspace       used 63066K, committed 64512K, reserved 1114112K
  class space    used 6399K, committed 7040K, reserved 1048576K
}
Event: 60.668 GC heap after
{Heap after GC invocations=967 (full 3):
 PSYoungGen      total 7680K, used 2040K [0x00000000eab00000, 0x00000000ebc00000, 0x0000000100000000)
  eden space 5632K, 0% used [0x00000000eab00000,0x00000000eab00000,0x00000000eb080000)
  from space 2048K, 99% used [0x00000000eb500000,0x00000000eb6fe110,0x00000000eb700000)
  to   space 4608K, 0% used [0x00000000eb080000,0x00000000eb080000,0x00000000eb500000)
 ParOldGen       total 656896K, used 656494K [0x00000000c0000000, 0x00000000e8180000, 0x00000000eab00000)
  object space 656896K, 99% used [0x00000000c0000000,0x00000000e811b8b8,0x00000000e8180000)
 Metaspace       used 63066K, committed 64512K, reserved 1114112K
  class space    used 6399K, committed 7040K, reserved 1048576K
}
Event: 60.714 GC heap before
{Heap before GC invocations=968 (full 3):
 PSYoungGen      total 7680K, used 7672K [0x00000000eab00000, 0x00000000ebc00000, 0x0000000100000000)
  eden space 5632K, 100% used [0x00000000eab00000,0x00000000eb080000,0x00000000eb080000)
  from space 2048K, 99% used [0x00000000eb500000,0x00000000eb6fe110,0x00000000eb700000)
  to   space 4608K, 0% used [0x00000000eb080000,0x00000000eb080000,0x00000000eb500000)
 ParOldGen       total 656896K, used 656494K [0x00000000c0000000, 0x00000000e8180000, 0x00000000eab00000)
  object space 656896K, 99% used [0x00000000c0000000,0x00000000e811b8b8,0x00000000e8180000)
 Metaspace       used 63143K, committed 64640K, reserved 1114112K
  class space    used 6402K, committed 7040K, reserved 1048576K
}
Event: 60.717 GC heap after
{Heap after GC invocations=968 (full 3):
 PSYoungGen      total 7680K, used 1792K [0x00000000eab00000, 0x00000000eb580000, 0x0000000100000000)
  eden space 5632K, 0% used [0x00000000eab00000,0x00000000eab00000,0x00000000eb080000)
  from space 2048K, 87% used [0x00000000eb080000,0x00000000eb240010,0x00000000eb280000)
  to   space 2560K, 0% used [0x00000000eb300000,0x00000000eb300000,0x00000000eb580000)
 ParOldGen       total 658432K, used 658298K [0x00000000c0000000, 0x00000000e8300000, 0x00000000eab00000)
  object space 658432K, 99% used [0x00000000c0000000,0x00000000e82de8a8,0x00000000e8300000)
 Metaspace       used 63143K, committed 64640K, reserved 1114112K
  class space    used 6402K, committed 7040K, reserved 1048576K
}
Event: 60.837 GC heap before
{Heap before GC invocations=969 (full 3):
 PSYoungGen      total 7680K, used 7424K [0x00000000eab00000, 0x00000000eb580000, 0x0000000100000000)
  eden space 5632K, 100% used [0x00000000eab00000,0x00000000eb080000,0x00000000eb080000)
  from space 2048K, 87% used [0x00000000eb080000,0x00000000eb240010,0x00000000eb280000)
  to   space 2560K, 0% used [0x00000000eb300000,0x00000000eb300000,0x00000000eb580000)
 ParOldGen       total 658432K, used 658298K [0x00000000c0000000, 0x00000000e8300000, 0x00000000eab00000)
  object space 658432K, 99% used [0x00000000c0000000,0x00000000e82de8a8,0x00000000e8300000)
 Metaspace       used 63220K, committed 64704K, reserved 1114112K
  class space    used 6402K, committed 7040K, reserved 1048576K
}

Dll operation events (10 events):
Event: 0.010 Loaded shared library c:\Users\lucia\.vscode\extensions\redhat.java-1.41.1-win32-x64\jre\21.0.6-win32-x86_64\bin\java.dll
Event: 0.066 Loaded shared library c:\Users\lucia\.vscode\extensions\redhat.java-1.41.1-win32-x64\jre\21.0.6-win32-x86_64\bin\zip.dll
Event: 0.090 Loaded shared library C:\Users\lucia\.vscode\extensions\redhat.java-1.41.1-win32-x64\jre\21.0.6-win32-x86_64\bin\instrument.dll
Event: 0.096 Loaded shared library C:\Users\lucia\.vscode\extensions\redhat.java-1.41.1-win32-x64\jre\21.0.6-win32-x86_64\bin\net.dll
Event: 0.099 Loaded shared library C:\Users\lucia\.vscode\extensions\redhat.java-1.41.1-win32-x64\jre\21.0.6-win32-x86_64\bin\nio.dll
Event: 0.101 Loaded shared library C:\Users\lucia\.vscode\extensions\redhat.java-1.41.1-win32-x64\jre\21.0.6-win32-x86_64\bin\zip.dll
Event: 0.121 Loaded shared library C:\Users\lucia\.vscode\extensions\redhat.java-1.41.1-win32-x64\jre\21.0.6-win32-x86_64\bin\jimage.dll
Event: 0.203 Loaded shared library c:\Users\lucia\.vscode\extensions\redhat.java-1.41.1-win32-x64\jre\21.0.6-win32-x86_64\bin\verify.dll
Event: 1.048 Loaded shared library C:\Users\lucia\AppData\Roaming\Code\User\globalStorage\redhat.java\1.41.1\config_win\org.eclipse.equinox.launcher\org.eclipse.equinox.launcher.win32.win32.x86_64_1.2.1300.v20250331-1702\eclipse_11911.dll
Event: 2.190 Loaded shared library C:\Users\lucia\AppData\Local\Temp\jna-103324306\jna3779968562257945677.dll

Deoptimization events (20 events):
Event: 60.792 Thread 0x00000238e8562cd0 Uncommon trap: trap_request=0xffffffde fr.pc=0x000002389715b5cc relative=0x0000000000000cec
Event: 60.792 Thread 0x00000238e8562cd0 Uncommon trap: reason=class_check action=maybe_recompile pc=0x000002389715b5cc method=org.eclipse.jdt.internal.compiler.parser.Parser.consumeRule(I)V @ 6767 c2
Event: 60.792 Thread 0x00000238e8562cd0 DEOPT PACKING pc=0x000002389715b5cc sp=0x000000e645dff080
Event: 60.792 Thread 0x00000238e8562cd0 DEOPT UNPACKING pc=0x0000023896413aa2 sp=0x000000e645dff010 mode 2
Event: 60.801 Thread 0x00000238e8562cd0 Uncommon trap: trap_request=0xffffffde fr.pc=0x000002389715b5cc relative=0x0000000000000cec
Event: 60.801 Thread 0x00000238e8562cd0 Uncommon trap: reason=class_check action=maybe_recompile pc=0x000002389715b5cc method=org.eclipse.jdt.internal.compiler.parser.Parser.consumeRule(I)V @ 6767 c2
Event: 60.801 Thread 0x00000238e8562cd0 DEOPT PACKING pc=0x000002389715b5cc sp=0x000000e645dff080
Event: 60.801 Thread 0x00000238e8562cd0 DEOPT UNPACKING pc=0x0000023896413aa2 sp=0x000000e645dff010 mode 2
Event: 60.803 Thread 0x00000238e8562cd0 DEOPT PACKING pc=0x000002388fb5a719 sp=0x000000e645dfee30
Event: 60.803 Thread 0x00000238e8562cd0 DEOPT UNPACKING pc=0x0000023896414242 sp=0x000000e645dfe2c8 mode 0
Event: 60.804 Thread 0x00000238e8562cd0 Uncommon trap: trap_request=0xffffffde fr.pc=0x0000023897156a90 relative=0x0000000000000150
Event: 60.804 Thread 0x00000238e8562cd0 Uncommon trap: reason=class_check action=maybe_recompile pc=0x0000023897156a90 method=org.eclipse.jdt.internal.core.Openable.resource()Lorg/eclipse/core/resources/IResource; @ 24 c2
Event: 60.804 Thread 0x00000238e8562cd0 DEOPT PACKING pc=0x0000023897156a90 sp=0x000000e645dfea90
Event: 60.804 Thread 0x00000238e8562cd0 DEOPT UNPACKING pc=0x0000023896413aa2 sp=0x000000e645dfea20 mode 2
Event: 60.818 Thread 0x00000238e8562cd0 Uncommon trap: trap_request=0xffffffde fr.pc=0x0000023897156a90 relative=0x0000000000000150
Event: 60.818 Thread 0x00000238e8562cd0 Uncommon trap: reason=class_check action=maybe_recompile pc=0x0000023897156a90 method=org.eclipse.jdt.internal.core.Openable.resource()Lorg/eclipse/core/resources/IResource; @ 24 c2
Event: 60.818 Thread 0x00000238e8562cd0 DEOPT PACKING pc=0x0000023897156a90 sp=0x000000e645dfea90
Event: 60.818 Thread 0x00000238e8562cd0 DEOPT UNPACKING pc=0x0000023896413aa2 sp=0x000000e645dfea20 mode 2
Event: 60.836 Thread 0x00000238e8562cd0 DEOPT PACKING pc=0x000002389055978b sp=0x000000e645dfebd0
Event: 60.836 Thread 0x00000238e8562cd0 DEOPT UNPACKING pc=0x0000023896414242 sp=0x000000e645dfe0b8 mode 0

Classes loaded (20 events):
Event: 10.214 Loading class sun/nio/fs/Globs
Event: 10.214 Loading class sun/nio/fs/Globs done
Event: 10.214 Loading class java/util/regex/Pattern$SliceU
Event: 10.214 Loading class java/util/regex/Pattern$SliceU done
Event: 10.214 Loading class sun/nio/fs/WindowsFileSystem$2
Event: 10.215 Loading class java/nio/file/PathMatcher
Event: 10.216 Loading class java/nio/file/PathMatcher done
Event: 10.216 Loading class sun/nio/fs/WindowsFileSystem$2 done
Event: 10.362 Loading class java/util/Collections$SynchronizedRandomAccessList
Event: 10.362 Loading class java/util/Collections$SynchronizedList
Event: 10.362 Loading class java/util/Collections$SynchronizedList done
Event: 10.362 Loading class java/util/Collections$SynchronizedRandomAccessList done
Event: 10.371 Loading class java/util/concurrent/CompletableFuture$Signaller
Event: 10.371 Loading class java/util/concurrent/CompletableFuture$Signaller done
Event: 33.591 Loading class sun/nio/cs/ISO_8859_1$Encoder
Event: 33.591 Loading class sun/nio/cs/ISO_8859_1$Encoder done
Event: 33.591 Loading class sun/nio/cs/Surrogate$Parser
Event: 33.591 Loading class sun/nio/cs/Surrogate$Parser done
Event: 33.591 Loading class sun/nio/cs/Surrogate
Event: 33.591 Loading class sun/nio/cs/Surrogate done

Classes unloaded (7 events):
Event: 2.601 Thread 0x000002388bd5e2a0 Unloading class 0x00000238a119d400 'java/lang/invoke/LambdaForm$MH+0x00000238a119d400'
Event: 2.601 Thread 0x000002388bd5e2a0 Unloading class 0x00000238a119d000 'java/lang/invoke/LambdaForm$MH+0x00000238a119d000'
Event: 2.601 Thread 0x000002388bd5e2a0 Unloading class 0x00000238a119cc00 'java/lang/invoke/LambdaForm$MH+0x00000238a119cc00'
Event: 2.601 Thread 0x000002388bd5e2a0 Unloading class 0x00000238a119c800 'java/lang/invoke/LambdaForm$MH+0x00000238a119c800'
Event: 2.601 Thread 0x000002388bd5e2a0 Unloading class 0x00000238a119c400 'java/lang/invoke/LambdaForm$BMH+0x00000238a119c400'
Event: 2.601 Thread 0x000002388bd5e2a0 Unloading class 0x00000238a119c000 'java/lang/invoke/LambdaForm$DMH+0x00000238a119c000'
Event: 2.601 Thread 0x000002388bd5e2a0 Unloading class 0x00000238a119ac00 'java/lang/invoke/LambdaForm$DMH+0x00000238a119ac00'

Classes redefined (0 events):
No events

Internal exceptions (20 events):
Event: 50.146 Thread 0x00000238e8562cd0 Exception <a 'sun/nio/fs/WindowsException'{0x00000000ead56e68}> (0x00000000ead56e68) 
thrown [s\src\hotspot\share\prims\jni.cpp, line 520]
Event: 50.238 Thread 0x00000238e8562cd0 Exception <a 'sun/nio/fs/WindowsException'{0x00000000eb03e270}> (0x00000000eb03e270) 
thrown [s\src\hotspot\share\prims\jni.cpp, line 520]
Event: 50.298 Thread 0x00000238e8562cd0 Exception <a 'sun/nio/fs/WindowsException'{0x00000000eab558e8}> (0x00000000eab558e8) 
thrown [s\src\hotspot\share\prims\jni.cpp, line 520]
Event: 52.070 Thread 0x00000238e8562cd0 Exception <a 'sun/nio/fs/WindowsException'{0x00000000eb120540}> (0x00000000eb120540) 
thrown [s\src\hotspot\share\prims\jni.cpp, line 520]
Event: 52.263 Thread 0x00000238e8562cd0 Exception <a 'sun/nio/fs/WindowsException'{0x00000000eac07230}> (0x00000000eac07230) 
thrown [s\src\hotspot\share\prims\jni.cpp, line 520]
Event: 52.460 Thread 0x00000238e8562cd0 Exception <a 'sun/nio/fs/WindowsException'{0x00000000eaedd3d8}> (0x00000000eaedd3d8) 
thrown [s\src\hotspot\share\prims\jni.cpp, line 520]
Event: 52.653 Thread 0x00000238e8562cd0 Exception <a 'sun/nio/fs/WindowsException'{0x00000000eb03aba8}> (0x00000000eb03aba8) 
thrown [s\src\hotspot\share\prims\jni.cpp, line 520]
Event: 52.774 Thread 0x00000238e8562cd0 Exception <a 'sun/nio/fs/WindowsException'{0x00000000eb036780}> (0x00000000eb036780) 
thrown [s\src\hotspot\share\prims\jni.cpp, line 520]
Event: 52.782 Thread 0x00000238e8562cd0 Exception <a 'sun/nio/fs/WindowsException'{0x00000000eb12e4c0}> (0x00000000eb12e4c0) 
thrown [s\src\hotspot\share\prims\jni.cpp, line 520]
Event: 52.819 Thread 0x00000238e8562cd0 Exception <a 'sun/nio/fs/WindowsException'{0x00000000eaf06270}> (0x00000000eaf06270) 
thrown [s\src\hotspot\share\prims\jni.cpp, line 520]
Event: 52.826 Thread 0x00000238e8562cd0 Exception <a 'sun/nio/fs/WindowsException'{0x00000000eaf3ed38}> (0x00000000eaf3ed38) 
thrown [s\src\hotspot\share\prims\jni.cpp, line 520]
Event: 52.832 Thread 0x00000238e8562cd0 Exception <a 'sun/nio/fs/WindowsException'{0x00000000eaf7bbe0}> (0x00000000eaf7bbe0) 
thrown [s\src\hotspot\share\prims\jni.cpp, line 520]
Event: 52.866 Thread 0x00000238e8562cd0 Exception <a 'sun/nio/fs/WindowsException'{0x00000000eab86a60}> (0x00000000eab86a60) 
thrown [s\src\hotspot\share\prims\jni.cpp, line 520]
Event: 52.891 Thread 0x00000238e8562cd0 Exception <a 'sun/nio/fs/WindowsException'{0x00000000ead11ac8}> (0x00000000ead11ac8) 
thrown [s\src\hotspot\share\prims\jni.cpp, line 520]
Event: 52.907 Thread 0x00000238e8562cd0 Exception <a 'sun/nio/fs/WindowsException'{0x00000000eb018ae8}> (0x00000000eb018ae8) 
thrown [s\src\hotspot\share\prims\jni.cpp, line 520]
Event: 52.935 Thread 0x00000238e8562cd0 Exception <a 'sun/nio/fs/WindowsException'{0x00000000eabc4ce8}> (0x00000000eabc4ce8) 
thrown [s\src\hotspot\share\prims\jni.cpp, line 520]
Event: 53.048 Thread 0x00000238e8562cd0 Exception <a 'sun/nio/fs/WindowsException'{0x00000000ead97a58}> (0x00000000ead97a58) 
thrown [s\src\hotspot\share\prims\jni.cpp, line 520]
Event: 53.065 Thread 0x00000238e8562cd0 Exception <a 'sun/nio/fs/WindowsException'{0x00000000eb11a578}> (0x00000000eb11a578) 
thrown [s\src\hotspot\share\prims\jni.cpp, line 520]
Event: 57.550 Thread 0x00000238e8562cd0 Implicit null exception at 0x0000023896fac497 to 0x0000023896fad918
Event: 57.552 Thread 0x00000238e8562cd0 Implicit null exception at 0x0000023896f481ee to 0x0000023896f4a264

ZGC Phase Switch (0 events):
No events

VM Operations (20 events):
Event: 60.378 Executing VM operation: ParallelGCFailedAllocation (Allocation Failure) done
Event: 60.405 Executing VM operation: ParallelGCFailedAllocation (Allocation Failure)
Event: 60.406 Executing VM operation: ParallelGCFailedAllocation (Allocation Failure) done
Event: 60.422 Executing VM operation: ParallelGCFailedAllocation (Allocation Failure)
Event: 60.424 Executing VM operation: ParallelGCFailedAllocation (Allocation Failure) done
Event: 60.430 Executing VM operation: ParallelGCFailedAllocation (Allocation Failure)
Event: 60.432 Executing VM operation: ParallelGCFailedAllocation (Allocation Failure) done
Event: 60.438 Executing VM operation: ParallelGCFailedAllocation (Allocation Failure)
Event: 60.439 Executing VM operation: ParallelGCFailedAllocation (Allocation Failure) done
Event: 60.445 Executing VM operation: ParallelGCFailedAllocation (Allocation Failure)
Event: 60.447 Executing VM operation: ParallelGCFailedAllocation (Allocation Failure) done
Event: 60.476 Executing VM operation: ParallelGCFailedAllocation (Allocation Failure)
Event: 60.478 Executing VM operation: ParallelGCFailedAllocation (Allocation Failure) done
Event: 60.572 Executing VM operation: ParallelGCFailedAllocation (Allocation Failure)
Event: 60.574 Executing VM operation: ParallelGCFailedAllocation (Allocation Failure) done
Event: 60.663 Executing VM operation: ParallelGCFailedAllocation (Allocation Failure)
Event: 60.668 Executing VM operation: ParallelGCFailedAllocation (Allocation Failure) done
Event: 60.713 Executing VM operation: ParallelGCFailedAllocation (Allocation Failure)
Event: 60.717 Executing VM operation: ParallelGCFailedAllocation (Allocation Failure) done
Event: 60.837 Executing VM operation: ParallelGCFailedAllocation (Allocation Failure)

Memory protections (0 events):
No events

Nmethod flushes (20 events):
Event: 8.535 Thread 0x000002388bd5e2a0 flushing  nmethod 0x000002388f765490
Event: 8.535 Thread 0x000002388bd5e2a0 flushing  nmethod 0x000002388f765f90
Event: 8.535 Thread 0x000002388bd5e2a0 flushing  nmethod 0x000002388f766f90
Event: 8.535 Thread 0x000002388bd5e2a0 flushing  nmethod 0x000002388f76fc90
Event: 8.535 Thread 0x000002388bd5e2a0 flushing  nmethod 0x000002388f7a1810
Event: 8.535 Thread 0x000002388bd5e2a0 flushing  nmethod 0x000002388f7d3110
Event: 8.535 Thread 0x000002388bd5e2a0 flushing  nmethod 0x000002388f7d6f10
Event: 8.535 Thread 0x000002388bd5e2a0 flushing  nmethod 0x000002388f7da490
Event: 8.535 Thread 0x000002388bd5e2a0 flushing  nmethod 0x000002388f814d10
Event: 8.535 Thread 0x000002388bd5e2a0 flushing  nmethod 0x000002388f816610
Event: 8.535 Thread 0x000002388bd5e2a0 flushing  nmethod 0x000002388f826210
Event: 8.535 Thread 0x000002388bd5e2a0 flushing  nmethod 0x000002388f826910
Event: 8.535 Thread 0x000002388bd5e2a0 flushing  nmethod 0x000002388f828010
Event: 8.535 Thread 0x000002388bd5e2a0 flushing  nmethod 0x000002388f828a90
Event: 8.535 Thread 0x000002388bd5e2a0 flushing  nmethod 0x000002388f829590
Event: 8.535 Thread 0x000002388bd5e2a0 flushing  nmethod 0x000002388f829b10
Event: 8.535 Thread 0x000002388bd5e2a0 flushing  nmethod 0x000002388f82bc10
Event: 8.535 Thread 0x000002388bd5e2a0 flushing  nmethod 0x000002388f82d710
Event: 8.535 Thread 0x000002388bd5e2a0 flushing  nmethod 0x000002388f84a610
Event: 8.535 Thread 0x000002388bd5e2a0 flushing  nmethod 0x000002388f871710

Events (20 events):
Event: 9.054 Thread 0x00000238f4aa5180 Thread exited: 0x00000238f4aa5180
Event: 9.744 Thread 0x00000238ea8887b0 Thread added: 0x00000238f4aa2390
Event: 9.744 Thread 0x00000238ea8887b0 Thread added: 0x00000238f4aa4460
Event: 9.745 Thread 0x00000238ea8887b0 Thread added: 0x00000238f4aa2a20
Event: 9.745 Thread 0x00000238ea8887b0 Thread added: 0x00000238f4aa1670
Event: 9.745 Thread 0x00000238ea8887b0 Thread added: 0x00000238f4aa6bc0
Event: 9.775 Thread 0x00000238f4aa2390 Thread exited: 0x00000238f4aa2390
Event: 9.775 Thread 0x00000238f4aa4460 Thread exited: 0x00000238f4aa4460
Event: 9.775 Thread 0x00000238f4aa2a20 Thread exited: 0x00000238f4aa2a20
Event: 9.775 Thread 0x00000238f4aa6bc0 Thread exited: 0x00000238f4aa6bc0
Event: 9.775 Thread 0x00000238f4aa1670 Thread exited: 0x00000238f4aa1670
Event: 13.378 Thread 0x00000238e867a260 Thread exited: 0x00000238e867a260
Event: 13.574 Thread 0x00000238e3219500 Thread exited: 0x00000238e3219500
Event: 32.564 Thread 0x00000238e30fae60 Thread added: 0x00000238e3219500
Event: 33.753 Thread 0x00000238e3219500 Thread exited: 0x00000238e3219500
Event: 53.152 Thread 0x00000238e30f20d0 Thread added: 0x00000238e3219500
Event: 53.292 Thread 0x00000238e3219500 Thread exited: 0x00000238e3219500
Event: 57.548 Thread 0x00000238e30fae60 Thread added: 0x00000238e3219500
Event: 60.518 Thread 0x00000238e8562cd0 Thread added: 0x00000238f4aa2a20
Event: 60.580 Thread 0x00000238e30fae60 Thread added: 0x00000238ebf5a7d0


Dynamic libraries:
0x00007ff627650000 - 0x00007ff62765e000 	c:\Users\lucia\.vscode\extensions\redhat.java-1.41.1-win32-x64\jre\21.0.6-win32-x86_64\bin\java.exe
0x00007ff83be80000 - 0x00007ff83c0e6000 	C:\WINDOWS\SYSTEM32\ntdll.dll
0x00007ff83a3a0000 - 0x00007ff83a469000 	C:\WINDOWS\System32\KERNEL32.DLL
0x00007ff8392e0000 - 0x00007ff8396ac000 	C:\WINDOWS\System32\KERNELBASE.dll
0x00007ff8396b0000 - 0x00007ff8397fb000 	C:\WINDOWS\System32\ucrtbase.dll
0x00007ff80ddc0000 - 0x00007ff80ddd8000 	c:\Users\lucia\.vscode\extensions\redhat.java-1.41.1-win32-x64\jre\21.0.6-win32-x86_64\bin\jli.dll
0x00007ff8055c0000 - 0x00007ff8055de000 	c:\Users\lucia\.vscode\extensions\redhat.java-1.41.1-win32-x64\jre\21.0.6-win32-x86_64\bin\VCRUNTIME140.dll
0x00007ff83a4c0000 - 0x00007ff83a68a000 	C:\WINDOWS\System32\USER32.dll
0x00007ff81c9d0000 - 0x00007ff81cc6a000 	C:\WINDOWS\WinSxS\amd64_microsoft.windows.common-controls_6595b64144ccf1df_6.0.26100.3912_none_3e07963ce335137e\COMCTL32.dll
0x00007ff83a690000 - 0x00007ff83a739000 	C:\WINDOWS\System32\msvcrt.dll
0x00007ff839be0000 - 0x00007ff839c07000 	C:\WINDOWS\System32\win32u.dll
0x00007ff83a0c0000 - 0x00007ff83a0eb000 	C:\WINDOWS\System32\GDI32.dll
0x00007ff839890000 - 0x00007ff8399c2000 	C:\WINDOWS\System32\gdi32full.dll
0x00007ff8399d0000 - 0x00007ff839a73000 	C:\WINDOWS\System32\msvcp_win.dll
0x00007ff83b810000 - 0x00007ff83b840000 	C:\WINDOWS\System32\IMM32.DLL
0x00007ff833be0000 - 0x00007ff833bec000 	c:\Users\lucia\.vscode\extensions\redhat.java-1.41.1-win32-x64\jre\21.0.6-win32-x86_64\bin\vcruntime140_1.dll
0x00007fffe61f0000 - 0x00007fffe627d000 	c:\Users\lucia\.vscode\extensions\redhat.java-1.41.1-win32-x64\jre\21.0.6-win32-x86_64\bin\msvcp140.dll
0x00007fffd0d50000 - 0x00007fffd1ae0000 	c:\Users\lucia\.vscode\extensions\redhat.java-1.41.1-win32-x64\jre\21.0.6-win32-x86_64\bin\server\jvm.dll
0x00007ff83b020000 - 0x00007ff83b0d2000 	C:\WINDOWS\System32\ADVAPI32.dll
0x00007ff83b760000 - 0x00007ff83b806000 	C:\WINDOWS\System32\sechost.dll
0x00007ff839fa0000 - 0x00007ff83a0b6000 	C:\WINDOWS\System32\RPCRT4.dll
0x00007ff83bcf0000 - 0x00007ff83bd64000 	C:\WINDOWS\System32\WS2_32.dll
0x00007ff838e30000 - 0x00007ff838e8e000 	C:\WINDOWS\SYSTEM32\POWRPROF.dll
0x00007ff82ea10000 - 0x00007ff82ea46000 	C:\WINDOWS\SYSTEM32\WINMM.dll
0x00007ff823190000 - 0x00007ff82319b000 	C:\WINDOWS\SYSTEM32\VERSION.dll
0x00007ff838e10000 - 0x00007ff838e24000 	C:\WINDOWS\SYSTEM32\UMPDC.dll
0x00007ff837da0000 - 0x00007ff837dba000 	C:\WINDOWS\SYSTEM32\kernel.appcore.dll
0x00007ff829080000 - 0x00007ff82908a000 	c:\Users\lucia\.vscode\extensions\redhat.java-1.41.1-win32-x64\jre\21.0.6-win32-x86_64\bin\jimage.dll
0x00007ff836600000 - 0x00007ff836841000 	C:\WINDOWS\SYSTEM32\DBGHELP.DLL
0x00007ff839c10000 - 0x00007ff839f94000 	C:\WINDOWS\System32\combase.dll
0x00007ff83b670000 - 0x00007ff83b750000 	C:\WINDOWS\System32\OLEAUT32.dll
0x00007ff8181b0000 - 0x00007ff8181e9000 	C:\WINDOWS\SYSTEM32\dbgcore.DLL
0x00007ff839b40000 - 0x00007ff839bd9000 	C:\WINDOWS\System32\bcryptPrimitives.dll
0x00007ff8289f0000 - 0x00007ff8289ff000 	c:\Users\lucia\.vscode\extensions\redhat.java-1.41.1-win32-x64\jre\21.0.6-win32-x86_64\bin\instrument.dll
0x00007ff8017d0000 - 0x00007ff8017ef000 	c:\Users\lucia\.vscode\extensions\redhat.java-1.41.1-win32-x64\jre\21.0.6-win32-x86_64\bin\java.dll
0x00007ff83a8f0000 - 0x00007ff83b01d000 	C:\WINDOWS\System32\SHELL32.dll
0x00007ff838fe0000 - 0x00007ff839154000 	C:\WINDOWS\System32\wintypes.dll
0x00007ff836c20000 - 0x00007ff837476000 	C:\WINDOWS\SYSTEM32\windows.storage.dll
0x00007ff83b220000 - 0x00007ff83b30f000 	C:\WINDOWS\System32\SHCORE.dll
0x00007ff83b320000 - 0x00007ff83b389000 	C:\WINDOWS\System32\shlwapi.dll
0x00007ff838ef0000 - 0x00007ff838f1f000 	C:\WINDOWS\SYSTEM32\profapi.dll
0x00007ff800280000 - 0x00007ff800298000 	c:\Users\lucia\.vscode\extensions\redhat.java-1.41.1-win32-x64\jre\21.0.6-win32-x86_64\bin\zip.dll
0x00007ff828660000 - 0x00007ff828670000 	C:\Users\lucia\.vscode\extensions\redhat.java-1.41.1-win32-x64\jre\21.0.6-win32-x86_64\bin\net.dll
0x00007ff8323e0000 - 0x00007ff8324fe000 	C:\WINDOWS\SYSTEM32\WINHTTP.dll
0x00007ff838310000 - 0x00007ff83837a000 	C:\WINDOWS\system32\mswsock.dll
0x00007ffffe5d0000 - 0x00007ffffe5e6000 	C:\Users\lucia\.vscode\extensions\redhat.java-1.41.1-win32-x64\jre\21.0.6-win32-x86_64\bin\nio.dll
0x00007ff8285c0000 - 0x00007ff8285d0000 	c:\Users\lucia\.vscode\extensions\redhat.java-1.41.1-win32-x64\jre\21.0.6-win32-x86_64\bin\verify.dll
0x00007ffff34e0000 - 0x00007ffff3525000 	C:\Users\lucia\AppData\Roaming\Code\User\globalStorage\redhat.java\1.41.1\config_win\org.eclipse.equinox.launcher\org.eclipse.equinox.launcher.win32.win32.x86_64_1.2.1300.v20250331-1702\eclipse_11911.dll
0x00007ff83a740000 - 0x00007ff83a8df000 	C:\WINDOWS\System32\ole32.dll
0x00007ff8385b0000 - 0x00007ff8385cc000 	C:\WINDOWS\SYSTEM32\CRYPTSP.dll
0x00007ff837d00000 - 0x00007ff837d3a000 	C:\WINDOWS\system32\rsaenh.dll
0x00007ff8383b0000 - 0x00007ff8383db000 	C:\WINDOWS\SYSTEM32\USERENV.dll
0x00007ff838ec0000 - 0x00007ff838ee6000 	C:\WINDOWS\SYSTEM32\bcrypt.dll
0x00007ff8385d0000 - 0x00007ff8385dc000 	C:\WINDOWS\SYSTEM32\CRYPTBASE.dll
0x00007ff837790000 - 0x00007ff8377c3000 	C:\WINDOWS\SYSTEM32\IPHLPAPI.DLL
0x00007ff83b0e0000 - 0x00007ff83b0ea000 	C:\WINDOWS\System32\NSI.dll
0x00007ffff5e50000 - 0x00007ffff5e99000 	C:\Users\lucia\AppData\Local\Temp\jna-103324306\jna3779968562257945677.dll
0x00007ff83a330000 - 0x00007ff83a338000 	C:\WINDOWS\System32\PSAPI.DLL
0x00007ff832590000 - 0x00007ff8325af000 	C:\WINDOWS\SYSTEM32\dhcpcsvc6.DLL
0x00007ff832560000 - 0x00007ff832585000 	C:\WINDOWS\SYSTEM32\dhcpcsvc.DLL

dbghelp: loaded successfully - version: 4.0.5 - missing functions: none
symbol engine: initialized successfully - sym options: 0x614 - pdb path: .;c:\Users\lucia\.vscode\extensions\redhat.java-1.41.1-win32-x64\jre\21.0.6-win32-x86_64\bin;C:\WINDOWS\SYSTEM32;C:\WINDOWS\WinSxS\amd64_microsoft.windows.common-controls_6595b64144ccf1df_6.0.26100.3912_none_3e07963ce335137e;c:\Users\lucia\.vscode\extensions\redhat.java-1.41.1-win32-x64\jre\21.0.6-win32-x86_64\bin\server;C:\Users\lucia\AppData\Roaming\Code\User\globalStorage\redhat.java\1.41.1\config_win\org.eclipse.equinox.launcher\org.eclipse.equinox.launcher.win32.win32.x86_64_1.2.1300.v20250331-1702;C:\Users\lucia\AppData\Local\Temp\jna-103324306

VM Arguments:
jvm_args: --add-modules=ALL-SYSTEM --add-opens=java.base/java.util=ALL-UNNAMED --add-opens=java.base/java.lang=ALL-UNNAMED --add-opens=java.base/sun.nio.fs=ALL-UNNAMED -Declipse.application=org.eclipse.jdt.ls.core.id1 -Dosgi.bundles.defaultStartLevel=4 -Declipse.product=org.eclipse.jdt.ls.core.product -Djava.import.generatesMetadataFilesAtProjectRoot=false -DDetectVMInstallationsJob.disabled=true -Dfile.encoding=utf8 -XX:+UseParallelGC -XX:GCTimeRatio=4 -XX:AdaptiveSizePolicyWeight=90 -Dsun.zip.disableMemoryMapping=true -Xmx1G -Xms100m -Xlog:disable -javaagent:c:\Users\lucia\.vscode\extensions\redhat.java-1.41.1-win32-x64\lombok\lombok-1.18.36.jar -XX:+HeapDumpOnOutOfMemoryError -XX:HeapDumpPath=c:\Users\lucia\AppData\Roaming\Code\User\workspaceStorage\de767ea62446350697c0ef6b0c319e3b\redhat.java -Daether.dependencyCollector.impl=bf 
java_command: c:\Users\lucia\.vscode\extensions\redhat.java-1.41.1-win32-x64\server\plugins\org.eclipse.equinox.launcher_1.7.0.v20250331-1702.jar -configuration c:\Users\lucia\AppData\Roaming\Code\User\globalStorage\redhat.java\1.41.1\config_win -data c:\Users\lucia\AppData\Roaming\Code\User\workspaceStorage\de767ea62446350697c0ef6b0c319e3b\redhat.java\jdt_ws --pipe=\\.\pipe\lsp-94010a2a73f50c2e493f4d54a63eebc4-sock
java_class_path (initial): c:\Users\lucia\.vscode\extensions\redhat.java-1.41.1-win32-x64\server\plugins\org.eclipse.equinox.launcher_1.7.0.v20250331-1702.jar
Launcher Type: SUN_STANDARD

[Global flags]
    uintx AdaptiveSizePolicyWeight                 = 90                                        {product} {command line}
     intx CICompilerCount                          = 4                                         {product} {ergonomic}
    uintx GCTimeRatio                              = 4                                         {product} {command line}
     bool HeapDumpOnOutOfMemoryError               = true                                   {manageable} {command line}
    ccstr HeapDumpPath                             = c:\Users\lucia\AppData\Roaming\Code\User\workspaceStorage\de767ea62446350697c0ef6b0c319e3b\redhat.java         {manageable} {command line}
   size_t InitialHeapSize                          = 104857600                                 {product} {command line}
   size_t MaxHeapSize                              = 1073741824                                {product} {command line}
   size_t MaxNewSize                               = 357564416                                 {product} {ergonomic}
   size_t MinHeapDeltaBytes                        = 524288                                    {product} {ergonomic}
   size_t MinHeapSize                              = 104857600                                 {product} {command line}
   size_t NewSize                                  = 34603008                                  {product} {ergonomic}
    uintx NonNMethodCodeHeapSize                   = 5839372                                {pd product} {ergonomic}
    uintx NonProfiledCodeHeapSize                  = 122909434                              {pd product} {ergonomic}
   size_t OldSize                                  = 70254592                                  {product} {ergonomic}
    uintx ProfiledCodeHeapSize                     = 122909434                              {pd product} {ergonomic}
    uintx ReservedCodeCacheSize                    = 251658240                              {pd product} {ergonomic}
     bool SegmentedCodeCache                       = true                                      {product} {ergonomic}
   size_t SoftMaxHeapSize                          = 1073741824                             {manageable} {ergonomic}
     bool UseCompressedOops                        = true                           {product lp64_product} {ergonomic}
     bool UseLargePagesIndividualAllocation        = false                                  {pd product} {ergonomic}
     bool UseParallelGC                            = true                                      {product} {command line}

Logging:
Log output configuration:
 #0: stdout all=off uptime,level,tags foldmultilines=false
 #1: stderr all=off uptime,level,tags foldmultilines=false

Environment Variables:
JAVA_HOME=C:\Program Files\Java\jdk-21
PATH=C:\Program Files\Common Files\Oracle\Java\javapath;C:\Program Files\Eclipse Adoptium\jdk-17.0.14.7-hotspot\bin;C:\WINDOWS\system32;C:\WINDOWS;C:\WINDOWS\System32\Wbem;C:\WINDOWS\System32\WindowsPowerShell\v1.0\;C:\WINDOWS\System32\OpenSSH\;C:\Program Files\dotnet\;C:\Program Files\Docker\Docker\resources\bin;C:\Users\lucia\OneDrive\Escritorio\SEGURIDAD Y CALIDAD EN EL DESARROLLO\apache-maven-3.9.9\BIN;C:\Program Files\Git\cmd;C:\Users\lucia\AppData\Local\Microsoft\WindowsApps;C:\Users\lucia\AppData\Local\Programs\Microsoft VS Code\bin;C:\Program Files\Java\jdk-21\bin;C:\Users\lucia\OneDrive\Escritorio\SEGURIDAD Y CALIDAD EN EL DESARROLLO\Proyectos\apache-maven-3.9.9\bin;
USERNAME=lucia
OS=Windows_NT
PROCESSOR_IDENTIFIER=Intel64 Family 6 Model 186 Stepping 3, GenuineIntel
TMP=C:\Users\lucia\AppData\Local\Temp
TEMP=C:\Users\lucia\AppData\Local\Temp




Periodic native trim disabled

---------------  S Y S T E M  ---------------

OS:
 Windows 11 , 64 bit Build 26100 (10.0.26100.3912)
OS uptime: 0 days 9:49 hours
Hyper-V role detected

CPU: total 12 (initial active 12) (6 cores per cpu, 2 threads per core) family 6 model 186 stepping 3 microcode 0x410e, cx8, cmov, fxsr, ht, mmx, 3dnowpref, sse, sse2, sse3, ssse3, sse4.1, sse4.2, popcnt, lzcnt, tsc, tscinvbit, avx, avx2, aes, erms, clmul, bmi1, bmi2, adx, sha, fma, vzeroupper, clflush, clflushopt, clwb, hv, serialize, rdtscp, rdpid, fsrm, f16c, cet_ibt, cet_ss
Processor Information for processor 0
  Max Mhz: 1300, Current Mhz: 1300, Mhz Limit: 1300
Processor Information for processor 1
  Max Mhz: 1300, Current Mhz: 1300, Mhz Limit: 1300
Processor Information for processor 2
  Max Mhz: 1300, Current Mhz: 1300, Mhz Limit: 1300
Processor Information for processor 3
  Max Mhz: 1300, Current Mhz: 1300, Mhz Limit: 1300
Processor Information for processor 4
  Max Mhz: 1300, Current Mhz: 900, Mhz Limit: 897
Processor Information for processor 5
  Max Mhz: 1300, Current Mhz: 900, Mhz Limit: 897
Processor Information for processor 6
  Max Mhz: 1300, Current Mhz: 900, Mhz Limit: 897
Processor Information for processor 7
  Max Mhz: 1300, Current Mhz: 900, Mhz Limit: 897
Processor Information for processor 8
  Max Mhz: 1300, Current Mhz: 900, Mhz Limit: 897
Processor Information for processor 9
  Max Mhz: 1300, Current Mhz: 900, Mhz Limit: 897
Processor Information for processor 10
  Max Mhz: 1300, Current Mhz: 900, Mhz Limit: 897
Processor Information for processor 11
  Max Mhz: 1300, Current Mhz: 900, Mhz Limit: 897

Memory: 4k page, system-wide physical 7875M (673M free)
TotalPageFile size 16067M (AvailPageFile size 4M)
current process WorkingSet (physical memory assigned to process): 678M, peak: 926M
current process commit charge ("private bytes"): 942M, peak: 952M

vm_info: OpenJDK 64-Bit Server VM (21.0.6+7-LTS) for windows-amd64 JRE (21.0.6+7-LTS), built on 2025-01-21T00:00:00Z by "admin" with MS VC++ 17.7 (VS2022)

END.
