#
# There is insufficient memory for the Java Runtime Environment to continue.
# Native memory allocation (malloc) failed to allocate 1978432 bytes. Error detail: Chunk::new
# Possible reasons:
#   The system is out of physical RAM or swap space
#   This process is running with CompressedOops enabled, and the Java Heap may be blocking the growth of the native heap
# Possible solutions:
#   Reduce memory load on the system
#   Increase physical memory or swap space
#   Check if swap backing store is full
#   Decrease Java heap size (-Xmx/-Xms)
#   Decrease number of Java threads
#   Decrease Java thread stack sizes (-Xss)
#   Set larger code cache with -XX:ReservedCodeCacheSize=
#   JVM is running with Unscaled Compressed Oops mode in which the Java heap is
#     placed in the first 4GB address space. The Java Heap base address is the
#     maximum limit for the native heap growth. Please use -XX:HeapBaseMinAddress
#     to set the Java Heap base and to place the Java Heap above 4GB virtual address.
# This output file may be truncated or incomplete.
#
#  Out of Memory Error (arena.cpp:168), pid=3696, tid=35140
#
# JRE version: OpenJDK Runtime Environment Temurin-21.0.6+7 (21.0.6+7) (build 21.0.6+7-LTS)
# Java VM: OpenJDK 64-Bit Server VM Temurin-21.0.6+7 (21.0.6+7-LTS, mixed mode, sharing, tiered, compressed oops, compressed class ptrs, parallel gc, windows-amd64)
# No core dump will be written. Minidumps are not enabled by default on client versions of Windows
#

---------------  S U M M A R Y ------------

Command Line: --add-modules=ALL-SYSTEM --add-opens=java.base/java.util=ALL-UNNAMED --add-opens=java.base/java.lang=ALL-UNNAMED --add-opens=java.base/sun.nio.fs=ALL-UNNAMED -Declipse.application=org.eclipse.jdt.ls.core.id1 -Dosgi.bundles.defaultStartLevel=4 -Declipse.product=org.eclipse.jdt.ls.core.product -Djava.import.generatesMetadataFilesAtProjectRoot=false -DDetectVMInstallationsJob.disabled=true -Dfile.encoding=utf8 -XX:+UseParallelGC -XX:GCTimeRatio=4 -XX:AdaptiveSizePolicyWeight=90 -Dsun.zip.disableMemoryMapping=true -Xmx1G -Xms100m -Xlog:disable -javaagent:c:\Users\lucia\.vscode\extensions\redhat.java-1.41.1-win32-x64\lombok\lombok-1.18.36.jar -XX:+HeapDumpOnOutOfMemoryError -XX:HeapDumpPath=c:\Users\lucia\AppData\Roaming\Code\User\workspaceStorage\13f28417bbc5fb90603a4953ffce7e8e\redhat.java -Daether.dependencyCollector.impl=bf c:\Users\lucia\.vscode\extensions\redhat.java-1.41.1-win32-x64\server\plugins\org.eclipse.equinox.launcher_1.7.0.v20250331-1702.jar -configuration c:\Users\lucia\AppData\Roaming\Code\User\globalStorage\redhat.java\1.41.1\config_win -data c:\Users\lucia\AppData\Roaming\Code\User\workspaceStorage\13f28417bbc5fb90603a4953ffce7e8e\redhat.java\jdt_ws --pipe=\\.\pipe\lsp-cac5991742203faf47a87c6a74f96c55-sock

Host: 13th Gen Intel(R) Core(TM) i5-1335U, 12 cores, 7G,  Windows 11 , 64 bit Build 26100 (10.0.26100.3912)
Time: Thu May  1 17:30:23 2025 Hora est. Sudamérica Pacífico elapsed time: 5.728724 seconds (0d 0h 0m 5s)

---------------  T H R E A D  ---------------

Current thread (0x000001b65e7320c0):  JavaThread "C2 CompilerThread0" daemon [_thread_in_native, id=35140, stack(0x0000006a6b000000,0x0000006a6b100000) (1024K)]


Current CompileTask:
C2:5728 6076 % !   4       org.eclipse.jdt.internal.compiler.classfmt.ClassFileReader::<init> @ 81 (2135 bytes)

Stack: [0x0000006a6b000000,0x0000006a6b100000]
Native frames: (J=compiled Java code, j=interpreted, Vv=VM code, C=native code)
V  [jvm.dll+0x6cdee9]
V  [jvm.dll+0x8a83d1]
V  [jvm.dll+0x8aa8fe]
V  [jvm.dll+0x8aafe3]
V  [jvm.dll+0x27f706]
V  [jvm.dll+0xc500d]
V  [jvm.dll+0xc5543]
V  [jvm.dll+0x3b678c]
V  [jvm.dll+0x1dfe13]
V  [jvm.dll+0x247b42]
V  [jvm.dll+0x246fcf]
V  [jvm.dll+0x1c75ee]
V  [jvm.dll+0x25685a]
V  [jvm.dll+0x254dfa]
V  [jvm.dll+0x3f0256]
V  [jvm.dll+0x851f8b]
V  [jvm.dll+0x6cc5ed]
C  [ucrtbase.dll+0x37b0]
C  [KERNEL32.DLL+0x2e8d7]
C  [ntdll.dll+0x9c5dc]


---------------  P R O C E S S  ---------------

Threads class SMR info:
_java_thread_list=0x000001b6670f5f50, length=66, elements={
0x000001b64831cef0, 0x000001b65c70d5b0, 0x000001b65e716c10, 0x000001b65e719c60,
0x000001b65e71ab30, 0x000001b65e71b780, 0x000001b65e71fc40, 0x000001b65e7320c0,
0x000001b65e738110, 0x000001b64838b730, 0x000001b65e8fd270, 0x000001b65ea753a0,
0x000001b6638febc0, 0x000001b6639fe8c0, 0x000001b663a66a30, 0x000001b663700d40,
0x000001b6639cc550, 0x000001b663878020, 0x000001b65ea84150, 0x000001b663e85390,
0x000001b663e86740, 0x000001b663e84670, 0x000001b663e84d00, 0x000001b66449ab70,
0x000001b663e83950, 0x000001b663e83fe0, 0x000001b663e86dd0, 0x000001b663e860b0,
0x000001b663e85a20, 0x000001b66645ae40, 0x000001b666459a90, 0x000001b666458d70,
0x000001b66645b4d0, 0x000001b666458050, 0x000001b66645bb60, 0x000001b6664586e0,
0x000001b66645a7b0, 0x000001b66645a120, 0x000001b66645c1f0, 0x000001b66645c880,
0x000001b666459400, 0x000001b66645d5a0, 0x000001b66645cf10, 0x000001b66645dc30,
0x000001b66645efe0, 0x000001b66645f670, 0x000001b66645e2c0, 0x000001b66645e950,
0x000001b667621b80, 0x000001b66761f420, 0x000001b667620140, 0x000001b6676207d0,
0x000001b667620e60, 0x000001b667622210, 0x000001b6676214f0, 0x000001b6676228a0,
0x000001b667622f30, 0x000001b66761fab0, 0x000001b6676235c0, 0x000001b667626a40,
0x000001b667625d20, 0x000001b667623c50, 0x000001b667625690, 0x000001b6676263b0,
0x000001b6676242e0, 0x000001b667624970
}

Java Threads: ( => current thread )
  0x000001b64831cef0 JavaThread "main"                              [_thread_blocked, id=30844, stack(0x0000006a6a600000,0x0000006a6a700000) (1024K)]
  0x000001b65c70d5b0 JavaThread "Reference Handler"          daemon [_thread_blocked, id=12828, stack(0x0000006a6aa00000,0x0000006a6ab00000) (1024K)]
  0x000001b65e716c10 JavaThread "Finalizer"                  daemon [_thread_blocked, id=34988, stack(0x0000006a6ab00000,0x0000006a6ac00000) (1024K)]
  0x000001b65e719c60 JavaThread "Signal Dispatcher"          daemon [_thread_blocked, id=34992, stack(0x0000006a6ac00000,0x0000006a6ad00000) (1024K)]
  0x000001b65e71ab30 JavaThread "Attach Listener"            daemon [_thread_blocked, id=35000, stack(0x0000006a6ad00000,0x0000006a6ae00000) (1024K)]
  0x000001b65e71b780 JavaThread "Service Thread"             daemon [_thread_blocked, id=34980, stack(0x0000006a6ae00000,0x0000006a6af00000) (1024K)]
  0x000001b65e71fc40 JavaThread "Monitor Deflation Thread"   daemon [_thread_blocked, id=35004, stack(0x0000006a6af00000,0x0000006a6b000000) (1024K)]
=>0x000001b65e7320c0 JavaThread "C2 CompilerThread0"         daemon [_thread_in_native, id=35140, stack(0x0000006a6b000000,0x0000006a6b100000) (1024K)]
  0x000001b65e738110 JavaThread "C1 CompilerThread0"         daemon [_thread_in_vm, id=25016, stack(0x0000006a6b100000,0x0000006a6b200000) (1024K)]
  0x000001b64838b730 JavaThread "Common-Cleaner"             daemon [_thread_blocked, id=27184, stack(0x0000006a6b200000,0x0000006a6b300000) (1024K)]
  0x000001b65e8fd270 JavaThread "C2 CompilerThread1"         daemon [_thread_in_native, id=29652, stack(0x0000006a6b300000,0x0000006a6b400000) (1024K)]
  0x000001b65ea753a0 JavaThread "Notification Thread"        daemon [_thread_blocked, id=26636, stack(0x0000006a6b400000,0x0000006a6b500000) (1024K)]
  0x000001b6638febc0 JavaThread "Active Thread: Equinox Container: d356d4b4-0ce9-4366-adfb-e25d3afcf1e9"        [_thread_blocked, id=31908, stack(0x0000006a6bc00000,0x0000006a6bd00000) (1024K)]
  0x000001b6639fe8c0 JavaThread "Refresh Thread: Equinox Container: d356d4b4-0ce9-4366-adfb-e25d3afcf1e9" daemon [_thread_blocked, id=7524, stack(0x0000006a6bd00000,0x0000006a6be00000) (1024K)]
  0x000001b663a66a30 JavaThread "Framework Event Dispatcher: Equinox Container: d356d4b4-0ce9-4366-adfb-e25d3afcf1e9" daemon [_thread_blocked, id=26924, stack(0x0000006a6bf00000,0x0000006a6c000000) (1024K)]
  0x000001b663700d40 JavaThread "Start Level: Equinox Container: d356d4b4-0ce9-4366-adfb-e25d3afcf1e9" daemon [_thread_blocked, id=19292, stack(0x0000006a6c000000,0x0000006a6c100000) (1024K)]
  0x000001b6639cc550 JavaThread "Bundle File Closer"         daemon [_thread_blocked, id=35712, stack(0x0000006a6c100000,0x0000006a6c200000) (1024K)]
  0x000001b663878020 JavaThread "SCR Component Actor"        daemon [_thread_blocked, id=31160, stack(0x0000006a6c400000,0x0000006a6c500000) (1024K)]
  0x000001b65ea84150 JavaThread "SCR Component Registry"     daemon [_thread_blocked, id=25576, stack(0x0000006a6b500000,0x0000006a6b600000) (1024K)]
  0x000001b663e85390 JavaThread "Worker-JM"                         [_thread_blocked, id=33116, stack(0x0000006a6c500000,0x0000006a6c600000) (1024K)]
  0x000001b663e86740 JavaThread "JNA Cleaner"                daemon [_thread_blocked, id=27544, stack(0x0000006a6c600000,0x0000006a6c700000) (1024K)]
  0x000001b663e84670 JavaThread "Worker-0"                          [_thread_blocked, id=12968, stack(0x0000006a6c700000,0x0000006a6c800000) (1024K)]
  0x000001b663e84d00 JavaThread "Worker-1: Building"                [_thread_in_vm, id=33192, stack(0x0000006a6c800000,0x0000006a6c900000) (1024K)]
  0x000001b66449ab70 JavaThread "C2 CompilerThread2"         daemon [_thread_in_native, id=27824, stack(0x0000006a6c900000,0x0000006a6ca00000) (1024K)]
  0x000001b663e83950 JavaThread "Worker-2: Repository registry initialization"        [_thread_in_native, id=18144, stack(0x0000006a6ca00000,0x0000006a6cb00000) (1024K)]
  0x000001b663e83fe0 JavaThread "Java indexing"              daemon [_thread_in_Java, id=34576, stack(0x0000006a6cb00000,0x0000006a6cc00000) (1024K)]
  0x000001b663e86dd0 JavaThread "Worker-3: Java indexing... "        [_thread_blocked, id=25552, stack(0x0000006a6ce00000,0x0000006a6cf00000) (1024K)]
  0x000001b663e860b0 JavaThread "Thread-2"                   daemon [_thread_in_native, id=29152, stack(0x0000006a6cf00000,0x0000006a6d000000) (1024K)]
  0x000001b663e85a20 JavaThread "Thread-3"                   daemon [_thread_in_native, id=30824, stack(0x0000006a6d000000,0x0000006a6d100000) (1024K)]
  0x000001b66645ae40 JavaThread "Thread-4"                   daemon [_thread_in_native, id=32576, stack(0x0000006a6d100000,0x0000006a6d200000) (1024K)]
  0x000001b666459a90 JavaThread "Thread-5"                   daemon [_thread_in_native, id=26760, stack(0x0000006a6d200000,0x0000006a6d300000) (1024K)]
  0x000001b666458d70 JavaThread "Thread-6"                   daemon [_thread_in_native, id=28124, stack(0x0000006a6d300000,0x0000006a6d400000) (1024K)]
  0x000001b66645b4d0 JavaThread "Thread-7"                   daemon [_thread_in_native, id=34620, stack(0x0000006a6d400000,0x0000006a6d500000) (1024K)]
  0x000001b666458050 JavaThread "Thread-8"                   daemon [_thread_in_native, id=32244, stack(0x0000006a6d500000,0x0000006a6d600000) (1024K)]
  0x000001b66645bb60 JavaThread "Thread-9"                   daemon [_thread_in_native, id=30272, stack(0x0000006a6d600000,0x0000006a6d700000) (1024K)]
  0x000001b6664586e0 JavaThread "Thread-10"                  daemon [_thread_in_native, id=10676, stack(0x0000006a6d700000,0x0000006a6d800000) (1024K)]
  0x000001b66645a7b0 JavaThread "Thread-11"                  daemon [_thread_in_native, id=29056, stack(0x0000006a6d800000,0x0000006a6d900000) (1024K)]
  0x000001b66645a120 JavaThread "Thread-12"                  daemon [_thread_in_native, id=22972, stack(0x0000006a6d900000,0x0000006a6da00000) (1024K)]
  0x000001b66645c1f0 JavaThread "Thread-13"                  daemon [_thread_in_native, id=31120, stack(0x0000006a6da00000,0x0000006a6db00000) (1024K)]
  0x000001b66645c880 JavaThread "Thread-14"                  daemon [_thread_in_native, id=35816, stack(0x0000006a6db00000,0x0000006a6dc00000) (1024K)]
  0x000001b666459400 JavaThread "pool-2-thread-1"                   [_thread_blocked, id=35252, stack(0x0000006a6dc00000,0x0000006a6dd00000) (1024K)]
  0x000001b66645d5a0 JavaThread "WorkspaceEventsHandler"            [_thread_blocked, id=26908, stack(0x0000006a6dd00000,0x0000006a6de00000) (1024K)]
  0x000001b66645cf10 JavaThread "pool-1-thread-1"                   [_thread_blocked, id=34548, stack(0x0000006a6de00000,0x0000006a6df00000) (1024K)]
  0x000001b66645dc30 JavaThread "Worker-4"                          [_thread_blocked, id=23008, stack(0x0000006a6df00000,0x0000006a6e000000) (1024K)]
  0x000001b66645efe0 JavaThread "LocalFile Deleter"          daemon [_thread_blocked, id=14964, stack(0x0000006a6e000000,0x0000006a6e100000) (1024K)]
  0x000001b66645f670 JavaThread "LocalFile Deleter"          daemon [_thread_blocked, id=26120, stack(0x0000006a6e100000,0x0000006a6e200000) (1024K)]
  0x000001b66645e2c0 JavaThread "LocalFile Deleter"          daemon [_thread_blocked, id=35116, stack(0x0000006a6e200000,0x0000006a6e300000) (1024K)]
  0x000001b66645e950 JavaThread "LocalFile Deleter"          daemon [_thread_blocked, id=25056, stack(0x0000006a6e300000,0x0000006a6e400000) (1024K)]
  0x000001b667621b80 JavaThread "LocalFile Deleter"          daemon [_thread_blocked, id=25144, stack(0x0000006a6e400000,0x0000006a6e500000) (1024K)]
  0x000001b66761f420 JavaThread "LocalFile Deleter"          daemon [_thread_blocked, id=13980, stack(0x0000006a6e500000,0x0000006a6e600000) (1024K)]
  0x000001b667620140 JavaThread "LocalFile Deleter"          daemon [_thread_blocked, id=32416, stack(0x0000006a6e600000,0x0000006a6e700000) (1024K)]
  0x000001b6676207d0 JavaThread "LocalFile Deleter"          daemon [_thread_blocked, id=18844, stack(0x0000006a6e700000,0x0000006a6e800000) (1024K)]
  0x000001b667620e60 JavaThread "LocalFile Deleter"          daemon [_thread_blocked, id=24196, stack(0x0000006a6e800000,0x0000006a6e900000) (1024K)]
  0x000001b667622210 JavaThread "LocalFile Deleter"          daemon [_thread_blocked, id=22640, stack(0x0000006a6e900000,0x0000006a6ea00000) (1024K)]
  0x000001b6676214f0 JavaThread "LocalFile Deleter"          daemon [_thread_blocked, id=23660, stack(0x0000006a6ea00000,0x0000006a6eb00000) (1024K)]
  0x000001b6676228a0 JavaThread "LocalFile Deleter"          daemon [_thread_blocked, id=34376, stack(0x0000006a6eb00000,0x0000006a6ec00000) (1024K)]
  0x000001b667622f30 JavaThread "Compiler Source File Reader" daemon [_thread_blocked, id=34668, stack(0x0000006a6ec00000,0x0000006a6ed00000) (1024K)]
  0x000001b66761fab0 JavaThread "Compiler Source File Reader" daemon [_thread_blocked, id=34996, stack(0x0000006a6ed00000,0x0000006a6ee00000) (1024K)]
  0x000001b6676235c0 JavaThread "Compiler Source File Reader" daemon [_thread_blocked, id=3232, stack(0x0000006a6ee00000,0x0000006a6ef00000) (1024K)]
  0x000001b667626a40 JavaThread "Compiler Source File Reader" daemon [_thread_blocked, id=31400, stack(0x0000006a6ef00000,0x0000006a6f000000) (1024K)]
  0x000001b667625d20 JavaThread "Compiler Source File Reader" daemon [_thread_blocked, id=34856, stack(0x0000006a6f000000,0x0000006a6f100000) (1024K)]
  0x000001b667623c50 JavaThread "Compiler Source File Reader" daemon [_thread_blocked, id=34976, stack(0x0000006a6f100000,0x0000006a6f200000) (1024K)]
  0x000001b667625690 JavaThread "Compiler Source File Reader" daemon [_thread_blocked, id=19736, stack(0x0000006a6f200000,0x0000006a6f300000) (1024K)]
  0x000001b6676263b0 JavaThread "Compiler Source File Reader" daemon [_thread_blocked, id=22988, stack(0x0000006a6f300000,0x0000006a6f400000) (1024K)]
  0x000001b6676242e0 JavaThread "Compiler Source File Reader" daemon [_thread_blocked, id=7624, stack(0x0000006a6f400000,0x0000006a6f500000) (1024K)]
  0x000001b667624970 JavaThread "Compiler Source File Reader" daemon [_thread_blocked, id=29780, stack(0x0000006a6f500000,0x0000006a6f600000) (1024K)]
Total: 66

Other Threads:
  0x000001b65c6f40c0 VMThread "VM Thread"                           [id=35748, stack(0x0000006a6a900000,0x0000006a6aa00000) (1024K)]
  0x000001b65c5eca10 WatcherThread "VM Periodic Task Thread"        [id=32428, stack(0x0000006a6a800000,0x0000006a6a900000) (1024K)]
  0x000001b64833a150 WorkerThread "GC Thread#0"                     [id=13084, stack(0x0000006a6a700000,0x0000006a6a800000) (1024K)]
  0x000001b65ead8200 WorkerThread "GC Thread#1"                     [id=35780, stack(0x0000006a6b600000,0x0000006a6b700000) (1024K)]
  0x000001b66350b8a0 WorkerThread "GC Thread#2"                     [id=30996, stack(0x0000006a6b700000,0x0000006a6b800000) (1024K)]
  0x000001b66350bc40 WorkerThread "GC Thread#3"                     [id=34552, stack(0x0000006a6b800000,0x0000006a6b900000) (1024K)]
  0x000001b66350bfe0 WorkerThread "GC Thread#4"                     [id=35484, stack(0x0000006a6b900000,0x0000006a6ba00000) (1024K)]
  0x000001b66350c380 WorkerThread "GC Thread#5"                     [id=29716, stack(0x0000006a6ba00000,0x0000006a6bb00000) (1024K)]
  0x000001b66350c720 WorkerThread "GC Thread#6"                     [id=35188, stack(0x0000006a6bb00000,0x0000006a6bc00000) (1024K)]
  0x000001b663b26c60 WorkerThread "GC Thread#7"                     [id=28876, stack(0x0000006a6be00000,0x0000006a6bf00000) (1024K)]
  0x000001b663bf9250 WorkerThread "GC Thread#8"                     [id=32448, stack(0x0000006a6c200000,0x0000006a6c300000) (1024K)]
  0x000001b663bf8eb0 WorkerThread "GC Thread#9"                     [id=22792, stack(0x0000006a6c300000,0x0000006a6c400000) (1024K)]
Total: 12

Threads with active compile tasks:
C2 CompilerThread0  5749 6076 % !   4       org.eclipse.jdt.internal.compiler.classfmt.ClassFileReader::<init> @ 81 (2135 bytes)
C2 CompilerThread1  5749 6519  s    4       org.eclipse.jdt.internal.compiler.classfmt.MethodInfo::readModifierRelatedAttributes (213 bytes)
C2 CompilerThread2  5749 6398 %     4       org.eclipse.jdt.internal.core.search.indexing.BinaryIndexer::extractReferenceFromConstantPool @ 155 (358 bytes)
Total: 3

VM state: not at safepoint (normal execution)

VM Mutex/Monitor currently owned by a thread: None

Heap address: 0x00000000c0000000, size: 1024 MB, Compressed Oops mode: 32-bit

CDS archive(s) mapped at: [0x000001b600000000-0x000001b600ba0000-0x000001b600ba0000), size 12189696, SharedBaseAddress: 0x000001b600000000, ArchiveRelocationMode: 1.
Compressed class space mapped at: 0x000001b601000000-0x000001b641000000, reserved size: 1073741824
Narrow klass base: 0x000001b600000000, Narrow klass shift: 0, Narrow klass range: 0x100000000

GC Precious Log:
 CardTable entry size: 512
 CPUs: 12 total, 12 available
 Memory: 7875M
 Large Page Support: Disabled
 NUMA Support: Disabled
 Compressed Oops: Enabled (32-bit)
 Alignments: Space 512K, Generation 512K, Heap 2M
 Heap Min Capacity: 100M
 Heap Initial Capacity: 100M
 Heap Max Capacity: 1G
 Pre-touch: Disabled
 Parallel Workers: 10

Heap:
 PSYoungGen      total 20992K, used 17233K [0x00000000eab00000, 0x00000000ec300000, 0x0000000100000000)
  eden space 17408K, 80% used [0x00000000eab00000,0x00000000eb8b8628,0x00000000ebc00000)
  from space 3584K, 88% used [0x00000000ebc80000,0x00000000ebf9c158,0x00000000ec000000)
  to   space 3072K, 0% used [0x00000000ec000000,0x00000000ec000000,0x00000000ec300000)
 ParOldGen       total 77824K, used 77818K [0x00000000c0000000, 0x00000000c4c00000, 0x00000000eab00000)
  object space 77824K, 99% used [0x00000000c0000000,0x00000000c4bfeb48,0x00000000c4c00000)
 Metaspace       used 46154K, committed 47424K, reserved 1114112K
  class space    used 4795K, committed 5376K, reserved 1048576K

Card table byte_map: [0x000001b647cc0000,0x000001b647ed0000] _byte_map_base: 0x000001b6476c0000

Marking Bits: (ParMarkBitMap*) 0x00007fffb2ef3260
 Begin Bits: [0x000001b65a510000, 0x000001b65b510000)
 End Bits:   [0x000001b65b510000, 0x000001b65c510000)

Polling page: 0x000001b646160000

Metaspace:

Usage:
  Non-class:     40.39 MB used.
      Class:      4.68 MB used.
       Both:     45.07 MB used.

Virtual space:
  Non-class space:       64.00 MB reserved,      41.06 MB ( 64%) committed,  1 nodes.
      Class space:        1.00 GB reserved,       5.25 MB ( <1%) committed,  1 nodes.
             Both:        1.06 GB reserved,      46.31 MB (  4%) committed. 

Chunk freelists:
   Non-Class:  6.00 MB
       Class:  10.75 MB
        Both:  16.75 MB

MaxMetaspaceSize: unlimited
CompressedClassSpaceSize: 1.00 GB
Initial GC threshold: 21.00 MB
Current GC threshold: 58.38 MB
CDS: on
 - commit_granule_bytes: 65536.
 - commit_granule_words: 8192.
 - virtual_space_node_default_size: 8388608.
 - enlarge_chunks_in_place: 1.
 - use_allocation_guard: 0.


Internal statistics:

num_allocs_failed_limit: 6.
num_arena_births: 1008.
num_arena_deaths: 14.
num_vsnodes_births: 2.
num_vsnodes_deaths: 0.
num_space_committed: 741.
num_space_uncommitted: 0.
num_chunks_returned_to_freelist: 20.
num_chunks_taken_from_freelist: 3123.
num_chunk_merges: 9.
num_chunk_splits: 1927.
num_chunks_enlarged: 1054.
num_inconsistent_stats: 0.

CodeHeap 'non-profiled nmethods': size=120000Kb used=2815Kb max_used=2815Kb free=117184Kb
 bounds [0x000001b652fe0000, 0x000001b6532a0000, 0x000001b65a510000]
CodeHeap 'profiled nmethods': size=120000Kb used=12205Kb max_used=12205Kb free=107794Kb
 bounds [0x000001b64b510000, 0x000001b64c100000, 0x000001b652a40000]
CodeHeap 'non-nmethods': size=5760Kb used=1393Kb max_used=1441Kb free=4366Kb
 bounds [0x000001b652a40000, 0x000001b652cb0000, 0x000001b652fe0000]
 total_blobs=6522 nmethods=5824 adapters=604
 compilation: enabled
              stopped_count=0, restarted_count=0
 full_count=0

Compilation events (20 events):
Event: 4.701 Thread 0x000001b65e8fd270 6436       4       org.eclipse.jdt.internal.compiler.classfmt.MethodInfo::createMethod (710 bytes)
Event: 4.705 Thread 0x000001b65e738110 6510       2       com.google.inject.internal.Annotations::findBindingAnnotation (76 bytes)
Event: 4.706 Thread 0x000001b65e738110 nmethod 6510 0x000001b64c0f4510 code [0x000001b64c0f4720, 0x000001b64c0f4bc8]
Event: 4.707 Thread 0x000001b65e738110 6511       2       java.lang.Class::getEnclosingMethodInfo (20 bytes)
Event: 4.707 Thread 0x000001b65e738110 nmethod 6511 0x000001b64c0f5010 code [0x000001b64c0f51e0, 0x000001b64c0f53a8]
Event: 4.710 Thread 0x000001b65e738110 6512       1       com.google.inject.internal.ProviderInstanceBindingImpl::getUserSuppliedProvider (5 bytes)
Event: 4.710 Thread 0x000001b65e738110 nmethod 6512 0x000001b65329cc90 code [0x000001b65329ce20, 0x000001b65329cee8]
Event: 4.710 Thread 0x000001b65e738110 6513       2       java.lang.Class::getEnclosingClass (70 bytes)
Event: 4.710 Thread 0x000001b65e738110 nmethod 6513 0x000001b64c0f5490 code [0x000001b64c0f5680, 0x000001b64c0f5948]
Event: 4.711 Thread 0x000001b65e738110 6514       2       java.lang.reflect.AccessibleObject::getAnnotations (5 bytes)
Event: 4.712 Thread 0x000001b65e738110 nmethod 6514 0x000001b64c0f5b10 code [0x000001b64c0f5cc0, 0x000001b64c0f5df0]
Event: 4.713 Thread 0x000001b65e738110 6515       2       java.lang.reflect.Executable::getGenericParameterTypes (20 bytes)
Event: 4.713 Thread 0x000001b65e738110 nmethod 6515 0x000001b64c0f5e90 code [0x000001b64c0f6080, 0x000001b64c0f6338]
Event: 4.713 Thread 0x000001b65e738110 6516       2       sun.reflect.generics.reflectiveObjects.ParameterizedTypeImpl::getRawType (5 bytes)
Event: 4.713 Thread 0x000001b65e738110 nmethod 6516 0x000001b64c0f6490 code [0x000001b64c0f6620, 0x000001b64c0f6728]
Event: 4.715 Thread 0x000001b65e738110 6517       2       org.eclipse.osgi.internal.loader.classpath.ClasspathManager::findLocalResourceImpl (174 bytes)
Event: 4.719 Thread 0x000001b65e738110 nmethod 6517 0x000001b64c0f6810 code [0x000001b64c0f6a20, 0x000001b64c0f7020]
Event: 4.720 Thread 0x000001b65e8fd270 nmethod 6436 0x000001b65329cf90 code [0x000001b65329d1c0, 0x000001b65329e210]
Event: 4.720 Thread 0x000001b65e8fd270 6475       4       org.eclipse.jdt.internal.core.search.indexing.BinaryIndexer::decodeReturnType (407 bytes)
Event: 5.571 Thread 0x000001b65e738110 6521       2       java.util.Locale::getDefault (63 bytes)

GC Heap History (20 events):
Event: 4.271 GC heap before
{Heap before GC invocations=26 (full 2):
 PSYoungGen      total 25088K, used 24656K [0x00000000eab00000, 0x00000000ec780000, 0x0000000100000000)
  eden space 20992K, 100% used [0x00000000eab00000,0x00000000ebf80000,0x00000000ebf80000)
  from space 4096K, 89% used [0x00000000ebf80000,0x00000000ec3143e8,0x00000000ec380000)
  to   space 4096K, 0% used [0x00000000ec380000,0x00000000ec380000,0x00000000ec780000)
 ParOldGen       total 68608K, used 43018K [0x00000000c0000000, 0x00000000c4300000, 0x00000000eab00000)
  object space 68608K, 62% used [0x00000000c0000000,0x00000000c2a02908,0x00000000c4300000)
 Metaspace       used 40749K, committed 41984K, reserved 1114112K
  class space    used 4170K, committed 4736K, reserved 1048576K
}
Event: 4.273 GC heap after
{Heap after GC invocations=26 (full 2):
 PSYoungGen      total 24576K, used 3475K [0x00000000eab00000, 0x00000000ec700000, 0x0000000100000000)
  eden space 20992K, 0% used [0x00000000eab00000,0x00000000eab00000,0x00000000ebf80000)
  from space 3584K, 96% used [0x00000000ec380000,0x00000000ec6e4c50,0x00000000ec700000)
  to   space 3584K, 0% used [0x00000000ec000000,0x00000000ec000000,0x00000000ec380000)
 ParOldGen       total 68608K, used 46225K [0x00000000c0000000, 0x00000000c4300000, 0x00000000eab00000)
  object space 68608K, 67% used [0x00000000c0000000,0x00000000c2d24788,0x00000000c4300000)
 Metaspace       used 40749K, committed 41984K, reserved 1114112K
  class space    used 4170K, committed 4736K, reserved 1048576K
}
Event: 4.316 GC heap before
{Heap before GC invocations=27 (full 2):
 PSYoungGen      total 24576K, used 24467K [0x00000000eab00000, 0x00000000ec700000, 0x0000000100000000)
  eden space 20992K, 100% used [0x00000000eab00000,0x00000000ebf80000,0x00000000ebf80000)
  from space 3584K, 96% used [0x00000000ec380000,0x00000000ec6e4c50,0x00000000ec700000)
  to   space 3584K, 0% used [0x00000000ec000000,0x00000000ec000000,0x00000000ec380000)
 ParOldGen       total 68608K, used 46225K [0x00000000c0000000, 0x00000000c4300000, 0x00000000eab00000)
  object space 68608K, 67% used [0x00000000c0000000,0x00000000c2d24788,0x00000000c4300000)
 Metaspace       used 41022K, committed 42240K, reserved 1114112K
  class space    used 4200K, committed 4736K, reserved 1048576K
}
Event: 4.320 GC heap after
{Heap after GC invocations=27 (full 2):
 PSYoungGen      total 24576K, used 3580K [0x00000000eab00000, 0x00000000ecf80000, 0x0000000100000000)
  eden space 20992K, 0% used [0x00000000eab00000,0x00000000eab00000,0x00000000ebf80000)
  from space 3584K, 99% used [0x00000000ec000000,0x00000000ec37f0c0,0x00000000ec380000)
  to   space 8192K, 0% used [0x00000000ec780000,0x00000000ec780000,0x00000000ecf80000)
 ParOldGen       total 68608K, used 49986K [0x00000000c0000000, 0x00000000c4300000, 0x00000000eab00000)
  object space 68608K, 72% used [0x00000000c0000000,0x00000000c30d0bd0,0x00000000c4300000)
 Metaspace       used 41022K, committed 42240K, reserved 1114112K
  class space    used 4200K, committed 4736K, reserved 1048576K
}
Event: 4.359 GC heap before
{Heap before GC invocations=28 (full 2):
 PSYoungGen      total 24576K, used 24572K [0x00000000eab00000, 0x00000000ecf80000, 0x0000000100000000)
  eden space 20992K, 100% used [0x00000000eab00000,0x00000000ebf80000,0x00000000ebf80000)
  from space 3584K, 99% used [0x00000000ec000000,0x00000000ec37f0c0,0x00000000ec380000)
  to   space 8192K, 0% used [0x00000000ec780000,0x00000000ec780000,0x00000000ecf80000)
 ParOldGen       total 68608K, used 49986K [0x00000000c0000000, 0x00000000c4300000, 0x00000000eab00000)
  object space 68608K, 72% used [0x00000000c0000000,0x00000000c30d0bd0,0x00000000c4300000)
 Metaspace       used 41403K, committed 42624K, reserved 1114112K
  class space    used 4256K, committed 4800K, reserved 1048576K
}
Event: 4.362 GC heap after
{Heap after GC invocations=28 (full 2):
 PSYoungGen      total 25088K, used 4048K [0x00000000eab00000, 0x00000000ecb80000, 0x0000000100000000)
  eden space 20992K, 0% used [0x00000000eab00000,0x00000000eab00000,0x00000000ebf80000)
  from space 4096K, 98% used [0x00000000ec780000,0x00000000ecb74320,0x00000000ecb80000)
  to   space 5632K, 0% used [0x00000000ec080000,0x00000000ec080000,0x00000000ec600000)
 ParOldGen       total 68608K, used 53363K [0x00000000c0000000, 0x00000000c4300000, 0x00000000eab00000)
  object space 68608K, 77% used [0x00000000c0000000,0x00000000c341cda0,0x00000000c4300000)
 Metaspace       used 41403K, committed 42624K, reserved 1114112K
  class space    used 4256K, committed 4800K, reserved 1048576K
}
Event: 4.397 GC heap before
{Heap before GC invocations=29 (full 2):
 PSYoungGen      total 25088K, used 25040K [0x00000000eab00000, 0x00000000ecb80000, 0x0000000100000000)
  eden space 20992K, 100% used [0x00000000eab00000,0x00000000ebf80000,0x00000000ebf80000)
  from space 4096K, 98% used [0x00000000ec780000,0x00000000ecb74320,0x00000000ecb80000)
  to   space 5632K, 0% used [0x00000000ec080000,0x00000000ec080000,0x00000000ec600000)
 ParOldGen       total 68608K, used 53363K [0x00000000c0000000, 0x00000000c4300000, 0x00000000eab00000)
  object space 68608K, 77% used [0x00000000c0000000,0x00000000c341cda0,0x00000000c4300000)
 Metaspace       used 41909K, committed 43200K, reserved 1114112K
  class space    used 4302K, committed 4864K, reserved 1048576K
}
Event: 4.400 GC heap after
{Heap after GC invocations=29 (full 2):
 PSYoungGen      total 25600K, used 4216K [0x00000000eab00000, 0x00000000ec880000, 0x0000000100000000)
  eden space 20992K, 0% used [0x00000000eab00000,0x00000000eab00000,0x00000000ebf80000)
  from space 4608K, 91% used [0x00000000ec080000,0x00000000ec49e2c0,0x00000000ec500000)
  to   space 3584K, 0% used [0x00000000ec500000,0x00000000ec500000,0x00000000ec880000)
 ParOldGen       total 68608K, used 57146K [0x00000000c0000000, 0x00000000c4300000, 0x00000000eab00000)
  object space 68608K, 83% used [0x00000000c0000000,0x00000000c37ce818,0x00000000c4300000)
 Metaspace       used 41909K, committed 43200K, reserved 1114112K
  class space    used 4302K, committed 4864K, reserved 1048576K
}
Event: 4.450 GC heap before
{Heap before GC invocations=30 (full 2):
 PSYoungGen      total 25600K, used 25208K [0x00000000eab00000, 0x00000000ec880000, 0x0000000100000000)
  eden space 20992K, 100% used [0x00000000eab00000,0x00000000ebf80000,0x00000000ebf80000)
  from space 4608K, 91% used [0x00000000ec080000,0x00000000ec49e2c0,0x00000000ec500000)
  to   space 3584K, 0% used [0x00000000ec500000,0x00000000ec500000,0x00000000ec880000)
 ParOldGen       total 68608K, used 57146K [0x00000000c0000000, 0x00000000c4300000, 0x00000000eab00000)
  object space 68608K, 83% used [0x00000000c0000000,0x00000000c37ce818,0x00000000c4300000)
 Metaspace       used 42763K, committed 43968K, reserved 1114112K
  class space    used 4380K, committed 4928K, reserved 1048576K
}
Event: 4.454 GC heap after
{Heap after GC invocations=30 (full 2):
 PSYoungGen      total 24576K, used 3578K [0x00000000eab00000, 0x00000000ec880000, 0x0000000100000000)
  eden space 20992K, 0% used [0x00000000eab00000,0x00000000eab00000,0x00000000ebf80000)
  from space 3584K, 99% used [0x00000000ec500000,0x00000000ec87e9a0,0x00000000ec880000)
  to   space 4096K, 0% used [0x00000000ec080000,0x00000000ec080000,0x00000000ec480000)
 ParOldGen       total 68608K, used 60968K [0x00000000c0000000, 0x00000000c4300000, 0x00000000eab00000)
  object space 68608K, 88% used [0x00000000c0000000,0x00000000c3b8a2f8,0x00000000c4300000)
 Metaspace       used 42763K, committed 43968K, reserved 1114112K
  class space    used 4380K, committed 4928K, reserved 1048576K
}
Event: 4.487 GC heap before
{Heap before GC invocations=31 (full 2):
 PSYoungGen      total 24576K, used 24570K [0x00000000eab00000, 0x00000000ec880000, 0x0000000100000000)
  eden space 20992K, 100% used [0x00000000eab00000,0x00000000ebf80000,0x00000000ebf80000)
  from space 3584K, 99% used [0x00000000ec500000,0x00000000ec87e9a0,0x00000000ec880000)
  to   space 4096K, 0% used [0x00000000ec080000,0x00000000ec080000,0x00000000ec480000)
 ParOldGen       total 68608K, used 60968K [0x00000000c0000000, 0x00000000c4300000, 0x00000000eab00000)
  object space 68608K, 88% used [0x00000000c0000000,0x00000000c3b8a2f8,0x00000000c4300000)
 Metaspace       used 43598K, committed 44800K, reserved 1114112K
  class space    used 4476K, committed 4992K, reserved 1048576K
}
Event: 4.491 GC heap after
{Heap after GC invocations=31 (full 2):
 PSYoungGen      total 24576K, used 3346K [0x00000000eab00000, 0x00000000ec680000, 0x0000000100000000)
  eden space 20992K, 0% used [0x00000000eab00000,0x00000000eab00000,0x00000000ebf80000)
  from space 3584K, 93% used [0x00000000ec080000,0x00000000ec3c4988,0x00000000ec400000)
  to   space 2560K, 0% used [0x00000000ec400000,0x00000000ec400000,0x00000000ec680000)
 ParOldGen       total 68608K, used 64263K [0x00000000c0000000, 0x00000000c4300000, 0x00000000eab00000)
  object space 68608K, 93% used [0x00000000c0000000,0x00000000c3ec1f80,0x00000000c4300000)
 Metaspace       used 43598K, committed 44800K, reserved 1114112K
  class space    used 4476K, committed 4992K, reserved 1048576K
}
Event: 4.557 GC heap before
{Heap before GC invocations=32 (full 2):
 PSYoungGen      total 24576K, used 24338K [0x00000000eab00000, 0x00000000ec680000, 0x0000000100000000)
  eden space 20992K, 100% used [0x00000000eab00000,0x00000000ebf80000,0x00000000ebf80000)
  from space 3584K, 93% used [0x00000000ec080000,0x00000000ec3c4988,0x00000000ec400000)
  to   space 2560K, 0% used [0x00000000ec400000,0x00000000ec400000,0x00000000ec680000)
 ParOldGen       total 68608K, used 64263K [0x00000000c0000000, 0x00000000c4300000, 0x00000000eab00000)
  object space 68608K, 93% used [0x00000000c0000000,0x00000000c3ec1f80,0x00000000c4300000)
 Metaspace       used 44407K, committed 45632K, reserved 1114112K
  class space    used 4566K, committed 5120K, reserved 1048576K
}
Event: 4.560 GC heap after
{Heap after GC invocations=32 (full 2):
 PSYoungGen      total 19968K, used 2540K [0x00000000eab00000, 0x00000000ecf80000, 0x0000000100000000)
  eden space 17408K, 0% used [0x00000000eab00000,0x00000000eab00000,0x00000000ebc00000)
  from space 2560K, 99% used [0x00000000ec400000,0x00000000ec67b028,0x00000000ec680000)
  to   space 8192K, 0% used [0x00000000ebc00000,0x00000000ebc00000,0x00000000ec400000)
 ParOldGen       total 69120K, used 68997K [0x00000000c0000000, 0x00000000c4380000, 0x00000000eab00000)
  object space 69120K, 99% used [0x00000000c0000000,0x00000000c4361630,0x00000000c4380000)
 Metaspace       used 44407K, committed 45632K, reserved 1114112K
  class space    used 4566K, committed 5120K, reserved 1048576K
}
Event: 4.600 GC heap before
{Heap before GC invocations=33 (full 2):
 PSYoungGen      total 19968K, used 19948K [0x00000000eab00000, 0x00000000ecf80000, 0x0000000100000000)
  eden space 17408K, 100% used [0x00000000eab00000,0x00000000ebc00000,0x00000000ebc00000)
  from space 2560K, 99% used [0x00000000ec400000,0x00000000ec67b028,0x00000000ec680000)
  to   space 8192K, 0% used [0x00000000ebc00000,0x00000000ebc00000,0x00000000ec400000)
 ParOldGen       total 69120K, used 68997K [0x00000000c0000000, 0x00000000c4380000, 0x00000000eab00000)
  object space 69120K, 99% used [0x00000000c0000000,0x00000000c4361630,0x00000000c4380000)
 Metaspace       used 44931K, committed 46144K, reserved 1114112K
  class space    used 4633K, committed 5184K, reserved 1048576K
}
Event: 4.604 GC heap after
{Heap after GC invocations=33 (full 2):
 PSYoungGen      total 20992K, used 3479K [0x00000000eab00000, 0x00000000ec600000, 0x0000000100000000)
  eden space 17408K, 0% used [0x00000000eab00000,0x00000000eab00000,0x00000000ebc00000)
  from space 3584K, 97% used [0x00000000ebc00000,0x00000000ebf65f68,0x00000000ebf80000)
  to   space 5120K, 0% used [0x00000000ec100000,0x00000000ec100000,0x00000000ec600000)
 ParOldGen       total 71680K, used 71536K [0x00000000c0000000, 0x00000000c4600000, 0x00000000eab00000)
  object space 71680K, 99% used [0x00000000c0000000,0x00000000c45dc098,0x00000000c4600000)
 Metaspace       used 44931K, committed 46144K, reserved 1114112K
  class space    used 4633K, committed 5184K, reserved 1048576K
}
Event: 4.658 GC heap before
{Heap before GC invocations=34 (full 2):
 PSYoungGen      total 20992K, used 20887K [0x00000000eab00000, 0x00000000ec600000, 0x0000000100000000)
  eden space 17408K, 100% used [0x00000000eab00000,0x00000000ebc00000,0x00000000ebc00000)
  from space 3584K, 97% used [0x00000000ebc00000,0x00000000ebf65f68,0x00000000ebf80000)
  to   space 5120K, 0% used [0x00000000ec100000,0x00000000ec100000,0x00000000ec600000)
 ParOldGen       total 71680K, used 71536K [0x00000000c0000000, 0x00000000c4600000, 0x00000000eab00000)
  object space 71680K, 99% used [0x00000000c0000000,0x00000000c45dc098,0x00000000c4600000)
 Metaspace       used 45372K, committed 46592K, reserved 1114112K
  class space    used 4682K, committed 5248K, reserved 1048576K
}
Event: 4.660 GC heap after
{Heap after GC invocations=34 (full 2):
 PSYoungGen      total 20992K, used 3367K [0x00000000eab00000, 0x00000000ec480000, 0x0000000100000000)
  eden space 17408K, 0% used [0x00000000eab00000,0x00000000eab00000,0x00000000ebc00000)
  from space 3584K, 93% used [0x00000000ec100000,0x00000000ec449cc0,0x00000000ec480000)
  to   space 4096K, 0% used [0x00000000ebc80000,0x00000000ebc80000,0x00000000ec080000)
 ParOldGen       total 74752K, used 74740K [0x00000000c0000000, 0x00000000c4900000, 0x00000000eab00000)
  object space 74752K, 99% used [0x00000000c0000000,0x00000000c48fd300,0x00000000c4900000)
 Metaspace       used 45372K, committed 46592K, reserved 1114112K
  class space    used 4682K, committed 5248K, reserved 1048576K
}
Event: 4.716 GC heap before
{Heap before GC invocations=35 (full 2):
 PSYoungGen      total 20992K, used 20775K [0x00000000eab00000, 0x00000000ec480000, 0x0000000100000000)
  eden space 17408K, 100% used [0x00000000eab00000,0x00000000ebc00000,0x00000000ebc00000)
  from space 3584K, 93% used [0x00000000ec100000,0x00000000ec449cc0,0x00000000ec480000)
  to   space 4096K, 0% used [0x00000000ebc80000,0x00000000ebc80000,0x00000000ec080000)
 ParOldGen       total 74752K, used 74740K [0x00000000c0000000, 0x00000000c4900000, 0x00000000eab00000)
  object space 74752K, 99% used [0x00000000c0000000,0x00000000c48fd300,0x00000000c4900000)
 Metaspace       used 45970K, committed 47168K, reserved 1114112K
  class space    used 4766K, committed 5312K, reserved 1048576K
}
Event: 4.719 GC heap after
{Heap after GC invocations=35 (full 2):
 PSYoungGen      total 20992K, used 3184K [0x00000000eab00000, 0x00000000ec300000, 0x0000000100000000)
  eden space 17408K, 0% used [0x00000000eab00000,0x00000000eab00000,0x00000000ebc00000)
  from space 3584K, 88% used [0x00000000ebc80000,0x00000000ebf9c158,0x00000000ec000000)
  to   space 3072K, 0% used [0x00000000ec000000,0x00000000ec000000,0x00000000ec300000)
 ParOldGen       total 77824K, used 77818K [0x00000000c0000000, 0x00000000c4c00000, 0x00000000eab00000)
  object space 77824K, 99% used [0x00000000c0000000,0x00000000c4bfeb48,0x00000000c4c00000)
 Metaspace       used 45970K, committed 47168K, reserved 1114112K
  class space    used 4766K, committed 5312K, reserved 1048576K
}

Dll operation events (10 events):
Event: 0.013 Loaded shared library c:\Users\lucia\.vscode\extensions\redhat.java-1.41.1-win32-x64\jre\21.0.6-win32-x86_64\bin\java.dll
Event: 0.064 Loaded shared library c:\Users\lucia\.vscode\extensions\redhat.java-1.41.1-win32-x64\jre\21.0.6-win32-x86_64\bin\zip.dll
Event: 0.080 Loaded shared library C:\Users\lucia\.vscode\extensions\redhat.java-1.41.1-win32-x64\jre\21.0.6-win32-x86_64\bin\instrument.dll
Event: 0.085 Loaded shared library C:\Users\lucia\.vscode\extensions\redhat.java-1.41.1-win32-x64\jre\21.0.6-win32-x86_64\bin\net.dll
Event: 0.088 Loaded shared library C:\Users\lucia\.vscode\extensions\redhat.java-1.41.1-win32-x64\jre\21.0.6-win32-x86_64\bin\nio.dll
Event: 0.092 Loaded shared library C:\Users\lucia\.vscode\extensions\redhat.java-1.41.1-win32-x64\jre\21.0.6-win32-x86_64\bin\zip.dll
Event: 0.110 Loaded shared library C:\Users\lucia\.vscode\extensions\redhat.java-1.41.1-win32-x64\jre\21.0.6-win32-x86_64\bin\jimage.dll
Event: 0.173 Loaded shared library c:\Users\lucia\.vscode\extensions\redhat.java-1.41.1-win32-x64\jre\21.0.6-win32-x86_64\bin\verify.dll
Event: 0.981 Loaded shared library C:\Users\lucia\AppData\Roaming\Code\User\globalStorage\redhat.java\1.41.1\config_win\org.eclipse.equinox.launcher\org.eclipse.equinox.launcher.win32.win32.x86_64_1.2.1300.v20250331-1702\eclipse_11911.dll
Event: 2.240 Loaded shared library C:\Users\lucia\AppData\Local\Temp\jna-103324306\jna9735083211060573484.dll

Deoptimization events (20 events):
Event: 4.688 Thread 0x000001b663e83fe0 DEOPT PACKING pc=0x000001b64b9ba753 sp=0x0000006a6cbfe540
Event: 4.688 Thread 0x000001b663e83fe0 DEOPT UNPACKING pc=0x000001b652a94242 sp=0x0000006a6cbfdaa8 mode 0
Event: 4.689 Thread 0x000001b667626a40 Uncommon trap: trap_request=0xffffff45 fr.pc=0x000001b65324df04 relative=0x0000000000000604
Event: 4.689 Thread 0x000001b667626a40 Uncommon trap: reason=unstable_if action=reinterpret pc=0x000001b65324df04 method=java.lang.String.decodeASCII([BI[CII)I @ 13 c2
Event: 4.689 Thread 0x000001b667626a40 DEOPT PACKING pc=0x000001b65324df04 sp=0x0000006a6effeb10
Event: 4.689 Thread 0x000001b667626a40 DEOPT UNPACKING pc=0x000001b652a93aa2 sp=0x0000006a6effe938 mode 2
Event: 4.689 Thread 0x000001b663e84d00 Uncommon trap: trap_request=0xffffff45 fr.pc=0x000001b6532384f8 relative=0x00000000000001b8
Event: 4.689 Thread 0x000001b663e84d00 Uncommon trap: reason=unstable_if action=reinterpret pc=0x000001b6532384f8 method=org.eclipse.jdt.core.compiler.CharOperation.subarray([CII)[C @ 2 c2
Event: 4.689 Thread 0x000001b663e84d00 DEOPT PACKING pc=0x000001b6532384f8 sp=0x0000006a6c8fdf90
Event: 4.689 Thread 0x000001b663e84d00 DEOPT UNPACKING pc=0x000001b652a93aa2 sp=0x0000006a6c8fdf50 mode 2
Event: 4.691 Thread 0x000001b667623c50 DEOPT PACKING pc=0x000001b64be88cc6 sp=0x0000006a6f1fea00
Event: 4.691 Thread 0x000001b667623c50 DEOPT UNPACKING pc=0x000001b652a94242 sp=0x0000006a6f1fdf80 mode 0
Event: 4.692 Thread 0x000001b663e84d00 Uncommon trap: trap_request=0xffffff45 fr.pc=0x000001b6530cc0c8 relative=0x0000000000000648
Event: 4.692 Thread 0x000001b663e84d00 Uncommon trap: reason=unstable_if action=reinterpret pc=0x000001b6530cc0c8 method=java.util.Arrays.copyOfRange([CII)[C @ 1 c2
Event: 4.692 Thread 0x000001b663e84d00 DEOPT PACKING pc=0x000001b6530cc0c8 sp=0x0000006a6c8fe060
Event: 4.692 Thread 0x000001b663e84d00 DEOPT UNPACKING pc=0x000001b652a93aa2 sp=0x0000006a6c8fdf88 mode 2
Event: 4.694 Thread 0x000001b663e83fe0 DEOPT PACKING pc=0x000001b64b9ba753 sp=0x0000006a6cbfe540
Event: 4.694 Thread 0x000001b663e83fe0 DEOPT UNPACKING pc=0x000001b652a94242 sp=0x0000006a6cbfdaa8 mode 0
Event: 4.715 Thread 0x000001b663e83fe0 DEOPT PACKING pc=0x000001b64b9ba753 sp=0x0000006a6cbfe540
Event: 4.715 Thread 0x000001b663e83fe0 DEOPT UNPACKING pc=0x000001b652a94242 sp=0x0000006a6cbfdaa8 mode 0

Classes loaded (20 events):
Event: 4.160 Loading class java/lang/annotation/IncompleteAnnotationException
Event: 4.160 Loading class java/lang/annotation/IncompleteAnnotationException done
Event: 4.181 Loading class java/lang/invoke/MethodHandleImpl$CountingWrapper
Event: 4.181 Loading class java/lang/invoke/MethodHandleImpl$CountingWrapper done
Event: 4.327 Loading class sun/nio/ch/WindowsAsynchronousFileChannelImpl$WriteTask
Event: 4.327 Loading class sun/nio/ch/WindowsAsynchronousFileChannelImpl$WriteTask done
Event: 4.339 Loading class jdk/internal/math/FormattedFPDecimal
Event: 4.339 Loading class jdk/internal/math/FormattedFPDecimal done
Event: 4.461 Loading class java/lang/ExceptionInInitializerError
Event: 4.461 Loading class java/lang/ExceptionInInitializerError done
Event: 4.476 Loading class sun/reflect/annotation/AnnotatedTypeFactory$AnnotatedParameterizedTypeImpl
Event: 4.476 Loading class java/lang/reflect/AnnotatedParameterizedType
Event: 4.476 Loading class java/lang/reflect/AnnotatedParameterizedType done
Event: 4.476 Loading class sun/reflect/annotation/AnnotatedTypeFactory$AnnotatedParameterizedTypeImpl done
Event: 4.547 Loading class sun/reflect/generics/scope/ConstructorScope
Event: 4.547 Loading class sun/reflect/generics/scope/ConstructorScope done
Event: 4.547 Loading class sun/reflect/generics/tree/VoidDescriptor
Event: 4.547 Loading class sun/reflect/generics/tree/VoidDescriptor done
Event: 4.631 Loading class java/util/concurrent/ForkJoinTask$AdaptedCallable
Event: 4.631 Loading class java/util/concurrent/ForkJoinTask$AdaptedCallable done

Classes unloaded (7 events):
Event: 2.727 Thread 0x000001b65c6f40c0 Unloading class 0x000001b601199400 'java/lang/invoke/LambdaForm$MH+0x000001b601199400'
Event: 2.727 Thread 0x000001b65c6f40c0 Unloading class 0x000001b601199000 'java/lang/invoke/LambdaForm$MH+0x000001b601199000'
Event: 2.727 Thread 0x000001b65c6f40c0 Unloading class 0x000001b601198c00 'java/lang/invoke/LambdaForm$MH+0x000001b601198c00'
Event: 2.727 Thread 0x000001b65c6f40c0 Unloading class 0x000001b601198800 'java/lang/invoke/LambdaForm$MH+0x000001b601198800'
Event: 2.727 Thread 0x000001b65c6f40c0 Unloading class 0x000001b601198400 'java/lang/invoke/LambdaForm$BMH+0x000001b601198400'
Event: 2.727 Thread 0x000001b65c6f40c0 Unloading class 0x000001b601198000 'java/lang/invoke/LambdaForm$DMH+0x000001b601198000'
Event: 2.727 Thread 0x000001b65c6f40c0 Unloading class 0x000001b601196c00 'java/lang/invoke/LambdaForm$DMH+0x000001b601196c00'

Classes redefined (0 events):
No events

Internal exceptions (20 events):
Event: 4.181 Thread 0x000001b66645cf10 Exception <a 'java/lang/NoSuchMethodError'{0x00000000eae4d5b8}: 'java.lang.Object java.lang.invoke.DirectMethodHandle$Holder.invokeStatic(java.lang.Object, int, java.lang.Object, java.lang.Object)'> (0x00000000eae4d5b8) 
thrown [s\src\hotspot\share\interpreter\linkResolver.cpp, line 773]
Event: 4.181 Thread 0x000001b66645cf10 Exception <a 'java/lang/NoSuchMethodError'{0x00000000eae50db8}: 'java.lang.Object java.lang.invoke.DelegatingMethodHandle$Holder.delegate(java.lang.Object, int, java.lang.Object, java.lang.Object)'> (0x00000000eae50db8) 
thrown [s\src\hotspot\share\interpreter\linkResolver.cpp, line 773]
Event: 4.182 Thread 0x000001b66645cf10 Exception <a 'java/lang/NoSuchMethodError'{0x00000000eae95ed8}: 'int java.lang.invoke.Invokers$Holder.linkToTargetMethod(java.lang.Object, java.lang.Object, java.lang.Object)'> (0x00000000eae95ed8) 
thrown [s\src\hotspot\share\interpreter\linkResolver.cpp, line 773]
Event: 4.310 Thread 0x000001b663e84d00 Exception <a 'sun/nio/fs/WindowsException'{0x00000000eba67c48}> (0x00000000eba67c48) 
thrown [s\src\hotspot\share\prims\jni.cpp, line 520]
Event: 4.310 Thread 0x000001b663e84d00 Exception <a 'sun/nio/fs/WindowsException'{0x00000000ebb8a770}> (0x00000000ebb8a770) 
thrown [s\src\hotspot\share\prims\jni.cpp, line 520]
Event: 4.334 Thread 0x000001b663e84d00 Exception <a 'java/lang/NoSuchMethodError'{0x00000000eb1106f0}: 'int java.lang.invoke.DirectMethodHandle$Holder.invokeSpecialIFC(java.lang.Object, java.lang.Object, java.lang.Object, java.lang.Object)'> (0x00000000eb1106f0) 
thrown [s\src\hotspot\share\interpreter\linkResolver.cpp, line 773]
Event: 4.370 Thread 0x000001b663e84d00 Exception <a 'java/io/FileNotFoundException'{0x00000000eae721e0}> (0x00000000eae721e0) 
thrown [s\src\hotspot\share\prims\jni.cpp, line 520]
Event: 4.371 Thread 0x000001b663e84d00 Exception <a 'java/io/FileNotFoundException'{0x00000000eae73210}> (0x00000000eae73210) 
thrown [s\src\hotspot\share\prims\jni.cpp, line 520]
Event: 4.371 Thread 0x000001b663e84d00 Exception <a 'java/io/FileNotFoundException'{0x00000000eaed98e8}> (0x00000000eaed98e8) 
thrown [s\src\hotspot\share\prims\jni.cpp, line 520]
Event: 4.372 Thread 0x000001b663e84d00 Exception <a 'java/io/FileNotFoundException'{0x00000000eaf33378}> (0x00000000eaf33378) 
thrown [s\src\hotspot\share\prims\jni.cpp, line 520]
Event: 4.372 Thread 0x000001b663e84d00 Exception <a 'java/io/FileNotFoundException'{0x00000000eaf343c8}> (0x00000000eaf343c8) 
thrown [s\src\hotspot\share\prims\jni.cpp, line 520]
Event: 4.630 Thread 0x000001b663e84d00 Exception <a 'sun/nio/fs/WindowsException'{0x00000000eb36d3f8}> (0x00000000eb36d3f8) 
thrown [s\src\hotspot\share\prims\jni.cpp, line 520]
Event: 4.633 Thread 0x000001b66645efe0 Exception <a 'sun/nio/fs/WindowsException'{0x00000000eb4b5fb8}> (0x00000000eb4b5fb8) 
thrown [s\src\hotspot\share\prims\jni.cpp, line 520]
Event: 4.634 Thread 0x000001b66645f670 Exception <a 'sun/nio/fs/WindowsException'{0x00000000eb5527b8}> (0x00000000eb5527b8) 
thrown [s\src\hotspot\share\prims\jni.cpp, line 520]
Event: 4.634 Thread 0x000001b66645e2c0 Exception <a 'sun/nio/fs/WindowsException'{0x00000000eb5abce0}> (0x00000000eb5abce0) 
thrown [s\src\hotspot\share\prims\jni.cpp, line 520]
Event: 4.635 Thread 0x000001b667621b80 Exception <a 'sun/nio/fs/WindowsException'{0x00000000eb606010}> (0x00000000eb606010) 
thrown [s\src\hotspot\share\prims\jni.cpp, line 520]
Event: 4.635 Thread 0x000001b667620140 Exception <a 'sun/nio/fs/WindowsException'{0x00000000eb623278}> (0x00000000eb623278) 
thrown [s\src\hotspot\share\prims\jni.cpp, line 520]
Event: 4.637 Thread 0x000001b66761f420 Exception <a 'sun/nio/fs/WindowsException'{0x00000000eb615838}> (0x00000000eb615838) 
thrown [s\src\hotspot\share\prims\jni.cpp, line 520]
Event: 4.637 Thread 0x000001b66645e2c0 Exception <a 'sun/nio/fs/WindowsException'{0x00000000eb5b1fc0}> (0x00000000eb5b1fc0) 
thrown [s\src\hotspot\share\prims\jni.cpp, line 520]
Event: 4.639 Thread 0x000001b667620140 Exception <a 'sun/nio/fs/WindowsException'{0x00000000eb6267e0}> (0x00000000eb6267e0) 
thrown [s\src\hotspot\share\prims\jni.cpp, line 520]

ZGC Phase Switch (0 events):
No events

VM Operations (20 events):
Event: 4.397 Executing VM operation: ParallelGCFailedAllocation (Allocation Failure)
Event: 4.400 Executing VM operation: ParallelGCFailedAllocation (Allocation Failure) done
Event: 4.450 Executing VM operation: ParallelGCFailedAllocation (Allocation Failure)
Event: 4.454 Executing VM operation: ParallelGCFailedAllocation (Allocation Failure) done
Event: 4.487 Executing VM operation: ParallelGCFailedAllocation (Allocation Failure)
Event: 4.491 Executing VM operation: ParallelGCFailedAllocation (Allocation Failure) done
Event: 4.530 Executing VM operation: HandshakeAllThreads (Deoptimize)
Event: 4.530 Executing VM operation: HandshakeAllThreads (Deoptimize) done
Event: 4.557 Executing VM operation: ParallelGCFailedAllocation (Allocation Failure)
Event: 4.560 Executing VM operation: ParallelGCFailedAllocation (Allocation Failure) done
Event: 4.584 Executing VM operation: HandshakeAllThreads (Deoptimize)
Event: 4.585 Executing VM operation: HandshakeAllThreads (Deoptimize) done
Event: 4.600 Executing VM operation: ParallelGCFailedAllocation (Allocation Failure)
Event: 4.604 Executing VM operation: ParallelGCFailedAllocation (Allocation Failure) done
Event: 4.655 Executing VM operation: HandshakeAllThreads (Deoptimize)
Event: 4.655 Executing VM operation: HandshakeAllThreads (Deoptimize) done
Event: 4.657 Executing VM operation: ParallelGCFailedAllocation (Allocation Failure)
Event: 4.660 Executing VM operation: ParallelGCFailedAllocation (Allocation Failure) done
Event: 4.715 Executing VM operation: ParallelGCFailedAllocation (Allocation Failure)
Event: 4.719 Executing VM operation: ParallelGCFailedAllocation (Allocation Failure) done

Memory protections (0 events):
No events

Nmethod flushes (20 events):
Event: 3.671 Thread 0x000001b65c6f40c0 flushing  nmethod 0x000001b64bb71410
Event: 3.671 Thread 0x000001b65c6f40c0 flushing  nmethod 0x000001b64bb71910
Event: 3.671 Thread 0x000001b65c6f40c0 flushing  nmethod 0x000001b64bb72a10
Event: 3.671 Thread 0x000001b65c6f40c0 flushing  nmethod 0x000001b64bb72e90
Event: 3.671 Thread 0x000001b65c6f40c0 flushing  nmethod 0x000001b64bb7d710
Event: 3.671 Thread 0x000001b65c6f40c0 flushing  nmethod 0x000001b64bb7f890
Event: 3.671 Thread 0x000001b65c6f40c0 flushing  nmethod 0x000001b64bba3090
Event: 3.671 Thread 0x000001b65c6f40c0 flushing  nmethod 0x000001b64bba5910
Event: 3.671 Thread 0x000001b65c6f40c0 flushing  nmethod 0x000001b64bc47490
Event: 3.671 Thread 0x000001b65c6f40c0 flushing  nmethod 0x000001b64bc4aa10
Event: 3.671 Thread 0x000001b65c6f40c0 flushing  nmethod 0x000001b64bc6cb10
Event: 3.671 Thread 0x000001b65c6f40c0 flushing  nmethod 0x000001b64bc82e90
Event: 3.671 Thread 0x000001b65c6f40c0 flushing  nmethod 0x000001b64bc83310
Event: 3.671 Thread 0x000001b65c6f40c0 flushing  nmethod 0x000001b64bc85990
Event: 3.671 Thread 0x000001b65c6f40c0 flushing  nmethod 0x000001b64bc86790
Event: 3.671 Thread 0x000001b65c6f40c0 flushing  nmethod 0x000001b64bc87410
Event: 3.671 Thread 0x000001b65c6f40c0 flushing  nmethod 0x000001b64bc88c90
Event: 3.671 Thread 0x000001b65c6f40c0 flushing  nmethod 0x000001b64bc9c610
Event: 3.671 Thread 0x000001b65c6f40c0 flushing  nmethod 0x000001b64bc9e910
Event: 3.671 Thread 0x000001b65c6f40c0 flushing  nmethod 0x000001b64bcbbf90

Events (20 events):
Event: 4.634 Thread 0x000001b66645efe0 Thread added: 0x000001b66645e2c0
Event: 4.634 Thread 0x000001b66645f670 Thread added: 0x000001b66645e950
Event: 4.634 Thread 0x000001b66645e950 Thread added: 0x000001b667621b80
Event: 4.635 Thread 0x000001b66645f670 Thread added: 0x000001b66761f420
Event: 4.635 Thread 0x000001b66645e2c0 Thread added: 0x000001b667620140
Event: 4.635 Thread 0x000001b667621b80 Thread added: 0x000001b6676207d0
Event: 4.635 Thread 0x000001b667620140 Thread added: 0x000001b667620e60
Event: 4.635 Thread 0x000001b66761f420 Thread added: 0x000001b667622210
Event: 4.636 Thread 0x000001b667621b80 Thread added: 0x000001b6676214f0
Event: 4.636 Thread 0x000001b667620140 Thread added: 0x000001b6676228a0
Event: 4.675 Thread 0x000001b663e84d00 Thread added: 0x000001b667622f30
Event: 4.675 Thread 0x000001b663e84d00 Thread added: 0x000001b66761fab0
Event: 4.675 Thread 0x000001b663e84d00 Thread added: 0x000001b6676235c0
Event: 4.676 Thread 0x000001b663e84d00 Thread added: 0x000001b667626a40
Event: 4.676 Thread 0x000001b663e84d00 Thread added: 0x000001b667625d20
Event: 4.676 Thread 0x000001b663e84d00 Thread added: 0x000001b667623c50
Event: 4.676 Thread 0x000001b663e84d00 Thread added: 0x000001b667625690
Event: 4.676 Thread 0x000001b663e84d00 Thread added: 0x000001b6676263b0
Event: 4.676 Thread 0x000001b663e84d00 Thread added: 0x000001b6676242e0
Event: 4.677 Thread 0x000001b663e84d00 Thread added: 0x000001b667624970


Dynamic libraries:
0x00007ff72a170000 - 0x00007ff72a17e000 	c:\Users\lucia\.vscode\extensions\redhat.java-1.41.1-win32-x64\jre\21.0.6-win32-x86_64\bin\java.exe
0x00007ff83be80000 - 0x00007ff83c0e6000 	C:\WINDOWS\SYSTEM32\ntdll.dll
0x00007ff83a3a0000 - 0x00007ff83a469000 	C:\WINDOWS\System32\KERNEL32.DLL
0x00007ff8392e0000 - 0x00007ff8396ac000 	C:\WINDOWS\System32\KERNELBASE.dll
0x00007ff8396b0000 - 0x00007ff8397fb000 	C:\WINDOWS\System32\ucrtbase.dll
0x00007ff829560000 - 0x00007ff82957e000 	c:\Users\lucia\.vscode\extensions\redhat.java-1.41.1-win32-x64\jre\21.0.6-win32-x86_64\bin\VCRUNTIME140.dll
0x00007ff828c70000 - 0x00007ff828c88000 	c:\Users\lucia\.vscode\extensions\redhat.java-1.41.1-win32-x64\jre\21.0.6-win32-x86_64\bin\jli.dll
0x00007ff83a4c0000 - 0x00007ff83a68a000 	C:\WINDOWS\System32\USER32.dll
0x00007ff81c9d0000 - 0x00007ff81cc6a000 	C:\WINDOWS\WinSxS\amd64_microsoft.windows.common-controls_6595b64144ccf1df_6.0.26100.3912_none_3e07963ce335137e\COMCTL32.dll
0x00007ff839be0000 - 0x00007ff839c07000 	C:\WINDOWS\System32\win32u.dll
0x00007ff83a690000 - 0x00007ff83a739000 	C:\WINDOWS\System32\msvcrt.dll
0x00007ff83a0c0000 - 0x00007ff83a0eb000 	C:\WINDOWS\System32\GDI32.dll
0x00007ff839890000 - 0x00007ff8399c2000 	C:\WINDOWS\System32\gdi32full.dll
0x00007ff8399d0000 - 0x00007ff839a73000 	C:\WINDOWS\System32\msvcp_win.dll
0x00007ff83b810000 - 0x00007ff83b840000 	C:\WINDOWS\System32\IMM32.DLL
0x00007ff832650000 - 0x00007ff83265c000 	c:\Users\lucia\.vscode\extensions\redhat.java-1.41.1-win32-x64\jre\21.0.6-win32-x86_64\bin\vcruntime140_1.dll
0x00007ff8185f0000 - 0x00007ff81867d000 	c:\Users\lucia\.vscode\extensions\redhat.java-1.41.1-win32-x64\jre\21.0.6-win32-x86_64\bin\msvcp140.dll
0x00007fffb2240000 - 0x00007fffb2fd0000 	c:\Users\lucia\.vscode\extensions\redhat.java-1.41.1-win32-x64\jre\21.0.6-win32-x86_64\bin\server\jvm.dll
0x00007ff83b020000 - 0x00007ff83b0d2000 	C:\WINDOWS\System32\ADVAPI32.dll
0x00007ff83b760000 - 0x00007ff83b806000 	C:\WINDOWS\System32\sechost.dll
0x00007ff839fa0000 - 0x00007ff83a0b6000 	C:\WINDOWS\System32\RPCRT4.dll
0x00007ff83bcf0000 - 0x00007ff83bd64000 	C:\WINDOWS\System32\WS2_32.dll
0x00007ff838e30000 - 0x00007ff838e8e000 	C:\WINDOWS\SYSTEM32\POWRPROF.dll
0x00007ff823190000 - 0x00007ff82319b000 	C:\WINDOWS\SYSTEM32\VERSION.dll
0x00007ff82ea10000 - 0x00007ff82ea46000 	C:\WINDOWS\SYSTEM32\WINMM.dll
0x00007ff838e10000 - 0x00007ff838e24000 	C:\WINDOWS\SYSTEM32\UMPDC.dll
0x00007ff837da0000 - 0x00007ff837dba000 	C:\WINDOWS\SYSTEM32\kernel.appcore.dll
0x00007ff82dbf0000 - 0x00007ff82dbfa000 	c:\Users\lucia\.vscode\extensions\redhat.java-1.41.1-win32-x64\jre\21.0.6-win32-x86_64\bin\jimage.dll
0x00007ff836600000 - 0x00007ff836841000 	C:\WINDOWS\SYSTEM32\DBGHELP.DLL
0x00007ff839c10000 - 0x00007ff839f94000 	C:\WINDOWS\System32\combase.dll
0x00007ff83b670000 - 0x00007ff83b750000 	C:\WINDOWS\System32\OLEAUT32.dll
0x00007ff8181b0000 - 0x00007ff8181e9000 	C:\WINDOWS\SYSTEM32\dbgcore.DLL
0x00007ff839b40000 - 0x00007ff839bd9000 	C:\WINDOWS\System32\bcryptPrimitives.dll
0x00007ff82da60000 - 0x00007ff82da6f000 	c:\Users\lucia\.vscode\extensions\redhat.java-1.41.1-win32-x64\jre\21.0.6-win32-x86_64\bin\instrument.dll
0x00007ff8284e0000 - 0x00007ff8284ff000 	c:\Users\lucia\.vscode\extensions\redhat.java-1.41.1-win32-x64\jre\21.0.6-win32-x86_64\bin\java.dll
0x00007ff83a8f0000 - 0x00007ff83b01d000 	C:\WINDOWS\System32\SHELL32.dll
0x00007ff838fe0000 - 0x00007ff839154000 	C:\WINDOWS\System32\wintypes.dll
0x00007ff836c20000 - 0x00007ff837476000 	C:\WINDOWS\SYSTEM32\windows.storage.dll
0x00007ff83b220000 - 0x00007ff83b30f000 	C:\WINDOWS\System32\SHCORE.dll
0x00007ff83b320000 - 0x00007ff83b389000 	C:\WINDOWS\System32\shlwapi.dll
0x00007ff838ef0000 - 0x00007ff838f1f000 	C:\WINDOWS\SYSTEM32\profapi.dll
0x00007ff828320000 - 0x00007ff828338000 	c:\Users\lucia\.vscode\extensions\redhat.java-1.41.1-win32-x64\jre\21.0.6-win32-x86_64\bin\zip.dll
0x00007ff829740000 - 0x00007ff829750000 	C:\Users\lucia\.vscode\extensions\redhat.java-1.41.1-win32-x64\jre\21.0.6-win32-x86_64\bin\net.dll
0x00007ff8323e0000 - 0x00007ff8324fe000 	C:\WINDOWS\SYSTEM32\WINHTTP.dll
0x00007ff838310000 - 0x00007ff83837a000 	C:\WINDOWS\system32\mswsock.dll
0x00007ff827b60000 - 0x00007ff827b76000 	C:\Users\lucia\.vscode\extensions\redhat.java-1.41.1-win32-x64\jre\21.0.6-win32-x86_64\bin\nio.dll
0x00007ff829610000 - 0x00007ff829620000 	c:\Users\lucia\.vscode\extensions\redhat.java-1.41.1-win32-x64\jre\21.0.6-win32-x86_64\bin\verify.dll
0x00007ff827740000 - 0x00007ff827785000 	C:\Users\lucia\AppData\Roaming\Code\User\globalStorage\redhat.java\1.41.1\config_win\org.eclipse.equinox.launcher\org.eclipse.equinox.launcher.win32.win32.x86_64_1.2.1300.v20250331-1702\eclipse_11911.dll
0x00007ff83a740000 - 0x00007ff83a8df000 	C:\WINDOWS\System32\ole32.dll
0x00007ff8385b0000 - 0x00007ff8385cc000 	C:\WINDOWS\SYSTEM32\CRYPTSP.dll
0x00007ff837d00000 - 0x00007ff837d3a000 	C:\WINDOWS\system32\rsaenh.dll
0x00007ff8383b0000 - 0x00007ff8383db000 	C:\WINDOWS\SYSTEM32\USERENV.dll
0x00007ff838ec0000 - 0x00007ff838ee6000 	C:\WINDOWS\SYSTEM32\bcrypt.dll
0x00007ff8385d0000 - 0x00007ff8385dc000 	C:\WINDOWS\SYSTEM32\CRYPTBASE.dll
0x00007ff837790000 - 0x00007ff8377c3000 	C:\WINDOWS\SYSTEM32\IPHLPAPI.DLL
0x00007ff83b0e0000 - 0x00007ff83b0ea000 	C:\WINDOWS\System32\NSI.dll
0x00007ff819900000 - 0x00007ff819949000 	C:\Users\lucia\AppData\Local\Temp\jna-103324306\jna9735083211060573484.dll
0x00007ff83a330000 - 0x00007ff83a338000 	C:\WINDOWS\System32\PSAPI.DLL
0x00007ff832590000 - 0x00007ff8325af000 	C:\WINDOWS\SYSTEM32\dhcpcsvc6.DLL
0x00007ff832560000 - 0x00007ff832585000 	C:\WINDOWS\SYSTEM32\dhcpcsvc.DLL

dbghelp: loaded successfully - version: 4.0.5 - missing functions: none
symbol engine: initialized successfully - sym options: 0x614 - pdb path: .;c:\Users\lucia\.vscode\extensions\redhat.java-1.41.1-win32-x64\jre\21.0.6-win32-x86_64\bin;C:\WINDOWS\SYSTEM32;C:\WINDOWS\WinSxS\amd64_microsoft.windows.common-controls_6595b64144ccf1df_6.0.26100.3912_none_3e07963ce335137e;c:\Users\lucia\.vscode\extensions\redhat.java-1.41.1-win32-x64\jre\21.0.6-win32-x86_64\bin\server;C:\Users\lucia\AppData\Roaming\Code\User\globalStorage\redhat.java\1.41.1\config_win\org.eclipse.equinox.launcher\org.eclipse.equinox.launcher.win32.win32.x86_64_1.2.1300.v20250331-1702;C:\Users\lucia\AppData\Local\Temp\jna-103324306

VM Arguments:
jvm_args: --add-modules=ALL-SYSTEM --add-opens=java.base/java.util=ALL-UNNAMED --add-opens=java.base/java.lang=ALL-UNNAMED --add-opens=java.base/sun.nio.fs=ALL-UNNAMED -Declipse.application=org.eclipse.jdt.ls.core.id1 -Dosgi.bundles.defaultStartLevel=4 -Declipse.product=org.eclipse.jdt.ls.core.product -Djava.import.generatesMetadataFilesAtProjectRoot=false -DDetectVMInstallationsJob.disabled=true -Dfile.encoding=utf8 -XX:+UseParallelGC -XX:GCTimeRatio=4 -XX:AdaptiveSizePolicyWeight=90 -Dsun.zip.disableMemoryMapping=true -Xmx1G -Xms100m -Xlog:disable -javaagent:c:\Users\lucia\.vscode\extensions\redhat.java-1.41.1-win32-x64\lombok\lombok-1.18.36.jar -XX:+HeapDumpOnOutOfMemoryError -XX:HeapDumpPath=c:\Users\lucia\AppData\Roaming\Code\User\workspaceStorage\13f28417bbc5fb90603a4953ffce7e8e\redhat.java -Daether.dependencyCollector.impl=bf 
java_command: c:\Users\lucia\.vscode\extensions\redhat.java-1.41.1-win32-x64\server\plugins\org.eclipse.equinox.launcher_1.7.0.v20250331-1702.jar -configuration c:\Users\lucia\AppData\Roaming\Code\User\globalStorage\redhat.java\1.41.1\config_win -data c:\Users\lucia\AppData\Roaming\Code\User\workspaceStorage\13f28417bbc5fb90603a4953ffce7e8e\redhat.java\jdt_ws --pipe=\\.\pipe\lsp-cac5991742203faf47a87c6a74f96c55-sock
java_class_path (initial): c:\Users\lucia\.vscode\extensions\redhat.java-1.41.1-win32-x64\server\plugins\org.eclipse.equinox.launcher_1.7.0.v20250331-1702.jar
Launcher Type: SUN_STANDARD

[Global flags]
    uintx AdaptiveSizePolicyWeight                 = 90                                        {product} {command line}
     intx CICompilerCount                          = 4                                         {product} {ergonomic}
    uintx GCTimeRatio                              = 4                                         {product} {command line}
     bool HeapDumpOnOutOfMemoryError               = true                                   {manageable} {command line}
    ccstr HeapDumpPath                             = c:\Users\lucia\AppData\Roaming\Code\User\workspaceStorage\13f28417bbc5fb90603a4953ffce7e8e\redhat.java         {manageable} {command line}
   size_t InitialHeapSize                          = 104857600                                 {product} {command line}
   size_t MaxHeapSize                              = 1073741824                                {product} {command line}
   size_t MaxNewSize                               = 357564416                                 {product} {ergonomic}
   size_t MinHeapDeltaBytes                        = 524288                                    {product} {ergonomic}
   size_t MinHeapSize                              = 104857600                                 {product} {command line}
   size_t NewSize                                  = 34603008                                  {product} {ergonomic}
    uintx NonNMethodCodeHeapSize                   = 5839372                                {pd product} {ergonomic}
    uintx NonProfiledCodeHeapSize                  = 122909434                              {pd product} {ergonomic}
   size_t OldSize                                  = 70254592                                  {product} {ergonomic}
    uintx ProfiledCodeHeapSize                     = 122909434                              {pd product} {ergonomic}
    uintx ReservedCodeCacheSize                    = 251658240                              {pd product} {ergonomic}
     bool SegmentedCodeCache                       = true                                      {product} {ergonomic}
   size_t SoftMaxHeapSize                          = 1073741824                             {manageable} {ergonomic}
     bool UseCompressedOops                        = true                           {product lp64_product} {ergonomic}
     bool UseLargePagesIndividualAllocation        = false                                  {pd product} {ergonomic}
     bool UseParallelGC                            = true                                      {product} {command line}

Logging:
Log output configuration:
 #0: stdout all=off uptime,level,tags foldmultilines=false
 #1: stderr all=off uptime,level,tags foldmultilines=false

Environment Variables:
JAVA_HOME=C:\Program Files\Java\jdk-21
PATH=C:\Program Files\Common Files\Oracle\Java\javapath;C:\Program Files\Eclipse Adoptium\jdk-17.0.14.7-hotspot\bin;C:\WINDOWS\system32;C:\WINDOWS;C:\WINDOWS\System32\Wbem;C:\WINDOWS\System32\WindowsPowerShell\v1.0\;C:\WINDOWS\System32\OpenSSH\;C:\Program Files\dotnet\;C:\Program Files\Docker\Docker\resources\bin;C:\Users\lucia\OneDrive\Escritorio\SEGURIDAD Y CALIDAD EN EL DESARROLLO\apache-maven-3.9.9\BIN;C:\Program Files\Git\cmd;C:\Users\lucia\AppData\Local\Microsoft\WindowsApps;C:\Users\lucia\AppData\Local\Programs\Microsoft VS Code\bin;C:\Program Files\Java\jdk-21\bin;C:\Users\lucia\OneDrive\Escritorio\SEGURIDAD Y CALIDAD EN EL DESARROLLO\Proyectos\apache-maven-3.9.9\bin;
USERNAME=lucia
OS=Windows_NT
PROCESSOR_IDENTIFIER=Intel64 Family 6 Model 186 Stepping 3, GenuineIntel
TMP=C:\Users\lucia\AppData\Local\Temp
TEMP=C:\Users\lucia\AppData\Local\Temp




Periodic native trim disabled

---------------  S Y S T E M  ---------------

OS:
 Windows 11 , 64 bit Build 26100 (10.0.26100.3912)
OS uptime: 0 days 4:51 hours
Hyper-V role detected

CPU: total 12 (initial active 12) (6 cores per cpu, 2 threads per core) family 6 model 186 stepping 3 microcode 0x410e, cx8, cmov, fxsr, ht, mmx, 3dnowpref, sse, sse2, sse3, ssse3, sse4.1, sse4.2, popcnt, lzcnt, tsc, tscinvbit, avx, avx2, aes, erms, clmul, bmi1, bmi2, adx, sha, fma, vzeroupper, clflush, clflushopt, clwb, hv, serialize, rdtscp, rdpid, fsrm, f16c, cet_ibt, cet_ss
Processor Information for processor 0
  Max Mhz: 1300, Current Mhz: 1300, Mhz Limit: 1300
Processor Information for processor 1
  Max Mhz: 1300, Current Mhz: 1300, Mhz Limit: 1300
Processor Information for processor 2
  Max Mhz: 1300, Current Mhz: 1300, Mhz Limit: 1300
Processor Information for processor 3
  Max Mhz: 1300, Current Mhz: 1300, Mhz Limit: 1300
Processor Information for processor 4
  Max Mhz: 1300, Current Mhz: 900, Mhz Limit: 897
Processor Information for processor 5
  Max Mhz: 1300, Current Mhz: 900, Mhz Limit: 897
Processor Information for processor 6
  Max Mhz: 1300, Current Mhz: 900, Mhz Limit: 897
Processor Information for processor 7
  Max Mhz: 1300, Current Mhz: 900, Mhz Limit: 897
Processor Information for processor 8
  Max Mhz: 1300, Current Mhz: 900, Mhz Limit: 897
Processor Information for processor 9
  Max Mhz: 1300, Current Mhz: 900, Mhz Limit: 897
Processor Information for processor 10
  Max Mhz: 1300, Current Mhz: 900, Mhz Limit: 897
Processor Information for processor 11
  Max Mhz: 1300, Current Mhz: 900, Mhz Limit: 897

Memory: 4k page, system-wide physical 7875M (542M free)
TotalPageFile size 16067M (AvailPageFile size 50M)
current process WorkingSet (physical memory assigned to process): 291M, peak: 304M
current process commit charge ("private bytes"): 321M, peak: 332M

vm_info: OpenJDK 64-Bit Server VM (21.0.6+7-LTS) for windows-amd64 JRE (21.0.6+7-LTS), built on 2025-01-21T00:00:00Z by "admin" with MS VC++ 17.7 (VS2022)

END.
