#
# There is insufficient memory for the Java Runtime Environment to continue.
# Native memory allocation (malloc) failed to allocate 1990400 bytes for Chunk::new
# Possible reasons:
#   The system is out of physical RAM or swap space
#   The process is running with CompressedOops enabled, and the Java Heap may be blocking the growth of the native heap
# Possible solutions:
#   Reduce memory load on the system
#   Increase physical memory or swap space
#   Check if swap backing store is full
#   Decrease Java heap size (-Xmx/-Xms)
#   Decrease number of Java threads
#   Decrease Java thread stack sizes (-Xss)
#   Set larger code cache with -XX:ReservedCodeCacheSize=
#   JVM is running with Unscaled Compressed Oops mode in which the Java heap is
#     placed in the first 4GB address space. The Java Heap base address is the
#     maximum limit for the native heap growth. Please use -XX:HeapBaseMinAddress
#     to set the Java Heap base and to place the Java Heap above 4GB virtual address.
# This output file may be truncated or incomplete.
#
#  Out of Memory Error (arena.cpp:168), pid=26884, tid=30948
#
# JRE version: Java(TM) SE Runtime Environment (21.0.6+8) (build 21.0.6+8-LTS-188)
# Java VM: Java HotSpot(TM) 64-Bit Server VM (21.0.6+8-LTS-188, mixed mode, sharing, tiered, compressed oops, compressed class ptrs, g1 gc, windows-amd64)
# No core dump will be written. Minidumps are not enabled by default on client versions of Windows
#

---------------  S U M M A R Y ------------

Command Line: -Dclassworlds.conf=C:\Users\lucia\OneDrive\Escritorio\SEGURIDAD Y CALIDAD EN EL DESARROLLO\Proyectos\apache-maven-3.9.9\bin\m2.conf -Dmaven.home=C:\Users\lucia\OneDrive\Escritorio\SEGURIDAD Y CALIDAD EN EL DESARROLLO\Proyectos\apache-maven-3.9.9 -Dlibrary.jansi.path=C:\Users\lucia\OneDrive\Escritorio\SEGURIDAD Y CALIDAD EN EL DESARROLLO\Proyectos\apache-maven-3.9.9\lib\jansi-native -Dmaven.multiModuleProjectDirectory=C:\Users\lucia\OneDrive\Escritorio\CDY2203_Exp3_S8_Backend_actividad_sumativa\CDY2203_Exp3_S8_Backend_actividad_sumativa\CDY2203_Exp3_S8_Backend_actividad_sumativa\Semana2-CDY2203 org.codehaus.plexus.classworlds.launcher.Launcher clean install

Host: 13th Gen Intel(R) Core(TM) i5-1335U, 12 cores, 7G,  Windows 11 , 64 bit Build 26100 (10.0.26100.3912)
Time: Thu May  1 17:43:52 2025 Hora est. Sudamérica Pacífico elapsed time: 5.663400 seconds (0d 0h 0m 5s)

---------------  T H R E A D  ---------------

Current thread (0x000001eeea730da0):  JavaThread "C2 CompilerThread2" daemon [_thread_in_native, id=30948, stack(0x00000037a9500000,0x00000037a9600000) (1024K)]


Current CompileTask:
C2:   5663 7914   !   4       com.google.inject.spi.InjectionPoint::getInjectionPoints (491 bytes)

Stack: [0x00000037a9500000,0x00000037a9600000]
Native frames: (J=compiled Java code, j=interpreted, Vv=VM code, C=native code)
V  [jvm.dll+0x6ca6d9]
V  [jvm.dll+0x854f51]
V  [jvm.dll+0x85747e]
V  [jvm.dll+0x857b53]
V  [jvm.dll+0x27dcc6]
V  [jvm.dll+0xc4c2d]
V  [jvm.dll+0xc5163]
V  [jvm.dll+0x3b515c]
V  [jvm.dll+0x381855]
V  [jvm.dll+0x380cca]
V  [jvm.dll+0x246920]
V  [jvm.dll+0x245eff]
V  [jvm.dll+0x1c6d2e]
V  [jvm.dll+0x2554f9]
V  [jvm.dll+0x253a8a]
V  [jvm.dll+0x3ee576]
V  [jvm.dll+0x7ff2fb]
V  [jvm.dll+0x6c8dbd]
C  [ucrtbase.dll+0x37b0]
C  [KERNEL32.DLL+0x2e8d7]
C  [ntdll.dll+0x9c5dc]


---------------  P R O C E S S  ---------------

Threads class SMR info:
_java_thread_list=0x000001eeee88fca0, length=17, elements={
0x000001ee85656dc0, 0x000001eea453d2a0, 0x000001eea453dcf0, 0x000001eea4544ac0,
0x000001eea4545510, 0x000001eea4546520, 0x000001eea45484e0, 0x000001eea4551560,
0x000001eea4551ff0, 0x000001eea4842210, 0x000001eea48428a0, 0x000001eea48b0040,
0x000001eeea730da0, 0x000001eea4842f30, 0x000001eea4841b80, 0x000001eea48442e0,
0x000001eea4844970
}

Java Threads: ( => current thread )
  0x000001ee85656dc0 JavaThread "main"                              [_thread_in_native, id=34884, stack(0x00000037a8200000,0x00000037a8300000) (1024K)]
  0x000001eea453d2a0 JavaThread "Reference Handler"          daemon [_thread_blocked, id=28776, stack(0x00000037a8a00000,0x00000037a8b00000) (1024K)]
  0x000001eea453dcf0 JavaThread "Finalizer"                  daemon [_thread_blocked, id=7744, stack(0x00000037a8b00000,0x00000037a8c00000) (1024K)]
  0x000001eea4544ac0 JavaThread "Signal Dispatcher"          daemon [_thread_blocked, id=5672, stack(0x00000037a8c00000,0x00000037a8d00000) (1024K)]
  0x000001eea4545510 JavaThread "Attach Listener"            daemon [_thread_blocked, id=34868, stack(0x00000037a8d00000,0x00000037a8e00000) (1024K)]
  0x000001eea4546520 JavaThread "Service Thread"             daemon [_thread_blocked, id=8368, stack(0x00000037a8e00000,0x00000037a8f00000) (1024K)]
  0x000001eea45484e0 JavaThread "Monitor Deflation Thread"   daemon [_thread_blocked, id=32860, stack(0x00000037a8f00000,0x00000037a9000000) (1024K)]
  0x000001eea4551560 JavaThread "C2 CompilerThread0"         daemon [_thread_blocked, id=29772, stack(0x00000037a9000000,0x00000037a9100000) (1024K)]
  0x000001eea4551ff0 JavaThread "C1 CompilerThread0"         daemon [_thread_blocked, id=2260, stack(0x00000037a9100000,0x00000037a9200000) (1024K)]
  0x000001eea4842210 JavaThread "Notification Thread"        daemon [_thread_blocked, id=33252, stack(0x00000037a9200000,0x00000037a9300000) (1024K)]
  0x000001eea48428a0 JavaThread "Common-Cleaner"             daemon [_thread_blocked, id=30360, stack(0x00000037a9300000,0x00000037a9400000) (1024K)]
  0x000001eea48b0040 JavaThread "C2 CompilerThread1"         daemon [_thread_in_native, id=34020, stack(0x00000037a9400000,0x00000037a9500000) (1024K)]
=>0x000001eeea730da0 JavaThread "C2 CompilerThread2"         daemon [_thread_in_native, id=30948, stack(0x00000037a9500000,0x00000037a9600000) (1024K)]
  0x000001eea4842f30 JavaThread "Thread-1"                   daemon [_thread_blocked, id=32272, stack(0x00000037a9f00000,0x00000037aa000000) (1024K)]
  0x000001eea4841b80 JavaThread "timeout-check-timer"        daemon [_thread_blocked, id=24752, stack(0x00000037aa200000,0x00000037aa300000) (1024K)]
  0x000001eea48442e0 JavaThread "ping-timer-10s"             daemon [_thread_blocked, id=27628, stack(0x00000037aa300000,0x00000037aa400000) (1024K)]
  0x000001eea4844970 JavaThread "ThreadedStreamConsumer"     daemon [_thread_blocked, id=11140, stack(0x00000037aa400000,0x00000037aa500000) (1024K)]
Total: 17

Other Threads:
  0x000001eea4523500 VMThread "VM Thread"                           [id=31724, stack(0x00000037a8900000,0x00000037a8a00000) (1024K)]
  0x000001eea4512140 WatcherThread "VM Periodic Task Thread"        [id=12952, stack(0x00000037a8800000,0x00000037a8900000) (1024K)]
  0x000001ee878cc0b0 WorkerThread "GC Thread#0"                     [id=27472, stack(0x00000037a8300000,0x00000037a8400000) (1024K)]
  0x000001eeeac3db60 WorkerThread "GC Thread#1"                     [id=27912, stack(0x00000037a9600000,0x00000037a9700000) (1024K)]
  0x000001eeeaa8d990 WorkerThread "GC Thread#2"                     [id=23312, stack(0x00000037a9700000,0x00000037a9800000) (1024K)]
  0x000001eeea797380 WorkerThread "GC Thread#3"                     [id=8360, stack(0x00000037a9800000,0x00000037a9900000) (1024K)]
  0x000001eeea797720 WorkerThread "GC Thread#4"                     [id=26892, stack(0x00000037a9900000,0x00000037a9a00000) (1024K)]
  0x000001eeea797ac0 WorkerThread "GC Thread#5"                     [id=17120, stack(0x00000037a9a00000,0x00000037a9b00000) (1024K)]
  0x000001eeea798270 WorkerThread "GC Thread#6"                     [id=24908, stack(0x00000037a9b00000,0x00000037a9c00000) (1024K)]
  0x000001eeea798610 WorkerThread "GC Thread#7"                     [id=24500, stack(0x00000037a9c00000,0x00000037a9d00000) (1024K)]
  0x000001eeead0b400 WorkerThread "GC Thread#8"                     [id=25428, stack(0x00000037a9d00000,0x00000037a9e00000) (1024K)]
  0x000001eeead0b060 WorkerThread "GC Thread#9"                     [id=9644, stack(0x00000037a9e00000,0x00000037a9f00000) (1024K)]
  0x000001ee878dd550 ConcurrentGCThread "G1 Main Marker"            [id=28948, stack(0x00000037a8400000,0x00000037a8500000) (1024K)]
  0x000001ee878de050 WorkerThread "G1 Conc#0"                       [id=1408, stack(0x00000037a8500000,0x00000037a8600000) (1024K)]
  0x000001eeeb2e9460 WorkerThread "G1 Conc#1"                       [id=26040, stack(0x00000037aa000000,0x00000037aa100000) (1024K)]
  0x000001eeeb2eb160 WorkerThread "G1 Conc#2"                       [id=15444, stack(0x00000037aa100000,0x00000037aa200000) (1024K)]
  0x000001ee8793e9b0 ConcurrentGCThread "G1 Refine#0"               [id=20936, stack(0x00000037a8600000,0x00000037a8700000) (1024K)]
  0x000001eea43d9a80 ConcurrentGCThread "G1 Service"                [id=31536, stack(0x00000037a8700000,0x00000037a8800000) (1024K)]
Total: 18

Threads with active compile tasks:
C2 CompilerThread1     6684 8023       4       org.apache.maven.model.inheritance.DefaultInheritanceAssembler$InheritanceModelMerger::mergePluginContainer_Plugins (433 bytes)
C2 CompilerThread2     6684 7914   !   4       com.google.inject.spi.InjectionPoint::getInjectionPoints (491 bytes)
Total: 2

VM state: not at safepoint (normal execution)

VM Mutex/Monitor currently owned by a thread: None

Heap address: 0x0000000084e00000, size: 1970 MB, Compressed Oops mode: 32-bit

CDS archive(s) mapped at: [0x000001eea5000000-0x000001eea5c90000-0x000001eea5c90000), size 13172736, SharedBaseAddress: 0x000001eea5000000, ArchiveRelocationMode: 1.
Compressed class space mapped at: 0x000001eea6000000-0x000001eee6000000, reserved size: 1073741824
Narrow klass base: 0x000001eea5000000, Narrow klass shift: 0, Narrow klass range: 0x100000000

GC Precious Log:
 CardTable entry size: 512
 Card Set container configuration: InlinePtr #cards 5 size 8 Array Of Cards #cards 12 size 40 Howl #buckets 4 coarsen threshold 1843 Howl Bitmap #cards 512 size 80 coarsen threshold 460 Card regions per heap region 1 cards per card region 2048
 CPUs: 12 total, 12 available
 Memory: 7875M
 Large Page Support: Disabled
 NUMA Support: Disabled
 Compressed Oops: Enabled (32-bit)
 Heap Region Size: 1M
 Heap Min Capacity: 8M
 Heap Initial Capacity: 124M
 Heap Max Capacity: 1970M
 Pre-touch: Disabled
 Parallel Workers: 10
 Concurrent Workers: 3
 Concurrent Refinement Workers: 10
 Periodic GC: Disabled

Heap:
 garbage-first heap   total 176128K, used 82944K [0x0000000084e00000, 0x0000000100000000)
  region size 1024K, 15 young (15360K), 4 survivors (4096K)
 Metaspace       used 32630K, committed 33088K, reserved 1114112K
  class space    used 3568K, committed 3776K, reserved 1048576K

Heap Regions: E=young(eden), S=young(survivor), O=old, HS=humongous(starts), HC=humongous(continues), CS=collection set, F=free, TAMS=top-at-mark-start, PB=parsable bottom
|   0|0x0000000084e00000, 0x0000000084f00000, 0x0000000084f00000|100%| O|  |TAMS 0x0000000084e00000| PB 0x0000000084e00000| Untracked 
|   1|0x0000000084f00000, 0x0000000085000000, 0x0000000085000000|100%| O|  |TAMS 0x0000000084f00000| PB 0x0000000084f00000| Untracked 
|   2|0x0000000085000000, 0x0000000085100000, 0x0000000085100000|100%| O|  |TAMS 0x0000000085000000| PB 0x0000000085000000| Untracked 
|   3|0x0000000085100000, 0x0000000085200000, 0x0000000085200000|100%| O|  |TAMS 0x0000000085100000| PB 0x0000000085100000| Untracked 
|   4|0x0000000085200000, 0x0000000085300000, 0x0000000085300000|100%| O|  |TAMS 0x0000000085200000| PB 0x0000000085200000| Untracked 
|   5|0x0000000085300000, 0x0000000085400000, 0x0000000085400000|100%| O|  |TAMS 0x0000000085300000| PB 0x0000000085300000| Untracked 
|   6|0x0000000085400000, 0x0000000085500000, 0x0000000085500000|100%| O|  |TAMS 0x0000000085400000| PB 0x0000000085400000| Untracked 
|   7|0x0000000085500000, 0x0000000085600000, 0x0000000085600000|100%| O|  |TAMS 0x0000000085500000| PB 0x0000000085500000| Untracked 
|   8|0x0000000085600000, 0x0000000085700000, 0x0000000085700000|100%| O|  |TAMS 0x0000000085600000| PB 0x0000000085600000| Untracked 
|   9|0x0000000085700000, 0x0000000085800000, 0x0000000085800000|100%| O|  |TAMS 0x0000000085700000| PB 0x0000000085700000| Untracked 
|  10|0x0000000085800000, 0x0000000085900000, 0x0000000085900000|100%| O|  |TAMS 0x0000000085800000| PB 0x0000000085800000| Untracked 
|  11|0x0000000085900000, 0x0000000085a00000, 0x0000000085a00000|100%| O|  |TAMS 0x0000000085900000| PB 0x0000000085900000| Untracked 
|  12|0x0000000085a00000, 0x0000000085b00000, 0x0000000085b00000|100%| O|  |TAMS 0x0000000085a00000| PB 0x0000000085a00000| Untracked 
|  13|0x0000000085b00000, 0x0000000085c00000, 0x0000000085c00000|100%| O|  |TAMS 0x0000000085b00000| PB 0x0000000085b00000| Untracked 
|  14|0x0000000085c00000, 0x0000000085d00000, 0x0000000085d00000|100%|HS|  |TAMS 0x0000000085c00000| PB 0x0000000085c00000| Complete 
|  15|0x0000000085d00000, 0x0000000085e00000, 0x0000000085e00000|100%| O|Cm|TAMS 0x0000000085d00000| PB 0x0000000085d00000| Complete 
|  16|0x0000000085e00000, 0x0000000085f00000, 0x0000000085f00000|100%| O|Cm|TAMS 0x0000000085e00000| PB 0x0000000085e00000| Complete 
|  17|0x0000000085f00000, 0x0000000086000000, 0x0000000086000000|100%| O|Cm|TAMS 0x0000000085f00000| PB 0x0000000085f00000| Complete 
|  18|0x0000000086000000, 0x0000000086100000, 0x0000000086100000|100%| O|Cm|TAMS 0x0000000086000000| PB 0x0000000086000000| Complete 
|  19|0x0000000086100000, 0x0000000086200000, 0x0000000086200000|100%| O|Cm|TAMS 0x0000000086100000| PB 0x0000000086100000| Complete 
|  20|0x0000000086200000, 0x0000000086300000, 0x0000000086300000|100%| O|Cm|TAMS 0x0000000086200000| PB 0x0000000086200000| Complete 
|  21|0x0000000086300000, 0x0000000086400000, 0x0000000086400000|100%|HS|  |TAMS 0x0000000086300000| PB 0x0000000086300000| Complete 
|  22|0x0000000086400000, 0x0000000086500000, 0x0000000086500000|100%|HC|  |TAMS 0x0000000086400000| PB 0x0000000086400000| Complete 
|  23|0x0000000086500000, 0x0000000086600000, 0x0000000086600000|100%|HC|  |TAMS 0x0000000086500000| PB 0x0000000086500000| Complete 
|  24|0x0000000086600000, 0x0000000086700000, 0x0000000086700000|100%|HS|  |TAMS 0x0000000086600000| PB 0x0000000086600000| Complete 
|  25|0x0000000086700000, 0x0000000086800000, 0x0000000086800000|100%|HS|  |TAMS 0x0000000086700000| PB 0x0000000086700000| Complete 
|  26|0x0000000086800000, 0x0000000086900000, 0x0000000086900000|100%|HS|  |TAMS 0x0000000086800000| PB 0x0000000086800000| Complete 
|  27|0x0000000086900000, 0x0000000086a00000, 0x0000000086a00000|100%|HC|  |TAMS 0x0000000086900000| PB 0x0000000086900000| Complete 
|  28|0x0000000086a00000, 0x0000000086b00000, 0x0000000086b00000|100%|HC|  |TAMS 0x0000000086a00000| PB 0x0000000086a00000| Complete 
|  29|0x0000000086b00000, 0x0000000086b00000, 0x0000000086c00000|  0%| F|  |TAMS 0x0000000086b00000| PB 0x0000000086b00000| Untracked 
|  30|0x0000000086c00000, 0x0000000086c00000, 0x0000000086d00000|  0%| F|  |TAMS 0x0000000086c00000| PB 0x0000000086c00000| Untracked 
|  31|0x0000000086d00000, 0x0000000086d00000, 0x0000000086e00000|  0%| F|  |TAMS 0x0000000086d00000| PB 0x0000000086d00000| Untracked 
|  32|0x0000000086e00000, 0x0000000086f00000, 0x0000000086f00000|100%| O|Cm|TAMS 0x0000000086e00000| PB 0x0000000086e00000| Complete 
|  33|0x0000000086f00000, 0x0000000087000000, 0x0000000087000000|100%|HS|  |TAMS 0x0000000086f00000| PB 0x0000000086f00000| Complete 
|  34|0x0000000087000000, 0x0000000087100000, 0x0000000087100000|100%|HS|  |TAMS 0x0000000087000000| PB 0x0000000087000000| Complete 
|  35|0x0000000087100000, 0x0000000087200000, 0x0000000087200000|100%| O|  |TAMS 0x0000000087100000| PB 0x0000000087100000| Untracked 
|  36|0x0000000087200000, 0x0000000087300000, 0x0000000087300000|100%| O|  |TAMS 0x0000000087200000| PB 0x0000000087200000| Untracked 
|  37|0x0000000087300000, 0x0000000087400000, 0x0000000087400000|100%| O|  |TAMS 0x0000000087300000| PB 0x0000000087300000| Untracked 
|  38|0x0000000087400000, 0x0000000087500000, 0x0000000087500000|100%| O|Cm|TAMS 0x0000000087400000| PB 0x0000000087400000| Complete 
|  39|0x0000000087500000, 0x0000000087600000, 0x0000000087600000|100%| O|  |TAMS 0x0000000087500000| PB 0x0000000087500000| Untracked 
|  40|0x0000000087600000, 0x0000000087700000, 0x0000000087700000|100%| O|  |TAMS 0x0000000087600000| PB 0x0000000087600000| Untracked 
|  41|0x0000000087700000, 0x0000000087800000, 0x0000000087800000|100%| O|  |TAMS 0x0000000087700000| PB 0x0000000087700000| Untracked 
|  42|0x0000000087800000, 0x0000000087900000, 0x0000000087900000|100%| O|  |TAMS 0x0000000087800000| PB 0x0000000087800000| Untracked 
|  43|0x0000000087900000, 0x0000000087a00000, 0x0000000087a00000|100%| O|  |TAMS 0x0000000087900000| PB 0x0000000087900000| Untracked 
|  44|0x0000000087a00000, 0x0000000087a00000, 0x0000000087b00000|  0%| F|  |TAMS 0x0000000087a00000| PB 0x0000000087a00000| Untracked 
|  45|0x0000000087b00000, 0x0000000087b00000, 0x0000000087c00000|  0%| F|  |TAMS 0x0000000087b00000| PB 0x0000000087b00000| Untracked 
|  46|0x0000000087c00000, 0x0000000087c00000, 0x0000000087d00000|  0%| F|  |TAMS 0x0000000087c00000| PB 0x0000000087c00000| Untracked 
|  47|0x0000000087d00000, 0x0000000087d00000, 0x0000000087e00000|  0%| F|  |TAMS 0x0000000087d00000| PB 0x0000000087d00000| Untracked 
|  48|0x0000000087e00000, 0x0000000087f00000, 0x0000000087f00000|100%| O|  |TAMS 0x0000000087e00000| PB 0x0000000087e00000| Untracked 
|  49|0x0000000087f00000, 0x0000000088000000, 0x0000000088000000|100%| O|  |TAMS 0x0000000087f00000| PB 0x0000000087f00000| Untracked 
|  50|0x0000000088000000, 0x0000000088100000, 0x0000000088100000|100%| O|  |TAMS 0x0000000088000000| PB 0x0000000088000000| Untracked 
|  51|0x0000000088100000, 0x0000000088200000, 0x0000000088200000|100%| O|Cm|TAMS 0x0000000088100000| PB 0x0000000088100000| Complete 
|  52|0x0000000088200000, 0x0000000088300000, 0x0000000088300000|100%| O|Cm|TAMS 0x0000000088200000| PB 0x0000000088200000| Complete 
|  53|0x0000000088300000, 0x0000000088300000, 0x0000000088400000|  0%| F|  |TAMS 0x0000000088300000| PB 0x0000000088300000| Untracked 
|  54|0x0000000088400000, 0x0000000088400000, 0x0000000088500000|  0%| F|  |TAMS 0x0000000088400000| PB 0x0000000088400000| Untracked 
|  55|0x0000000088500000, 0x0000000088500000, 0x0000000088600000|  0%| F|  |TAMS 0x0000000088500000| PB 0x0000000088500000| Untracked 
|  56|0x0000000088600000, 0x0000000088600000, 0x0000000088700000|  0%| F|  |TAMS 0x0000000088600000| PB 0x0000000088600000| Untracked 
|  57|0x0000000088700000, 0x0000000088700000, 0x0000000088800000|  0%| F|  |TAMS 0x0000000088700000| PB 0x0000000088700000| Untracked 
|  58|0x0000000088800000, 0x0000000088800000, 0x0000000088900000|  0%| F|  |TAMS 0x0000000088800000| PB 0x0000000088800000| Untracked 
|  59|0x0000000088900000, 0x0000000088900000, 0x0000000088a00000|  0%| F|  |TAMS 0x0000000088900000| PB 0x0000000088900000| Untracked 
|  60|0x0000000088a00000, 0x0000000088a00000, 0x0000000088b00000|  0%| F|  |TAMS 0x0000000088a00000| PB 0x0000000088a00000| Untracked 
|  61|0x0000000088b00000, 0x0000000088b00000, 0x0000000088c00000|  0%| F|  |TAMS 0x0000000088b00000| PB 0x0000000088b00000| Untracked 
|  62|0x0000000088c00000, 0x0000000088c00000, 0x0000000088d00000|  0%| F|  |TAMS 0x0000000088c00000| PB 0x0000000088c00000| Untracked 
|  63|0x0000000088d00000, 0x0000000088d00000, 0x0000000088e00000|  0%| F|  |TAMS 0x0000000088d00000| PB 0x0000000088d00000| Untracked 
|  64|0x0000000088e00000, 0x0000000088e00000, 0x0000000088f00000|  0%| F|  |TAMS 0x0000000088e00000| PB 0x0000000088e00000| Untracked 
|  65|0x0000000088f00000, 0x0000000088f00000, 0x0000000089000000|  0%| F|  |TAMS 0x0000000088f00000| PB 0x0000000088f00000| Untracked 
|  66|0x0000000089000000, 0x0000000089000000, 0x0000000089100000|  0%| F|  |TAMS 0x0000000089000000| PB 0x0000000089000000| Untracked 
|  67|0x0000000089100000, 0x0000000089100000, 0x0000000089200000|  0%| F|  |TAMS 0x0000000089100000| PB 0x0000000089100000| Untracked 
|  68|0x0000000089200000, 0x0000000089200000, 0x0000000089300000|  0%| F|  |TAMS 0x0000000089200000| PB 0x0000000089200000| Untracked 
|  69|0x0000000089300000, 0x0000000089300000, 0x0000000089400000|  0%| F|  |TAMS 0x0000000089300000| PB 0x0000000089300000| Untracked 
|  70|0x0000000089400000, 0x0000000089400000, 0x0000000089500000|  0%| F|  |TAMS 0x0000000089400000| PB 0x0000000089400000| Untracked 
|  71|0x0000000089500000, 0x0000000089500000, 0x0000000089600000|  0%| F|  |TAMS 0x0000000089500000| PB 0x0000000089500000| Untracked 
|  72|0x0000000089600000, 0x0000000089600000, 0x0000000089700000|  0%| F|  |TAMS 0x0000000089600000| PB 0x0000000089600000| Untracked 
|  73|0x0000000089700000, 0x0000000089700000, 0x0000000089800000|  0%| F|  |TAMS 0x0000000089700000| PB 0x0000000089700000| Untracked 
|  74|0x0000000089800000, 0x0000000089800000, 0x0000000089900000|  0%| F|  |TAMS 0x0000000089800000| PB 0x0000000089800000| Untracked 
|  75|0x0000000089900000, 0x0000000089a00000, 0x0000000089a00000|100%| S|CS|TAMS 0x0000000089900000| PB 0x0000000089900000| Complete 
|  76|0x0000000089a00000, 0x0000000089b00000, 0x0000000089b00000|100%| S|CS|TAMS 0x0000000089a00000| PB 0x0000000089a00000| Complete 
|  77|0x0000000089b00000, 0x0000000089c00000, 0x0000000089c00000|100%| S|CS|TAMS 0x0000000089b00000| PB 0x0000000089b00000| Complete 
|  78|0x0000000089c00000, 0x0000000089d00000, 0x0000000089d00000|100%| S|CS|TAMS 0x0000000089c00000| PB 0x0000000089c00000| Complete 
|  79|0x0000000089d00000, 0x0000000089d00000, 0x0000000089e00000|  0%| F|  |TAMS 0x0000000089d00000| PB 0x0000000089d00000| Untracked 
|  80|0x0000000089e00000, 0x0000000089e00000, 0x0000000089f00000|  0%| F|  |TAMS 0x0000000089e00000| PB 0x0000000089e00000| Untracked 
|  81|0x0000000089f00000, 0x0000000089f00000, 0x000000008a000000|  0%| F|  |TAMS 0x0000000089f00000| PB 0x0000000089f00000| Untracked 
|  82|0x000000008a000000, 0x000000008a000000, 0x000000008a100000|  0%| F|  |TAMS 0x000000008a000000| PB 0x000000008a000000| Untracked 
|  83|0x000000008a100000, 0x000000008a100000, 0x000000008a200000|  0%| F|  |TAMS 0x000000008a100000| PB 0x000000008a100000| Untracked 
|  84|0x000000008a200000, 0x000000008a200000, 0x000000008a300000|  0%| F|  |TAMS 0x000000008a200000| PB 0x000000008a200000| Untracked 
|  85|0x000000008a300000, 0x000000008a300000, 0x000000008a400000|  0%| F|  |TAMS 0x000000008a300000| PB 0x000000008a300000| Untracked 
|  86|0x000000008a400000, 0x000000008a400000, 0x000000008a500000|  0%| F|  |TAMS 0x000000008a400000| PB 0x000000008a400000| Untracked 
|  87|0x000000008a500000, 0x000000008a500000, 0x000000008a600000|  0%| F|  |TAMS 0x000000008a500000| PB 0x000000008a500000| Untracked 
|  88|0x000000008a600000, 0x000000008a600000, 0x000000008a700000|  0%| F|  |TAMS 0x000000008a600000| PB 0x000000008a600000| Untracked 
|  89|0x000000008a700000, 0x000000008a700000, 0x000000008a800000|  0%| F|  |TAMS 0x000000008a700000| PB 0x000000008a700000| Untracked 
|  90|0x000000008a800000, 0x000000008a800000, 0x000000008a900000|  0%| F|  |TAMS 0x000000008a800000| PB 0x000000008a800000| Untracked 
|  91|0x000000008a900000, 0x000000008a900000, 0x000000008aa00000|  0%| F|  |TAMS 0x000000008a900000| PB 0x000000008a900000| Untracked 
|  92|0x000000008aa00000, 0x000000008aa00000, 0x000000008ab00000|  0%| F|  |TAMS 0x000000008aa00000| PB 0x000000008aa00000| Untracked 
|  93|0x000000008ab00000, 0x000000008ab00000, 0x000000008ac00000|  0%| F|  |TAMS 0x000000008ab00000| PB 0x000000008ab00000| Untracked 
|  94|0x000000008ac00000, 0x000000008ac00000, 0x000000008ad00000|  0%| F|  |TAMS 0x000000008ac00000| PB 0x000000008ac00000| Untracked 
|  95|0x000000008ad00000, 0x000000008ad00000, 0x000000008ae00000|  0%| F|  |TAMS 0x000000008ad00000| PB 0x000000008ad00000| Untracked 
|  96|0x000000008ae00000, 0x000000008ae00000, 0x000000008af00000|  0%| F|  |TAMS 0x000000008ae00000| PB 0x000000008ae00000| Untracked 
|  97|0x000000008af00000, 0x000000008af00000, 0x000000008b000000|  0%| F|  |TAMS 0x000000008af00000| PB 0x000000008af00000| Untracked 
|  98|0x000000008b000000, 0x000000008b000000, 0x000000008b100000|  0%| F|  |TAMS 0x000000008b000000| PB 0x000000008b000000| Untracked 
|  99|0x000000008b100000, 0x000000008b100000, 0x000000008b200000|  0%| F|  |TAMS 0x000000008b100000| PB 0x000000008b100000| Untracked 
| 100|0x000000008b200000, 0x000000008b200000, 0x000000008b300000|  0%| F|  |TAMS 0x000000008b200000| PB 0x000000008b200000| Untracked 
| 101|0x000000008b300000, 0x000000008b300000, 0x000000008b400000|  0%| F|  |TAMS 0x000000008b300000| PB 0x000000008b300000| Untracked 
| 102|0x000000008b400000, 0x000000008b400000, 0x000000008b500000|  0%| F|  |TAMS 0x000000008b400000| PB 0x000000008b400000| Untracked 
| 103|0x000000008b500000, 0x000000008b500000, 0x000000008b600000|  0%| F|  |TAMS 0x000000008b500000| PB 0x000000008b500000| Untracked 
| 104|0x000000008b600000, 0x000000008b600000, 0x000000008b700000|  0%| F|  |TAMS 0x000000008b600000| PB 0x000000008b600000| Untracked 
| 105|0x000000008b700000, 0x000000008b700000, 0x000000008b800000|  0%| F|  |TAMS 0x000000008b700000| PB 0x000000008b700000| Untracked 
| 106|0x000000008b800000, 0x000000008b800000, 0x000000008b900000|  0%| F|  |TAMS 0x000000008b800000| PB 0x000000008b800000| Untracked 
| 107|0x000000008b900000, 0x000000008b900000, 0x000000008ba00000|  0%| F|  |TAMS 0x000000008b900000| PB 0x000000008b900000| Untracked 
| 108|0x000000008ba00000, 0x000000008ba00000, 0x000000008bb00000|  0%| F|  |TAMS 0x000000008ba00000| PB 0x000000008ba00000| Untracked 
| 109|0x000000008bb00000, 0x000000008bb00000, 0x000000008bc00000|  0%| F|  |TAMS 0x000000008bb00000| PB 0x000000008bb00000| Untracked 
| 110|0x000000008bc00000, 0x000000008bc00000, 0x000000008bd00000|  0%| F|  |TAMS 0x000000008bc00000| PB 0x000000008bc00000| Untracked 
| 111|0x000000008bd00000, 0x000000008bd00000, 0x000000008be00000|  0%| F|  |TAMS 0x000000008bd00000| PB 0x000000008bd00000| Untracked 
| 112|0x000000008be00000, 0x000000008be00000, 0x000000008bf00000|  0%| F|  |TAMS 0x000000008be00000| PB 0x000000008be00000| Untracked 
| 113|0x000000008bf00000, 0x000000008bf00000, 0x000000008c000000|  0%| F|  |TAMS 0x000000008bf00000| PB 0x000000008bf00000| Untracked 
| 114|0x000000008c000000, 0x000000008c000000, 0x000000008c100000|  0%| F|  |TAMS 0x000000008c000000| PB 0x000000008c000000| Untracked 
| 115|0x000000008c100000, 0x000000008c100000, 0x000000008c200000|  0%| F|  |TAMS 0x000000008c100000| PB 0x000000008c100000| Untracked 
| 116|0x000000008c200000, 0x000000008c200000, 0x000000008c300000|  0%| F|  |TAMS 0x000000008c200000| PB 0x000000008c200000| Untracked 
| 117|0x000000008c300000, 0x000000008c300000, 0x000000008c400000|  0%| F|  |TAMS 0x000000008c300000| PB 0x000000008c300000| Untracked 
| 118|0x000000008c400000, 0x000000008c400000, 0x000000008c500000|  0%| F|  |TAMS 0x000000008c400000| PB 0x000000008c400000| Untracked 
| 119|0x000000008c500000, 0x000000008c500000, 0x000000008c600000|  0%| F|  |TAMS 0x000000008c500000| PB 0x000000008c500000| Untracked 
| 120|0x000000008c600000, 0x000000008c600000, 0x000000008c700000|  0%| F|  |TAMS 0x000000008c600000| PB 0x000000008c600000| Untracked 
| 121|0x000000008c700000, 0x000000008c700000, 0x000000008c800000|  0%| F|  |TAMS 0x000000008c700000| PB 0x000000008c700000| Untracked 
| 122|0x000000008c800000, 0x000000008c800000, 0x000000008c900000|  0%| F|  |TAMS 0x000000008c800000| PB 0x000000008c800000| Untracked 
| 123|0x000000008c900000, 0x000000008c900000, 0x000000008ca00000|  0%| F|  |TAMS 0x000000008c900000| PB 0x000000008c900000| Untracked 
| 124|0x000000008ca00000, 0x000000008ca00000, 0x000000008cb00000|  0%| F|  |TAMS 0x000000008ca00000| PB 0x000000008ca00000| Untracked 
| 125|0x000000008cb00000, 0x000000008cb00000, 0x000000008cc00000|  0%| F|  |TAMS 0x000000008cb00000| PB 0x000000008cb00000| Untracked 
| 126|0x000000008cc00000, 0x000000008cc00000, 0x000000008cd00000|  0%| F|  |TAMS 0x000000008cc00000| PB 0x000000008cc00000| Untracked 
| 127|0x000000008cd00000, 0x000000008cd00000, 0x000000008ce00000|  0%| F|  |TAMS 0x000000008cd00000| PB 0x000000008cd00000| Untracked 
| 128|0x000000008ce00000, 0x000000008ce00000, 0x000000008cf00000|  0%| F|  |TAMS 0x000000008ce00000| PB 0x000000008ce00000| Untracked 
| 129|0x000000008cf00000, 0x000000008cf00000, 0x000000008d000000|  0%| F|  |TAMS 0x000000008cf00000| PB 0x000000008cf00000| Untracked 
| 130|0x000000008d000000, 0x000000008d000000, 0x000000008d100000|  0%| F|  |TAMS 0x000000008d000000| PB 0x000000008d000000| Untracked 
| 131|0x000000008d100000, 0x000000008d100000, 0x000000008d200000|  0%| F|  |TAMS 0x000000008d100000| PB 0x000000008d100000| Untracked 
| 132|0x000000008d200000, 0x000000008d200000, 0x000000008d300000|  0%| F|  |TAMS 0x000000008d200000| PB 0x000000008d200000| Untracked 
| 133|0x000000008d300000, 0x000000008d300000, 0x000000008d400000|  0%| F|  |TAMS 0x000000008d300000| PB 0x000000008d300000| Untracked 
| 134|0x000000008d400000, 0x000000008d400000, 0x000000008d500000|  0%| F|  |TAMS 0x000000008d400000| PB 0x000000008d400000| Untracked 
| 135|0x000000008d500000, 0x000000008d500000, 0x000000008d600000|  0%| F|  |TAMS 0x000000008d500000| PB 0x000000008d500000| Untracked 
| 136|0x000000008d600000, 0x000000008d600000, 0x000000008d700000|  0%| F|  |TAMS 0x000000008d600000| PB 0x000000008d600000| Untracked 
| 137|0x000000008d700000, 0x000000008d700000, 0x000000008d800000|  0%| F|  |TAMS 0x000000008d700000| PB 0x000000008d700000| Untracked 
| 138|0x000000008d800000, 0x000000008d800000, 0x000000008d900000|  0%| F|  |TAMS 0x000000008d800000| PB 0x000000008d800000| Untracked 
| 139|0x000000008d900000, 0x000000008d900000, 0x000000008da00000|  0%| F|  |TAMS 0x000000008d900000| PB 0x000000008d900000| Untracked 
| 140|0x000000008da00000, 0x000000008da80800, 0x000000008db00000| 50%| E|  |TAMS 0x000000008da00000| PB 0x000000008da00000| Complete 
| 141|0x000000008db00000, 0x000000008dc00000, 0x000000008dc00000|100%| E|CS|TAMS 0x000000008db00000| PB 0x000000008db00000| Complete 
| 142|0x000000008dc00000, 0x000000008dd00000, 0x000000008dd00000|100%| E|CS|TAMS 0x000000008dc00000| PB 0x000000008dc00000| Complete 
| 143|0x000000008dd00000, 0x000000008de00000, 0x000000008de00000|100%| E|CS|TAMS 0x000000008dd00000| PB 0x000000008dd00000| Complete 
| 144|0x000000008de00000, 0x000000008df00000, 0x000000008df00000|100%| E|CS|TAMS 0x000000008de00000| PB 0x000000008de00000| Complete 
| 145|0x000000008df00000, 0x000000008e000000, 0x000000008e000000|100%| E|CS|TAMS 0x000000008df00000| PB 0x000000008df00000| Complete 
| 146|0x000000008e000000, 0x000000008e100000, 0x000000008e100000|100%| E|CS|TAMS 0x000000008e000000| PB 0x000000008e000000| Complete 
| 147|0x000000008e100000, 0x000000008e200000, 0x000000008e200000|100%| E|CS|TAMS 0x000000008e100000| PB 0x000000008e100000| Complete 
| 148|0x000000008e200000, 0x000000008e300000, 0x000000008e300000|100%| E|CS|TAMS 0x000000008e200000| PB 0x000000008e200000| Complete 
| 149|0x000000008e300000, 0x000000008e400000, 0x000000008e400000|100%| E|CS|TAMS 0x000000008e300000| PB 0x000000008e300000| Complete 
|1948|0x00000000fea00000, 0x00000000feb00000, 0x00000000feb00000|100%| O|Cm|TAMS 0x00000000fea00000| PB 0x00000000fea00000| Complete 
|1949|0x00000000feb00000, 0x00000000fec00000, 0x00000000fec00000|100%| O|Cm|TAMS 0x00000000feb00000| PB 0x00000000feb00000| Complete 
|1950|0x00000000fec00000, 0x00000000fed00000, 0x00000000fed00000|100%| O|  |TAMS 0x00000000fec00000| PB 0x00000000fec00000| Untracked 
|1951|0x00000000fed00000, 0x00000000fee00000, 0x00000000fee00000|100%| O|  |TAMS 0x00000000fed00000| PB 0x00000000fed00000| Untracked 
|1952|0x00000000fee00000, 0x00000000fef00000, 0x00000000fef00000|100%| O|Cm|TAMS 0x00000000fee00000| PB 0x00000000fee00000| Complete 
|1953|0x00000000fef00000, 0x00000000ff000000, 0x00000000ff000000|100%| O|  |TAMS 0x00000000fef00000| PB 0x00000000fef00000| Untracked 
|1954|0x00000000ff000000, 0x00000000ff100000, 0x00000000ff100000|100%| O|  |TAMS 0x00000000ff000000| PB 0x00000000ff000000| Untracked 
|1955|0x00000000ff100000, 0x00000000ff200000, 0x00000000ff200000|100%| O|  |TAMS 0x00000000ff100000| PB 0x00000000ff100000| Untracked 
|1956|0x00000000ff200000, 0x00000000ff300000, 0x00000000ff300000|100%| O|Cm|TAMS 0x00000000ff200000| PB 0x00000000ff200000| Complete 
|1957|0x00000000ff300000, 0x00000000ff400000, 0x00000000ff400000|100%| O|Cm|TAMS 0x00000000ff300000| PB 0x00000000ff300000| Complete 
|1958|0x00000000ff400000, 0x00000000ff500000, 0x00000000ff500000|100%| O|Cm|TAMS 0x00000000ff400000| PB 0x00000000ff400000| Complete 
|1959|0x00000000ff500000, 0x00000000ff600000, 0x00000000ff600000|100%| O|  |TAMS 0x00000000ff500000| PB 0x00000000ff500000| Untracked 
|1960|0x00000000ff600000, 0x00000000ff700000, 0x00000000ff700000|100%| O|Cm|TAMS 0x00000000ff600000| PB 0x00000000ff600000| Complete 
|1961|0x00000000ff700000, 0x00000000ff800000, 0x00000000ff800000|100%| O|  |TAMS 0x00000000ff700000| PB 0x00000000ff700000| Untracked 
|1962|0x00000000ff800000, 0x00000000ff900000, 0x00000000ff900000|100%| O|  |TAMS 0x00000000ff800000| PB 0x00000000ff800000| Untracked 
|1963|0x00000000ff900000, 0x00000000ffa00000, 0x00000000ffa00000|100%| O|Cm|TAMS 0x00000000ff900000| PB 0x00000000ff900000| Complete 
|1964|0x00000000ffa00000, 0x00000000ffb00000, 0x00000000ffb00000|100%| O|Cm|TAMS 0x00000000ffa00000| PB 0x00000000ffa00000| Complete 
|1965|0x00000000ffb00000, 0x00000000ffc00000, 0x00000000ffc00000|100%| O|  |TAMS 0x00000000ffb00000| PB 0x00000000ffb00000| Untracked 
|1966|0x00000000ffc00000, 0x00000000ffd00000, 0x00000000ffd00000|100%| E|CS|TAMS 0x00000000ffc00000| PB 0x00000000ffc00000| Complete 
|1967|0x00000000ffd00000, 0x00000000ffe00000, 0x00000000ffe00000|100%| O|  |TAMS 0x00000000ffd00000| PB 0x00000000ffd00000| Untracked 
|1968|0x00000000ffe00000, 0x00000000fff00000, 0x00000000fff00000|100%| O|  |TAMS 0x00000000ffe00000| PB 0x00000000ffe00000| Untracked 
|1969|0x00000000fff00000, 0x0000000100000000, 0x0000000100000000|100%| O|  |TAMS 0x00000000fff00000| PB 0x00000000fff00000| Untracked 

Card table byte_map: [0x000001ee9f640000,0x000001ee9fa20000] _byte_map_base: 0x000001ee9f219000

Marking Bits: (CMBitMap*) 0x000001ee878cc7b0
 Bits: [0x000001ee9fa20000, 0x000001eea18e8000)

Polling page: 0x000001ee857e0000

Metaspace:

Usage:
  Non-class:     28.38 MB used.
      Class:      3.48 MB used.
       Both:     31.87 MB used.

Virtual space:
  Non-class space:       64.00 MB reserved,      28.62 MB ( 45%) committed,  1 nodes.
      Class space:        1.00 GB reserved,       3.69 MB ( <1%) committed,  1 nodes.
             Both:        1.06 GB reserved,      32.31 MB (  3%) committed. 

Chunk freelists:
   Non-Class:  3.22 MB
       Class:  12.36 MB
        Both:  15.58 MB

MaxMetaspaceSize: unlimited
CompressedClassSpaceSize: 1.00 GB
Initial GC threshold: 21.00 MB
Current GC threshold: 51.88 MB
CDS: on
 - commit_granule_bytes: 65536.
 - commit_granule_words: 8192.
 - virtual_space_node_default_size: 8388608.
 - enlarge_chunks_in_place: 1.
 - use_allocation_guard: 0.


Internal statistics:

num_allocs_failed_limit: 6.
num_arena_births: 382.
num_arena_deaths: 0.
num_vsnodes_births: 2.
num_vsnodes_deaths: 0.
num_space_committed: 517.
num_space_uncommitted: 0.
num_chunks_returned_to_freelist: 6.
num_chunks_taken_from_freelist: 1511.
num_chunk_merges: 6.
num_chunk_splits: 1086.
num_chunks_enlarged: 868.
num_inconsistent_stats: 0.

CodeHeap 'non-profiled nmethods': size=120000Kb used=4513Kb max_used=4977Kb free=115486Kb
 bounds [0x000001ee977d0000, 0x000001ee97cb0000, 0x000001ee9ed00000]
CodeHeap 'profiled nmethods': size=120000Kb used=15890Kb max_used=17869Kb free=104109Kb
 bounds [0x000001ee8fd00000, 0x000001ee90e80000, 0x000001ee97230000]
CodeHeap 'non-nmethods': size=5760Kb used=1499Kb max_used=1534Kb free=4260Kb
 bounds [0x000001ee97230000, 0x000001ee974a0000, 0x000001ee977d0000]
 total_blobs=7888 nmethods=7313 adapters=479
 compilation: enabled
              stopped_count=0, restarted_count=0
 full_count=0

Compilation events (20 events):
Event: 5.579 Thread 0x000001eea4551ff0 8141       3       java.util.Arrays::binarySearch (9 bytes)
Event: 5.579 Thread 0x000001eea4551ff0 nmethod 8141 0x000001ee8fe9fd90 code [0x000001ee8fe9ff40, 0x000001ee8fea0068]
Event: 5.580 Thread 0x000001eea4551560 nmethod 8118 0x000001ee978bfe10 code [0x000001ee978bffa0, 0x000001ee978c00d8]
Event: 5.580 Thread 0x000001eea4551560 8119       4       java.util.regex.Matcher::checkMatch (19 bytes)
Event: 5.580 Thread 0x000001eea4551560 nmethod 8119 0x000001ee97986f90 code [0x000001ee97987120, 0x000001ee979871c8]
Event: 5.580 Thread 0x000001eea4551560 8108       4       java.util.regex.Matcher::find (69 bytes)
Event: 5.581 Thread 0x000001eea4551ff0 8143       2       java.util.Collections$UnmodifiableMap$UnmodifiableEntrySet$1::next (5 bytes)
Event: 5.581 Thread 0x000001eea4551ff0 nmethod 8143 0x000001ee8fd94390 code [0x000001ee8fd94560, 0x000001ee8fd948d0]
Event: 5.582 Thread 0x000001eea4551ff0 8145       3       java.lang.ProcessEnvironment$CheckedEntrySet$1::hasNext (10 bytes)
Event: 5.582 Thread 0x000001eea4551ff0 nmethod 8145 0x000001ee9006cc90 code [0x000001ee9006ce40, 0x000001ee9006d018]
Event: 5.582 Thread 0x000001eea4551ff0 8148       3       java.lang.ProcessEnvironment$CheckedEntry::getKey (13 bytes)
Event: 5.582 Thread 0x000001eea4551ff0 nmethod 8148 0x000001ee8fee5d90 code [0x000001ee8fee5f40, 0x000001ee8fee6208]
Event: 5.582 Thread 0x000001eea4551ff0 8147       3       java.lang.ProcessEnvironment$CheckedEntry::getKey (5 bytes)
Event: 5.582 Thread 0x000001eea4551ff0 nmethod 8147 0x000001ee8ff64310 code [0x000001ee8ff644e0, 0x000001ee8ff64808]
Event: 5.582 Thread 0x000001eea4551ff0 8146       3       java.lang.ProcessEnvironment$CheckedEntrySet$1::next (5 bytes)
Event: 5.583 Thread 0x000001eea4551ff0 nmethod 8146 0x000001ee8fe10290 code [0x000001ee8fe10460, 0x000001ee8fe10930]
Event: 5.583 Thread 0x000001eea4551ff0 8150       3       java.lang.ProcessEnvironment$CheckedEntry::getValue (5 bytes)
Event: 5.583 Thread 0x000001eea4551ff0 nmethod 8150 0x000001ee90210e10 code [0x000001ee90210fe0, 0x000001ee90211318]
Event: 5.585 Thread 0x000001eea4551560 nmethod 8108 0x000001ee9780ec10 code [0x000001ee9780edc0, 0x000001ee9780f0c8]
Event: 5.585 Thread 0x000001eea4551560 8149       4       java.util.TimSort::binarySort (223 bytes)

GC Heap History (18 events):
Event: 0.346 GC heap before
{Heap before GC invocations=0 (full 0):
 garbage-first heap   total 126976K, used 23552K [0x0000000084e00000, 0x0000000100000000)
  region size 1024K, 23 young (23552K), 0 survivors (0K)
 Metaspace       used 5642K, committed 5824K, reserved 1114112K
  class space    used 654K, committed 768K, reserved 1048576K
}
Event: 0.350 GC heap after
{Heap after GC invocations=1 (full 0):
 garbage-first heap   total 126976K, used 3800K [0x0000000084e00000, 0x0000000100000000)
  region size 1024K, 3 young (3072K), 3 survivors (3072K)
 Metaspace       used 5642K, committed 5824K, reserved 1114112K
  class space    used 654K, committed 768K, reserved 1048576K
}
Event: 0.773 GC heap before
{Heap before GC invocations=1 (full 0):
 garbage-first heap   total 126976K, used 34520K [0x0000000084e00000, 0x0000000100000000)
  region size 1024K, 34 young (34816K), 3 survivors (3072K)
 Metaspace       used 9877K, committed 10112K, reserved 1114112K
  class space    used 1162K, committed 1280K, reserved 1048576K
}
Event: 0.778 GC heap after
{Heap after GC invocations=2 (full 0):
 garbage-first heap   total 126976K, used 5698K [0x0000000084e00000, 0x0000000100000000)
  region size 1024K, 2 young (2048K), 2 survivors (2048K)
 Metaspace       used 9877K, committed 10112K, reserved 1114112K
  class space    used 1162K, committed 1280K, reserved 1048576K
}
Event: 1.693 GC heap before
{Heap before GC invocations=2 (full 0):
 garbage-first heap   total 126976K, used 79426K [0x0000000084e00000, 0x0000000100000000)
  region size 1024K, 74 young (75776K), 2 survivors (2048K)
 Metaspace       used 15965K, committed 16256K, reserved 1114112K
  class space    used 1852K, committed 1984K, reserved 1048576K
}
Event: 1.704 GC heap after
{Heap after GC invocations=3 (full 0):
 garbage-first heap   total 126976K, used 14744K [0x0000000084e00000, 0x0000000100000000)
  region size 1024K, 10 young (10240K), 10 survivors (10240K)
 Metaspace       used 15965K, committed 16256K, reserved 1114112K
  class space    used 1852K, committed 1984K, reserved 1048576K
}
Event: 2.591 GC heap before
{Heap before GC invocations=3 (full 0):
 garbage-first heap   total 126976K, used 80280K [0x0000000084e00000, 0x0000000100000000)
  region size 1024K, 74 young (75776K), 10 survivors (10240K)
 Metaspace       used 17424K, committed 17728K, reserved 1114112K
  class space    used 1977K, committed 2112K, reserved 1048576K
}
Event: 2.603 GC heap after
{Heap after GC invocations=4 (full 0):
 garbage-first heap   total 126976K, used 18432K [0x0000000084e00000, 0x0000000100000000)
  region size 1024K, 4 young (4096K), 4 survivors (4096K)
 Metaspace       used 17424K, committed 17728K, reserved 1114112K
  class space    used 1977K, committed 2112K, reserved 1048576K
}
Event: 3.151 GC heap before
{Heap before GC invocations=4 (full 0):
 garbage-first heap   total 126976K, used 68608K [0x0000000084e00000, 0x0000000100000000)
  region size 1024K, 46 young (47104K), 4 survivors (4096K)
 Metaspace       used 21212K, committed 21504K, reserved 1114112K
  class space    used 2370K, committed 2496K, reserved 1048576K
}
Event: 3.158 GC heap after
{Heap after GC invocations=5 (full 0):
 garbage-first heap   total 152576K, used 29696K [0x0000000084e00000, 0x0000000100000000)
  region size 1024K, 9 young (9216K), 9 survivors (9216K)
 Metaspace       used 21212K, committed 21504K, reserved 1114112K
  class space    used 2370K, committed 2496K, reserved 1048576K
}
Event: 3.996 GC heap before
{Heap before GC invocations=6 (full 0):
 garbage-first heap   total 106496K, used 105472K [0x0000000084e00000, 0x0000000100000000)
  region size 1024K, 78 young (79872K), 9 survivors (9216K)
 Metaspace       used 28170K, committed 28544K, reserved 1114112K
  class space    used 3155K, committed 3328K, reserved 1048576K
}
Event: 4.024 GC heap after
{Heap after GC invocations=7 (full 0):
 garbage-first heap   total 134144K, used 49280K [0x0000000084e00000, 0x0000000100000000)
  region size 1024K, 12 young (12288K), 12 survivors (12288K)
 Metaspace       used 28170K, committed 28544K, reserved 1114112K
  class space    used 3155K, committed 3328K, reserved 1048576K
}
Event: 4.649 GC heap before
{Heap before GC invocations=7 (full 0):
 garbage-first heap   total 134144K, used 119936K [0x0000000084e00000, 0x0000000100000000)
  region size 1024K, 69 young (70656K), 12 survivors (12288K)
 Metaspace       used 29489K, committed 29888K, reserved 1114112K
  class space    used 3300K, committed 3456K, reserved 1048576K
}
Event: 4.662 GC heap after
{Heap after GC invocations=8 (full 0):
 garbage-first heap   total 142336K, used 62976K [0x0000000084e00000, 0x0000000100000000)
  region size 1024K, 9 young (9216K), 9 survivors (9216K)
 Metaspace       used 29489K, committed 29888K, reserved 1114112K
  class space    used 3300K, committed 3456K, reserved 1048576K
}
Event: 4.880 GC heap before
{Heap before GC invocations=8 (full 0):
 garbage-first heap   total 142336K, used 113152K [0x0000000084e00000, 0x0000000100000000)
  region size 1024K, 57 young (58368K), 9 survivors (9216K)
 Metaspace       used 29559K, committed 29952K, reserved 1114112K
  class space    used 3300K, committed 3456K, reserved 1048576K
}
Event: 4.889 GC heap after
{Heap after GC invocations=9 (full 0):
 garbage-first heap   total 142336K, used 76800K [0x0000000084e00000, 0x0000000100000000)
  region size 1024K, 8 young (8192K), 8 survivors (8192K)
 Metaspace       used 29559K, committed 29952K, reserved 1114112K
  class space    used 3300K, committed 3456K, reserved 1048576K
}
Event: 5.378 GC heap before
{Heap before GC invocations=9 (full 0):
 garbage-first heap   total 142336K, used 115712K [0x0000000084e00000, 0x0000000100000000)
  region size 1024K, 46 young (47104K), 8 survivors (8192K)
 Metaspace       used 31359K, committed 31872K, reserved 1114112K
  class space    used 3425K, committed 3648K, reserved 1048576K
}
Event: 5.385 GC heap after
{Heap after GC invocations=10 (full 0):
 garbage-first heap   total 176128K, used 74752K [0x0000000084e00000, 0x0000000100000000)
  region size 1024K, 4 young (4096K), 4 survivors (4096K)
 Metaspace       used 31359K, committed 31872K, reserved 1114112K
  class space    used 3425K, committed 3648K, reserved 1048576K
}

Dll operation events (8 events):
Event: 0.004 Loaded shared library C:\Program Files\Java\jdk-21\bin\java.dll
Event: 0.022 Loaded shared library C:\Program Files\Java\jdk-21\bin\jsvml.dll
Event: 0.032 Loaded shared library C:\Program Files\Java\jdk-21\bin\net.dll
Event: 0.033 Loaded shared library C:\Program Files\Java\jdk-21\bin\nio.dll
Event: 0.036 Loaded shared library C:\Program Files\Java\jdk-21\bin\zip.dll
Event: 0.099 Loaded shared library C:\Program Files\Java\jdk-21\bin\jimage.dll
Event: 0.100 Loaded shared library C:\Users\lucia\OneDrive\Escritorio\SEGURIDAD Y CALIDAD EN EL DESARROLLO\Proyectos\apache-maven-3.9.9\lib\jansi-native\Windows\x86_64\jansi.dll
Event: 0.110 Loaded shared library C:\Program Files\Java\jdk-21\bin\verify.dll

Deoptimization events (20 events):
Event: 5.580 Thread 0x000001ee85656dc0 Uncommon trap: trap_request=0xffffffde fr.pc=0x000001ee979c3c18 relative=0x0000000000000078
Event: 5.580 Thread 0x000001ee85656dc0 Uncommon trap: reason=class_check action=maybe_recompile pc=0x000001ee979c3c18 method=java.util.Collections$UnmodifiableMap$UnmodifiableEntrySet$UnmodifiableEntry.getValue()Ljava/lang/Object; @ 4 c2
Event: 5.580 Thread 0x000001ee85656dc0 DEOPT PACKING pc=0x000001ee979c3c18 sp=0x00000037a82fde10
Event: 5.580 Thread 0x000001ee85656dc0 DEOPT UNPACKING pc=0x000001ee972846a2 sp=0x00000037a82fdda0 mode 2
Event: 5.580 Thread 0x000001ee85656dc0 Uncommon trap: trap_request=0xffffffde fr.pc=0x000001ee97999918 relative=0x0000000000000078
Event: 5.580 Thread 0x000001ee85656dc0 Uncommon trap: reason=class_check action=maybe_recompile pc=0x000001ee97999918 method=java.util.Collections$UnmodifiableMap$UnmodifiableEntrySet$1.hasNext()Z @ 4 c2
Event: 5.580 Thread 0x000001ee85656dc0 DEOPT PACKING pc=0x000001ee97999918 sp=0x00000037a82fde20
Event: 5.580 Thread 0x000001ee85656dc0 DEOPT UNPACKING pc=0x000001ee972846a2 sp=0x00000037a82fddb0 mode 2
Event: 5.580 Thread 0x000001ee85656dc0 Uncommon trap: trap_request=0xffffffde fr.pc=0x000001ee9799acb8 relative=0x00000000000004d8
Event: 5.580 Thread 0x000001ee85656dc0 Uncommon trap: reason=class_check action=maybe_recompile pc=0x000001ee9799acb8 method=java.util.Collections$UnmodifiableMap$UnmodifiableEntrySet$1.next()Ljava/util/Map$Entry; @ 8 c2
Event: 5.580 Thread 0x000001ee85656dc0 DEOPT PACKING pc=0x000001ee9799acb8 sp=0x00000037a82fddd0
Event: 5.580 Thread 0x000001ee85656dc0 DEOPT UNPACKING pc=0x000001ee972846a2 sp=0x00000037a82fdd40 mode 2
Event: 5.580 Thread 0x000001ee85656dc0 Uncommon trap: trap_request=0xffffffde fr.pc=0x000001ee979c2818 relative=0x0000000000000078
Event: 5.580 Thread 0x000001ee85656dc0 Uncommon trap: reason=class_check action=maybe_recompile pc=0x000001ee979c2818 method=java.util.Collections$UnmodifiableMap$UnmodifiableEntrySet$UnmodifiableEntry.getKey()Ljava/lang/Object; @ 4 c2
Event: 5.580 Thread 0x000001ee85656dc0 DEOPT PACKING pc=0x000001ee979c2818 sp=0x00000037a82fde10
Event: 5.580 Thread 0x000001ee85656dc0 DEOPT UNPACKING pc=0x000001ee972846a2 sp=0x00000037a82fdda0 mode 2
Event: 5.580 Thread 0x000001ee85656dc0 Uncommon trap: trap_request=0xffffffde fr.pc=0x000001ee979c3c18 relative=0x0000000000000078
Event: 5.580 Thread 0x000001ee85656dc0 Uncommon trap: reason=class_check action=maybe_recompile pc=0x000001ee979c3c18 method=java.util.Collections$UnmodifiableMap$UnmodifiableEntrySet$UnmodifiableEntry.getValue()Ljava/lang/Object; @ 4 c2
Event: 5.580 Thread 0x000001ee85656dc0 DEOPT PACKING pc=0x000001ee979c3c18 sp=0x00000037a82fde10
Event: 5.580 Thread 0x000001ee85656dc0 DEOPT UNPACKING pc=0x000001ee972846a2 sp=0x00000037a82fdda0 mode 2

Classes loaded (20 events):
Event: 5.522 Loading class java/util/zip/Deflater
Event: 5.522 Loading class java/util/zip/Deflater done
Event: 5.523 Loading class java/util/zip/Deflater$DeflaterZStreamRef
Event: 5.523 Loading class java/util/zip/Deflater$DeflaterZStreamRef done
Event: 5.548 Loading class java/nio/StringCharBuffer
Event: 5.548 Loading class java/nio/StringCharBuffer done
Event: 5.552 Loading class java/net/URLEncoder
Event: 5.552 Loading class java/net/URLEncoder done
Event: 5.578 Loading class java/util/Vector$Itr
Event: 5.578 Loading class java/util/Vector$Itr done
Event: 5.579 Loading class java/util/concurrent/locks/AbstractQueuedSynchronizer$SharedNode
Event: 5.579 Loading class java/util/concurrent/locks/AbstractQueuedSynchronizer$SharedNode done
Event: 5.579 Loading class java/util/DualPivotQuicksort
Event: 5.579 Loading class java/util/DualPivotQuicksort done
Event: 5.581 Loading class java/lang/ProcessBuilder
Event: 5.581 Loading class java/lang/ProcessBuilder done
Event: 5.581 Loading class java/lang/ProcessImpl
Event: 5.582 Loading class java/lang/Process
Event: 5.582 Loading class java/lang/Process done
Event: 5.582 Loading class java/lang/ProcessImpl done

Classes unloaded (0 events):
No events

Classes redefined (0 events):
No events

Internal exceptions (20 events):
Event: 5.043 Thread 0x000001ee85656dc0 Exception <a 'sun/nio/fs/WindowsException'{0x000000008b474958}> (0x000000008b474958) 
thrown [s\open\src\hotspot\share\prims\jni.cpp, line 520]
Event: 5.043 Thread 0x000001ee85656dc0 Exception <a 'sun/nio/fs/WindowsException'{0x000000008b476228}> (0x000000008b476228) 
thrown [s\open\src\hotspot\share\prims\jni.cpp, line 520]
Event: 5.043 Thread 0x000001ee85656dc0 Exception <a 'sun/nio/fs/WindowsException'{0x000000008b488208}> (0x000000008b488208) 
thrown [s\open\src\hotspot\share\prims\jni.cpp, line 520]
Event: 5.043 Thread 0x000001ee85656dc0 Exception <a 'sun/nio/fs/WindowsException'{0x000000008b4b5a20}> (0x000000008b4b5a20) 
thrown [s\open\src\hotspot\share\prims\jni.cpp, line 520]
Event: 5.043 Thread 0x000001ee85656dc0 Exception <a 'sun/nio/fs/WindowsException'{0x000000008b4b7450}> (0x000000008b4b7450) 
thrown [s\open\src\hotspot\share\prims\jni.cpp, line 520]
Event: 5.048 Thread 0x000001ee85656dc0 Exception <a 'sun/nio/fs/WindowsException'{0x000000008b34a430}> (0x000000008b34a430) 
thrown [s\open\src\hotspot\share\prims\jni.cpp, line 520]
Event: 5.053 Thread 0x000001ee85656dc0 Exception <a 'sun/nio/fs/WindowsException'{0x000000008b363208}> (0x000000008b363208) 
thrown [s\open\src\hotspot\share\prims\jni.cpp, line 520]
Event: 5.060 Thread 0x000001ee85656dc0 Exception <a 'sun/nio/fs/WindowsException'{0x000000008b3841e0}> (0x000000008b3841e0) 
thrown [s\open\src\hotspot\share\prims\jni.cpp, line 520]
Event: 5.060 Thread 0x000001ee85656dc0 Exception <a 'sun/nio/fs/WindowsException'{0x000000008b385420}> (0x000000008b385420) 
thrown [s\open\src\hotspot\share\prims\jni.cpp, line 520]
Event: 5.060 Thread 0x000001ee85656dc0 Exception <a 'sun/nio/fs/WindowsException'{0x000000008b38a280}> (0x000000008b38a280) 
thrown [s\open\src\hotspot\share\prims\jni.cpp, line 520]
Event: 5.061 Thread 0x000001ee85656dc0 Exception <a 'sun/nio/fs/WindowsException'{0x000000008b391068}> (0x000000008b391068) 
thrown [s\open\src\hotspot\share\prims\jni.cpp, line 520]
Event: 5.061 Thread 0x000001ee85656dc0 Exception <a 'sun/nio/fs/WindowsException'{0x000000008b392970}> (0x000000008b392970) 
thrown [s\open\src\hotspot\share\prims\jni.cpp, line 520]
Event: 5.084 Thread 0x000001ee85656dc0 Exception <a 'sun/nio/fs/WindowsException'{0x000000008b2fee90}> (0x000000008b2fee90) 
thrown [s\open\src\hotspot\share\prims\jni.cpp, line 520]
Event: 5.084 Thread 0x000001ee85656dc0 Exception <a 'sun/nio/fs/WindowsException'{0x000000008b2ff788}> (0x000000008b2ff788) 
thrown [s\open\src\hotspot\share\prims\jni.cpp, line 520]
Event: 5.310 Thread 0x000001eea48442e0 Exception <a 'java/lang/NoSuchMethodError'{0x0000000089f90f88}: 'java.lang.Object java.lang.invoke.DirectMethodHandle$Holder.invokeStatic(java.lang.Object, long, java.lang.Object)'> (0x0000000089f90f88) 
thrown [s\open\src\hotspot\share\interpreter\linkResolver.cpp, line 773]
Event: 5.311 Thread 0x000001eea48442e0 Exception <a 'java/lang/NoSuchMethodError'{0x0000000089f94340}: 'java.lang.Object java.lang.invoke.DirectMethodHandle$Holder.invokeStaticInit(java.lang.Object, long, java.lang.Object)'> (0x0000000089f94340) 
thrown [s\open\src\hotspot\share\interpreter\linkResolver.cpp, line 773]
Event: 5.312 Thread 0x000001eea48442e0 Exception <a 'java/lang/NoSuchMethodError'{0x0000000089f99758}: 'java.lang.Object java.lang.invoke.DirectMethodHandle$Holder.newInvokeSpecial(java.lang.Object, long)'> (0x0000000089f99758) 
thrown [s\open\src\hotspot\share\interpreter\linkResolver.cpp, line 773]
Event: 5.314 Thread 0x000001eea48442e0 Exception <a 'java/lang/NoSuchMethodError'{0x0000000089f9df40}: 'long java.lang.invoke.DirectMethodHandle$Holder.invokeInterface(java.lang.Object, java.lang.Object)'> (0x0000000089f9df40) 
thrown [s\open\src\hotspot\share\interpreter\linkResolver.cpp, line 773]
Event: 5.314 Thread 0x000001eea48442e0 Exception <a 'java/lang/NoSuchMethodError'{0x0000000089fa1408}: 'long java.lang.invoke.DelegatingMethodHandle$Holder.reinvoke_L(java.lang.Object, java.lang.Object)'> (0x0000000089fa1408) 
thrown [s\open\src\hotspot\share\interpreter\linkResolver.cpp, line 773]
Event: 5.367 Thread 0x000001ee85656dc0 Exception <a 'java/lang/NoSuchMethodError'{0x0000000089d67770}: 'java.lang.Object java.lang.invoke.DirectMethodHandle$Holder.invokeStaticInit(java.lang.Object, java.lang.Object, int, int, int, int)'> (0x0000000089d67770) 
thrown [s\open\src\hotspot\share\interpreter\linkResolver.cpp, line 773]

ZGC Phase Switch (0 events):
No events

VM Operations (20 events):
Event: 5.284 Executing VM operation: HandshakeAllThreads (Deoptimize)
Event: 5.284 Executing VM operation: HandshakeAllThreads (Deoptimize) done
Event: 5.316 Executing VM operation: HandshakeAllThreads (Deoptimize)
Event: 5.316 Executing VM operation: HandshakeAllThreads (Deoptimize) done
Event: 5.355 Executing VM operation: HandshakeAllThreads (Deoptimize)
Event: 5.355 Executing VM operation: HandshakeAllThreads (Deoptimize) done
Event: 5.378 Executing VM operation: G1CollectForAllocation (G1 Evacuation Pause)
Event: 5.385 Executing VM operation: G1CollectForAllocation (G1 Evacuation Pause) done
Event: 5.397 Executing VM operation: G1PauseRemark
Event: 5.404 Executing VM operation: G1PauseRemark done
Event: 5.410 Executing VM operation: G1PauseCleanup
Event: 5.410 Executing VM operation: G1PauseCleanup done
Event: 5.521 Executing VM operation: HandshakeAllThreads (Deoptimize)
Event: 5.521 Executing VM operation: HandshakeAllThreads (Deoptimize) done
Event: 5.530 Executing VM operation: HandshakeAllThreads (Deoptimize)
Event: 5.530 Executing VM operation: HandshakeAllThreads (Deoptimize) done
Event: 5.549 Executing VM operation: HandshakeAllThreads (Deoptimize)
Event: 5.549 Executing VM operation: HandshakeAllThreads (Deoptimize) done
Event: 5.551 Executing VM operation: HandshakeAllThreads (Deoptimize)
Event: 5.551 Executing VM operation: HandshakeAllThreads (Deoptimize) done

Events (20 events):
Event: 5.403 Thread 0x000001eea4523500 flushing nmethod 0x000001ee905e2810
Event: 5.403 Thread 0x000001eea4523500 flushing nmethod 0x000001ee90787f90
Event: 5.403 Thread 0x000001eea4523500 flushing nmethod 0x000001ee90788290
Event: 5.403 Thread 0x000001eea4523500 flushing nmethod 0x000001ee90789910
Event: 5.403 Thread 0x000001eea4523500 flushing nmethod 0x000001ee9078a010
Event: 5.403 Thread 0x000001eea4523500 flushing nmethod 0x000001ee9078a490
Event: 5.403 Thread 0x000001eea4523500 flushing nmethod 0x000001ee9078ac90
Event: 5.403 Thread 0x000001eea4523500 flushing nmethod 0x000001ee9078c590
Event: 5.403 Thread 0x000001eea4523500 flushing nmethod 0x000001ee9078cf90
Event: 5.403 Thread 0x000001eea4523500 flushing nmethod 0x000001ee9078d510
Event: 5.403 Thread 0x000001eea4523500 flushing nmethod 0x000001ee9078d910
Event: 5.403 Thread 0x000001eea4523500 flushing nmethod 0x000001ee9078dc90
Event: 5.403 Thread 0x000001eea4523500 flushing nmethod 0x000001ee9078e210
Event: 5.403 Thread 0x000001eea4523500 flushing nmethod 0x000001ee9078e790
Event: 5.403 Thread 0x000001eea4523500 flushing nmethod 0x000001ee9078ed10
Event: 5.403 Thread 0x000001eea4523500 flushing nmethod 0x000001ee9078f110
Event: 5.403 Thread 0x000001eea4523500 flushing nmethod 0x000001ee9079fb90
Event: 5.459 Thread 0x000001eea4841b80 Thread added: 0x000001eea4841b80
Event: 5.463 Thread 0x000001eea48442e0 Thread added: 0x000001eea48442e0
Event: 5.578 Thread 0x000001eea4844970 Thread added: 0x000001eea4844970


Dynamic libraries:
0x00007ff644e10000 - 0x00007ff644e20000 	C:\Program Files\Java\jdk-21\bin\java.exe
0x00007ff83be80000 - 0x00007ff83c0e6000 	C:\WINDOWS\SYSTEM32\ntdll.dll
0x00007ff83a3a0000 - 0x00007ff83a469000 	C:\WINDOWS\System32\KERNEL32.DLL
0x00007ff8392e0000 - 0x00007ff8396ac000 	C:\WINDOWS\System32\KERNELBASE.dll
0x00007ff8396b0000 - 0x00007ff8397fb000 	C:\WINDOWS\System32\ucrtbase.dll
0x00007ff829380000 - 0x00007ff829399000 	C:\Program Files\Java\jdk-21\bin\jli.dll
0x00007ff829720000 - 0x00007ff82973b000 	C:\Program Files\Java\jdk-21\bin\VCRUNTIME140.dll
0x00007ff83b020000 - 0x00007ff83b0d2000 	C:\WINDOWS\System32\ADVAPI32.dll
0x00007ff83a690000 - 0x00007ff83a739000 	C:\WINDOWS\System32\msvcrt.dll
0x00007ff83b760000 - 0x00007ff83b806000 	C:\WINDOWS\System32\sechost.dll
0x00007ff839fa0000 - 0x00007ff83a0b6000 	C:\WINDOWS\System32\RPCRT4.dll
0x00007ff83a4c0000 - 0x00007ff83a68a000 	C:\WINDOWS\System32\USER32.dll
0x00007ff81c9d0000 - 0x00007ff81cc6a000 	C:\WINDOWS\WinSxS\amd64_microsoft.windows.common-controls_6595b64144ccf1df_6.0.26100.3912_none_3e07963ce335137e\COMCTL32.dll
0x00007ff83a0c0000 - 0x00007ff83a0eb000 	C:\WINDOWS\System32\GDI32.dll
0x00007ff839be0000 - 0x00007ff839c07000 	C:\WINDOWS\System32\win32u.dll
0x00007ff839890000 - 0x00007ff8399c2000 	C:\WINDOWS\System32\gdi32full.dll
0x00007ff823190000 - 0x00007ff82319b000 	C:\WINDOWS\SYSTEM32\VERSION.dll
0x00007ff8399d0000 - 0x00007ff839a73000 	C:\WINDOWS\System32\msvcp_win.dll
0x00007ff83b810000 - 0x00007ff83b840000 	C:\WINDOWS\System32\IMM32.DLL
0x00007ff833cb0000 - 0x00007ff833cbc000 	C:\Program Files\Java\jdk-21\bin\vcruntime140_1.dll
0x00007ff828100000 - 0x00007ff82818e000 	C:\Program Files\Java\jdk-21\bin\msvcp140.dll
0x00007fffaf520000 - 0x00007fffb023a000 	C:\Program Files\Java\jdk-21\bin\server\jvm.dll
0x00007ff83bcf0000 - 0x00007ff83bd64000 	C:\WINDOWS\System32\WS2_32.dll
0x00007ff838e30000 - 0x00007ff838e8e000 	C:\WINDOWS\SYSTEM32\POWRPROF.dll
0x00007ff82ea10000 - 0x00007ff82ea46000 	C:\WINDOWS\SYSTEM32\WINMM.dll
0x00007ff838e10000 - 0x00007ff838e24000 	C:\WINDOWS\SYSTEM32\UMPDC.dll
0x00007ff837da0000 - 0x00007ff837dba000 	C:\WINDOWS\SYSTEM32\kernel.appcore.dll
0x00007ff829710000 - 0x00007ff82971a000 	C:\Program Files\Java\jdk-21\bin\jimage.dll
0x00007ff836600000 - 0x00007ff836841000 	C:\WINDOWS\SYSTEM32\DBGHELP.DLL
0x00007ff839c10000 - 0x00007ff839f94000 	C:\WINDOWS\System32\combase.dll
0x00007ff83b670000 - 0x00007ff83b750000 	C:\WINDOWS\System32\OLEAUT32.dll
0x00007ff8181b0000 - 0x00007ff8181e9000 	C:\WINDOWS\SYSTEM32\dbgcore.DLL
0x00007ff839b40000 - 0x00007ff839bd9000 	C:\WINDOWS\System32\bcryptPrimitives.dll
0x00007ff829320000 - 0x00007ff82933f000 	C:\Program Files\Java\jdk-21\bin\java.dll
0x00007ff83a8f0000 - 0x00007ff83b01d000 	C:\WINDOWS\System32\SHELL32.dll
0x00007ff838fe0000 - 0x00007ff839154000 	C:\WINDOWS\System32\wintypes.dll
0x00007ff836c20000 - 0x00007ff837476000 	C:\WINDOWS\SYSTEM32\windows.storage.dll
0x00007ff83b220000 - 0x00007ff83b30f000 	C:\WINDOWS\System32\SHCORE.dll
0x00007ff83b320000 - 0x00007ff83b389000 	C:\WINDOWS\System32\shlwapi.dll
0x00007ff838ef0000 - 0x00007ff838f1f000 	C:\WINDOWS\SYSTEM32\profapi.dll
0x00007ff81e8f0000 - 0x00007ff81e9c7000 	C:\Program Files\Java\jdk-21\bin\jsvml.dll
0x00007ff829580000 - 0x00007ff829590000 	C:\Program Files\Java\jdk-21\bin\net.dll
0x00007ff8323e0000 - 0x00007ff8324fe000 	C:\WINDOWS\SYSTEM32\WINHTTP.dll
0x00007ff838310000 - 0x00007ff83837a000 	C:\WINDOWS\system32\mswsock.dll
0x00007ff829300000 - 0x00007ff829316000 	C:\Program Files\Java\jdk-21\bin\nio.dll
0x00007ff8292e0000 - 0x00007ff8292f8000 	C:\Program Files\Java\jdk-21\bin\zip.dll
0x00007ff828690000 - 0x00007ff8286b4000 	C:\Users\lucia\OneDrive\Escritorio\SEGURIDAD Y CALIDAD EN EL DESARROLLO\Proyectos\apache-maven-3.9.9\lib\jansi-native\Windows\x86_64\jansi.dll
0x00007ff829250000 - 0x00007ff829260000 	C:\Program Files\Java\jdk-21\bin\verify.dll
0x00007ff8385b0000 - 0x00007ff8385cc000 	C:\WINDOWS\SYSTEM32\CRYPTSP.dll
0x00007ff837d00000 - 0x00007ff837d3a000 	C:\WINDOWS\system32\rsaenh.dll
0x00007ff8383b0000 - 0x00007ff8383db000 	C:\WINDOWS\SYSTEM32\USERENV.dll
0x00007ff838ec0000 - 0x00007ff838ee6000 	C:\WINDOWS\SYSTEM32\bcrypt.dll
0x00007ff8385d0000 - 0x00007ff8385dc000 	C:\WINDOWS\SYSTEM32\CRYPTBASE.dll
0x00007ff837790000 - 0x00007ff8377c3000 	C:\WINDOWS\SYSTEM32\IPHLPAPI.DLL
0x00007ff83b0e0000 - 0x00007ff83b0ea000 	C:\WINDOWS\System32\NSI.dll

dbghelp: loaded successfully - version: 4.0.5 - missing functions: none
symbol engine: initialized successfully - sym options: 0x614 - pdb path: .;C:\Program Files\Java\jdk-21\bin;C:\WINDOWS\SYSTEM32;C:\WINDOWS\WinSxS\amd64_microsoft.windows.common-controls_6595b64144ccf1df_6.0.26100.3912_none_3e07963ce335137e;C:\Program Files\Java\jdk-21\bin\server;C:\Users\lucia\OneDrive\Escritorio\SEGURIDAD Y CALIDAD EN EL DESARROLLO\Proyectos\apache-maven-3.9.9\lib\jansi-native\Windows\x86_64

VM Arguments:
jvm_args: -Dclassworlds.conf=C:\Users\lucia\OneDrive\Escritorio\SEGURIDAD Y CALIDAD EN EL DESARROLLO\Proyectos\apache-maven-3.9.9\bin\m2.conf -Dmaven.home=C:\Users\lucia\OneDrive\Escritorio\SEGURIDAD Y CALIDAD EN EL DESARROLLO\Proyectos\apache-maven-3.9.9 -Dlibrary.jansi.path=C:\Users\lucia\OneDrive\Escritorio\SEGURIDAD Y CALIDAD EN EL DESARROLLO\Proyectos\apache-maven-3.9.9\lib\jansi-native -Dmaven.multiModuleProjectDirectory=C:\Users\lucia\OneDrive\Escritorio\CDY2203_Exp3_S8_Backend_actividad_sumativa\CDY2203_Exp3_S8_Backend_actividad_sumativa\CDY2203_Exp3_S8_Backend_actividad_sumativa\Semana2-CDY2203 
java_command: org.codehaus.plexus.classworlds.launcher.Launcher clean install
java_class_path (initial): C:\Users\lucia\OneDrive\Escritorio\SEGURIDAD Y CALIDAD EN EL DESARROLLO\Proyectos\apache-maven-3.9.9\boot\plexus-classworlds-2.8.0.jar
Launcher Type: SUN_STANDARD

[Global flags]
     intx CICompilerCount                          = 4                                         {product} {ergonomic}
     uint ConcGCThreads                            = 3                                         {product} {ergonomic}
     uint G1ConcRefinementThreads                  = 10                                        {product} {ergonomic}
   size_t G1HeapRegionSize                         = 1048576                                   {product} {ergonomic}
    uintx GCDrainStackTargetSize                   = 64                                        {product} {ergonomic}
   size_t InitialHeapSize                          = 130023424                                 {product} {ergonomic}
   size_t MarkStackSize                            = 4194304                                   {product} {ergonomic}
   size_t MaxHeapSize                              = 2065694720                                {product} {ergonomic}
   size_t MaxNewSize                               = 1239416832                                {product} {ergonomic}
   size_t MinHeapDeltaBytes                        = 1048576                                   {product} {ergonomic}
   size_t MinHeapSize                              = 8388608                                   {product} {ergonomic}
    uintx NonNMethodCodeHeapSize                   = 5839372                                {pd product} {ergonomic}
    uintx NonProfiledCodeHeapSize                  = 122909434                              {pd product} {ergonomic}
    uintx ProfiledCodeHeapSize                     = 122909434                              {pd product} {ergonomic}
    uintx ReservedCodeCacheSize                    = 251658240                              {pd product} {ergonomic}
     bool SegmentedCodeCache                       = true                                      {product} {ergonomic}
   size_t SoftMaxHeapSize                          = 2065694720                             {manageable} {ergonomic}
     bool UseCompressedOops                        = true                           {product lp64_product} {ergonomic}
     bool UseG1GC                                  = true                                      {product} {ergonomic}
     bool UseLargePagesIndividualAllocation        = false                                  {pd product} {ergonomic}

Logging:
Log output configuration:
 #0: stdout all=warning uptime,level,tags foldmultilines=false
 #1: stderr all=off uptime,level,tags foldmultilines=false

Environment Variables:
JAVA_HOME=C:\Program Files\Java\jdk-21
PATH=C:\Program Files\Common Files\Oracle\Java\javapath;C:\Program Files\Eclipse Adoptium\jdk-17.0.14.7-hotspot\bin;C:\WINDOWS\system32;C:\WINDOWS;C:\WINDOWS\System32\Wbem;C:\WINDOWS\System32\WindowsPowerShell\v1.0\;C:\WINDOWS\System32\OpenSSH\;C:\Program Files\dotnet\;C:\Program Files\Docker\Docker\resources\bin;C:\Users\lucia\OneDrive\Escritorio\SEGURIDAD Y CALIDAD EN EL DESARROLLO\apache-maven-3.9.9\BIN;C:\Program Files\Git\cmd;C:\Users\lucia\AppData\Local\Microsoft\WindowsApps;C:\Users\lucia\AppData\Local\Programs\Microsoft VS Code\bin;C:\Program Files\Java\jdk-21\bin;C:\Users\lucia\OneDrive\Escritorio\SEGURIDAD Y CALIDAD EN EL DESARROLLO\Proyectos\apache-maven-3.9.9\bin;
USERNAME=lucia
LANG=en_US.UTF-8
OS=Windows_NT
PROCESSOR_IDENTIFIER=Intel64 Family 6 Model 186 Stepping 3, GenuineIntel
TMP=C:\Users\lucia\AppData\Local\Temp
TEMP=C:\Users\lucia\AppData\Local\Temp




Periodic native trim disabled

---------------  S Y S T E M  ---------------

OS:
 Windows 11 , 64 bit Build 26100 (10.0.26100.3912)
OS uptime: 0 days 5:05 hours
Hyper-V role detected

CPU: total 12 (initial active 12) (6 cores per cpu, 2 threads per core) family 6 model 186 stepping 3 microcode 0x410e, cx8, cmov, fxsr, ht, mmx, 3dnowpref, sse, sse2, sse3, ssse3, sse4.1, sse4.2, popcnt, lzcnt, tsc, tscinvbit, avx, avx2, aes, erms, clmul, bmi1, bmi2, adx, sha, fma, vzeroupper, clflush, clflushopt, clwb, hv, serialize, rdtscp, rdpid, fsrm, f16c, cet_ibt, cet_ss
Processor Information for processor 0
  Max Mhz: 1300, Current Mhz: 1300, Mhz Limit: 1300
Processor Information for processor 1
  Max Mhz: 1300, Current Mhz: 1300, Mhz Limit: 1300
Processor Information for processor 2
  Max Mhz: 1300, Current Mhz: 1300, Mhz Limit: 1300
Processor Information for processor 3
  Max Mhz: 1300, Current Mhz: 1300, Mhz Limit: 1300
Processor Information for processor 4
  Max Mhz: 1300, Current Mhz: 900, Mhz Limit: 897
Processor Information for processor 5
  Max Mhz: 1300, Current Mhz: 900, Mhz Limit: 897
Processor Information for processor 6
  Max Mhz: 1300, Current Mhz: 900, Mhz Limit: 897
Processor Information for processor 7
  Max Mhz: 1300, Current Mhz: 900, Mhz Limit: 897
Processor Information for processor 8
  Max Mhz: 1300, Current Mhz: 900, Mhz Limit: 897
Processor Information for processor 9
  Max Mhz: 1300, Current Mhz: 900, Mhz Limit: 897
Processor Information for processor 10
  Max Mhz: 1300, Current Mhz: 900, Mhz Limit: 897
Processor Information for processor 11
  Max Mhz: 1300, Current Mhz: 900, Mhz Limit: 897

Memory: 4k page, system-wide physical 7875M (667M free)
TotalPageFile size 16067M (AvailPageFile size 4M)
current process WorkingSet (physical memory assigned to process): 317M, peak: 317M
current process commit charge ("private bytes"): 380M, peak: 385M

vm_info: Java HotSpot(TM) 64-Bit Server VM (21.0.6+8-LTS-188) for windows-amd64 JRE (21.0.6+8-LTS-188), built on 2024-12-03T10:50:54Z by "mach5one" with MS VC++ 17.6 (VS2022)

END.
