#
# There is insufficient memory for the Java Runtime Environment to continue.
# Native memory allocation (malloc) failed to allocate 1722176 bytes for Chunk::new
# Possible reasons:
#   The system is out of physical RAM or swap space
#   The process is running with CompressedOops enabled, and the Java Heap may be blocking the growth of the native heap
# Possible solutions:
#   Reduce memory load on the system
#   Increase physical memory or swap space
#   Check if swap backing store is full
#   Decrease Java heap size (-Xmx/-Xms)
#   Decrease number of Java threads
#   Decrease Java thread stack sizes (-Xss)
#   Set larger code cache with -XX:ReservedCodeCacheSize=
#   JVM is running with Unscaled Compressed Oops mode in which the Java heap is
#     placed in the first 4GB address space. The Java Heap base address is the
#     maximum limit for the native heap growth. Please use -XX:HeapBaseMinAddress
#     to set the Java Heap base and to place the Java Heap above 4GB virtual address.
# This output file may be truncated or incomplete.
#
#  Out of Memory Error (arena.cpp:168), pid=18004, tid=32252
#
# JRE version: Java(TM) SE Runtime Environment (21.0.6+8) (build 21.0.6+8-LTS-188)
# Java VM: Java HotSpot(TM) 64-Bit Server VM (21.0.6+8-LTS-188, mixed mode, sharing, tiered, compressed oops, compressed class ptrs, g1 gc, windows-amd64)
# No core dump will be written. Minidumps are not enabled by default on client versions of Windows
#

---------------  S U M M A R Y ------------

Command Line: -javaagent:C:\\Users\\lucia\\.m2\\repository\\org\\jacoco\\org.jacoco.agent\\0.8.13\\org.jacoco.agent-0.8.13-runtime.jar=destfile=C:\\Users\\lucia\\OneDrive\\Escritorio\\CDY2203_Exp3_S8_Backend_actividad_sumativa\\CDY2203_Exp3_S8_Backend_actividad_sumativa\\CDY2203_Exp3_S8_Backend_actividad_sumativa\\Semana2-CDY2203\\target\\jacoco.exec C:\Users\lucia\AppData\Local\Temp\surefire934286854222042519\surefirebooter-20250501173202132_3.jar C:\Users\lucia\AppData\Local\Temp\surefire934286854222042519 2025-05-01T17-32-01_951-jvmRun1 surefire-20250501173202132_1tmp surefire_0-20250501173202132_2tmp

Host: 13th Gen Intel(R) Core(TM) i5-1335U, 12 cores, 7G,  Windows 11 , 64 bit Build 26100 (10.0.26100.3912)
Time: Thu May  1 17:32:21 2025 Hora est. Sudamérica Pacífico elapsed time: 18.540077 seconds (0d 0h 0m 18s)

---------------  T H R E A D  ---------------

Current thread (0x00000180bf20eb40):  JavaThread "C2 CompilerThread0" daemon [_thread_in_native, id=32252, stack(0x00000054a2e00000,0x00000054a2f00000) (1024K)]


Current CompileTask:
C2:  18540 8876   !   4       jdk.internal.loader.BuiltinClassLoader::findClassOnClassPathOrNull (64 bytes)

Stack: [0x00000054a2e00000,0x00000054a2f00000]
Native frames: (J=compiled Java code, j=interpreted, Vv=VM code, C=native code)
V  [jvm.dll+0x6ca6d9]
V  [jvm.dll+0x854f51]
V  [jvm.dll+0x85747e]
V  [jvm.dll+0x857b53]
V  [jvm.dll+0x27dcc6]
V  [jvm.dll+0xc4c2d]
V  [jvm.dll+0xc5163]
V  [jvm.dll+0x3b515c]
V  [jvm.dll+0x1df633]
V  [jvm.dll+0x246a72]
V  [jvm.dll+0x245eff]
V  [jvm.dll+0x1c6d2e]
V  [jvm.dll+0x2554f9]
V  [jvm.dll+0x253a8a]
V  [jvm.dll+0x3ee576]
V  [jvm.dll+0x7ff2fb]
V  [jvm.dll+0x6c8dbd]
C  [ucrtbase.dll+0x37b0]
C  [KERNEL32.DLL+0x2e8d7]
C  [ntdll.dll+0x9c5dc]


---------------  P R O C E S S  ---------------

Threads class SMR info:
_java_thread_list=0x0000018108a6e330, length=16, elements={
0x00000180a1d07e70, 0x00000180bf1f6470, 0x00000180bf1fd090, 0x00000180bf201dd0,
0x00000180bf202af0, 0x00000180bf203180, 0x00000180bf2010b0, 0x00000180bf20eb40,
0x00000180bf2127e0, 0x00000180bf203810, 0x00000180bf201740, 0x00000180bf200a20,
0x00000180bf202460, 0x0000018105cd54c0, 0x0000018105cd5b50, 0x0000018108d0abb0
}

Java Threads: ( => current thread )
  0x00000180a1d07e70 JavaThread "main"                              [_thread_in_Java, id=16792, stack(0x00000054a2000000,0x00000054a2100000) (1024K)]
  0x00000180bf1f6470 JavaThread "Reference Handler"          daemon [_thread_blocked, id=31136, stack(0x00000054a2800000,0x00000054a2900000) (1024K)]
  0x00000180bf1fd090 JavaThread "Finalizer"                  daemon [_thread_blocked, id=35140, stack(0x00000054a2900000,0x00000054a2a00000) (1024K)]
  0x00000180bf201dd0 JavaThread "Signal Dispatcher"          daemon [_thread_blocked, id=25640, stack(0x00000054a2a00000,0x00000054a2b00000) (1024K)]
  0x00000180bf202af0 JavaThread "Attach Listener"            daemon [_thread_blocked, id=33684, stack(0x00000054a2b00000,0x00000054a2c00000) (1024K)]
  0x00000180bf203180 JavaThread "Service Thread"             daemon [_thread_blocked, id=25444, stack(0x00000054a2c00000,0x00000054a2d00000) (1024K)]
  0x00000180bf2010b0 JavaThread "Monitor Deflation Thread"   daemon [_thread_blocked, id=33488, stack(0x00000054a2d00000,0x00000054a2e00000) (1024K)]
=>0x00000180bf20eb40 JavaThread "C2 CompilerThread0"         daemon [_thread_in_native, id=32252, stack(0x00000054a2e00000,0x00000054a2f00000) (1024K)]
  0x00000180bf2127e0 JavaThread "C1 CompilerThread0"         daemon [_thread_in_native, id=35196, stack(0x00000054a2f00000,0x00000054a3000000) (1024K)]
  0x00000180bf203810 JavaThread "Common-Cleaner"             daemon [_thread_blocked, id=33164, stack(0x00000054a3000000,0x00000054a3100000) (1024K)]
  0x00000180bf201740 JavaThread "Notification Thread"        daemon [_thread_blocked, id=19024, stack(0x00000054a3300000,0x00000054a3400000) (1024K)]
  0x00000180bf200a20 JavaThread "surefire-forkedjvm-stream-flusher" daemon [_thread_blocked, id=12824, stack(0x00000054a3400000,0x00000054a3500000) (1024K)]
  0x00000180bf202460 JavaThread "surefire-forkedjvm-command-thread" daemon [_thread_in_native, id=35304, stack(0x00000054a3900000,0x00000054a3a00000) (1024K)]
  0x0000018105cd54c0 JavaThread "mysql-cj-abandoned-connection-cleanup" daemon [_thread_blocked, id=17128, stack(0x00000054a3f00000,0x00000054a4000000) (1024K)]
  0x0000018105cd5b50 JavaThread "HikariPool-1 housekeeper"   daemon [_thread_blocked, id=33140, stack(0x00000054a4100000,0x00000054a4200000) (1024K)]
  0x0000018108d0abb0 JavaThread "C2 CompilerThread1"         daemon [_thread_in_native, id=7916, stack(0x00000054a3100000,0x00000054a3200000) (1024K)]
Total: 16

Other Threads:
  0x00000180bf1d7370 VMThread "VM Thread"                           [id=31120, stack(0x00000054a2700000,0x00000054a2800000) (1024K)]
  0x00000180bf1c5ca0 WatcherThread "VM Periodic Task Thread"        [id=22744, stack(0x00000054a2600000,0x00000054a2700000) (1024K)]
  0x00000180a1d5c7c0 WorkerThread "GC Thread#0"                     [id=34940, stack(0x00000054a2100000,0x00000054a2200000) (1024K)]
  0x00000180bfebe020 WorkerThread "GC Thread#1"                     [id=7324, stack(0x00000054a3500000,0x00000054a3600000) (1024K)]
  0x00000181058f55e0 WorkerThread "GC Thread#2"                     [id=25740, stack(0x00000054a3600000,0x00000054a3700000) (1024K)]
  0x00000181058f5980 WorkerThread "GC Thread#3"                     [id=24580, stack(0x00000054a3700000,0x00000054a3800000) (1024K)]
  0x00000181056f52c0 WorkerThread "GC Thread#4"                     [id=34724, stack(0x00000054a3800000,0x00000054a3900000) (1024K)]
  0x0000018105d78d20 WorkerThread "GC Thread#5"                     [id=35572, stack(0x00000054a3a00000,0x00000054a3b00000) (1024K)]
  0x000001810698d310 WorkerThread "GC Thread#6"                     [id=28152, stack(0x00000054a3b00000,0x00000054a3c00000) (1024K)]
  0x0000018106c71be0 WorkerThread "GC Thread#7"                     [id=33528, stack(0x00000054a3c00000,0x00000054a3d00000) (1024K)]
  0x0000018105e13000 WorkerThread "GC Thread#8"                     [id=6600, stack(0x00000054a3d00000,0x00000054a3e00000) (1024K)]
  0x0000018105e11a40 WorkerThread "GC Thread#9"                     [id=26704, stack(0x00000054a3e00000,0x00000054a3f00000) (1024K)]
  0x00000180a1d6dc60 ConcurrentGCThread "G1 Main Marker"            [id=24212, stack(0x00000054a2200000,0x00000054a2300000) (1024K)]
  0x00000180a1d71dc0 WorkerThread "G1 Conc#0"                       [id=26884, stack(0x00000054a2300000,0x00000054a2400000) (1024K)]
  0x0000018105e12c60 WorkerThread "G1 Conc#1"                       [id=32592, stack(0x00000054a4200000,0x00000054a4300000) (1024K)]
  0x0000018105e128c0 WorkerThread "G1 Conc#2"                       [id=24216, stack(0x00000054a4300000,0x00000054a4400000) (1024K)]
  0x00000180bf096990 ConcurrentGCThread "G1 Refine#0"               [id=18396, stack(0x00000054a2400000,0x00000054a2500000) (1024K)]
  0x00000180bf0983b0 ConcurrentGCThread "G1 Service"                [id=29064, stack(0x00000054a2500000,0x00000054a2600000) (1024K)]
Total: 18

Threads with active compile tasks:
C2 CompilerThread0    18558 8876   !   4       jdk.internal.loader.BuiltinClassLoader::findClassOnClassPathOrNull (64 bytes)
C2 CompilerThread1    18558 8895       4       jdk.internal.loader.BuiltinClassLoader::defineClass (121 bytes)
Total: 2

VM state: not at safepoint (normal execution)

VM Mutex/Monitor currently owned by a thread: None

Heap address: 0x0000000084e00000, size: 1970 MB, Compressed Oops mode: 32-bit

CDS archive(s) mapped at: [0x00000180c0000000-0x00000180c0c90000-0x00000180c0c90000), size 13172736, SharedBaseAddress: 0x00000180c0000000, ArchiveRelocationMode: 1.
Compressed class space mapped at: 0x00000180c1000000-0x0000018101000000, reserved size: 1073741824
Narrow klass base: 0x00000180c0000000, Narrow klass shift: 0, Narrow klass range: 0x100000000

GC Precious Log:
 CardTable entry size: 512
 Card Set container configuration: InlinePtr #cards 5 size 8 Array Of Cards #cards 12 size 40 Howl #buckets 4 coarsen threshold 1843 Howl Bitmap #cards 512 size 80 coarsen threshold 460 Card regions per heap region 1 cards per card region 2048
 CPUs: 12 total, 12 available
 Memory: 7875M
 Large Page Support: Disabled
 NUMA Support: Disabled
 Compressed Oops: Enabled (32-bit)
 Heap Region Size: 1M
 Heap Min Capacity: 8M
 Heap Initial Capacity: 124M
 Heap Max Capacity: 1970M
 Pre-touch: Disabled
 Parallel Workers: 10
 Concurrent Workers: 3
 Concurrent Refinement Workers: 10
 Periodic GC: Disabled

Heap:
 garbage-first heap   total 132096K, used 61457K [0x0000000084e00000, 0x0000000100000000)
  region size 1024K, 29 young (29696K), 9 survivors (9216K)
 Metaspace       used 84869K, committed 85696K, reserved 1179648K
  class space    used 10087K, committed 10432K, reserved 1048576K

Heap Regions: E=young(eden), S=young(survivor), O=old, HS=humongous(starts), HC=humongous(continues), CS=collection set, F=free, TAMS=top-at-mark-start, PB=parsable bottom
|   0|0x0000000084e00000, 0x0000000084f00000, 0x0000000084f00000|100%|HS|  |TAMS 0x0000000084e00000| PB 0x0000000084e00000| Complete 
|   1|0x0000000084f00000, 0x0000000085000000, 0x0000000085000000|100%|HS|  |TAMS 0x0000000084f00000| PB 0x0000000084f00000| Complete 
|   2|0x0000000085000000, 0x0000000085100000, 0x0000000085100000|100%|HS|  |TAMS 0x0000000085000000| PB 0x0000000085000000| Complete 
|   3|0x0000000085100000, 0x0000000085200000, 0x0000000085200000|100%| O|  |TAMS 0x0000000085100000| PB 0x0000000085100000| Untracked 
|   4|0x0000000085200000, 0x0000000085300000, 0x0000000085300000|100%| O|  |TAMS 0x0000000085200000| PB 0x0000000085200000| Untracked 
|   5|0x0000000085300000, 0x0000000085400000, 0x0000000085400000|100%| O|  |TAMS 0x0000000085300000| PB 0x0000000085300000| Untracked 
|   6|0x0000000085400000, 0x0000000085500000, 0x0000000085500000|100%| O|  |TAMS 0x0000000085400000| PB 0x0000000085400000| Untracked 
|   7|0x0000000085500000, 0x0000000085600000, 0x0000000085600000|100%| O|  |TAMS 0x0000000085500000| PB 0x0000000085500000| Untracked 
|   8|0x0000000085600000, 0x0000000085700000, 0x0000000085700000|100%| O|  |TAMS 0x0000000085600000| PB 0x0000000085600000| Untracked 
|   9|0x0000000085700000, 0x0000000085800000, 0x0000000085800000|100%| O|  |TAMS 0x0000000085700000| PB 0x0000000085700000| Untracked 
|  10|0x0000000085800000, 0x0000000085900000, 0x0000000085900000|100%| O|  |TAMS 0x0000000085800000| PB 0x0000000085800000| Untracked 
|  11|0x0000000085900000, 0x0000000085a00000, 0x0000000085a00000|100%| O|  |TAMS 0x0000000085900000| PB 0x0000000085900000| Untracked 
|  12|0x0000000085a00000, 0x0000000085b00000, 0x0000000085b00000|100%| O|  |TAMS 0x0000000085a00000| PB 0x0000000085a00000| Untracked 
|  13|0x0000000085b00000, 0x0000000085c00000, 0x0000000085c00000|100%| O|  |TAMS 0x0000000085b00000| PB 0x0000000085b00000| Untracked 
|  14|0x0000000085c00000, 0x0000000085d00000, 0x0000000085d00000|100%| O|  |TAMS 0x0000000085c00000| PB 0x0000000085c00000| Untracked 
|  15|0x0000000085d00000, 0x0000000085e00000, 0x0000000085e00000|100%| O|  |TAMS 0x0000000085d00000| PB 0x0000000085d00000| Untracked 
|  16|0x0000000085e00000, 0x0000000085f00000, 0x0000000085f00000|100%| O|  |TAMS 0x0000000085e00000| PB 0x0000000085e00000| Untracked 
|  17|0x0000000085f00000, 0x0000000086000000, 0x0000000086000000|100%| O|  |TAMS 0x0000000085f00000| PB 0x0000000085f00000| Untracked 
|  18|0x0000000086000000, 0x0000000086100000, 0x0000000086100000|100%| O|  |TAMS 0x0000000086000000| PB 0x0000000086000000| Untracked 
|  19|0x0000000086100000, 0x0000000086200000, 0x0000000086200000|100%| O|  |TAMS 0x0000000086100000| PB 0x0000000086100000| Untracked 
|  20|0x0000000086200000, 0x0000000086300000, 0x0000000086300000|100%| O|  |TAMS 0x0000000086200000| PB 0x0000000086200000| Untracked 
|  21|0x0000000086300000, 0x0000000086400000, 0x0000000086400000|100%| O|  |TAMS 0x0000000086300000| PB 0x0000000086300000| Untracked 
|  22|0x0000000086400000, 0x0000000086500000, 0x0000000086500000|100%| O|  |TAMS 0x0000000086400000| PB 0x0000000086400000| Untracked 
|  23|0x0000000086500000, 0x0000000086600000, 0x0000000086600000|100%| O|  |TAMS 0x0000000086500000| PB 0x0000000086500000| Untracked 
|  24|0x0000000086600000, 0x0000000086700000, 0x0000000086700000|100%| O|  |TAMS 0x0000000086600000| PB 0x0000000086600000| Untracked 
|  25|0x0000000086700000, 0x0000000086800000, 0x0000000086800000|100%| O|  |TAMS 0x0000000086700000| PB 0x0000000086700000| Untracked 
|  26|0x0000000086800000, 0x0000000086900000, 0x0000000086900000|100%| O|  |TAMS 0x0000000086800000| PB 0x0000000086800000| Untracked 
|  27|0x0000000086900000, 0x0000000086a00000, 0x0000000086a00000|100%| O|  |TAMS 0x0000000086900000| PB 0x0000000086900000| Untracked 
|  28|0x0000000086a00000, 0x0000000086b00000, 0x0000000086b00000|100%| O|  |TAMS 0x0000000086a00000| PB 0x0000000086a00000| Untracked 
|  29|0x0000000086b00000, 0x0000000086c00000, 0x0000000086c00000|100%| O|  |TAMS 0x0000000086b00000| PB 0x0000000086b00000| Untracked 
|  30|0x0000000086c00000, 0x0000000086d00000, 0x0000000086d00000|100%| O|  |TAMS 0x0000000086c00000| PB 0x0000000086c00000| Untracked 
|  31|0x0000000086d00000, 0x0000000086e00000, 0x0000000086e00000|100%| O|  |TAMS 0x0000000086d00000| PB 0x0000000086d00000| Untracked 
|  32|0x0000000086e00000, 0x0000000086e84510, 0x0000000086f00000| 51%| O|  |TAMS 0x0000000086e00000| PB 0x0000000086e00000| Untracked 
|  33|0x0000000086f00000, 0x0000000086f00000, 0x0000000087000000|  0%| F|  |TAMS 0x0000000086f00000| PB 0x0000000086f00000| Untracked 
|  34|0x0000000087000000, 0x0000000087000000, 0x0000000087100000|  0%| F|  |TAMS 0x0000000087000000| PB 0x0000000087000000| Untracked 
|  35|0x0000000087100000, 0x0000000087100000, 0x0000000087200000|  0%| F|  |TAMS 0x0000000087100000| PB 0x0000000087100000| Untracked 
|  36|0x0000000087200000, 0x0000000087200000, 0x0000000087300000|  0%| F|  |TAMS 0x0000000087200000| PB 0x0000000087200000| Untracked 
|  37|0x0000000087300000, 0x0000000087300000, 0x0000000087400000|  0%| F|  |TAMS 0x0000000087300000| PB 0x0000000087300000| Untracked 
|  38|0x0000000087400000, 0x0000000087400000, 0x0000000087500000|  0%| F|  |TAMS 0x0000000087400000| PB 0x0000000087400000| Untracked 
|  39|0x0000000087500000, 0x0000000087500000, 0x0000000087600000|  0%| F|  |TAMS 0x0000000087500000| PB 0x0000000087500000| Untracked 
|  40|0x0000000087600000, 0x0000000087600000, 0x0000000087700000|  0%| F|  |TAMS 0x0000000087600000| PB 0x0000000087600000| Untracked 
|  41|0x0000000087700000, 0x0000000087700000, 0x0000000087800000|  0%| F|  |TAMS 0x0000000087700000| PB 0x0000000087700000| Untracked 
|  42|0x0000000087800000, 0x0000000087800000, 0x0000000087900000|  0%| F|  |TAMS 0x0000000087800000| PB 0x0000000087800000| Untracked 
|  43|0x0000000087900000, 0x0000000087980000, 0x0000000087a00000| 50%| S|CS|TAMS 0x0000000087900000| PB 0x0000000087900000| Complete 
|  44|0x0000000087a00000, 0x0000000087b00000, 0x0000000087b00000|100%| S|CS|TAMS 0x0000000087a00000| PB 0x0000000087a00000| Complete 
|  45|0x0000000087b00000, 0x0000000087c00000, 0x0000000087c00000|100%| S|CS|TAMS 0x0000000087b00000| PB 0x0000000087b00000| Complete 
|  46|0x0000000087c00000, 0x0000000087d00000, 0x0000000087d00000|100%| S|CS|TAMS 0x0000000087c00000| PB 0x0000000087c00000| Complete 
|  47|0x0000000087d00000, 0x0000000087e00000, 0x0000000087e00000|100%| S|CS|TAMS 0x0000000087d00000| PB 0x0000000087d00000| Complete 
|  48|0x0000000087e00000, 0x0000000087f00000, 0x0000000087f00000|100%| S|CS|TAMS 0x0000000087e00000| PB 0x0000000087e00000| Complete 
|  49|0x0000000087f00000, 0x0000000088000000, 0x0000000088000000|100%| S|CS|TAMS 0x0000000087f00000| PB 0x0000000087f00000| Complete 
|  50|0x0000000088000000, 0x0000000088000000, 0x0000000088100000|  0%| F|  |TAMS 0x0000000088000000| PB 0x0000000088000000| Untracked 
|  51|0x0000000088100000, 0x0000000088100000, 0x0000000088200000|  0%| F|  |TAMS 0x0000000088100000| PB 0x0000000088100000| Untracked 
|  52|0x0000000088200000, 0x0000000088200000, 0x0000000088300000|  0%| F|  |TAMS 0x0000000088200000| PB 0x0000000088200000| Untracked 
|  53|0x0000000088300000, 0x0000000088300000, 0x0000000088400000|  0%| F|  |TAMS 0x0000000088300000| PB 0x0000000088300000| Untracked 
|  54|0x0000000088400000, 0x0000000088400000, 0x0000000088500000|  0%| F|  |TAMS 0x0000000088400000| PB 0x0000000088400000| Untracked 
|  55|0x0000000088500000, 0x0000000088600000, 0x0000000088600000|100%| S|CS|TAMS 0x0000000088500000| PB 0x0000000088500000| Complete 
|  56|0x0000000088600000, 0x0000000088700000, 0x0000000088700000|100%| S|CS|TAMS 0x0000000088600000| PB 0x0000000088600000| Complete 
|  57|0x0000000088700000, 0x0000000088700000, 0x0000000088800000|  0%| F|  |TAMS 0x0000000088700000| PB 0x0000000088700000| Untracked 
|  58|0x0000000088800000, 0x0000000088800000, 0x0000000088900000|  0%| F|  |TAMS 0x0000000088800000| PB 0x0000000088800000| Untracked 
|  59|0x0000000088900000, 0x0000000088900000, 0x0000000088a00000|  0%| F|  |TAMS 0x0000000088900000| PB 0x0000000088900000| Untracked 
|  60|0x0000000088a00000, 0x0000000088a00000, 0x0000000088b00000|  0%| F|  |TAMS 0x0000000088a00000| PB 0x0000000088a00000| Untracked 
|  61|0x0000000088b00000, 0x0000000088b00000, 0x0000000088c00000|  0%| F|  |TAMS 0x0000000088b00000| PB 0x0000000088b00000| Untracked 
|  62|0x0000000088c00000, 0x0000000088c00000, 0x0000000088d00000|  0%| F|  |TAMS 0x0000000088c00000| PB 0x0000000088c00000| Untracked 
|  63|0x0000000088d00000, 0x0000000088d00000, 0x0000000088e00000|  0%| F|  |TAMS 0x0000000088d00000| PB 0x0000000088d00000| Untracked 
|  64|0x0000000088e00000, 0x0000000088e00000, 0x0000000088f00000|  0%| F|  |TAMS 0x0000000088e00000| PB 0x0000000088e00000| Untracked 
|  65|0x0000000088f00000, 0x0000000088f00000, 0x0000000089000000|  0%| F|  |TAMS 0x0000000088f00000| PB 0x0000000088f00000| Untracked 
|  66|0x0000000089000000, 0x0000000089000000, 0x0000000089100000|  0%| F|  |TAMS 0x0000000089000000| PB 0x0000000089000000| Untracked 
|  67|0x0000000089100000, 0x0000000089100000, 0x0000000089200000|  0%| F|  |TAMS 0x0000000089100000| PB 0x0000000089100000| Untracked 
|  68|0x0000000089200000, 0x0000000089200000, 0x0000000089300000|  0%| F|  |TAMS 0x0000000089200000| PB 0x0000000089200000| Untracked 
|  69|0x0000000089300000, 0x0000000089300000, 0x0000000089400000|  0%| F|  |TAMS 0x0000000089300000| PB 0x0000000089300000| Untracked 
|  70|0x0000000089400000, 0x0000000089400000, 0x0000000089500000|  0%| F|  |TAMS 0x0000000089400000| PB 0x0000000089400000| Untracked 
|  71|0x0000000089500000, 0x0000000089500000, 0x0000000089600000|  0%| F|  |TAMS 0x0000000089500000| PB 0x0000000089500000| Untracked 
|  72|0x0000000089600000, 0x0000000089600000, 0x0000000089700000|  0%| F|  |TAMS 0x0000000089600000| PB 0x0000000089600000| Untracked 
|  73|0x0000000089700000, 0x0000000089700000, 0x0000000089800000|  0%| F|  |TAMS 0x0000000089700000| PB 0x0000000089700000| Untracked 
|  74|0x0000000089800000, 0x0000000089800000, 0x0000000089900000|  0%| F|  |TAMS 0x0000000089800000| PB 0x0000000089800000| Untracked 
|  75|0x0000000089900000, 0x0000000089900000, 0x0000000089a00000|  0%| F|  |TAMS 0x0000000089900000| PB 0x0000000089900000| Untracked 
|  76|0x0000000089a00000, 0x0000000089a00000, 0x0000000089b00000|  0%| F|  |TAMS 0x0000000089a00000| PB 0x0000000089a00000| Untracked 
|  77|0x0000000089b00000, 0x0000000089b00000, 0x0000000089c00000|  0%| F|  |TAMS 0x0000000089b00000| PB 0x0000000089b00000| Untracked 
|  78|0x0000000089c00000, 0x0000000089c00000, 0x0000000089d00000|  0%| F|  |TAMS 0x0000000089c00000| PB 0x0000000089c00000| Untracked 
|  79|0x0000000089d00000, 0x0000000089d00000, 0x0000000089e00000|  0%| F|  |TAMS 0x0000000089d00000| PB 0x0000000089d00000| Untracked 
|  80|0x0000000089e00000, 0x0000000089e00000, 0x0000000089f00000|  0%| F|  |TAMS 0x0000000089e00000| PB 0x0000000089e00000| Untracked 
|  81|0x0000000089f00000, 0x0000000089f00000, 0x000000008a000000|  0%| F|  |TAMS 0x0000000089f00000| PB 0x0000000089f00000| Untracked 
|  82|0x000000008a000000, 0x000000008a000000, 0x000000008a100000|  0%| F|  |TAMS 0x000000008a000000| PB 0x000000008a000000| Untracked 
|  83|0x000000008a100000, 0x000000008a100000, 0x000000008a200000|  0%| F|  |TAMS 0x000000008a100000| PB 0x000000008a100000| Untracked 
|  84|0x000000008a200000, 0x000000008a200000, 0x000000008a300000|  0%| F|  |TAMS 0x000000008a200000| PB 0x000000008a200000| Untracked 
|  85|0x000000008a300000, 0x000000008a300000, 0x000000008a400000|  0%| F|  |TAMS 0x000000008a300000| PB 0x000000008a300000| Untracked 
|  86|0x000000008a400000, 0x000000008a400000, 0x000000008a500000|  0%| F|  |TAMS 0x000000008a400000| PB 0x000000008a400000| Untracked 
|  87|0x000000008a500000, 0x000000008a500000, 0x000000008a600000|  0%| F|  |TAMS 0x000000008a500000| PB 0x000000008a500000| Untracked 
|  88|0x000000008a600000, 0x000000008a600000, 0x000000008a700000|  0%| F|  |TAMS 0x000000008a600000| PB 0x000000008a600000| Untracked 
|  89|0x000000008a700000, 0x000000008a700000, 0x000000008a800000|  0%| F|  |TAMS 0x000000008a700000| PB 0x000000008a700000| Untracked 
|  90|0x000000008a800000, 0x000000008a800000, 0x000000008a900000|  0%| F|  |TAMS 0x000000008a800000| PB 0x000000008a800000| Untracked 
|  91|0x000000008a900000, 0x000000008a900000, 0x000000008aa00000|  0%| F|  |TAMS 0x000000008a900000| PB 0x000000008a900000| Untracked 
|  92|0x000000008aa00000, 0x000000008aa00000, 0x000000008ab00000|  0%| F|  |TAMS 0x000000008aa00000| PB 0x000000008aa00000| Untracked 
|  93|0x000000008ab00000, 0x000000008ab00000, 0x000000008ac00000|  0%| F|  |TAMS 0x000000008ab00000| PB 0x000000008ab00000| Untracked 
|  94|0x000000008ac00000, 0x000000008ac00000, 0x000000008ad00000|  0%| F|  |TAMS 0x000000008ac00000| PB 0x000000008ac00000| Untracked 
|  95|0x000000008ad00000, 0x000000008ad00000, 0x000000008ae00000|  0%| F|  |TAMS 0x000000008ad00000| PB 0x000000008ad00000| Untracked 
|  96|0x000000008ae00000, 0x000000008ae00000, 0x000000008af00000|  0%| F|  |TAMS 0x000000008ae00000| PB 0x000000008ae00000| Untracked 
|  97|0x000000008af00000, 0x000000008af00000, 0x000000008b000000|  0%| F|  |TAMS 0x000000008af00000| PB 0x000000008af00000| Untracked 
|  98|0x000000008b000000, 0x000000008b000000, 0x000000008b100000|  0%| F|  |TAMS 0x000000008b000000| PB 0x000000008b000000| Untracked 
|  99|0x000000008b100000, 0x000000008b100000, 0x000000008b200000|  0%| F|  |TAMS 0x000000008b100000| PB 0x000000008b100000| Untracked 
| 100|0x000000008b200000, 0x000000008b200000, 0x000000008b300000|  0%| F|  |TAMS 0x000000008b200000| PB 0x000000008b200000| Untracked 
| 101|0x000000008b300000, 0x000000008b300000, 0x000000008b400000|  0%| F|  |TAMS 0x000000008b300000| PB 0x000000008b300000| Untracked 
| 102|0x000000008b400000, 0x000000008b400000, 0x000000008b500000|  0%| F|  |TAMS 0x000000008b400000| PB 0x000000008b400000| Untracked 
| 103|0x000000008b500000, 0x000000008b500000, 0x000000008b600000|  0%| F|  |TAMS 0x000000008b500000| PB 0x000000008b500000| Untracked 
| 104|0x000000008b600000, 0x000000008b600000, 0x000000008b700000|  0%| F|  |TAMS 0x000000008b600000| PB 0x000000008b600000| Untracked 
| 105|0x000000008b700000, 0x000000008b700000, 0x000000008b800000|  0%| F|  |TAMS 0x000000008b700000| PB 0x000000008b700000| Untracked 
| 106|0x000000008b800000, 0x000000008b800000, 0x000000008b900000|  0%| F|  |TAMS 0x000000008b800000| PB 0x000000008b800000| Untracked 
| 107|0x000000008b900000, 0x000000008b900000, 0x000000008ba00000|  0%| F|  |TAMS 0x000000008b900000| PB 0x000000008b900000| Untracked 
| 108|0x000000008ba00000, 0x000000008ba00000, 0x000000008bb00000|  0%| F|  |TAMS 0x000000008ba00000| PB 0x000000008ba00000| Untracked 
| 109|0x000000008bb00000, 0x000000008bb81258, 0x000000008bc00000| 50%| E|  |TAMS 0x000000008bb00000| PB 0x000000008bb00000| Complete 
| 110|0x000000008bc00000, 0x000000008bd00000, 0x000000008bd00000|100%| E|CS|TAMS 0x000000008bc00000| PB 0x000000008bc00000| Complete 
| 111|0x000000008bd00000, 0x000000008be00000, 0x000000008be00000|100%| E|CS|TAMS 0x000000008bd00000| PB 0x000000008bd00000| Complete 
| 112|0x000000008be00000, 0x000000008bf00000, 0x000000008bf00000|100%| E|CS|TAMS 0x000000008be00000| PB 0x000000008be00000| Complete 
| 113|0x000000008bf00000, 0x000000008c000000, 0x000000008c000000|100%| E|CS|TAMS 0x000000008bf00000| PB 0x000000008bf00000| Complete 
| 114|0x000000008c000000, 0x000000008c100000, 0x000000008c100000|100%| E|CS|TAMS 0x000000008c000000| PB 0x000000008c000000| Complete 
| 115|0x000000008c100000, 0x000000008c200000, 0x000000008c200000|100%| E|CS|TAMS 0x000000008c100000| PB 0x000000008c100000| Complete 
| 116|0x000000008c200000, 0x000000008c300000, 0x000000008c300000|100%| E|CS|TAMS 0x000000008c200000| PB 0x000000008c200000| Complete 
| 117|0x000000008c300000, 0x000000008c400000, 0x000000008c400000|100%| E|CS|TAMS 0x000000008c300000| PB 0x000000008c300000| Complete 
| 118|0x000000008c400000, 0x000000008c500000, 0x000000008c500000|100%| E|CS|TAMS 0x000000008c400000| PB 0x000000008c400000| Complete 
| 119|0x000000008c500000, 0x000000008c600000, 0x000000008c600000|100%| E|CS|TAMS 0x000000008c500000| PB 0x000000008c500000| Complete 
| 120|0x000000008c600000, 0x000000008c700000, 0x000000008c700000|100%| E|CS|TAMS 0x000000008c600000| PB 0x000000008c600000| Complete 
| 121|0x000000008c700000, 0x000000008c800000, 0x000000008c800000|100%| E|CS|TAMS 0x000000008c700000| PB 0x000000008c700000| Complete 
| 122|0x000000008c800000, 0x000000008c900000, 0x000000008c900000|100%| E|CS|TAMS 0x000000008c800000| PB 0x000000008c800000| Complete 
| 123|0x000000008c900000, 0x000000008ca00000, 0x000000008ca00000|100%| E|CS|TAMS 0x000000008c900000| PB 0x000000008c900000| Complete 
| 124|0x000000008ca00000, 0x000000008cb00000, 0x000000008cb00000|100%| E|CS|TAMS 0x000000008ca00000| PB 0x000000008ca00000| Complete 
| 125|0x000000008cb00000, 0x000000008cc00000, 0x000000008cc00000|100%| E|CS|TAMS 0x000000008cb00000| PB 0x000000008cb00000| Complete 
| 126|0x000000008cc00000, 0x000000008cd00000, 0x000000008cd00000|100%| E|CS|TAMS 0x000000008cc00000| PB 0x000000008cc00000| Complete 
| 127|0x000000008cd00000, 0x000000008ce00000, 0x000000008ce00000|100%| E|CS|TAMS 0x000000008cd00000| PB 0x000000008cd00000| Complete 
| 128|0x000000008ce00000, 0x000000008cf00000, 0x000000008cf00000|100%| E|CS|TAMS 0x000000008ce00000| PB 0x000000008ce00000| Complete 

Card table byte_map: [0x00000180ba2f0000,0x00000180ba6d0000] _byte_map_base: 0x00000180b9ec9000

Marking Bits: (CMBitMap*) 0x00000180a1d5cec0
 Bits: [0x00000180ba6d0000, 0x00000180bc598000)

Polling page: 0x00000180a0240000

Metaspace:

Usage:
  Non-class:     73.03 MB used.
      Class:      9.85 MB used.
       Both:     82.88 MB used.

Virtual space:
  Non-class space:      128.00 MB reserved,      73.50 MB ( 57%) committed,  2 nodes.
      Class space:        1.00 GB reserved,      10.19 MB ( <1%) committed,  1 nodes.
             Both:        1.12 GB reserved,      83.69 MB (  7%) committed. 

Chunk freelists:
   Non-Class:  5.73 MB
       Class:  5.72 MB
        Both:  11.45 MB

MaxMetaspaceSize: unlimited
CompressedClassSpaceSize: 1.00 GB
Initial GC threshold: 21.00 MB
Current GC threshold: 98.56 MB
CDS: on
 - commit_granule_bytes: 65536.
 - commit_granule_words: 8192.
 - virtual_space_node_default_size: 8388608.
 - enlarge_chunks_in_place: 1.
 - use_allocation_guard: 0.


Internal statistics:

num_allocs_failed_limit: 14.
num_arena_births: 1116.
num_arena_deaths: 0.
num_vsnodes_births: 3.
num_vsnodes_deaths: 0.
num_space_committed: 1339.
num_space_uncommitted: 0.
num_chunks_returned_to_freelist: 14.
num_chunks_taken_from_freelist: 4189.
num_chunk_merges: 11.
num_chunk_splits: 3031.
num_chunks_enlarged: 2351.
num_inconsistent_stats: 0.

CodeHeap 'non-profiled nmethods': size=120000Kb used=7058Kb max_used=7058Kb free=112941Kb
 bounds [0x00000180b1d40000, 0x00000180b2430000, 0x00000180b9270000]
CodeHeap 'profiled nmethods': size=120000Kb used=15800Kb max_used=15800Kb free=104199Kb
 bounds [0x00000180aa270000, 0x00000180ab1e0000, 0x00000180b17a0000]
CodeHeap 'non-nmethods': size=5760Kb used=1739Kb max_used=1784Kb free=4020Kb
 bounds [0x00000180b17a0000, 0x00000180b1a10000, 0x00000180b1d40000]
 total_blobs=8580 nmethods=7823 adapters=660
 compilation: enabled
              stopped_count=0, restarted_count=0
 full_count=0

Compilation events (20 events):
Event: 17.507 Thread 0x00000180bf2127e0 8902       3       java.net.URI::toURL (6 bytes)
Event: 17.507 Thread 0x00000180bf2127e0 nmethod 8902 0x00000180ab1c9610 code [0x00000180ab1c97c0, 0x00000180ab1c9908]
Event: 17.507 Thread 0x00000180bf2127e0 8903   !   3       java.net.URL::of (255 bytes)
Event: 17.508 Thread 0x00000180bf2127e0 nmethod 8903 0x00000180ab1c9990 code [0x00000180ab1c9de0, 0x00000180ab1cba00]
Event: 17.509 Thread 0x00000180bf2127e0 8904       3       sun.nio.fs.WindowsFileAttributes::lastModifiedTime (8 bytes)
Event: 17.509 Thread 0x00000180bf2127e0 nmethod 8904 0x00000180ab1cc410 code [0x00000180ab1cc5c0, 0x00000180ab1cc700]
Event: 17.509 Thread 0x00000180bf2127e0 8905   !   3       sun.nio.fs.WindowsFileAttributes::toFileTime (47 bytes)
Event: 17.509 Thread 0x00000180bf2127e0 nmethod 8905 0x00000180ab1cc790 code [0x00000180ab1cc980, 0x00000180ab1ccc20]
Event: 17.510 Thread 0x00000180bf2127e0 8906   !   3       java.nio.DirectLongBufferU::get (36 bytes)
Event: 17.510 Thread 0x00000180bf2127e0 nmethod 8906 0x00000180ab1ccd90 code [0x00000180ab1ccfe0, 0x00000180ab1cd950]
Event: 17.510 Thread 0x00000180bf2127e0 8907   !   3       jdk.internal.misc.ScopedMemoryAccess::getLong (16 bytes)
Event: 17.510 Thread 0x00000180bf2127e0 nmethod 8907 0x00000180ab1cde90 code [0x00000180ab1ce080, 0x00000180ab1ce4c8]
Event: 17.510 Thread 0x00000180bf2127e0 8908   !   3       jdk.internal.misc.ScopedMemoryAccess::getLongInternal (34 bytes)
Event: 17.510 Thread 0x0000018108d0abb0 nmethod 8892 0x00000180b241e390 code [0x00000180b241e620, 0x00000180b241f808]
Event: 17.510 Thread 0x00000180bf2127e0 nmethod 8908 0x00000180ab1ce710 code [0x00000180ab1ce8e0, 0x00000180ab1cebe0]
Event: 17.510 Thread 0x0000018108d0abb0 8896   !   4       jdk.internal.loader.Resource::getBytes (244 bytes)
Event: 17.515 Thread 0x00000180bf2127e0 8909       3       sun.nio.fs.WindowsPath::getFileSystem (5 bytes)
Event: 17.515 Thread 0x00000180bf2127e0 nmethod 8909 0x00000180ab1ced90 code [0x00000180ab1cef20, 0x00000180ab1cf0c8]
Event: 18.176 Thread 0x00000180bf2127e0 8910       3       java.util.concurrent.locks.AbstractQueuedSynchronizer::acquire (20 bytes)
Event: 18.176 Thread 0x00000180bf2127e0 nmethod 8910 0x00000180ab1cf190 code [0x00000180ab1cf360, 0x00000180ab1cf5d8]

GC Heap History (20 events):
Event: 6.520 GC heap before
{Heap before GC invocations=20 (full 0):
 garbage-first heap   total 103424K, used 83456K [0x0000000084e00000, 0x0000000100000000)
  region size 1024K, 60 young (61440K), 6 survivors (6144K)
 Metaspace       used 56084K, committed 56640K, reserved 1114112K
  class space    used 6519K, committed 6784K, reserved 1048576K
}
Event: 6.527 GC heap after
{Heap after GC invocations=21 (full 0):
 garbage-first heap   total 103424K, used 29336K [0x0000000084e00000, 0x0000000100000000)
  region size 1024K, 6 young (6144K), 6 survivors (6144K)
 Metaspace       used 56084K, committed 56640K, reserved 1114112K
  class space    used 6519K, committed 6784K, reserved 1048576K
}
Event: 6.877 GC heap before
{Heap before GC invocations=21 (full 0):
 garbage-first heap   total 103424K, used 84632K [0x0000000084e00000, 0x0000000100000000)
  region size 1024K, 60 young (61440K), 6 survivors (6144K)
 Metaspace       used 59034K, committed 59712K, reserved 1114112K
  class space    used 6817K, committed 7104K, reserved 1048576K
}
Event: 6.884 GC heap after
{Heap after GC invocations=22 (full 0):
 garbage-first heap   total 124928K, used 29548K [0x0000000084e00000, 0x0000000100000000)
  region size 1024K, 5 young (5120K), 5 survivors (5120K)
 Metaspace       used 59034K, committed 59712K, reserved 1114112K
  class space    used 6817K, committed 7104K, reserved 1048576K
}
Event: 6.962 GC heap before
{Heap before GC invocations=22 (full 0):
 garbage-first heap   total 124928K, used 44908K [0x0000000084e00000, 0x0000000100000000)
  region size 1024K, 22 young (22528K), 5 survivors (5120K)
 Metaspace       used 59486K, committed 60096K, reserved 1114112K
  class space    used 6874K, committed 7168K, reserved 1048576K
}
Event: 6.967 GC heap after
{Heap after GC invocations=23 (full 0):
 garbage-first heap   total 124928K, used 29969K [0x0000000084e00000, 0x0000000100000000)
  region size 1024K, 5 young (5120K), 5 survivors (5120K)
 Metaspace       used 59486K, committed 60096K, reserved 1114112K
  class space    used 6874K, committed 7168K, reserved 1048576K
}
Event: 7.290 GC heap before
{Heap before GC invocations=24 (full 0):
 garbage-first heap   total 109568K, used 89361K [0x0000000084e00000, 0x0000000100000000)
  region size 1024K, 64 young (65536K), 5 survivors (5120K)
 Metaspace       used 63856K, committed 64512K, reserved 1114112K
  class space    used 7573K, committed 7872K, reserved 1048576K
}
Event: 7.297 GC heap after
{Heap after GC invocations=25 (full 0):
 garbage-first heap   total 109568K, used 30506K [0x0000000084e00000, 0x0000000100000000)
  region size 1024K, 5 young (5120K), 5 survivors (5120K)
 Metaspace       used 63856K, committed 64512K, reserved 1114112K
  class space    used 7573K, committed 7872K, reserved 1048576K
}
Event: 7.636 GC heap before
{Heap before GC invocations=25 (full 0):
 garbage-first heap   total 109568K, used 90922K [0x0000000084e00000, 0x0000000100000000)
  region size 1024K, 64 young (65536K), 5 survivors (5120K)
 Metaspace       used 66781K, committed 67456K, reserved 1114112K
  class space    used 7951K, committed 8256K, reserved 1048576K
}
Event: 7.642 GC heap after
{Heap after GC invocations=26 (full 0):
 garbage-first heap   total 109568K, used 32314K [0x0000000084e00000, 0x0000000100000000)
  region size 1024K, 7 young (7168K), 7 survivors (7168K)
 Metaspace       used 66781K, committed 67456K, reserved 1114112K
  class space    used 7951K, committed 8256K, reserved 1048576K
}
Event: 8.004 GC heap before
{Heap before GC invocations=26 (full 0):
 garbage-first heap   total 109568K, used 90682K [0x0000000084e00000, 0x0000000100000000)
  region size 1024K, 64 young (65536K), 7 survivors (7168K)
 Metaspace       used 70068K, committed 70784K, reserved 1114112K
  class space    used 8335K, committed 8640K, reserved 1048576K
}
Event: 8.011 GC heap after
{Heap after GC invocations=27 (full 0):
 garbage-first heap   total 132096K, used 31739K [0x0000000084e00000, 0x0000000100000000)
  region size 1024K, 3 young (3072K), 3 survivors (3072K)
 Metaspace       used 70068K, committed 70784K, reserved 1114112K
  class space    used 8335K, committed 8640K, reserved 1048576K
}
Event: 8.584 GC heap before
{Heap before GC invocations=27 (full 0):
 garbage-first heap   total 132096K, used 107515K [0x0000000084e00000, 0x0000000100000000)
  region size 1024K, 77 young (78848K), 3 survivors (3072K)
 Metaspace       used 74305K, committed 74944K, reserved 1179648K
  class space    used 8811K, committed 9088K, reserved 1048576K
}
Event: 8.589 GC heap after
{Heap after GC invocations=28 (full 0):
 garbage-first heap   total 132096K, used 33615K [0x0000000084e00000, 0x0000000100000000)
  region size 1024K, 5 young (5120K), 5 survivors (5120K)
 Metaspace       used 74305K, committed 74944K, reserved 1179648K
  class space    used 8811K, committed 9088K, reserved 1048576K
}
Event: 10.065 GC heap before
{Heap before GC invocations=28 (full 0):
 garbage-first heap   total 132096K, used 107343K [0x0000000084e00000, 0x0000000100000000)
  region size 1024K, 77 young (78848K), 5 survivors (5120K)
 Metaspace       used 77744K, committed 78464K, reserved 1179648K
  class space    used 9226K, committed 9536K, reserved 1048576K
}
Event: 10.071 GC heap after
{Heap after GC invocations=29 (full 0):
 garbage-first heap   total 132096K, used 35839K [0x0000000084e00000, 0x0000000100000000)
  region size 1024K, 7 young (7168K), 7 survivors (7168K)
 Metaspace       used 77744K, committed 78464K, reserved 1179648K
  class space    used 9226K, committed 9536K, reserved 1048576K
}
Event: 11.624 GC heap before
{Heap before GC invocations=29 (full 0):
 garbage-first heap   total 132096K, used 107519K [0x0000000084e00000, 0x0000000100000000)
  region size 1024K, 77 young (78848K), 7 survivors (7168K)
 Metaspace       used 81314K, committed 82048K, reserved 1179648K
  class space    used 9692K, committed 9984K, reserved 1048576K
}
Event: 11.632 GC heap after
{Heap after GC invocations=30 (full 0):
 garbage-first heap   total 132096K, used 37681K [0x0000000084e00000, 0x0000000100000000)
  region size 1024K, 7 young (7168K), 7 survivors (7168K)
 Metaspace       used 81314K, committed 82048K, reserved 1179648K
  class space    used 9692K, committed 9984K, reserved 1048576K
}
Event: 17.416 GC heap before
{Heap before GC invocations=30 (full 0):
 garbage-first heap   total 132096K, used 109361K [0x0000000084e00000, 0x0000000100000000)
  region size 1024K, 77 young (78848K), 7 survivors (7168K)
 Metaspace       used 83926K, committed 84672K, reserved 1179648K
  class space    used 10007K, committed 10368K, reserved 1048576K
}
Event: 17.424 GC heap after
{Heap after GC invocations=31 (full 0):
 garbage-first heap   total 132096K, used 42001K [0x0000000084e00000, 0x0000000100000000)
  region size 1024K, 9 young (9216K), 9 survivors (9216K)
 Metaspace       used 83926K, committed 84672K, reserved 1179648K
  class space    used 10007K, committed 10368K, reserved 1048576K
}

Dll operation events (13 events):
Event: 0.008 Loaded shared library C:\Program Files\Java\jdk-21\bin\java.dll
Event: 0.049 Loaded shared library C:\Program Files\Java\jdk-21\bin\jsvml.dll
Event: 0.071 Loaded shared library C:\Program Files\Java\jdk-21\bin\zip.dll
Event: 0.075 Loaded shared library C:\Program Files\Java\jdk-21\bin\instrument.dll
Event: 0.078 Loaded shared library C:\Program Files\Java\jdk-21\bin\net.dll
Event: 0.081 Loaded shared library C:\Program Files\Java\jdk-21\bin\nio.dll
Event: 0.084 Loaded shared library C:\Program Files\Java\jdk-21\bin\zip.dll
Event: 0.152 Loaded shared library C:\Program Files\Java\jdk-21\bin\verify.dll
Event: 0.185 Loaded shared library C:\Program Files\Java\jdk-21\bin\jimage.dll
Event: 0.388 Loaded shared library C:\Program Files\Java\jdk-21\bin\management.dll
Event: 0.393 Loaded shared library C:\Program Files\Java\jdk-21\bin\management_ext.dll
Event: 3.011 Loaded shared library C:\Program Files\Java\jdk-21\bin\sunmscapi.dll
Event: 5.485 Loaded shared library C:\Program Files\Java\jdk-21\bin\extnet.dll

Deoptimization events (20 events):
Event: 17.365 Thread 0x00000180a1d07e70 Uncommon trap: trap_request=0xffffff45 fr.pc=0x00000180b2404744 relative=0x00000000000004a4
Event: 17.365 Thread 0x00000180a1d07e70 Uncommon trap: reason=unstable_if action=reinterpret pc=0x00000180b2404744 method=java.lang.Class.getMethod0(Ljava/lang/String;[Ljava/lang/Class;)Ljava/lang/reflect/Method; @ 3 c2
Event: 17.365 Thread 0x00000180a1d07e70 DEOPT PACKING pc=0x00000180b2404744 sp=0x00000054a20f9fd0
Event: 17.365 Thread 0x00000180a1d07e70 DEOPT UNPACKING pc=0x00000180b17f46a2 sp=0x00000054a20f9f28 mode 2
Event: 17.424 Thread 0x00000180bf203810 Uncommon trap: trap_request=0xffffffde fr.pc=0x00000180b22f21bc relative=0x00000000000004dc
Event: 17.424 Thread 0x00000180bf203810 Uncommon trap: reason=class_check action=maybe_recompile pc=0x00000180b22f21bc method=jdk.internal.ref.PhantomCleanable.clean()V @ 12 c2
Event: 17.424 Thread 0x00000180bf203810 DEOPT PACKING pc=0x00000180b22f21bc sp=0x00000054a30ff290
Event: 17.424 Thread 0x00000180bf203810 DEOPT UNPACKING pc=0x00000180b17f46a2 sp=0x00000054a30ff270 mode 2
Event: 17.424 Thread 0x00000180bf203810 Uncommon trap: trap_request=0xffffffde fr.pc=0x00000180b22f21bc relative=0x00000000000004dc
Event: 17.424 Thread 0x00000180bf203810 Uncommon trap: reason=class_check action=maybe_recompile pc=0x00000180b22f21bc method=jdk.internal.ref.PhantomCleanable.clean()V @ 12 c2
Event: 17.424 Thread 0x00000180bf203810 DEOPT PACKING pc=0x00000180b22f21bc sp=0x00000054a30ff290
Event: 17.424 Thread 0x00000180bf203810 DEOPT UNPACKING pc=0x00000180b17f46a2 sp=0x00000054a30ff270 mode 2
Event: 17.424 Thread 0x00000180bf203810 Uncommon trap: trap_request=0xffffffde fr.pc=0x00000180b22f21bc relative=0x00000000000004dc
Event: 17.424 Thread 0x00000180bf203810 Uncommon trap: reason=class_check action=maybe_recompile pc=0x00000180b22f21bc method=jdk.internal.ref.PhantomCleanable.clean()V @ 12 c2
Event: 17.424 Thread 0x00000180bf203810 DEOPT PACKING pc=0x00000180b22f21bc sp=0x00000054a30ff290
Event: 17.424 Thread 0x00000180bf203810 DEOPT UNPACKING pc=0x00000180b17f46a2 sp=0x00000054a30ff270 mode 2
Event: 17.424 Thread 0x00000180bf203810 Uncommon trap: trap_request=0xffffffde fr.pc=0x00000180b22f21bc relative=0x00000000000004dc
Event: 17.424 Thread 0x00000180bf203810 Uncommon trap: reason=class_check action=maybe_recompile pc=0x00000180b22f21bc method=jdk.internal.ref.PhantomCleanable.clean()V @ 12 c2
Event: 17.424 Thread 0x00000180bf203810 DEOPT PACKING pc=0x00000180b22f21bc sp=0x00000054a30ff290
Event: 17.424 Thread 0x00000180bf203810 DEOPT UNPACKING pc=0x00000180b17f46a2 sp=0x00000054a30ff270 mode 2

Classes loaded (20 events):
Event: 17.428 Loading class java/nio/BufferUnderflowException
Event: 17.429 Loading class java/nio/BufferUnderflowException done
Event: 17.437 Loading class java/io/FileReader
Event: 17.437 Loading class java/io/FileReader done
Event: 17.455 Loading class javax/management/NotificationBroadcasterSupport
Event: 17.455 Loading class javax/management/NotificationBroadcasterSupport done
Event: 17.455 Loading class javax/management/NotificationBroadcasterSupport$1
Event: 17.455 Loading class javax/management/NotificationBroadcasterSupport$1 done
Event: 17.455 Loading class javax/management/MBeanNotificationInfo
Event: 17.456 Loading class javax/management/MBeanNotificationInfo done
Event: 17.456 Loading class com/sun/jmx/remote/util/ClassLogger
Event: 17.456 Loading class com/sun/jmx/remote/util/ClassLogger done
Event: 17.483 Loading class com/sun/jmx/mbeanserver/GetPropertyAction
Event: 17.484 Loading class com/sun/jmx/mbeanserver/GetPropertyAction done
Event: 17.484 Loading class javax/management/ObjectName$Property
Event: 17.484 Loading class javax/management/ObjectName$Property done
Event: 17.484 Loading class com/sun/jmx/mbeanserver/Util
Event: 17.484 Loading class com/sun/jmx/mbeanserver/Util done
Event: 17.501 Loading class java/util/logging/LogRecord
Event: 17.502 Loading class java/util/logging/LogRecord done

Classes unloaded (0 events):
No events

Classes redefined (0 events):
No events

Internal exceptions (20 events):
Event: 11.448 Thread 0x00000180a1d07e70 Implicit null exception at 0x00000180b21197f3 to 0x00000180b2119c20
Event: 11.490 Thread 0x00000180a1d07e70 Exception <a 'java/lang/IncompatibleClassChangeError'{0x0000000089697ce0}: Found class java.lang.Object, but interface was expected> (0x0000000089697ce0) 
thrown [s\open\src\hotspot\share\interpreter\linkResolver.cpp, line 840]
Event: 11.499 Thread 0x00000180a1d07e70 Implicit null exception at 0x00000180b209a340 to 0x00000180b209a5e4
Event: 11.526 Thread 0x00000180a1d07e70 Exception <a 'java/lang/NoSuchMethodError'{0x00000000892c9708}: 'java.lang.Object java.lang.invoke.Invokers$Holder.invoke_MT(java.lang.Object, java.lang.Object, java.lang.Object, java.lang.Object, java.lang.Object, java.lang.Object, java.lang.Object, java.lang.Object, java.lang.Object, java.lang.Object, java.lang.Object)'> (0x00000000892c9708) 
thrown [s\open\src\hotspot\share\interpreter\linkResolver.cpp, line 773]
Event: 11.595 Thread 0x00000180a1d07e70 Exception <a 'java/lang/NoSuchMethodError'{0x0000000088c636b8}: 'java.lang.Object java.lang.invoke.DirectMethodHandle$Holder.newInvokeSpecial(java.lang.Object, java.lang.Object, int, java.lang.Object, java.lang.Object)'> (0x0000000088c636b8) 
thrown [s\open\src\hotspot\share\interpreter\linkResolver.cpp, line 773]
Event: 11.670 Thread 0x00000180a1d07e70 Exception <a 'java/lang/NoSuchMethodError'{0x000000008ca9da08}: method resolution failed> (0x000000008ca9da08) 
thrown [s\open\src\hotspot\share\prims\methodHandles.cpp, line 1144]
Event: 11.693 Thread 0x00000180a1d07e70 Exception <a 'java/lang/NoSuchMethodError'{0x000000008c9f0338}: 'void java.lang.invoke.DirectMethodHandle$Holder.invokeStatic(java.lang.Object, long)'> (0x000000008c9f0338) 
thrown [s\open\src\hotspot\share\interpreter\linkResolver.cpp, line 773]
Event: 15.924 Thread 0x00000180a1d07e70 Exception <a 'java/lang/NoSuchMethodError'{0x000000008bc3ef90}: 'void java.lang.invoke.DirectMethodHandle$Holder.invokeStatic(java.lang.Object, java.lang.Object, java.lang.Object, java.lang.Object, java.lang.Object, java.lang.Object, java.lang.Object)'> (0x000000008bc3ef90) 
thrown [s\open\src\hotspot\share\interpreter\linkResolver.cpp, line 773]
Event: 16.021 Thread 0x00000180a1d07e70 Implicit null exception at 0x00000180b23ce6f7 to 0x00000180b23cf62c
Event: 17.290 Thread 0x00000180a1d07e70 Exception <a 'java/lang/NoClassDefFoundError'{0x000000008a125380}: org/flywaydb/core/Flyway> (0x000000008a125380) 
thrown [s\open\src\hotspot\share\oops\constantPool.cpp, line 873]
Event: 17.290 Thread 0x00000180a1d07e70 Exception <a 'java/lang/NoClassDefFoundError'{0x000000008a1264a0}: liquibase/integration/spring/SpringLiquibase> (0x000000008a1264a0) 
thrown [s\open\src\hotspot\share\oops\constantPool.cpp, line 873]
Event: 17.291 Thread 0x00000180a1d07e70 Exception <a 'java/lang/NoClassDefFoundError'{0x000000008a146060}: org/jooq/DSLContext> (0x000000008a146060) 
thrown [s\open\src\hotspot\share\oops\constantPool.cpp, line 873]
Event: 17.293 Thread 0x00000180a1d07e70 Exception <a 'java/lang/NoClassDefFoundError'{0x000000008a1935c8}: org/springframework/batch/core/repository/JobRepository> (0x000000008a1935c8) 
thrown [s\open\src\hotspot\share\oops\constantPool.cpp, line 873]
Event: 17.293 Thread 0x00000180a1d07e70 Exception <a 'java/lang/NoClassDefFoundError'{0x000000008a1946e0}: org/quartz/Scheduler> (0x000000008a1946e0) 
thrown [s\open\src\hotspot\share\oops\constantPool.cpp, line 873]
Event: 17.293 Thread 0x00000180a1d07e70 Exception <a 'java/lang/NoClassDefFoundError'{0x000000008a195820}: org/springframework/session/jdbc/JdbcIndexedSessionRepository> (0x000000008a195820) 
thrown [s\open\src\hotspot\share\oops\constantPool.cpp, line 873]
Event: 17.299 Thread 0x00000180a1d07e70 Implicit null exception at 0x00000180b22cfd3c to 0x00000180b22d17a8
Event: 17.480 Thread 0x00000180a1d07e70 Exception <a 'java/lang/NoSuchMethodError'{0x000000008c290538}: 'int java.lang.invoke.DirectMethodHandle$Holder.invokeVirtual(java.lang.Object, java.lang.Object, java.lang.Object, java.lang.Object)'> (0x000000008c290538) 
thrown [s\open\src\hotspot\share\interpreter\linkResolver.cpp, line 773]
Event: 17.480 Thread 0x00000180a1d07e70 Exception <a 'java/lang/NoSuchMethodError'{0x000000008c294328}: 'int java.lang.invoke.DelegatingMethodHandle$Holder.reinvoke_L(java.lang.Object, java.lang.Object, java.lang.Object, java.lang.Object)'> (0x000000008c294328) 
thrown [s\open\src\hotspot\share\interpreter\linkResolver.cpp, line 773]
Event: 17.508 Thread 0x00000180a1d07e70 Exception <a 'java/io/FileNotFoundException'{0x000000008bc1dc68}> (0x000000008bc1dc68) 
thrown [s\open\src\hotspot\share\prims\jni.cpp, line 520]
Event: 17.508 Thread 0x00000180a1d07e70 Exception <a 'java/io/FileNotFoundException'{0x000000008bc20108}> (0x000000008bc20108) 
thrown [s\open\src\hotspot\share\prims\jni.cpp, line 520]

ZGC Phase Switch (0 events):
No events

VM Operations (20 events):
Event: 12.694 Executing VM operation: Cleanup
Event: 12.694 Executing VM operation: Cleanup done
Event: 14.696 Executing VM operation: Cleanup
Event: 14.696 Executing VM operation: Cleanup done
Event: 15.971 Executing VM operation: HandshakeAllThreads (Deoptimize)
Event: 15.971 Executing VM operation: HandshakeAllThreads (Deoptimize) done
Event: 15.971 Executing VM operation: Cleanup
Event: 15.971 Executing VM operation: Cleanup done
Event: 16.978 Executing VM operation: Cleanup
Event: 17.210 Executing VM operation: Cleanup done
Event: 17.389 Executing VM operation: HandshakeAllThreads (Deoptimize)
Event: 17.389 Executing VM operation: HandshakeAllThreads (Deoptimize) done
Event: 17.416 Executing VM operation: G1CollectForAllocation (G1 Evacuation Pause)
Event: 17.424 Executing VM operation: G1CollectForAllocation (G1 Evacuation Pause) done
Event: 17.454 Executing VM operation: HandshakeAllThreads (Deoptimize)
Event: 17.454 Executing VM operation: HandshakeAllThreads (Deoptimize) done
Event: 17.471 Executing VM operation: HandshakeAllThreads (Deoptimize)
Event: 17.471 Executing VM operation: HandshakeAllThreads (Deoptimize) done
Event: 18.484 Executing VM operation: Cleanup
Event: 18.484 Executing VM operation: Cleanup done

Events (20 events):
Event: 6.984 Thread 0x00000180bf1d7370 flushing nmethod 0x00000180aab8b590
Event: 6.984 Thread 0x00000180bf1d7370 flushing nmethod 0x00000180aab8b990
Event: 6.984 Thread 0x00000180bf1d7370 flushing nmethod 0x00000180aabba390
Event: 6.984 Thread 0x00000180bf1d7370 flushing nmethod 0x00000180aabd9690
Event: 6.984 Thread 0x00000180bf1d7370 flushing nmethod 0x00000180aac14e90
Event: 6.984 Thread 0x00000180bf1d7370 flushing nmethod 0x00000180aac54210
Event: 6.984 Thread 0x00000180bf1d7370 flushing nmethod 0x00000180aac7fc90
Event: 6.984 Thread 0x00000180bf1d7370 flushing nmethod 0x00000180aac81390
Event: 6.984 Thread 0x00000180bf1d7370 flushing nmethod 0x00000180aac83610
Event: 6.984 Thread 0x00000180bf1d7370 flushing nmethod 0x00000180aacd0990
Event: 7.049 Thread 0x00000180bf656440 Thread exited: 0x00000180bf656440
Event: 8.297 Thread 0x00000180bf57edd0 Thread exited: 0x00000180bf57edd0
Event: 8.440 Thread 0x0000018108d0abb0 Thread added: 0x0000018108d0abb0
Event: 8.978 Thread 0x0000018108d0abb0 Thread exited: 0x0000018108d0abb0
Event: 9.825 Thread 0x0000018108d0abb0 Thread added: 0x0000018108d0abb0
Event: 11.678 Thread 0x0000018105cd61e0 Thread exited: 0x0000018105cd61e0
Event: 12.678 Thread 0x0000018108d0abb0 Thread exited: 0x0000018108d0abb0
Event: 15.937 Thread 0x0000018108d0abb0 Thread added: 0x0000018108d0abb0
Event: 16.062 Thread 0x0000018105cd6870 Thread added: 0x0000018105cd6870
Event: 16.067 Thread 0x0000018105cd6870 Thread exited: 0x0000018105cd6870


Dynamic libraries:
0x00007ff75aad0000 - 0x00007ff75aae0000 	C:\Program Files\Java\jdk-21\bin\java.exe
0x00007ff83be80000 - 0x00007ff83c0e6000 	C:\WINDOWS\SYSTEM32\ntdll.dll
0x00007ff83a3a0000 - 0x00007ff83a469000 	C:\WINDOWS\System32\KERNEL32.DLL
0x00007ff8392e0000 - 0x00007ff8396ac000 	C:\WINDOWS\System32\KERNELBASE.dll
0x00007ff8396b0000 - 0x00007ff8397fb000 	C:\WINDOWS\System32\ucrtbase.dll
0x00007ff820220000 - 0x00007ff820239000 	C:\Program Files\Java\jdk-21\bin\jli.dll
0x00007ff8200a0000 - 0x00007ff8200bb000 	C:\Program Files\Java\jdk-21\bin\VCRUNTIME140.dll
0x00007ff83b020000 - 0x00007ff83b0d2000 	C:\WINDOWS\System32\ADVAPI32.dll
0x00007ff83a690000 - 0x00007ff83a739000 	C:\WINDOWS\System32\msvcrt.dll
0x00007ff83b760000 - 0x00007ff83b806000 	C:\WINDOWS\System32\sechost.dll
0x00007ff839fa0000 - 0x00007ff83a0b6000 	C:\WINDOWS\System32\RPCRT4.dll
0x00007ff83a4c0000 - 0x00007ff83a68a000 	C:\WINDOWS\System32\USER32.dll
0x00007ff81c9d0000 - 0x00007ff81cc6a000 	C:\WINDOWS\WinSxS\amd64_microsoft.windows.common-controls_6595b64144ccf1df_6.0.26100.3912_none_3e07963ce335137e\COMCTL32.dll
0x00007ff839be0000 - 0x00007ff839c07000 	C:\WINDOWS\System32\win32u.dll
0x00007ff83a0c0000 - 0x00007ff83a0eb000 	C:\WINDOWS\System32\GDI32.dll
0x00007ff839890000 - 0x00007ff8399c2000 	C:\WINDOWS\System32\gdi32full.dll
0x00007ff8399d0000 - 0x00007ff839a73000 	C:\WINDOWS\System32\msvcp_win.dll
0x00007ff823190000 - 0x00007ff82319b000 	C:\WINDOWS\SYSTEM32\VERSION.dll
0x00007ff83b810000 - 0x00007ff83b840000 	C:\WINDOWS\System32\IMM32.DLL
0x00007ff8289f0000 - 0x00007ff8289fc000 	C:\Program Files\Java\jdk-21\bin\vcruntime140_1.dll
0x00007ff815610000 - 0x00007ff81569e000 	C:\Program Files\Java\jdk-21\bin\msvcp140.dll
0x00007fffaf520000 - 0x00007fffb023a000 	C:\Program Files\Java\jdk-21\bin\server\jvm.dll
0x00007ff83bcf0000 - 0x00007ff83bd64000 	C:\WINDOWS\System32\WS2_32.dll
0x00007ff838e30000 - 0x00007ff838e8e000 	C:\WINDOWS\SYSTEM32\POWRPROF.dll
0x00007ff82ea10000 - 0x00007ff82ea46000 	C:\WINDOWS\SYSTEM32\WINMM.dll
0x00007ff838e10000 - 0x00007ff838e24000 	C:\WINDOWS\SYSTEM32\UMPDC.dll
0x00007ff837da0000 - 0x00007ff837dba000 	C:\WINDOWS\SYSTEM32\kernel.appcore.dll
0x00007ff828660000 - 0x00007ff82866a000 	C:\Program Files\Java\jdk-21\bin\jimage.dll
0x00007ff836600000 - 0x00007ff836841000 	C:\WINDOWS\SYSTEM32\DBGHELP.DLL
0x00007ff839c10000 - 0x00007ff839f94000 	C:\WINDOWS\System32\combase.dll
0x00007ff83b670000 - 0x00007ff83b750000 	C:\WINDOWS\System32\OLEAUT32.dll
0x00007ff8181b0000 - 0x00007ff8181e9000 	C:\WINDOWS\SYSTEM32\dbgcore.DLL
0x00007ff839b40000 - 0x00007ff839bd9000 	C:\WINDOWS\System32\bcryptPrimitives.dll
0x00007ff820210000 - 0x00007ff82021f000 	C:\Program Files\Java\jdk-21\bin\instrument.dll
0x00007ff820080000 - 0x00007ff82009f000 	C:\Program Files\Java\jdk-21\bin\java.dll
0x00007ff83a8f0000 - 0x00007ff83b01d000 	C:\WINDOWS\System32\SHELL32.dll
0x00007ff838fe0000 - 0x00007ff839154000 	C:\WINDOWS\System32\wintypes.dll
0x00007ff836c20000 - 0x00007ff837476000 	C:\WINDOWS\SYSTEM32\windows.storage.dll
0x00007ff83b220000 - 0x00007ff83b30f000 	C:\WINDOWS\System32\SHCORE.dll
0x00007ff83b320000 - 0x00007ff83b389000 	C:\WINDOWS\System32\shlwapi.dll
0x00007ff838ef0000 - 0x00007ff838f1f000 	C:\WINDOWS\SYSTEM32\profapi.dll
0x00007ff805500000 - 0x00007ff8055d7000 	C:\Program Files\Java\jdk-21\bin\jsvml.dll
0x00007ff81fe80000 - 0x00007ff81fe98000 	C:\Program Files\Java\jdk-21\bin\zip.dll
0x00007ff8280c0000 - 0x00007ff8280d0000 	C:\Program Files\Java\jdk-21\bin\net.dll
0x00007ff8323e0000 - 0x00007ff8324fe000 	C:\WINDOWS\SYSTEM32\WINHTTP.dll
0x00007ff838310000 - 0x00007ff83837a000 	C:\WINDOWS\system32\mswsock.dll
0x00007ff81ff20000 - 0x00007ff81ff36000 	C:\Program Files\Java\jdk-21\bin\nio.dll
0x00007ff827c70000 - 0x00007ff827c80000 	C:\Program Files\Java\jdk-21\bin\verify.dll
0x00007ff8103c0000 - 0x00007ff8103d8000 	C:\WINDOWS\system32\napinsp.dll
0x00007ff8377d0000 - 0x00007ff8378f7000 	C:\WINDOWS\SYSTEM32\DNSAPI.dll
0x00007ff837790000 - 0x00007ff8377c3000 	C:\WINDOWS\SYSTEM32\IPHLPAPI.DLL
0x00007ff83b0e0000 - 0x00007ff83b0ea000 	C:\WINDOWS\System32\NSI.dll
0x00007ff810100000 - 0x00007ff810112000 	C:\WINDOWS\System32\winrnr.dll
0x00007ff8100c0000 - 0x00007ff8100f0000 	C:\WINDOWS\system32\nlansp_c.dll
0x00007ff82e420000 - 0x00007ff82e436000 	C:\WINDOWS\system32\wshbth.dll
0x0000000069a90000 - 0x0000000069ab6000 	C:\Program Files\Bonjour\mdnsNSP.dll
0x00007ff831b20000 - 0x00007ff831b2b000 	C:\Windows\System32\rasadhlp.dll
0x00007ff832840000 - 0x00007ff8328c6000 	C:\WINDOWS\System32\fwpuclnt.dll
0x00007ff81fa80000 - 0x00007ff81fa8a000 	C:\Program Files\Java\jdk-21\bin\management.dll
0x00007ff81fa50000 - 0x00007ff81fa5b000 	C:\Program Files\Java\jdk-21\bin\management_ext.dll
0x00007ff83a330000 - 0x00007ff83a338000 	C:\WINDOWS\System32\PSAPI.DLL
0x00007ff81fa40000 - 0x00007ff81fa4e000 	C:\Program Files\Java\jdk-21\bin\sunmscapi.dll
0x00007ff839160000 - 0x00007ff8392d7000 	C:\WINDOWS\System32\CRYPT32.dll
0x00007ff8387c0000 - 0x00007ff8387f0000 	C:\WINDOWS\SYSTEM32\ncrypt.dll
0x00007ff838770000 - 0x00007ff8387af000 	C:\WINDOWS\SYSTEM32\NTASN1.dll
0x00007ff8385b0000 - 0x00007ff8385cc000 	C:\WINDOWS\SYSTEM32\CRYPTSP.dll
0x00007ff837d00000 - 0x00007ff837d3a000 	C:\WINDOWS\system32\rsaenh.dll
0x00007ff8383b0000 - 0x00007ff8383db000 	C:\WINDOWS\SYSTEM32\USERENV.dll
0x00007ff838ec0000 - 0x00007ff838ee6000 	C:\WINDOWS\SYSTEM32\bcrypt.dll
0x00007ff8385d0000 - 0x00007ff8385dc000 	C:\WINDOWS\SYSTEM32\CRYPTBASE.dll
0x00007ff81eb30000 - 0x00007ff81eb39000 	C:\Program Files\Java\jdk-21\bin\extnet.dll

dbghelp: loaded successfully - version: 4.0.5 - missing functions: none
symbol engine: initialized successfully - sym options: 0x614 - pdb path: .;C:\Program Files\Java\jdk-21\bin;C:\WINDOWS\SYSTEM32;C:\WINDOWS\WinSxS\amd64_microsoft.windows.common-controls_6595b64144ccf1df_6.0.26100.3912_none_3e07963ce335137e;C:\Program Files\Java\jdk-21\bin\server;C:\Program Files\Bonjour

VM Arguments:
jvm_args: -javaagent:C:\\Users\\lucia\\.m2\\repository\\org\\jacoco\\org.jacoco.agent\\0.8.13\\org.jacoco.agent-0.8.13-runtime.jar=destfile=C:\\Users\\lucia\\OneDrive\\Escritorio\\CDY2203_Exp3_S8_Backend_actividad_sumativa\\CDY2203_Exp3_S8_Backend_actividad_sumativa\\CDY2203_Exp3_S8_Backend_actividad_sumativa\\Semana2-CDY2203\\target\\jacoco.exec 
java_command: C:\Users\lucia\AppData\Local\Temp\surefire934286854222042519\surefirebooter-20250501173202132_3.jar C:\Users\lucia\AppData\Local\Temp\surefire934286854222042519 2025-05-01T17-32-01_951-jvmRun1 surefire-20250501173202132_1tmp surefire_0-20250501173202132_2tmp
java_class_path (initial): C:\Users\lucia\AppData\Local\Temp\surefire934286854222042519\surefirebooter-20250501173202132_3.jar
Launcher Type: SUN_STANDARD

[Global flags]
     intx CICompilerCount                          = 4                                         {product} {ergonomic}
     uint ConcGCThreads                            = 3                                         {product} {ergonomic}
     uint G1ConcRefinementThreads                  = 10                                        {product} {ergonomic}
   size_t G1HeapRegionSize                         = 1048576                                   {product} {ergonomic}
    uintx GCDrainStackTargetSize                   = 64                                        {product} {ergonomic}
   size_t InitialHeapSize                          = 130023424                                 {product} {ergonomic}
   size_t MarkStackSize                            = 4194304                                   {product} {ergonomic}
   size_t MaxHeapSize                              = 2065694720                                {product} {ergonomic}
   size_t MaxNewSize                               = 1239416832                                {product} {ergonomic}
   size_t MinHeapDeltaBytes                        = 1048576                                   {product} {ergonomic}
   size_t MinHeapSize                              = 8388608                                   {product} {ergonomic}
    uintx NonNMethodCodeHeapSize                   = 5839372                                {pd product} {ergonomic}
    uintx NonProfiledCodeHeapSize                  = 122909434                              {pd product} {ergonomic}
    uintx ProfiledCodeHeapSize                     = 122909434                              {pd product} {ergonomic}
    uintx ReservedCodeCacheSize                    = 251658240                              {pd product} {ergonomic}
     bool SegmentedCodeCache                       = true                                      {product} {ergonomic}
   size_t SoftMaxHeapSize                          = 2065694720                             {manageable} {ergonomic}
     bool UseCompressedOops                        = true                           {product lp64_product} {ergonomic}
     bool UseG1GC                                  = true                                      {product} {ergonomic}
     bool UseLargePagesIndividualAllocation        = false                                  {pd product} {ergonomic}

Logging:
Log output configuration:
 #0: stdout all=warning uptime,level,tags foldmultilines=false
 #1: stderr all=off uptime,level,tags foldmultilines=false

Environment Variables:
JAVA_HOME=C:\Program Files\Java\jdk-21
PATH=C:\Program Files\Common Files\Oracle\Java\javapath;C:\Program Files\Eclipse Adoptium\jdk-17.0.14.7-hotspot\bin;C:\WINDOWS\system32;C:\WINDOWS;C:\WINDOWS\System32\Wbem;C:\WINDOWS\System32\WindowsPowerShell\v1.0\;C:\WINDOWS\System32\OpenSSH\;C:\Program Files\dotnet\;C:\Program Files\Docker\Docker\resources\bin;C:\Users\lucia\OneDrive\Escritorio\SEGURIDAD Y CALIDAD EN EL DESARROLLO\apache-maven-3.9.9\BIN;C:\Program Files\Git\cmd;C:\Users\lucia\AppData\Local\Microsoft\WindowsApps;C:\Users\lucia\AppData\Local\Programs\Microsoft VS Code\bin;C:\Program Files\Java\jdk-21\bin;C:\Users\lucia\OneDrive\Escritorio\SEGURIDAD Y CALIDAD EN EL DESARROLLO\Proyectos\apache-maven-3.9.9\bin;
USERNAME=lucia
LANG=en_US.UTF-8
OS=Windows_NT
PROCESSOR_IDENTIFIER=Intel64 Family 6 Model 186 Stepping 3, GenuineIntel
TMP=C:\Users\lucia\AppData\Local\Temp
TEMP=C:\Users\lucia\AppData\Local\Temp




Periodic native trim disabled

---------------  S Y S T E M  ---------------

OS:
 Windows 11 , 64 bit Build 26100 (10.0.26100.3912)
OS uptime: 0 days 4:53 hours
Hyper-V role detected

CPU: total 12 (initial active 12) (6 cores per cpu, 2 threads per core) family 6 model 186 stepping 3 microcode 0x410e, cx8, cmov, fxsr, ht, mmx, 3dnowpref, sse, sse2, sse3, ssse3, sse4.1, sse4.2, popcnt, lzcnt, tsc, tscinvbit, avx, avx2, aes, erms, clmul, bmi1, bmi2, adx, sha, fma, vzeroupper, clflush, clflushopt, clwb, hv, serialize, rdtscp, rdpid, fsrm, f16c, cet_ibt, cet_ss
Processor Information for processor 0
  Max Mhz: 1300, Current Mhz: 1300, Mhz Limit: 1300
Processor Information for processor 1
  Max Mhz: 1300, Current Mhz: 1300, Mhz Limit: 1300
Processor Information for processor 2
  Max Mhz: 1300, Current Mhz: 1300, Mhz Limit: 1300
Processor Information for processor 3
  Max Mhz: 1300, Current Mhz: 1300, Mhz Limit: 1300
Processor Information for processor 4
  Max Mhz: 1300, Current Mhz: 900, Mhz Limit: 897
Processor Information for processor 5
  Max Mhz: 1300, Current Mhz: 900, Mhz Limit: 897
Processor Information for processor 6
  Max Mhz: 1300, Current Mhz: 900, Mhz Limit: 897
Processor Information for processor 7
  Max Mhz: 1300, Current Mhz: 900, Mhz Limit: 897
Processor Information for processor 8
  Max Mhz: 1300, Current Mhz: 900, Mhz Limit: 897
Processor Information for processor 9
  Max Mhz: 1300, Current Mhz: 900, Mhz Limit: 897
Processor Information for processor 10
  Max Mhz: 1300, Current Mhz: 900, Mhz Limit: 897
Processor Information for processor 11
  Max Mhz: 1300, Current Mhz: 900, Mhz Limit: 897

Memory: 4k page, system-wide physical 7875M (582M free)
TotalPageFile size 16067M (AvailPageFile size 7M)
current process WorkingSet (physical memory assigned to process): 362M, peak: 363M
current process commit charge ("private bytes"): 403M, peak: 404M

vm_info: Java HotSpot(TM) 64-Bit Server VM (21.0.6+8-LTS-188) for windows-amd64 JRE (21.0.6+8-LTS-188), built on 2024-12-03T10:50:54Z by "mach5one" with MS VC++ 17.6 (VS2022)

END.
